#
# There is insufficient memory for the Java Runtime Environment to continue.
# Native memory allocation (mmap) failed to map 54525952 bytes for G1 virtual space
# Possible reasons:
#   The system is out of physical RAM or swap space
#   The process is running with CompressedOops enabled, and the Java Heap may be blocking the growth of the native heap
# Possible solutions:
#   Reduce memory load on the system
#   Increase physical memory or swap space
#   Check if swap backing store is full
#   Decrease Java heap size (-Xmx/-Xms)
#   Decrease number of Java threads
#   Decrease Java thread stack sizes (-Xss)
#   Set larger code cache with -XX:ReservedCodeCacheSize=
#   JVM is running with Unscaled Compressed Oops mode in which the Java heap is
#     placed in the first 4GB address space. The Java Heap base address is the
#     maximum limit for the native heap growth. Please use -XX:HeapBaseMinAddress
#     to set the Java Heap base and to place the Java Heap above 4GB virtual address.
# This output file may be truncated or incomplete.
#
#  Out of Memory Error (os_windows.cpp:3536), pid=8296, tid=8972
#
# JRE version: OpenJDK Runtime Environment Corretto-19.0.2.7.1 (19.0.2+7) (build 19.0.2+7-FR)
# Java VM: OpenJDK 64-Bit Server VM Corretto-19.0.2.7.1 (19.0.2+7-FR, mixed mode, emulated-client, sharing, tiered, compressed oops, compressed class ptrs, g1 gc, windows-amd64)
# No core dump will be written. Minidumps are not enabled by default on client versions of Windows
#

---------------  S U M M A R Y ------------

Command Line: -XX:TieredStopAtLevel=1 -Dspring.output.ansi.enabled=always -Dcom.sun.management.jmxremote -Dspring.jmx.enabled=true -Dspring.liveBeansView.mbeanDomain -Dspring.application.admin.enabled=true -Dmanagement.endpoints.jmx.exposure.include=* -javaagent:C:\Program Files\JetBrains\IntelliJ IDEA 2023.2.5\lib\idea_rt.jar=60595:C:\Program Files\JetBrains\IntelliJ IDEA 2023.2.5\bin -Dfile.encoding=UTF-8 -Dsun.stdout.encoding=UTF-8 -Dsun.stderr.encoding=UTF-8 co.empresa.recursoshumanos.RecursoshumanosApplication

Host: AMD Ryzen 3 2300U with Radeon Vega Mobile Gfx  , 4 cores, 3G,  Windows 10 , 64 bit Build 19041 (10.0.19041.3570)
Time: Fri Nov 24 14:49:54 2023 SA Pacific Standard Time elapsed time: 10.534326 seconds (0d 0h 0m 10s)

---------------  T H R E A D  ---------------

Current thread (0x000001afffb50dc0):  VMThread "VM Thread" [stack: 0x000000588e800000,0x000000588e900000] [id=8972]

Stack: [0x000000588e800000,0x000000588e900000]
Native frames: (J=compiled Java code, j=interpreted, Vv=VM code, C=native code)
V  [jvm.dll+0x6d034a]
V  [jvm.dll+0x880f10]
V  [jvm.dll+0x88289e]
V  [jvm.dll+0x882f43]
V  [jvm.dll+0x27b4bb]
V  [jvm.dll+0x6cd13a]
V  [jvm.dll+0x6c1d3a]
V  [jvm.dll+0x351969]
V  [jvm.dll+0x359076]
V  [jvm.dll+0x3ad28a]
V  [jvm.dll+0x3ad4cf]
V  [jvm.dll+0x3261ea]
V  [jvm.dll+0x326297]
V  [jvm.dll+0x36ddd2]
V  [jvm.dll+0x36c4f0]
V  [jvm.dll+0x3259f0]
V  [jvm.dll+0x36ba8b]
V  [jvm.dll+0x887ff3]
V  [jvm.dll+0x888d9e]
V  [jvm.dll+0x8892e5]
V  [jvm.dll+0x88975b]
V  [jvm.dll+0x889815]
V  [jvm.dll+0x82e2fa]
V  [jvm.dll+0x6cf0d3]
C  [ucrtbase.dll+0x21bb2]
C  [KERNEL32.DLL+0x17344]
C  [ntdll.dll+0x526b1]

VM_Operation (0x000000588e2f9bf0): G1CollectForAllocation, mode: safepoint, requested by thread 0x000001aff441e040


---------------  P R O C E S S  ---------------

Threads class SMR info:
_java_thread_list=0x000001af8a77fe50, length=19, elements={
0x000001aff441e040, 0x000001afffb66a60, 0x000001afffb679f0, 0x000001afffb68ff0,
0x000001afffb6c940, 0x000001afffb6d270, 0x000001afffb6dd40, 0x000001afffb6e670,
0x000001afffb99ed0, 0x000001afffbfe370, 0x000001af8a4ae580, 0x000001af8a4aef40,
0x000001af8a468950, 0x000001af8b75ca20, 0x000001af8b622f70, 0x000001af8b623930,
0x000001af8b9244b0, 0x000001af8b969090, 0x000001af8b96ab20
}

Java Threads: ( => current thread )
  0x000001aff441e040 JavaThread "main" [_thread_blocked, id=17856, stack(0x000000588e200000,0x000000588e300000)]
  0x000001afffb66a60 JavaThread "Reference Handler" daemon [_thread_blocked, id=20144, stack(0x000000588e900000,0x000000588ea00000)]
  0x000001afffb679f0 JavaThread "Finalizer" daemon [_thread_blocked, id=11908, stack(0x000000588ea00000,0x000000588eb00000)]
  0x000001afffb68ff0 JavaThread "Signal Dispatcher" daemon [_thread_blocked, id=20984, stack(0x000000588eb00000,0x000000588ec00000)]
  0x000001afffb6c940 JavaThread "Attach Listener" daemon [_thread_blocked, id=12928, stack(0x000000588ec00000,0x000000588ed00000)]
  0x000001afffb6d270 JavaThread "Service Thread" daemon [_thread_blocked, id=17580, stack(0x000000588ed00000,0x000000588ee00000)]
  0x000001afffb6dd40 JavaThread "Monitor Deflation Thread" daemon [_thread_blocked, id=8616, stack(0x000000588ee00000,0x000000588ef00000)]
  0x000001afffb6e670 JavaThread "C1 CompilerThread0" daemon [_thread_blocked, id=16224, stack(0x000000588ef00000,0x000000588f000000)]
  0x000001afffb99ed0 JavaThread "Sweeper thread" daemon [_thread_blocked, id=5628, stack(0x000000588f000000,0x000000588f100000)]
  0x000001afffbfe370 JavaThread "Common-Cleaner" daemon [_thread_blocked, id=11956, stack(0x000000588f100000,0x000000588f200000)]
  0x000001af8a4ae580 JavaThread "Monitor Ctrl-Break" daemon [_thread_in_native, id=17992, stack(0x000000588f200000,0x000000588f300000)]
  0x000001af8a4aef40 JavaThread "Notification Thread" daemon [_thread_blocked, id=5952, stack(0x000000588f300000,0x000000588f400000)]
  0x000001af8a468950 JavaThread "RMI TCP Accept-0" daemon [_thread_in_native, id=16244, stack(0x000000588f700000,0x000000588f800000)]
  0x000001af8b75ca20 JavaThread "Catalina-utility-1" [_thread_blocked, id=5508, stack(0x000000588f900000,0x000000588fa00000)]
  0x000001af8b622f70 JavaThread "Catalina-utility-2" [_thread_blocked, id=18844, stack(0x000000588fa00000,0x000000588fb00000)]
  0x000001af8b623930 JavaThread "container-0" [_thread_blocked, id=21340, stack(0x000000588fb00000,0x000000588fc00000)]
  0x000001af8b9244b0 JavaThread "mysql-cj-abandoned-connection-cleanup" daemon [_thread_blocked, id=20004, stack(0x000000588fc00000,0x000000588fd00000)]
  0x000001af8b969090 JavaThread "HikariPool-1 housekeeper" daemon [_thread_blocked, id=12364, stack(0x000000588fd00000,0x000000588fe00000)]
  0x000001af8b96ab20 JavaThread "HikariPool-1 connection adder" daemon [_thread_blocked, id=16204, stack(0x000000588fe00000,0x000000588ff00000)]

Other Threads:
=>0x000001afffb50dc0 VMThread "VM Thread" [stack: 0x000000588e800000,0x000000588e900000] [id=8972]
  0x000001af8a669890 WatcherThread "VM Periodic Task Thread" [stack: 0x000000588f800000,0x000000588f900000] [id=8744]
  0x000001aff445bb80 WorkerThread "GC Thread#0" [stack: 0x000000588e300000,0x000000588e400000] [id=2340]
  0x000001af8a5d9bd0 WorkerThread "GC Thread#1" [stack: 0x000000588f400000,0x000000588f500000] [id=14408]
  0x000001af8a6108f0 WorkerThread "GC Thread#2" [stack: 0x000000588f500000,0x000000588f600000] [id=13724]
  0x000001af8a610bc0 WorkerThread "GC Thread#3" [stack: 0x000000588f600000,0x000000588f700000] [id=12848]
  0x000001aff4463a50 ConcurrentGCThread "G1 Main Marker" [stack: 0x000000588e400000,0x000000588e500000] [id=3728]
  0x000001aff4464530 WorkerThread "G1 Conc#0" [stack: 0x000000588e500000,0x000000588e600000] [id=13072]
  0x000001aff44de0d0 ConcurrentGCThread "G1 Refine#0" [stack: 0x000000588e600000,0x000000588e700000] [id=1196]
  0x000001aff44deb20 ConcurrentGCThread "G1 Service" [stack: 0x000000588e700000,0x000000588e800000] [id=21548]

Threads with active compile tasks:

VM state: at safepoint (normal execution)

VM Mutex/Monitor currently owned by a thread:  ([mutex/lock_event])
[0x000001aff441a470] Threads_lock - owner thread: 0x000001afffb50dc0
[0x000001aff4418fa0] Heap_lock - owner thread: 0x000001aff441e040

Heap address: 0x00000000c8a00000, size: 886 MB, Compressed Oops mode: 32-bit

CDS archive(s) mapped at: [0x0000000800000000-0x0000000800c40000-0x0000000800c40000), size 12845056, SharedBaseAddress: 0x0000000800000000, ArchiveRelocationMode: 0.
Compressed class space mapped at: 0x0000000801000000-0x0000000841000000, reserved size: 1073741824
Narrow klass base: 0x0000000800000000, Narrow klass shift: 0, Narrow klass range: 0x100000000

GC Precious Log:
 CardTable entry size: 512
 Card Set container configuration: InlinePtr #cards 5 size 8 Array Of Cards #cards 12 size 40 Howl #buckets 4 coarsen threshold 1843 Howl Bitmap #cards 512 size 80 coarsen threshold 460 Card regions per heap region 1 cards per card region 2048
 CPUs: 4 total, 4 available
 Memory: 3539M
 Large Page Support: Disabled
 NUMA Support: Disabled
 Compressed Oops: Enabled (32-bit)
 Heap Region Size: 1M
 Heap Min Capacity: 8M
 Heap Initial Capacity: 56M
 Heap Max Capacity: 886M
 Pre-touch: Disabled
 Parallel Workers: 4
 Concurrent Workers: 1
 Concurrent Refinement Workers: 4
 Periodic GC: Disabled

Heap:
 garbage-first heap   total 57344K, used 23103K [0x00000000c8a00000, 0x0000000100000000)
  region size 1024K, 2 young (2048K), 2 survivors (2048K)
 Metaspace       used 47266K, committed 47680K, reserved 1114112K
  class space    used 6404K, committed 6592K, reserved 1048576K

Heap Regions: E=young(eden), S=young(survivor), O=old, HS=humongous(starts), HC=humongous(continues), CS=collection set, F=free, OA=open archive, CA=closed archive, TAMS=top-at-mark-start (previous, next)
|   0|0x00000000c8a00000, 0x00000000c8b00000, 0x00000000c8b00000|100%|HS|  |TAMS 0x00000000c8b00000, 0x00000000c8a00000| Complete 
|   1|0x00000000c8b00000, 0x00000000c8c00000, 0x00000000c8c00000|100%| O|  |TAMS 0x00000000c8c00000, 0x00000000c8b00000| Untracked 
|   2|0x00000000c8c00000, 0x00000000c8d00000, 0x00000000c8d00000|100%| O|  |TAMS 0x00000000c8d00000, 0x00000000c8c00000| Untracked 
|   3|0x00000000c8d00000, 0x00000000c8e00000, 0x00000000c8e00000|100%| O|  |TAMS 0x00000000c8e00000, 0x00000000c8d00000| Untracked 
|   4|0x00000000c8e00000, 0x00000000c8f00000, 0x00000000c8f00000|100%| O|  |TAMS 0x00000000c8f00000, 0x00000000c8e00000| Untracked 
|   5|0x00000000c8f00000, 0x00000000c8f00000, 0x00000000c9000000|  0%| F|  |TAMS 0x00000000c8f00000, 0x00000000c8f00000| Untracked 
|   6|0x00000000c9000000, 0x00000000c9100000, 0x00000000c9100000|100%| O|  |TAMS 0x00000000c9100000, 0x00000000c9000000| Untracked 
|   7|0x00000000c9100000, 0x00000000c9200000, 0x00000000c9200000|100%| O|  |TAMS 0x00000000c9200000, 0x00000000c9100000| Untracked 
|   8|0x00000000c9200000, 0x00000000c9300000, 0x00000000c9300000|100%| O|  |TAMS 0x00000000c9300000, 0x00000000c9200000| Untracked 
|   9|0x00000000c9300000, 0x00000000c9400000, 0x00000000c9400000|100%| O|  |TAMS 0x00000000c9400000, 0x00000000c9300000| Untracked 
|  10|0x00000000c9400000, 0x00000000c9500000, 0x00000000c9500000|100%| O|  |TAMS 0x00000000c9500000, 0x00000000c9400000| Untracked 
|  11|0x00000000c9500000, 0x00000000c9600000, 0x00000000c9600000|100%| O|  |TAMS 0x00000000c9600000, 0x00000000c9500000| Untracked 
|  12|0x00000000c9600000, 0x00000000c9700000, 0x00000000c9700000|100%| O|  |TAMS 0x00000000c9700000, 0x00000000c9600000| Untracked 
|  13|0x00000000c9700000, 0x00000000c9800000, 0x00000000c9800000|100%| O|  |TAMS 0x00000000c9800000, 0x00000000c9700000| Untracked 
|  14|0x00000000c9800000, 0x00000000c9900000, 0x00000000c9900000|100%| O|  |TAMS 0x00000000c9900000, 0x00000000c9800000| Untracked 
|  15|0x00000000c9900000, 0x00000000c9a00000, 0x00000000c9a00000|100%| O|  |TAMS 0x00000000c9a00000, 0x00000000c9900000| Untracked 
|  16|0x00000000c9a00000, 0x00000000c9b00000, 0x00000000c9b00000|100%| O|  |TAMS 0x00000000c9b00000, 0x00000000c9a00000| Untracked 
|  17|0x00000000c9b00000, 0x00000000c9c00000, 0x00000000c9c00000|100%| O|  |TAMS 0x00000000c9c00000, 0x00000000c9b00000| Untracked 
|  18|0x00000000c9c00000, 0x00000000c9d00000, 0x00000000c9d00000|100%| O|  |TAMS 0x00000000c9c61600, 0x00000000c9c00000| Untracked 
|  19|0x00000000c9d00000, 0x00000000c9e00000, 0x00000000c9e00000|100%| O|  |TAMS 0x00000000c9d00000, 0x00000000c9d00000| Untracked 
|  20|0x00000000c9e00000, 0x00000000c9f00000, 0x00000000c9f00000|100%| O|  |TAMS 0x00000000c9e00000, 0x00000000c9e00000| Untracked 
|  21|0x00000000c9f00000, 0x00000000ca000000, 0x00000000ca000000|100%| O|  |TAMS 0x00000000c9f00000, 0x00000000c9f00000| Untracked 
|  22|0x00000000ca000000, 0x00000000ca07da00, 0x00000000ca100000| 49%| O|  |TAMS 0x00000000ca000000, 0x00000000ca000000| Untracked 
|  23|0x00000000ca100000, 0x00000000ca100000, 0x00000000ca200000|  0%| F|  |TAMS 0x00000000ca100000, 0x00000000ca100000| Untracked 
|  24|0x00000000ca200000, 0x00000000ca200000, 0x00000000ca300000|  0%| F|  |TAMS 0x00000000ca200000, 0x00000000ca200000| Untracked 
|  25|0x00000000ca300000, 0x00000000ca300000, 0x00000000ca400000|  0%| F|  |TAMS 0x00000000ca300000, 0x00000000ca300000| Untracked 
|  26|0x00000000ca400000, 0x00000000ca400000, 0x00000000ca500000|  0%| F|  |TAMS 0x00000000ca400000, 0x00000000ca400000| Untracked 
|  27|0x00000000ca500000, 0x00000000ca500000, 0x00000000ca600000|  0%| F|  |TAMS 0x00000000ca500000, 0x00000000ca500000| Untracked 
|  28|0x00000000ca600000, 0x00000000ca600000, 0x00000000ca700000|  0%| F|  |TAMS 0x00000000ca600000, 0x00000000ca600000| Untracked 
|  29|0x00000000ca700000, 0x00000000ca700000, 0x00000000ca800000|  0%| F|  |TAMS 0x00000000ca700000, 0x00000000ca700000| Untracked 
|  30|0x00000000ca800000, 0x00000000ca800000, 0x00000000ca900000|  0%| F|  |TAMS 0x00000000ca800000, 0x00000000ca800000| Untracked 
|  31|0x00000000ca900000, 0x00000000ca912318, 0x00000000caa00000|  7%| S|CS|TAMS 0x00000000ca900000, 0x00000000ca900000| Complete 
|  32|0x00000000caa00000, 0x00000000cab00000, 0x00000000cab00000|100%| S|CS|TAMS 0x00000000caa00000, 0x00000000caa00000| Complete 
|  33|0x00000000cab00000, 0x00000000cab00000, 0x00000000cac00000|  0%| F|  |TAMS 0x00000000cab00000, 0x00000000cab00000| Untracked 
|  34|0x00000000cac00000, 0x00000000cac00000, 0x00000000cad00000|  0%| F|  |TAMS 0x00000000cac00000, 0x00000000cac00000| Untracked 
|  35|0x00000000cad00000, 0x00000000cad00000, 0x00000000cae00000|  0%| F|  |TAMS 0x00000000cad00000, 0x00000000cad00000| Untracked 
|  36|0x00000000cae00000, 0x00000000cae00000, 0x00000000caf00000|  0%| F|  |TAMS 0x00000000cae00000, 0x00000000cae00000| Untracked 
|  37|0x00000000caf00000, 0x00000000caf00000, 0x00000000cb000000|  0%| F|  |TAMS 0x00000000caf00000, 0x00000000caf00000| Untracked 
|  38|0x00000000cb000000, 0x00000000cb000000, 0x00000000cb100000|  0%| F|  |TAMS 0x00000000cb000000, 0x00000000cb000000| Untracked 
|  39|0x00000000cb100000, 0x00000000cb100000, 0x00000000cb200000|  0%| F|  |TAMS 0x00000000cb100000, 0x00000000cb100000| Untracked 
|  40|0x00000000cb200000, 0x00000000cb200000, 0x00000000cb300000|  0%| F|  |TAMS 0x00000000cb200000, 0x00000000cb200000| Untracked 
|  41|0x00000000cb300000, 0x00000000cb300000, 0x00000000cb400000|  0%| F|  |TAMS 0x00000000cb300000, 0x00000000cb300000| Untracked 
|  42|0x00000000cb400000, 0x00000000cb400000, 0x00000000cb500000|  0%| F|  |TAMS 0x00000000cb400000, 0x00000000cb400000| Untracked 
|  43|0x00000000cb500000, 0x00000000cb500000, 0x00000000cb600000|  0%| F|  |TAMS 0x00000000cb500000, 0x00000000cb500000| Untracked 
|  44|0x00000000cb600000, 0x00000000cb600000, 0x00000000cb700000|  0%| F|  |TAMS 0x00000000cb600000, 0x00000000cb600000| Untracked 
|  45|0x00000000cb700000, 0x00000000cb700000, 0x00000000cb800000|  0%| F|  |TAMS 0x00000000cb700000, 0x00000000cb700000| Untracked 
|  46|0x00000000cb800000, 0x00000000cb800000, 0x00000000cb900000|  0%| F|  |TAMS 0x00000000cb800000, 0x00000000cb800000| Untracked 
|  47|0x00000000cb900000, 0x00000000cb900000, 0x00000000cba00000|  0%| F|  |TAMS 0x00000000cb900000, 0x00000000cb900000| Untracked 
|  48|0x00000000cba00000, 0x00000000cba00000, 0x00000000cbb00000|  0%| F|  |TAMS 0x00000000cba00000, 0x00000000cba00000| Untracked 
|  49|0x00000000cbb00000, 0x00000000cbb00000, 0x00000000cbc00000|  0%| F|  |TAMS 0x00000000cbb00000, 0x00000000cbb00000| Untracked 
|  50|0x00000000cbc00000, 0x00000000cbc00000, 0x00000000cbd00000|  0%| F|  |TAMS 0x00000000cbc00000, 0x00000000cbc00000| Untracked 
|  51|0x00000000cbd00000, 0x00000000cbd00000, 0x00000000cbe00000|  0%| F|  |TAMS 0x00000000cbd00000, 0x00000000cbd00000| Untracked 
|  52|0x00000000cbe00000, 0x00000000cbe00000, 0x00000000cbf00000|  0%| F|  |TAMS 0x00000000cbe00000, 0x00000000cbe00000| Untracked 
|  53|0x00000000cbf00000, 0x00000000cbf00000, 0x00000000cc000000|  0%| F|  |TAMS 0x00000000cbf00000, 0x00000000cbf00000| Untracked 
|  54|0x00000000cc000000, 0x00000000cc000000, 0x00000000cc100000|  0%| F|  |TAMS 0x00000000cc000000, 0x00000000cc000000| Untracked 
|  55|0x00000000cc100000, 0x00000000cc100000, 0x00000000cc200000|  0%| F|  |TAMS 0x00000000cc100000, 0x00000000cc100000| Untracked 

Card table byte_map: [0x000001affe440000,0x000001affe600000] _byte_map_base: 0x000001affddfb000

Marking Bits (Prev, Next): (CMBitMap*) 0x000001aff445c0c0, (CMBitMap*) 0x000001aff445c100
 Prev Bits: [0x000001affe7c0000, 0x000001afff598000)
 Next Bits: [0x000001af83000000, 0x000001af83dd8000)

Polling page: 0x000001affddb0000

Metaspace:

Usage:
  Non-class:     39.90 MB used.
      Class:      6.25 MB used.
       Both:     46.16 MB used.

Virtual space:
  Non-class space:       64.00 MB reserved,      40.13 MB ( 63%) committed,  1 nodes.
      Class space:        1.00 GB reserved,       6.44 MB ( <1%) committed,  1 nodes.
             Both:        1.06 GB reserved,      46.56 MB (  4%) committed. 

Chunk freelists:
   Non-Class:  3.44 MB
       Class:  1.56 MB
        Both:  5.00 MB

MaxMetaspaceSize: unlimited
CompressedClassSpaceSize: 1.00 GB
Initial GC threshold: 21.00 MB
Current GC threshold: 59.38 MB
CDS: on
MetaspaceReclaimPolicy: balanced
 - commit_granule_bytes: 65536.
 - commit_granule_words: 8192.
 - virtual_space_node_default_size: 8388608.
 - enlarge_chunks_in_place: 1.
 - new_chunks_are_fully_committed: 0.
 - uncommit_free_chunks: 1.
 - use_allocation_guard: 0.


Internal statistics:

num_allocs_failed_limit: 9.
num_arena_births: 484.
num_arena_deaths: 0.
num_vsnodes_births: 2.
num_vsnodes_deaths: 0.
num_space_committed: 745.
num_space_uncommitted: 0.
num_chunks_returned_to_freelist: 9.
num_chunks_taken_from_freelist: 1965.
num_chunk_merges: 9.
num_chunk_splits: 1521.
num_chunks_enlarged: 1294.
num_inconsistent_stats: 0.

CodeCache: size=49152Kb used=7873Kb max_used=7873Kb free=41278Kb
 bounds [0x000001af80000000, 0x000001af807c0000, 0x000001af83000000]
 total_blobs=4709 nmethods=4091 adapters=543
 compilation: enabled
              stopped_count=0, restarted_count=0
 full_count=0

Compilation events (20 events):
Event: 10.480 Thread 0x000001afffb6e670 4081       1       net.bytebuddy.utility.Invoker$Dispatcher::invoke (7 bytes)
Event: 10.484 Thread 0x000001afffb6e670 nmethod 4081 0x000001af807a8610 code [0x000001af807a8b80, 0x000001af807aa698]
Event: 10.484 Thread 0x000001afffb6e670 4082       1       java.lang.invoke.LambdaForm$DMH/0x0000000801382c00::invokeVirtual (14 bytes)
Event: 10.484 Thread 0x000001afffb6e670 nmethod 4082 0x000001af807ac510 code [0x000001af807ac6c0, 0x000001af807ac7d8]
Event: 10.484 Thread 0x000001afffb6e670 4083       1       net.bytebuddy.description.method.ParameterList$ForLoadedExecutable::size (13 bytes)
Event: 10.484 Thread 0x000001afffb6e670 nmethod 4083 0x000001af807ac910 code [0x000001af807acac0, 0x000001af807acba8]
Event: 10.484 Thread 0x000001afffb6e670 4084   !   1       net.bytebuddy.description.method.$Proxy81::getParameterCount (39 bytes)
Event: 10.484 Thread 0x000001afffb6e670 nmethod 4084 0x000001af807acc10 code [0x000001af807acde0, 0x000001af807ad178]
Event: 10.484 Thread 0x000001afffb6e670 4085       1       net.bytebuddy.description.type.TypeList$Generic$Explicit::size (10 bytes)
Event: 10.485 Thread 0x000001afffb6e670 nmethod 4085 0x000001af807ad410 code [0x000001af807ad5c0, 0x000001af807ad6a8]
Event: 10.490 Thread 0x000001afffb6e670 4088       1       net.bytebuddy.description.method.ParameterList$TypeSubstituting::size (10 bytes)
Event: 10.490 Thread 0x000001afffb6e670 nmethod 4088 0x000001af807ad710 code [0x000001af807ad8c0, 0x000001af807ad9a8]
Event: 10.490 Thread 0x000001afffb6e670 4087       1       net.bytebuddy.description.type.TypeDefinition$Sort::describe (127 bytes)
Event: 10.491 Thread 0x000001afffb6e670 nmethod 4087 0x000001af807ada10 code [0x000001af807adca0, 0x000001af807ae748]
Event: 10.519 Thread 0x000001afffb6e670 4091       1       net.bytebuddy.description.type.TypeDescription$Generic$OfNonGenericType$ForLoadedType::asErasure (8 bytes)
Event: 10.520 Thread 0x000001afffb6e670 nmethod 4091 0x000001af807af910 code [0x000001af807afac0, 0x000001af807afd28]
Event: 10.520 Thread 0x000001afffb6e670 4089       1       net.bytebuddy.description.type.TypeDescription$ForLoadedType::getName (8 bytes)
Event: 10.520 Thread 0x000001afffb6e670 nmethod 4089 0x000001af807afe10 code [0x000001af807affc0, 0x000001af807b0128]
Event: 10.520 Thread 0x000001afffb6e670 4090       1       net.bytebuddy.description.type.TypeDescription$ForLoadedType::getName (28 bytes)
Event: 10.521 Thread 0x000001afffb6e670 nmethod 4090 0x000001af807b0290 code [0x000001af807b0460, 0x000001af807b05f8]

GC Heap History (20 events):
Event: 5.486 GC heap after
{Heap after GC invocations=4 (full 0):
 garbage-first heap   total 57344K, used 11470K [0x00000000c8a00000, 0x0000000100000000)
  region size 1024K, 3 young (3072K), 3 survivors (3072K)
 Metaspace       used 18597K, committed 18944K, reserved 1114112K
  class space    used 2345K, committed 2496K, reserved 1048576K
}
Event: 5.923 GC heap before
{Heap before GC invocations=4 (full 0):
 garbage-first heap   total 57344K, used 37070K [0x00000000c8a00000, 0x0000000100000000)
  region size 1024K, 29 young (29696K), 3 survivors (3072K)
 Metaspace       used 19703K, committed 20032K, reserved 1114112K
  class space    used 2480K, committed 2624K, reserved 1048576K
}
Event: 5.932 GC heap after
{Heap after GC invocations=5 (full 0):
 garbage-first heap   total 57344K, used 13431K [0x00000000c8a00000, 0x0000000100000000)
  region size 1024K, 3 young (3072K), 3 survivors (3072K)
 Metaspace       used 19703K, committed 20032K, reserved 1114112K
  class space    used 2480K, committed 2624K, reserved 1048576K
}
Event: 6.402 GC heap before
{Heap before GC invocations=5 (full 0):
 garbage-first heap   total 57344K, used 31863K [0x00000000c8a00000, 0x0000000100000000)
  region size 1024K, 22 young (22528K), 3 survivors (3072K)
 Metaspace       used 21227K, committed 21504K, reserved 1114112K
  class space    used 2682K, committed 2816K, reserved 1048576K
}
Event: 6.409 GC heap after
{Heap after GC invocations=6 (full 0):
 garbage-first heap   total 57344K, used 14416K [0x00000000c8a00000, 0x0000000100000000)
  region size 1024K, 3 young (3072K), 3 survivors (3072K)
 Metaspace       used 21227K, committed 21504K, reserved 1114112K
  class space    used 2682K, committed 2816K, reserved 1048576K
}
Event: 7.218 GC heap before
{Heap before GC invocations=7 (full 0):
 garbage-first heap   total 55296K, used 41040K [0x00000000c8a00000, 0x0000000100000000)
  region size 1024K, 29 young (29696K), 3 survivors (3072K)
 Metaspace       used 24987K, committed 25280K, reserved 1114112K
  class space    used 3234K, committed 3392K, reserved 1048576K
}
Event: 7.231 GC heap after
{Heap after GC invocations=8 (full 0):
 garbage-first heap   total 55296K, used 16582K [0x00000000c8a00000, 0x0000000100000000)
  region size 1024K, 4 young (4096K), 4 survivors (4096K)
 Metaspace       used 24987K, committed 25280K, reserved 1114112K
  class space    used 3234K, committed 3392K, reserved 1048576K
}
Event: 7.279 GC heap before
{Heap before GC invocations=8 (full 0):
 garbage-first heap   total 55296K, used 17606K [0x00000000c8a00000, 0x0000000100000000)
  region size 1024K, 5 young (5120K), 4 survivors (4096K)
 Metaspace       used 25143K, committed 25472K, reserved 1114112K
  class space    used 3262K, committed 3456K, reserved 1048576K
}
Event: 7.290 GC heap after
{Heap after GC invocations=9 (full 0):
 garbage-first heap   total 55296K, used 16942K [0x00000000c8a00000, 0x0000000100000000)
  region size 1024K, 1 young (1024K), 1 survivors (1024K)
 Metaspace       used 25143K, committed 25472K, reserved 1114112K
  class space    used 3262K, committed 3456K, reserved 1048576K
}
Event: 8.313 GC heap before
{Heap before GC invocations=9 (full 0):
 garbage-first heap   total 55296K, used 39470K [0x00000000c8a00000, 0x0000000100000000)
  region size 1024K, 24 young (24576K), 1 survivors (1024K)
 Metaspace       used 29356K, committed 29760K, reserved 1114112K
  class space    used 3818K, committed 4032K, reserved 1048576K
}
Event: 8.320 GC heap after
{Heap after GC invocations=10 (full 0):
 garbage-first heap   total 55296K, used 18959K [0x00000000c8a00000, 0x0000000100000000)
  region size 1024K, 3 young (3072K), 3 survivors (3072K)
 Metaspace       used 29356K, committed 29760K, reserved 1114112K
  class space    used 3818K, committed 4032K, reserved 1048576K
}
Event: 8.935 GC heap before
{Heap before GC invocations=10 (full 0):
 garbage-first heap   total 55296K, used 39439K [0x00000000c8a00000, 0x0000000100000000)
  region size 1024K, 24 young (24576K), 3 survivors (3072K)
 Metaspace       used 34340K, committed 34752K, reserved 1114112K
  class space    used 4413K, committed 4608K, reserved 1048576K
}
Event: 8.940 GC heap after
{Heap after GC invocations=11 (full 0):
 garbage-first heap   total 55296K, used 20672K [0x00000000c8a00000, 0x0000000100000000)
  region size 1024K, 2 young (2048K), 2 survivors (2048K)
 Metaspace       used 34340K, committed 34752K, reserved 1114112K
  class space    used 4413K, committed 4608K, reserved 1048576K
}
Event: 9.082 GC heap before
{Heap before GC invocations=11 (full 0):
 garbage-first heap   total 55296K, used 25792K [0x00000000c8a00000, 0x0000000100000000)
  region size 1024K, 8 young (8192K), 2 survivors (2048K)
 Metaspace       used 35793K, committed 36096K, reserved 1114112K
  class space    used 4581K, committed 4736K, reserved 1048576K
}
Event: 9.085 GC heap after
{Heap after GC invocations=12 (full 0):
 garbage-first heap   total 55296K, used 21517K [0x00000000c8a00000, 0x0000000100000000)
  region size 1024K, 1 young (1024K), 1 survivors (1024K)
 Metaspace       used 35793K, committed 36096K, reserved 1114112K
  class space    used 4581K, committed 4736K, reserved 1048576K
}
Event: 9.762 GC heap before
{Heap before GC invocations=13 (full 0):
 garbage-first heap   total 55296K, used 41997K [0x00000000c8a00000, 0x0000000100000000)
  region size 1024K, 21 young (21504K), 1 survivors (1024K)
 Metaspace       used 41443K, committed 41792K, reserved 1114112K
  class space    used 5554K, committed 5696K, reserved 1048576K
}
Event: 9.764 GC heap after
{Heap after GC invocations=14 (full 0):
 garbage-first heap   total 55296K, used 22370K [0x00000000c8a00000, 0x0000000100000000)
  region size 1024K, 2 young (2048K), 2 survivors (2048K)
 Metaspace       used 41443K, committed 41792K, reserved 1114112K
  class space    used 5554K, committed 5696K, reserved 1048576K
}
Event: 9.796 GC heap before
{Heap before GC invocations=14 (full 0):
 garbage-first heap   total 55296K, used 23394K [0x00000000c8a00000, 0x0000000100000000)
  region size 1024K, 3 young (3072K), 2 survivors (2048K)
 Metaspace       used 41740K, committed 42112K, reserved 1114112K
  class space    used 5591K, committed 5760K, reserved 1048576K
}
Event: 9.800 GC heap after
{Heap after GC invocations=15 (full 0):
 garbage-first heap   total 55296K, used 22209K [0x00000000c8a00000, 0x0000000100000000)
  region size 1024K, 1 young (1024K), 1 survivors (1024K)
 Metaspace       used 41740K, committed 42112K, reserved 1114112K
  class space    used 5591K, committed 5760K, reserved 1048576K
}
Event: 10.524 GC heap before
{Heap before GC invocations=15 (full 0):
 garbage-first heap   total 55296K, used 41665K [0x00000000c8a00000, 0x0000000100000000)
  region size 1024K, 21 young (21504K), 1 survivors (1024K)
 Metaspace       used 47266K, committed 47680K, reserved 1114112K
  class space    used 6404K, committed 6592K, reserved 1048576K
}

Dll operation events (14 events):
Event: 0.044 Loaded shared library C:\Users\lufer\.jdks\corretto-19.0.2\bin\java.dll
Event: 0.065 Loaded shared library C:\Users\lufer\.jdks\corretto-19.0.2\bin\jsvml.dll
Event: 0.533 Loaded shared library C:\Users\lufer\.jdks\corretto-19.0.2\bin\zip.dll
Event: 0.541 Loaded shared library C:\Users\lufer\.jdks\corretto-19.0.2\bin\instrument.dll
Event: 0.625 Loaded shared library C:\Users\lufer\.jdks\corretto-19.0.2\bin\net.dll
Event: 0.631 Loaded shared library C:\Users\lufer\.jdks\corretto-19.0.2\bin\nio.dll
Event: 0.645 Loaded shared library C:\Users\lufer\.jdks\corretto-19.0.2\bin\zip.dll
Event: 1.680 Loaded shared library C:\Users\lufer\.jdks\corretto-19.0.2\bin\jimage.dll
Event: 2.846 Loaded shared library C:\Program Files\JetBrains\IntelliJ IDEA 2023.2.5\bin\breakgen64.dll
Event: 2.870 Loaded shared library C:\Users\lufer\.jdks\corretto-19.0.2\bin\extnet.dll
Event: 2.971 Loaded shared library C:\Users\lufer\.jdks\corretto-19.0.2\bin\management.dll
Event: 2.998 Loaded shared library C:\Users\lufer\.jdks\corretto-19.0.2\bin\management_ext.dll
Event: 3.625 Loaded shared library C:\Users\lufer\.jdks\corretto-19.0.2\bin\verify.dll
Event: 8.261 Loaded shared library C:\Users\lufer\.jdks\corretto-19.0.2\bin\sunmscapi.dll

Deoptimization events (14 events):
Event: 3.176 Thread 0x000001aff441e040 DEOPT PACKING pc=0x000001af8022c355 sp=0x000000588e2fce90
Event: 3.176 Thread 0x000001aff441e040 DEOPT UNPACKING pc=0x000001af80067543 sp=0x000000588e2fc340 mode 3
Event: 3.191 Thread 0x000001aff441e040 DEOPT PACKING pc=0x000001af80241d50 sp=0x000000588e2fce60
Event: 3.191 Thread 0x000001aff441e040 DEOPT UNPACKING pc=0x000001af80067543 sp=0x000000588e2fc318 mode 3
Event: 4.820 Thread 0x000001aff441e040 DEOPT PACKING pc=0x000001af8040a039 sp=0x000000588e2fd130
Event: 4.820 Thread 0x000001aff441e040 DEOPT UNPACKING pc=0x000001af80067543 sp=0x000000588e2fc610 mode 3
Event: 6.082 Thread 0x000001aff441e040 DEOPT PACKING pc=0x000001af80541e6c sp=0x000000588e2fe390
Event: 6.082 Thread 0x000001aff441e040 DEOPT UNPACKING pc=0x000001af80067543 sp=0x000000588e2fd830 mode 0
Event: 6.667 Thread 0x000001aff441e040 DEOPT PACKING pc=0x000001af80441ea4 sp=0x000000588e2fd600
Event: 6.667 Thread 0x000001aff441e040 DEOPT UNPACKING pc=0x000001af80067543 sp=0x000000588e2fcb58 mode 0
Event: 8.384 Thread 0x000001aff441e040 DEOPT PACKING pc=0x000001af80736d1d sp=0x000000588e2fc4c0
Event: 8.384 Thread 0x000001aff441e040 DEOPT UNPACKING pc=0x000001af80067543 sp=0x000000588e2fba28 mode 3
Event: 8.940 Thread 0x000001afffbfe370 DEOPT PACKING pc=0x000001af80469074 sp=0x000000588f1ff3e0
Event: 8.940 Thread 0x000001afffbfe370 DEOPT UNPACKING pc=0x000001af80067543 sp=0x000000588f1fe928 mode 0

Classes loaded (20 events):
Event: 10.039 Loading class javax/naming/RefAddr
Event: 10.039 Loading class javax/naming/RefAddr done
Event: 10.039 Loading class javax/naming/StringRefAddr
Event: 10.039 Loading class javax/naming/StringRefAddr done
Event: 10.048 Loading class java/io/InvalidObjectException
Event: 10.048 Loading class java/io/InvalidObjectException done
Event: 10.089 Loading class java/util/concurrent/CompletionStage
Event: 10.089 Loading class java/util/concurrent/CompletionStage done
Event: 10.090 Loading class java/util/concurrent/CompletableFuture
Event: 10.092 Loading class java/util/concurrent/CompletableFuture done
Event: 10.092 Loading class java/util/concurrent/CompletableFuture$AltResult
Event: 10.092 Loading class java/util/concurrent/CompletableFuture$AltResult done
Event: 10.092 Loading class java/util/concurrent/CompletableFuture$Completion
Event: 10.093 Loading class java/util/concurrent/CompletableFuture$AsynchronousCompletionTask
Event: 10.093 Loading class java/util/concurrent/CompletableFuture$AsynchronousCompletionTask done
Event: 10.093 Loading class java/util/concurrent/CompletableFuture$Completion done
Event: 10.384 Loading class java/util/ArrayList$ListItr
Event: 10.385 Loading class java/util/ArrayList$ListItr done
Event: 10.522 Loading class java/util/AbstractList$SubList
Event: 10.523 Loading class java/util/AbstractList$SubList done

Classes unloaded (0 events):
No events

Classes redefined (0 events):
No events

Internal exceptions (20 events):
Event: 7.738 Thread 0x000001aff441e040 Exception <a 'java/lang/NoSuchMethodError'{0x00000000cb9ce7d0}: 'void java.lang.invoke.DelegatingMethodHandle$Holder.delegate(java.lang.Object, java.lang.Object, int, java.lang.Object)'> (0x00000000cb9ce7d0) 
thrown [s\src\hotspot\share\interpreter\linkResolver.cpp, line 774]
Event: 7.768 Thread 0x000001aff441e040 Exception <a 'java/lang/NoSuchMethodError'{0x00000000cb8d9730}: 'void java.lang.invoke.DirectMethodHandle$Holder.invokeInterface(java.lang.Object, java.lang.Object, int)'> (0x00000000cb8d9730) 
thrown [s\src\hotspot\share\interpreter\linkResolver.cpp, line 774]
Event: 7.770 Thread 0x000001aff441e040 Exception <a 'java/lang/NoSuchMethodError'{0x00000000cb8f3718}: 'int java.lang.invoke.DirectMethodHandle$Holder.invokeVirtual(java.lang.Object, java.lang.Object)'> (0x00000000cb8f3718) 
thrown [s\src\hotspot\share\interpreter\linkResolver.cpp, line 774]
Event: 7.773 Thread 0x000001aff441e040 Exception <a 'java/lang/IncompatibleClassChangeError'{0x00000000cb72cae8}: Found class java.lang.Object, but interface was expected> (0x00000000cb72cae8) 
thrown [s\src\hotspot\share\interpreter\linkResolver.cpp, line 841]
Event: 7.774 Thread 0x000001aff441e040 Exception <a 'java/lang/NoSuchMethodError'{0x00000000cb731c98}: 'void java.lang.invoke.DirectMethodHandle$Holder.invokeStatic(java.lang.Object, int, java.lang.Object)'> (0x00000000cb731c98) 
thrown [s\src\hotspot\share\interpreter\linkResolver.cpp, line 774]
Event: 7.777 Thread 0x000001aff441e040 Exception <a 'java/lang/NoSuchMethodError'{0x00000000cb7609f8}: 'int java.lang.invoke.DirectMethodHandle$Holder.invokeSpecial(java.lang.Object, java.lang.Object, int)'> (0x00000000cb7609f8) 
thrown [s\src\hotspot\share\interpreter\linkResolver.cpp, line 774]
Event: 8.082 Thread 0x000001aff441e040 Exception <a 'java/lang/NoSuchMethodError'{0x00000000cb1c59f8}: 'int java.lang.invoke.DirectMethodHandle$Holder.invokeVirtual(java.lang.Object, java.lang.Object, java.lang.Object, java.lang.Object)'> (0x00000000cb1c59f8) 
thrown [s\src\hotspot\share\interpreter\linkResolver.cpp, line 774]
Event: 8.082 Thread 0x000001aff441e040 Exception <a 'java/lang/NoSuchMethodError'{0x00000000cb1c96d8}: 'int java.lang.invoke.DelegatingMethodHandle$Holder.reinvoke_L(java.lang.Object, java.lang.Object, java.lang.Object, java.lang.Object)'> (0x00000000cb1c96d8) 
thrown [s\src\hotspot\share\interpreter\linkResolver.cpp, line 774]
Event: 8.282 Thread 0x000001aff441e040 Exception <a 'java/io/FileNotFoundException'{0x00000000ca970af0}> (0x00000000ca970af0) 
thrown [s\src\hotspot\share\prims\jni.cpp, line 517]
Event: 8.283 Thread 0x000001aff441e040 Exception <a 'java/io/FileNotFoundException'{0x00000000ca971d98}> (0x00000000ca971d98) 
thrown [s\src\hotspot\share\prims\jni.cpp, line 517]
Event: 8.304 Thread 0x000001aff441e040 Exception <a 'java/lang/NoSuchMethodError'{0x00000000ca899858}: 'java.lang.Object java.lang.invoke.DelegatingMethodHandle$Holder.reinvoke_L(java.lang.Object, java.lang.Object, int, int, java.lang.Object)'> (0x00000000ca899858) 
thrown [s\src\hotspot\share\interpreter\linkResolver.cpp, line 774]
Event: 8.327 Thread 0x000001aff441e040 Exception <a 'java/lang/NoSuchMethodError'{0x00000000cc141718}: 'int java.lang.invoke.DirectMethodHandle$Holder.invokeInterface(java.lang.Object, java.lang.Object, java.lang.Object, java.lang.Object)'> (0x00000000cc141718) 
thrown [s\src\hotspot\share\interpreter\linkResolver.cpp, line 774]
Event: 8.392 Thread 0x000001aff441e040 Exception <a 'java/lang/NoSuchMethodError'{0x00000000cbd77e68}: 'long java.lang.invoke.DirectMethodHandle$Holder.invokeVirtual(java.lang.Object, java.lang.Object)'> (0x00000000cbd77e68) 
thrown [s\src\hotspot\share\interpreter\linkResolver.cpp, line 774]
Event: 8.398 Thread 0x000001aff441e040 Exception <a 'java/io/FileNotFoundException'{0x00000000cbda4390}> (0x00000000cbda4390) 
thrown [s\src\hotspot\share\prims\jni.cpp, line 517]
Event: 8.472 Thread 0x000001aff441e040 Exception <a 'java/lang/NoSuchMethodError'{0x00000000cb83be80}: 'java.lang.Object java.lang.invoke.DirectMethodHandle$Holder.newInvokeSpecial(java.lang.Object, java.lang.Object, java.lang.Object, java.lang.Object, java.lang.Object, java.lang.Object, java.lang.Object, java.lang.Object, java.lang.Object, java.lang.Object, java.lang.Object)'> (0x00000000cb83be80) 
thrown [s\src\hotspot\share\interpreter\linkResolver.cpp, line 774]
Event: 8.793 Thread 0x000001aff441e040 Exception <a 'java/lang/NoSuchMethodError'{0x00000000cb08c238}: 'void java.lang.invoke.DirectMethodHandle$Holder.invokeStaticInit(java.lang.Object, java.lang.Object, java.lang.Object, java.lang.Object, java.lang.Object)'> (0x00000000cb08c238) 
thrown [s\src\hotspot\share\interpreter\linkResolver.cpp, line 774]
Event: 9.031 Thread 0x000001aff441e040 Exception <a 'java/lang/NoSuchMethodError'{0x00000000cbc61ec8}: 'java.lang.Object java.lang.invoke.DirectMethodHandle$Holder.invokeStaticInit(java.lang.Object, java.lang.Object, java.lang.Object, java.lang.Object)'> (0x00000000cbc61ec8) 
thrown [s\src\hotspot\share\interpreter\linkResolver.cpp, line 774]
Event: 9.756 Thread 0x000001aff441e040 Exception <a 'java/lang/NoSuchMethodError'{0x00000000cabd1158}: 'void java.lang.invoke.DirectMethodHandle$Holder.invokeVirtual(java.lang.Object, java.lang.Object)'> (0x00000000cabd1158) 
thrown [s\src\hotspot\share\interpreter\linkResolver.cpp, line 774]
Event: 10.053 Thread 0x000001aff441e040 Exception <a 'java/lang/NoSuchMethodError'{0x00000000cb7a6e80}: 'java.lang.Object java.lang.invoke.DirectMethodHandle$Holder.newInvokeSpecial(java.lang.Object, java.lang.Object, int, java.lang.Object, java.lang.Object)'> (0x00000000cb7a6e80) 
thrown [s\src\hotspot\share\interpreter\linkResolver.cpp, line 774]
Event: 10.313 Thread 0x000001aff441e040 Exception <a 'java/lang/NoSuchMethodError'{0x00000000cb1160e0}: 'int java.lang.invoke.Invokers$Holder.invokeExact_MT(java.lang.Object, java.lang.Object, java.lang.Object)'> (0x00000000cb1160e0) 
thrown [s\src\hotspot\share\interpreter\linkResolver.cpp, line 774]

VM Operations (20 events):
Event: 8.777 Executing VM operation: HandshakeAllThreads done
Event: 8.795 Executing VM operation: HandshakeAllThreads
Event: 8.795 Executing VM operation: HandshakeAllThreads done
Event: 8.935 Executing VM operation: G1CollectForAllocation
Event: 8.940 Executing VM operation: G1CollectForAllocation done
Event: 9.082 Executing VM operation: CollectForMetadataAllocation
Event: 9.085 Executing VM operation: CollectForMetadataAllocation done
Event: 9.113 Executing VM operation: CollectForMetadataAllocation
Event: 9.113 Executing VM operation: CollectForMetadataAllocation done
Event: 9.115 Executing VM operation: G1PauseRemark
Event: 9.117 Executing VM operation: G1PauseRemark done
Event: 9.137 Executing VM operation: G1PauseCleanup
Event: 9.137 Executing VM operation: G1PauseCleanup done
Event: 9.762 Executing VM operation: G1CollectForAllocation
Event: 9.764 Executing VM operation: G1CollectForAllocation done
Event: 9.795 Executing VM operation: G1CollectForAllocation
Event: 9.800 Executing VM operation: G1CollectForAllocation done
Event: 10.385 Executing VM operation: HandshakeAllThreads
Event: 10.385 Executing VM operation: HandshakeAllThreads done
Event: 10.524 Executing VM operation: G1CollectForAllocation

Events (20 events):
Event: 0.140 Thread 0x000001afffb68ff0 Thread added: 0x000001afffb68ff0
Event: 0.140 Thread 0x000001afffb6c940 Thread added: 0x000001afffb6c940
Event: 0.140 Thread 0x000001afffb6d270 Thread added: 0x000001afffb6d270
Event: 0.140 Thread 0x000001afffb6dd40 Thread added: 0x000001afffb6dd40
Event: 0.140 Thread 0x000001afffb6e670 Thread added: 0x000001afffb6e670
Event: 0.148 Thread 0x000001afffb99ed0 Thread added: 0x000001afffb99ed0
Event: 0.366 Thread 0x000001afffbfe370 Thread added: 0x000001afffbfe370
Event: 2.848 Thread 0x000001af8a4ae580 Thread added: 0x000001af8a4ae580
Event: 2.848 Thread 0x000001af8a4aef40 Thread added: 0x000001af8a4aef40
Event: 3.567 Thread 0x000001af8a468950 Thread added: 0x000001af8a468950
Event: 4.611 Thread 0x000001af8aad9030 Thread added: 0x000001af8aad9030
Event: 5.093 Thread 0x000001af8aad9030 Thread exited: 0x000001af8aad9030
Event: 5.806 Thread 0x000001af8b3bf7d0 Thread added: 0x000001af8b3bf7d0
Event: 5.836 Thread 0x000001af8b3bf7d0 Thread exited: 0x000001af8b3bf7d0
Event: 8.407 Thread 0x000001af8b75ca20 Thread added: 0x000001af8b75ca20
Event: 8.409 Thread 0x000001af8b622f70 Thread added: 0x000001af8b622f70
Event: 8.415 Thread 0x000001af8b623930 Thread added: 0x000001af8b623930
Event: 8.665 Thread 0x000001af8b9244b0 Thread added: 0x000001af8b9244b0
Event: 9.011 Thread 0x000001af8b969090 Thread added: 0x000001af8b969090
Event: 9.127 Thread 0x000001af8b96ab20 Thread added: 0x000001af8b96ab20


Dynamic libraries:
0x00007ff7f5300000 - 0x00007ff7f530d000 	C:\Users\lufer\.jdks\corretto-19.0.2\bin\java.exe
0x00007ffbc2a90000 - 0x00007ffbc2c87000 	C:\WINDOWS\SYSTEM32\ntdll.dll
0x00007ffbc0c20000 - 0x00007ffbc0cdd000 	C:\WINDOWS\System32\KERNEL32.DLL
0x00007ffbc0410000 - 0x00007ffbc0706000 	C:\WINDOWS\System32\KERNELBASE.dll
0x00007ffbc0950000 - 0x00007ffbc0a50000 	C:\WINDOWS\System32\ucrtbase.dll
0x00007ffbb9200000 - 0x00007ffbb9217000 	C:\Users\lufer\.jdks\corretto-19.0.2\bin\jli.dll
0x00007ffbb9140000 - 0x00007ffbb9155000 	C:\Users\lufer\.jdks\corretto-19.0.2\bin\VCRUNTIME140.dll
0x00007ffbc0ce0000 - 0x00007ffbc0e7e000 	C:\WINDOWS\System32\USER32.dll
0x00007ffbc0a50000 - 0x00007ffbc0a72000 	C:\WINDOWS\System32\win32u.dll
0x00007ffbc2670000 - 0x00007ffbc269c000 	C:\WINDOWS\System32\GDI32.dll
0x00007ffbc0210000 - 0x00007ffbc032a000 	C:\WINDOWS\System32\gdi32full.dll
0x00007ffba6320000 - 0x00007ffba65ba000 	C:\WINDOWS\WinSxS\amd64_microsoft.windows.common-controls_6595b64144ccf1df_6.0.19041.3570_none_60bb2a3971f3e41a\COMCTL32.dll
0x00007ffbc0170000 - 0x00007ffbc020d000 	C:\WINDOWS\System32\msvcp_win.dll
0x00007ffbc1750000 - 0x00007ffbc17ee000 	C:\WINDOWS\System32\msvcrt.dll
0x00007ffbc0b80000 - 0x00007ffbc0bb0000 	C:\WINDOWS\System32\IMM32.DLL
0x00007ffba1920000 - 0x00007ffba19bb000 	C:\Users\lufer\.jdks\corretto-19.0.2\bin\msvcp140.dll
0x00007ffb7a1d0000 - 0x00007ffb7aea9000 	C:\Users\lufer\.jdks\corretto-19.0.2\bin\server\jvm.dll
0x00007ffbc2260000 - 0x00007ffbc230e000 	C:\WINDOWS\System32\ADVAPI32.dll
0x00007ffbc2950000 - 0x00007ffbc29ec000 	C:\WINDOWS\System32\sechost.dll
0x00007ffbc2820000 - 0x00007ffbc2946000 	C:\WINDOWS\System32\RPCRT4.dll
0x00007ffbb6c10000 - 0x00007ffbb6c37000 	C:\WINDOWS\SYSTEM32\WINMM.dll
0x00007ffbb74b0000 - 0x00007ffbb74ba000 	C:\WINDOWS\SYSTEM32\VERSION.dll
0x00007ffbb1e60000 - 0x00007ffbb1e69000 	C:\WINDOWS\SYSTEM32\WSOCK32.dll
0x00007ffbc19d0000 - 0x00007ffbc1a3b000 	C:\WINDOWS\System32\WS2_32.dll
0x00007ffbbe9d0000 - 0x00007ffbbe9e2000 	C:\WINDOWS\SYSTEM32\kernel.appcore.dll
0x00007ffbb9340000 - 0x00007ffbb934a000 	C:\Users\lufer\.jdks\corretto-19.0.2\bin\jimage.dll
0x00007ffbbdeb0000 - 0x00007ffbbe094000 	C:\WINDOWS\SYSTEM32\DBGHELP.DLL
0x00007ffbad1d0000 - 0x00007ffbad204000 	C:\WINDOWS\SYSTEM32\dbgcore.DLL
0x00007ffbc0380000 - 0x00007ffbc0402000 	C:\WINDOWS\System32\bcryptPrimitives.dll
0x00007ffbb92f0000 - 0x00007ffbb92fe000 	C:\Users\lufer\.jdks\corretto-19.0.2\bin\instrument.dll
0x00007ffbb19c0000 - 0x00007ffbb19e6000 	C:\Users\lufer\.jdks\corretto-19.0.2\bin\java.dll
0x00007ffb96ba0000 - 0x00007ffb96c76000 	C:\Users\lufer\.jdks\corretto-19.0.2\bin\jsvml.dll
0x00007ffbc1a40000 - 0x00007ffbc2184000 	C:\WINDOWS\System32\SHELL32.dll
0x00007ffbbe0a0000 - 0x00007ffbbe83b000 	C:\WINDOWS\SYSTEM32\windows.storage.dll
0x00007ffbc2310000 - 0x00007ffbc2664000 	C:\WINDOWS\System32\combase.dll
0x00007ffbbfae0000 - 0x00007ffbbfb0d000 	C:\WINDOWS\SYSTEM32\Wldp.dll
0x00007ffbc1920000 - 0x00007ffbc19cd000 	C:\WINDOWS\System32\SHCORE.dll
0x00007ffbc29f0000 - 0x00007ffbc2a45000 	C:\WINDOWS\System32\shlwapi.dll
0x00007ffbc00a0000 - 0x00007ffbc00c5000 	C:\WINDOWS\SYSTEM32\profapi.dll
0x00007ffbb74c0000 - 0x00007ffbb74d8000 	C:\Users\lufer\.jdks\corretto-19.0.2\bin\zip.dll
0x00007ffbb1770000 - 0x00007ffbb1783000 	C:\Users\lufer\.jdks\corretto-19.0.2\bin\net.dll
0x00007ffbb23c0000 - 0x00007ffbb24ca000 	C:\WINDOWS\SYSTEM32\WINHTTP.dll
0x00007ffbbf840000 - 0x00007ffbbf8aa000 	C:\WINDOWS\system32\mswsock.dll
0x00007ffbb0f60000 - 0x00007ffbb0f75000 	C:\Users\lufer\.jdks\corretto-19.0.2\bin\nio.dll
0x00007ffbb9870000 - 0x00007ffbb988a000 	C:\Program Files\JetBrains\IntelliJ IDEA 2023.2.5\bin\breakgen64.dll
0x00007ffbb74a0000 - 0x00007ffbb74a8000 	C:\Users\lufer\.jdks\corretto-19.0.2\bin\extnet.dll
0x00007ffbbf570000 - 0x00007ffbbf63a000 	C:\WINDOWS\SYSTEM32\DNSAPI.dll
0x00007ffbbf530000 - 0x00007ffbbf56b000 	C:\WINDOWS\SYSTEM32\IPHLPAPI.DLL
0x00007ffbc0c10000 - 0x00007ffbc0c18000 	C:\WINDOWS\System32\NSI.dll
0x00000000595a0000 - 0x00000000595c6000 	C:\Program Files\Bonjour\mdnsNSP.dll
0x00007ffbabfd0000 - 0x00007ffbabfda000 	C:\Windows\System32\rasadhlp.dll
0x00007ffbac150000 - 0x00007ffbac1d2000 	C:\WINDOWS\System32\fwpuclnt.dll
0x00007ffbc0920000 - 0x00007ffbc0947000 	C:\WINDOWS\System32\bcrypt.dll
0x00007ffbb91f0000 - 0x00007ffbb91f9000 	C:\Users\lufer\.jdks\corretto-19.0.2\bin\management.dll
0x00007ffbb9130000 - 0x00007ffbb913b000 	C:\Users\lufer\.jdks\corretto-19.0.2\bin\management_ext.dll
0x00007ffbc0ee0000 - 0x00007ffbc0ee8000 	C:\WINDOWS\System32\PSAPI.DLL
0x00007ffbbfa30000 - 0x00007ffbbfa48000 	C:\WINDOWS\SYSTEM32\CRYPTSP.dll
0x00007ffbbf150000 - 0x00007ffbbf184000 	C:\WINDOWS\system32\rsaenh.dll
0x00007ffbc0020000 - 0x00007ffbc004e000 	C:\WINDOWS\SYSTEM32\USERENV.dll
0x00007ffbbfa50000 - 0x00007ffbbfa5c000 	C:\WINDOWS\SYSTEM32\CRYPTBASE.dll
0x00007ffbb2d60000 - 0x00007ffbb2d77000 	C:\WINDOWS\SYSTEM32\dhcpcsvc6.DLL
0x00007ffbb6730000 - 0x00007ffbb674d000 	C:\WINDOWS\SYSTEM32\dhcpcsvc.DLL
0x00007ffb93430000 - 0x00007ffb93447000 	C:\WINDOWS\system32\napinsp.dll
0x00007ffb93410000 - 0x00007ffb9342b000 	C:\WINDOWS\system32\pnrpnsp.dll
0x00007ffbb6470000 - 0x00007ffbb648d000 	C:\WINDOWS\system32\NLAapi.dll
0x00007ffb933f0000 - 0x00007ffb93402000 	C:\WINDOWS\System32\winrnr.dll
0x00007ffbbafa0000 - 0x00007ffbbafb5000 	C:\WINDOWS\system32\wshbth.dll
0x00007ffbba3e0000 - 0x00007ffbba3f0000 	C:\Users\lufer\.jdks\corretto-19.0.2\bin\verify.dll
0x00007ffbb2a20000 - 0x00007ffbb2a2e000 	C:\Users\lufer\.jdks\corretto-19.0.2\bin\sunmscapi.dll
0x00007ffbc0710000 - 0x00007ffbc086d000 	C:\WINDOWS\System32\CRYPT32.dll
0x00007ffbbfb50000 - 0x00007ffbbfb77000 	C:\WINDOWS\SYSTEM32\ncrypt.dll
0x00007ffbbfb10000 - 0x00007ffbbfb4b000 	C:\WINDOWS\SYSTEM32\NTASN1.dll

dbghelp: loaded successfully - version: 4.0.5 - missing functions: none
symbol engine: initialized successfully - sym options: 0x614 - pdb path: .;C:\Users\lufer\.jdks\corretto-19.0.2\bin;C:\WINDOWS\SYSTEM32;C:\WINDOWS\WinSxS\amd64_microsoft.windows.common-controls_6595b64144ccf1df_6.0.19041.3570_none_60bb2a3971f3e41a;C:\Users\lufer\.jdks\corretto-19.0.2\bin\server;C:\Program Files\JetBrains\IntelliJ IDEA 2023.2.5\bin;C:\Program Files\Bonjour

VM Arguments:
jvm_args: -XX:TieredStopAtLevel=1 -Dspring.output.ansi.enabled=always -Dcom.sun.management.jmxremote -Dspring.jmx.enabled=true -Dspring.liveBeansView.mbeanDomain -Dspring.application.admin.enabled=true -Dmanagement.endpoints.jmx.exposure.include=* -javaagent:C:\Program Files\JetBrains\IntelliJ IDEA 2023.2.5\lib\idea_rt.jar=60595:C:\Program Files\JetBrains\IntelliJ IDEA 2023.2.5\bin -Dfile.encoding=UTF-8 -Dsun.stdout.encoding=UTF-8 -Dsun.stderr.encoding=UTF-8 
java_command: co.empresa.recursoshumanos.RecursoshumanosApplication
java_class_path (initial): C:\Users\lufer\Documents\Codigo\build\classes\java\main;C:\Users\lufer\Documents\Codigo\build\resources\main;C:\Users\lufer\.gradle\caches\modules-2\files-2.1\org.projectlombok\lombok\1.18.28\a2ff5da8bcd8b1b26f36b806ced63213362c6dcc\lombok-1.18.28.jar;C:\Users\lufer\.gradle\caches\modules-2\files-2.1\org.springframework.boot\spring-boot-starter-web\2.7.15\80f227f160fd83e4d3e1fb10ec59530e4faae1e0\spring-boot-starter-web-2.7.15.jar;C:\Users\lufer\.gradle\caches\modules-2\files-2.1\org.springframework.boot\spring-boot-starter-data-jpa\2.7.15\93fe758d2f6fdda6ec5494a984c980164f529486\spring-boot-starter-data-jpa-2.7.15.jar;C:\Users\lufer\.gradle\caches\modules-2\files-2.1\org.pitest\pitest\1.15.0\46e117b5f3edb5af7734607277a8bcf378ef79f5\pitest-1.15.0.jar;C:\Users\lufer\.gradle\caches\modules-2\files-2.1\io.springfox\springfox-boot-starter\3.0.0\5486365e263f8acca014b97efa50c3419d58e8f6\springfox-boot-starter-3.0.0.jar;C:\Users\lufer\.gradle\caches\modules-2\files-2.1\io.springfox\springfox-swagger2\3.0.0\7bcb18d496576eff76ef7bb72684e149cbb75c1d\springfox-swagger2-3.0.0.jar;C:\Users\lufer\.gradle\caches\modules-2\files-2.1\com.fasterxml.jackson.core\jackson-annotations\2.15.2\4724a65ac8e8d156a24898d50fd5dbd3642870b8\jackson-annotations-2.15.2.jar;C:\Users\lufer\.gradle\caches\modules-2\files-2.1\org.springframework.boot\spring-boot-starter-security\3.1.5\5609ddc1b11034278ca1174bfef45d0bea96f060\spring-boot-starter-security-3.1.5.jar;C:\Users\lufer\.gradle\caches\modules-2\files-2.1\org.springframework.boot\spring-boot-starter\3.1.2\c09a48df6fbc2b07b7aef1256b45260a3478b49f\spring-boot-starter-3.1.2.jar;C:\Users\lufer\.gradle\caches\modules-2\files-2.1\io.springfox\springfox-swagger-ui\3.0.0\1e665fbe22148f7c36fa8a08e515a0047cd4390b\springfox-swagger-ui-3.0.0.jar;C:\Users\lufer\.gradle\caches\modules-2\files-2.1\ch.qos.logback\logback-classic\1.2.9\7d495522b08a9a66084bf417e70eedf95ef706bc\logback-classic-1.2.9.jar;C:\Users\lufer\.gradle\caches\modules-2\files-2.1\org.slf4j\slf4j-api\1.7.32\cdcff33940d9f2de763bc41ea05a0be5941176c3\slf4j-api-1.7.32.jar;C:\Users\lufer\.gradle\caches\modules-2\files-2.1\org.springframework.boot\spring-boot-starter-json\2.7.15\6d1bc45796a194b253ab98fbaf608e320bb16c\spring-boot-starter-json-2.7.15.jar;C:\Users\lufer\.gradle\caches\modules-2\files-2.1\org.springframework.boot\spring-boot-starter-tomcat\2.7.15\85a01164a2ceafb4ba1b9398bb99f4dd55e02499\spring-boot-starter-tomcat-2.7.15.jar;C:\Users\lufer\.gradle\caches\modules-2\files-2.1\org.springframework\spring-webmvc\5.3.29\fdaefee29fcb8459aab748b571d8bb7bb7fdb175\spring-webmvc-5.3.29.jar;C:\Users\lufer\.gradle\caches\modules-2\files-2.1\org.springframework\spring-web\5.3.29\4cd333e48d9a05d05c05ae7426242ecfe4cfb681\spring-web-5.3.29.jar;C:\Users\lufer\.gradle\caches\modules-2\files-2.1\org.springframework.boot\spring-boot-starter-aop\2.7.15\190b2d96cec2be49e686089d349dbc1f0d382b5a\spring-boot-starter-aop-2.7.15.jar;C:\Users\lufer\.gradle\caches\modules-2\files-2.1\org.springframework.boot\spring-boot-starter-jdbc\2.7.15\928b5c89be10d4485944a3bfc16f9951ac678138\spring-boot-starter-jdbc-2.7.15.jar;C:\Users\lufer\.gradle\caches\modules-2\files-2.1\org.springframework.data\spring-data-jpa\2.7.15\9bf899ee43404d9d81c178ed5381d31ddf438a51\spring-data-jpa-2.7.15.jar;C:\Users\lufer\.gradle\caches\modules-2\files-2.1\jakarta.transaction\jakarta.transaction-api\1.3.3\c4179d48720a1e87202115fbed6089bdc4195405\jakarta.transaction-api-1.3.3.jar;C:\Users\lufer\.gradle\caches\modules-2\files-2.1\jakarta.persistence\jakarta.persistence-api\2.2.3\8f6ea5daedc614f07a3654a455660145286f024e\jakarta.persistence-api-2.2.3.jar;C:\Users\lufer\.gradle\caches\modules-2\files-2.1\org.hibernate\hibernate-core\5.6.15.Final\ab14b7cef1fdff654ca81923048a6034d6c7cfa7\hibernate-core-5.6.15.Final.jar;C:\Users\lufer\.gradle\caches\modules-2\files-2.1\org.springframework\spring-aspects\5.3.29\dbcf1c1ce847b0fb186b5dde18968c9a46900f28\spring-aspects-5.3.29.jar;C:\Users\lufer\.gradle\caches\modules-2\files-2.1\com.mysql\mysql-connector-j\8.0.33\9e64d997873abc4318620264703d3fdb6b02dd5a\mysql-connector-j-8.0.33.jar;C:\Users\lufer\.gradle\caches\modules-2\files-2.1\io.springfox\springfox-oas\3.0.0\e7bc9c1319cf1b64ae714a249c3db3b8fe01e42b\springfox-oas-3.0.0.jar;C:\Users\lufer\.gradle\caches\modules-2\files-2.1\io.springfox\springfox-data-rest\3.0.0\40f5e834d6696ae1d3212fa5a2d5e1ec406bedc0\springfox-data-rest-3.0.0.jar;C:\Users\lufer\.gradle\caches\modules-2\files-2.1\io.springfox\springfox-bean-validators\3.0.0\80c646fdebe5f2b2b337a5a686e540fee0b7304f\springfox-bean-validators-3.0.0.jar;C:\Users\lufer\.gradle\caches\modules-2\files-2.1\org.springframework.plugin\spring-plugin-metadata\2.0.0.RELEASE\6fb3a1fc0f05dc826687b7686ad8a5960ecdd57c\spring-plugin-metadata-2.0.0.RELEASE.jar;C:\Users\lufer\.gradle\caches\modules-2\files-2.1\org.springframework.plugin\spring-plugin-core\2.0.0.RELEASE\95fc8c13037630f4aba9c51141f535becec00fe6\spring-plugin-core-2.0.0.RELEASE.jar;C:\Users\lufer\.gradle\caches\modules-2\files-2.1\com.fasterxml\classmate\1.5.1\3fe0bed568c62df5e89f4f174c101eab25345b6c\classmate-1.5.1.jar;C:\Users\lufer\.gradle\caches\modules-2\files-2.1\io.springfox\springfox-swagger-common\3.0.0\2e2fae840984cfcabfd50e1b4b1c23422135ba12\springfox-swagger-common-3.0.0.jar;C:\Users\lufer\.gradle\caches\modules-2\files-2.1\io.swagger\swagger-models\1.5.20\fb3a23bad80c5ed84db9dd150db2cba699531458\swagger-models-1.5.20.jar;C:\Users\lufer\.gradle\caches\modules-2\files-2.1\io.springfox\springfox-spring-webmvc\3.0.0\7ed22363fdfd651cd811c0b2391f16bddb91db8b\springfox-spring-webmvc-3.0.0.jar;C:\Users\lufer\.gradle\caches\modules-2\files-2.1\io.springfox\springfox-spring-web\3.0.0\a76f2fbe805bfd2798e20dc8f2cfbfad554d52da\springfox-spring-web-3.0.0.jar;C:\Users\lufer\.gradle\caches\modules-2\files-2.1\io.springfox\springfox-spring-webflux\3.0.0\efccbcfe1d23f2ba520bd87cc156bf2b81f3568e\springfox-spring-webflux-3.0.0.jar;C:\Users\lufer\.gradle\caches\modules-2\files-2.1\io.springfox\springfox-schema\3.0.0\32c5d6965617830ef6480fadb9030008945bcd9c\springfox-schema-3.0.0.jar;C:\Users\lufer\.gradle\caches\modules-2\files-2.1\io.springfox\springfox-spi\3.0.0\bae0b820d4b5a922063d34a42aaf4f763308b828\springfox-spi-3.0.0.jar;C:\Users\lufer\.gradle\caches\modules-2\files-2.1\io.swagger\swagger-annotations\1.5.20\16051f93ce11ca489a5313775d825f82fcc2cd6c\swagger-annotations-1.5.20.jar;C:\Users\lufer\.gradle\caches\modules-2\files-2.1\org.springframework.security\spring-security-web\5.7.10\9c3445fe7b5933f856e1b8237d5f2a74a30c61d1\spring-security-web-5.7.10.jar;C:\Users\lufer\.gradle\caches\modules-2\files-2.1\org.springframework.security\spring-security-config\5.7.10\a70c03d16c209b836006ed1b58b5818286bfee00\spring-security-config-5.7.10.jar;C:\Users\lufer\.gradle\caches\modules-2\files-2.1\org.springframework\spring-aop\5.3.29\397c588ce63ba4c185a8c1bd2f1e9139075b3bf1\spring-aop-5.3.29.jar;C:\Users\lufer\.gradle\caches\modules-2\files-2.1\org.springframework.boot\spring-boot-starter-logging\2.7.15\1f4bece73c6e002fd0c113de552a746ab603b9be\spring-boot-starter-logging-2.7.15.jar;C:\Users\lufer\.gradle\caches\modules-2\files-2.1\org.springframework.boot\spring-boot-autoconfigure\2.7.15\ca07c5ec0347342e207de3d26c0b686d43be60d5\spring-boot-autoconfigure-2.7.15.jar;C:\Users\lufer\.gradle\caches\modules-2\files-2.1\org.springframework.boot\spring-boot\2.7.15\4e09424cc410ca255bbea2657a8da0b54b381b2a\spring-boot-2.7.15.jar;C:\Users\lufer\.gradle\caches\modules-2\files-2.1\jakarta.annotation\jakarta.annotation-api\1.3.5\59eb84ee0d616332ff44aba065f3888cf002cd2d\jakarta.annotation-api-1.3.5.jar;C:\Users\lufer\.gradle\caches\modules-2\files-2.1\org.springframework\spring-core\5.3.29\528eafe4cef7bccf3df290dd99ac5833a9756183\spring-core-5.3.29.jar;C:\Users\lufer\.gradle\caches\modules-2\files-2.1\org.yaml\snakeyaml\1.30\8fde7fe2586328ac3c68db92045e1c8759125000\snakeyaml-1.30.jar;C:\Users\lufer\.gradle\caches\modules-2\files-2.1\ch.qos.logback\logback-core\1.2.12\1d8e51a698b138065d73baefb4f94531faa323cb\logback-core-1.2.12.jar;C:\Users\lufer\.gradle\caches\modules-2\files-2.1\com.fasterxml.jackson.datatype\jackson-datatype-jdk8\2.13.5\1278f38160812811c56eb77f67213662ed1c7a2e\jackson-datatype-jdk8-2.13.5.jar;C:\Users\lufer\.gradle\caches\modules-2\files-2.1\com.fasterxml.jackson.datatype\jackson-datatype-jsr310\2.13.5\8ba3b868e81d7fc6ead686bd2353859b111d9eaf\jackson-datatype-jsr310-2.13.5.jar;C:\Users\lufer\.gradle\caches\modules-2\files-2.1\com.fasterxml.jackson.module\jackson-module-parameter-names\2.13.5\a401a99e7a45450fd3ef76e82ba39005fd1a8c22\jackson-module-parameter-names-2.13.5.jar;C:\Users\lufer\.gradle\caches\modules-2\files-2.1\com.fasterxml.jackson.core\jackson-databind\2.13.5\aa95e46dbc32454f3983221d420e78ef19ddf844\jackson-databind-2.13.5.jar;C:\Users\lufer\.gradle\caches\modules-2\files-2.1\org.apache.tomcat.embed\tomcat-embed-websocket\9.0.79\83925f42600d5698157257844d741b88b5473230\tomcat-embed-websocket-9.0.79.jar;C:\Users\lufer\.gradle\caches\modules-2\files-2.1\org.apache.tomcat.embed\tomcat-embed-core\9.0.79\8f0c76a7a4e1a6a3b2aff045db155be2f7fd3391\tomcat-embed-core-9.0.79.jar;C:\Users\lufer\.gradle\caches\modules-2\files-2.1\org.apache.tomcat.embed\tomcat-embed-el\9.0.79\c7209c2094ed866c71748beb8a2b57a2f2ffd249\tomcat-embed-el-9.0.79.jar;C:\Users\lufer\.gradle\caches\modules-2\files-2.1\org.springframework\spring-context\5.3.29\c374a72716d19220ca142efaab910adf5717c5d0\spring-context-5.3.29.jar;C:\Users\lufer\.gradle\caches\modules-2\files-2.1\org.springframework\spring-beans\5.3.29\be40f557f3fa52c703f00e127ff639f8cf499617\spring-beans-5.3.29.jar;C:\Users\lufer\.gradle\caches\modules-2\files-2.1\org.springframework\spring-expression\5.3.29\44ac795a057c4a6360063801c54a2d148e5a2808\spring-expression-5.3.29.jar;C:\Users\lufer\.gradle\caches\modules-2\files-2.1\org.aspectj\aspectjweaver\1.9.7\158f5c255cd3e4408e795b79f7c3fbae9b53b7ca\aspectjweaver-1.9.7.jar;C:\Users\lufer\.gradle\caches\modules-2\files-2.1\com.zaxxer\HikariCP\4.0.3\107cbdf0db6780a065f895ae9d8fbf3bb0e1c21f\HikariCP-4.0.3.jar;C:\Users\lufer\.gradle\caches\modules-2\files-2.1\org.springframework\spring-jdbc\5.3.29\25c0b36f780af98b2d3b554e9a6258ac599b6115\spring-jdbc-5.3.29.jar;C:\Users\lufer\.gradle\caches\modules-2\files-2.1\org.springframework.data\spring-data-commons\2.7.15\6ceffb255c54c0ade79acc67e64724a1d83a5366\spring-data-commons-2.7.15.jar;C:\Users\lufer\.gradle\caches\modules-2\files-2.1\org.springframework\spring-orm\5.3.29\83953e2af9c1848227239b4695c7596a0f112da3\spring-orm-5.3.29.jar;C:\Users\lufer\.gradle\caches\modules-2\files-2.1\org.springframework\spring-tx\5.3.29\dd26c6e31db036c3f96c24e8ff3b769a00dfc999\spring-tx-5.3.29.jar;C:\Users\lufer\.gradle\caches\modules-2\files-2.1\org.hibernate.common\hibernate-commons-annotations\5.1.2.Final\e59ffdbc6ad09eeb33507b39ffcf287679a498c8\hibernate-commons-annotations-5.1.2.Final.jar;C:\Users\lufer\.gradle\caches\modules-2\files-2.1\org.jboss.logging\jboss-logging\3.4.3.Final\c4bd7e12a745c0e7f6cf98c45cdcdf482fd827ea\jboss-logging-3.4.3.Final.jar;C:\Users\lufer\.gradle\caches\modules-2\files-2.1\net.bytebuddy\byte-buddy\1.12.23\d470526e8c4566c04e9ae5d3ccb62d1a7aa58986\byte-buddy-1.12.23.jar;C:\Users\lufer\.gradle\caches\modules-2\files-2.1\antlr\antlr\2.7.7\83cd2cd674a217ade95a4bb83a8a14f351f48bd0\antlr-2.7.7.jar;C:\Users\lufer\.gradle\caches\modules-2\files-2.1\org.jboss\jandex\2.4.2.Final\1e1c385990b258ff1a24c801e84aebbacf70eb39\jandex-2.4.2.Final.jar;C:\Users\lufer\.gradle\caches\modules-2\files-2.1\org.glassfish.jaxb\jaxb-runtime\2.3.8\c90a335a07c60db986f29d35b0f8ac0a18f0f989\jaxb-runtime-2.3.8.jar;C:\Users\lufer\.gradle\caches\modules-2\files-2.1\io.swagger.core.v3\swagger-models\2.1.2\e7edeed6456a16d707542c003af03a594ecafe3a\swagger-models-2.1.2.jar;C:\Users\lufer\.gradle\caches\modules-2\files-2.1\io.springfox\springfox-core\3.0.0\7c3367ce577c8acd9bf64c74488c9269253516c9\springfox-core-3.0.0.jar;C:\Users\lufer\.gradle\caches\modules-2\files-2.1\io.swagger.core.v3\swagger-annotations\2.1.2\d407a33aa71444802c640080eb4d5f499b027f96\swagger-annotations-2.1.2.jar;C:\Users\lufer\.gradle\caches\modules-2\files-2.1\io.github.classgraph\classgraph\4.8.83\7be289f451cedf9e35ed97caba3953226b4e6d9\classgraph-4.8.83.jar;C:\Users\lufer\.gradle\caches\modules-2\files-2.1\org.springframework.security\spring-security-core\5.7.10\2cfe7d1ae22eff5d18c86f00feae346789ec14\spring-security-core-5.7.10.jar;C:\Users\lufer\.gradle\caches\modules-2\files-2.1\org.apache.logging.log4j\log4j-to-slf4j\2.17.2\17dd0fae2747d9a28c67bc9534108823d2376b46\log4j-to-slf4j-2.17.2.jar;C:\Users\lufer\.gradle\caches\modules-2\files-2.1\org.slf4j\jul-to-slf4j\1.7.36\ed46d81cef9c412a88caef405b58f93a678ff2ca\jul-to-slf4j-1.7.36.jar;C:\Users\lufer\.gradle\caches\modules-2\files-2.1\org.springframework\spring-jcl\5.3.29\4f84fbeec60adb1a50734b6077836e53844f0134\spring-jcl-5.3.29.jar;C:\Users\lufer\.gradle\caches\modules-2\files-2.1\com.fasterxml.jackson.core\jackson-core\2.13.5\d07c97d3de9ea658caf1ff1809fd9de930a286a\jackson-core-2.13.5.jar;C:\Users\lufer\.gradle\caches\modules-2\files-2.1\jakarta.xml.bind\jakarta.xml.bind-api\2.3.3\48e3b9cfc10752fba3521d6511f4165bea951801\jakarta.xml.bind-api-2.3.3.jar;C:\Users\lufer\.gradle\caches\modules-2\files-2.1\org.glassfish.jaxb\txw2\2.3.8\66e0297f1196f0d15a776e699de1b8e6ac5d44dd\txw2-2.3.8.jar;C:\Users\lufer\.gradle\caches\modules-2\files-2.1\com.sun.istack\istack-commons-runtime\3.0.12\cbbe1a62b0cc6c85972e99d52aaee350153dc530\istack-commons-runtime-3.0.12.jar;C:\Users\lufer\.gradle\caches\modules-2\files-2.1\org.springframework.security\spring-security-crypto\5.7.10\5a2c4107b2287c654d82f2d6fec7a9683dfeb35c\spring-security-crypto-5.7.10.jar;C:\Users\lufer\.gradle\caches\modules-2\files-2.1\org.apache.logging.log4j\log4j-api\2.17.2\f42d6afa111b4dec5d2aea0fe2197240749a4ea6\log4j-api-2.17.2.jar;C:\Users\lufer\.gradle\caches\modules-2\files-2.1\com.h2database\h2\2.1.214\d5c2005c9e3279201e12d4776c948578b16bf8b2\h2-2.1.214.jar;C:\Users\lufer\.gradle\caches\modules-2\files-2.1\org.mapstruct\mapstruct\1.3.1.Final\6ab184bbc7a7029738277a244e4c535fcdc3f558\mapstruct-1.3.1.Final.jar;C:\Users\lufer\.gradle\caches\modules-2\files-2.1\com.sun.activation\jakarta.activation\1.2.2\74548703f9851017ce2f556066659438019e7eb5\jakarta.activation-1.2.2.jar
Launcher Type: SUN_STANDARD

[Global flags]
     intx CICompilerCount                          = 3                                         {product} {ergonomic}
     uint ConcGCThreads                            = 1                                         {product} {ergonomic}
     uint G1ConcRefinementThreads                  = 4                                         {product} {ergonomic}
   size_t G1HeapRegionSize                         = 1048576                                   {product} {ergonomic}
    uintx GCDrainStackTargetSize                   = 64                                        {product} {ergonomic}
   size_t InitialHeapSize                          = 58720256                                  {product} {ergonomic}
     bool ManagementServer                         = true                                      {product} {command line}
   size_t MarkStackSize                            = 4194304                                   {product} {ergonomic}
   size_t MaxHeapSize                              = 929038336                                 {product} {ergonomic}
   size_t MaxNewSize                               = 556793856                                 {product} {ergonomic}
   size_t MinHeapDeltaBytes                        = 1048576                                   {product} {ergonomic}
   size_t MinHeapSize                              = 8388608                                   {product} {ergonomic}
    uintx NonProfiledCodeHeapSize                  = 0                                      {pd product} {ergonomic}
     bool ProfileInterpreter                       = false                                  {pd product} {command line}
    uintx ProfiledCodeHeapSize                     = 0                                      {pd product} {ergonomic}
   size_t SoftMaxHeapSize                          = 929038336                              {manageable} {ergonomic}
     intx TieredStopAtLevel                        = 1                                         {product} {command line}
     bool UseCompressedClassPointers               = true                           {product lp64_product} {ergonomic}
     bool UseCompressedOops                        = true                           {product lp64_product} {ergonomic}
     bool UseG1GC                                  = true                                      {product} {ergonomic}
     bool UseLargePagesIndividualAllocation        = false                                  {pd product} {ergonomic}

Logging:
Log output configuration:
 #0: stdout all=warning uptime,level,tags foldmultilines=false
 #1: stderr all=off uptime,level,tags foldmultilines=false

Environment Variables:
PATH=C:\WINDOWS\system32;C:\WINDOWS;C:\WINDOWS\System32\Wbem;C:\WINDOWS\System32\WindowsPowerShell\v1.0\;C:\WINDOWS\System32\OpenSSH\;C:\Program Files\Git\cmd;C:\Program Files\nodejs\;C:\Users\lufer\AppData\Local\Microsoft\WindowsApps;C:\Users\lufer\AppData\Roaming\npm
USERNAME=lufer
OS=Windows_NT
PROCESSOR_IDENTIFIER=AMD64 Family 23 Model 17 Stepping 0, AuthenticAMD
TMP=C:\Users\lufer\AppData\Local\Temp
TEMP=C:\Users\lufer\AppData\Local\Temp



---------------  S Y S T E M  ---------------

OS:
 Windows 10 , 64 bit Build 19041 (10.0.19041.3570)
OS uptime: 11 days 8:07 hours

CPU: total 4 (initial active 4) (4 cores per cpu, 1 threads per core) family 23 model 17 stepping 0 microcode 0x0, cx8, cmov, fxsr, mmx, 3dnowpref, sse, sse2, sse3, ssse3, sse4a, sse4.1, sse4.2, popcnt, lzcnt, tsc, tscinvbit, avx, avx2, aes, clmul, bmi1, bmi2, adx, sha, fma, vzeroupper, clflush, clflushopt, rdtscp

Memory: 4k page, system-wide physical 3539M (68M free)
TotalPageFile size 14291M (AvailPageFile size 23M)
current process WorkingSet (physical memory assigned to process): 164M, peak: 164M
current process commit charge ("private bytes"): 199M, peak: 251M

vm_info: OpenJDK 64-Bit Server VM (19.0.2+7-FR) for windows-amd64 JRE (19.0.2+7-FR), built on Jan 13 2023 22:53:32 by "Administrator" with MS VC++ 15.9 (VS2017)

END.
