#
# There is insufficient memory for the Java Runtime Environment to continue.
# Native memory allocation (malloc) failed to allocate 1876336 bytes for Chunk::new
# Possible reasons:
#   The system is out of physical RAM or swap space
#   The process is running with CompressedOops enabled, and the Java Heap may be blocking the growth of the native heap
# Possible solutions:
#   Reduce memory load on the system
#   Increase physical memory or swap space
#   Check if swap backing store is full
#   Decrease Java heap size (-Xmx/-Xms)
#   Decrease number of Java threads
#   Decrease Java thread stack sizes (-Xss)
#   Set larger code cache with -XX:ReservedCodeCacheSize=
#   JVM is running with Unscaled Compressed Oops mode in which the Java heap is
#     placed in the first 4GB address space. The Java Heap base address is the
#     maximum limit for the native heap growth. Please use -XX:HeapBaseMinAddress
#     to set the Java Heap base and to place the Java Heap above 4GB virtual address.
# This output file may be truncated or incomplete.
#
#  Out of Memory Error (arena.cpp:184), pid=18160, tid=18440
#
# JRE version: OpenJDK Runtime Environment Corretto-19.0.2.7.1 (19.0.2+7) (build 19.0.2+7-FR)
# Java VM: OpenJDK 64-Bit Server VM Corretto-19.0.2.7.1 (19.0.2+7-FR, mixed mode, sharing, tiered, compressed oops, compressed class ptrs, g1 gc, windows-amd64)
# No core dump will be written. Minidumps are not enabled by default on client versions of Windows
#

---------------  S U M M A R Y ------------

Command Line: --add-opens=java.base/java.util=ALL-UNNAMED --add-opens=java.base/java.lang=ALL-UNNAMED --add-opens=java.base/java.lang.invoke=ALL-UNNAMED --add-opens=java.prefs/java.util.prefs=ALL-UNNAMED --add-opens=java.base/java.nio.charset=ALL-UNNAMED --add-opens=java.base/java.net=ALL-UNNAMED --add-opens=java.base/java.util.concurrent.atomic=ALL-UNNAMED -XX:MaxMetaspaceSize=384m -XX:+HeapDumpOnOutOfMemoryError -Xms256m -Xmx512m -Dfile.encoding=windows-1252 -Duser.country=US -Duser.language=en -Duser.variant -javaagent:C:\Users\lufer\.gradle\wrapper\dists\gradle-8.2.1-bin\5hap6b9n41hkg4jeh2au2pllh\gradle-8.2.1\lib\agents\gradle-instrumentation-agent-8.2.1.jar org.gradle.launcher.daemon.bootstrap.GradleDaemon 8.2.1

Host: AMD Ryzen 3 2300U with Radeon Vega Mobile Gfx  , 4 cores, 3G,  Windows 10 , 64 bit Build 19041 (10.0.19041.3570)
Time: Fri Nov 24 13:58:31 2023 SA Pacific Standard Time elapsed time: 76.403609 seconds (0d 0h 1m 16s)

---------------  T H R E A D  ---------------

Current thread (0x0000024648c106d0):  JavaThread "C2 CompilerThread0" daemon [_thread_in_native, id=18440, stack(0x000000605bd00000,0x000000605be00000)]


Current CompileTask:
C2:  76403 2621   !   4       java.lang.ClassLoader::loadClass (121 bytes)

Stack: [0x000000605bd00000,0x000000605be00000]
Native frames: (J=compiled Java code, j=interpreted, Vv=VM code, C=native code)
V  [jvm.dll+0x6d034a]
V  [jvm.dll+0x880f10]
V  [jvm.dll+0x88289e]
V  [jvm.dll+0x882f43]
V  [jvm.dll+0x27b4bb]
V  [jvm.dll+0xdd792]
V  [jvm.dll+0xddb25]
V  [jvm.dll+0x3b4a21]
V  [jvm.dll+0x37c86a]
V  [jvm.dll+0x37bc5a]
V  [jvm.dll+0x2470ef]
V  [jvm.dll+0x2465a7]
V  [jvm.dll+0x1d4bb7]
V  [jvm.dll+0x25558a]
V  [jvm.dll+0x2538d7]
V  [jvm.dll+0x8342bd]
V  [jvm.dll+0x82e2fa]
V  [jvm.dll+0x6cf0d3]
C  [ucrtbase.dll+0x21bb2]
C  [KERNEL32.DLL+0x17344]
C  [ntdll.dll+0x526b1]


---------------  P R O C E S S  ---------------

Threads class SMR info:
_java_thread_list=0x000002464e522330, length=26, elements={
0x000002462e21b4b0, 0x0000024648c06d00, 0x0000024648c089e0, 0x0000024648c09ec0,
0x0000024648c0c800, 0x0000024648c0d130, 0x0000024648c0da60, 0x0000024648c106d0,
0x0000024648c13ed0, 0x0000024648c1e580, 0x0000024648bd9aa0, 0x000002464d22c4e0,
0x000002464d39abe0, 0x000002464d39bbd0, 0x000002464d39b130, 0x000002464d39c670,
0x000002464d39d110, 0x000002464d39a140, 0x000002464d39c120, 0x000002464d39a690,
0x000002464d39cbc0, 0x000002464d39d660, 0x000002464e6eafa0, 0x000002464e6ecf80,
0x000002464e6f0f40, 0x000002464e6f1490
}

Java Threads: ( => current thread )
  0x000002462e21b4b0 JavaThread "main" [_thread_blocked, id=1664, stack(0x000000605b000000,0x000000605b100000)]
  0x0000024648c06d00 JavaThread "Reference Handler" daemon [_thread_blocked, id=17900, stack(0x000000605b700000,0x000000605b800000)]
  0x0000024648c089e0 JavaThread "Finalizer" daemon [_thread_blocked, id=15368, stack(0x000000605b800000,0x000000605b900000)]
  0x0000024648c09ec0 JavaThread "Signal Dispatcher" daemon [_thread_blocked, id=15120, stack(0x000000605b900000,0x000000605ba00000)]
  0x0000024648c0c800 JavaThread "Attach Listener" daemon [_thread_blocked, id=11444, stack(0x000000605ba00000,0x000000605bb00000)]
  0x0000024648c0d130 JavaThread "Service Thread" daemon [_thread_blocked, id=15516, stack(0x000000605bb00000,0x000000605bc00000)]
  0x0000024648c0da60 JavaThread "Monitor Deflation Thread" daemon [_thread_blocked, id=15008, stack(0x000000605bc00000,0x000000605bd00000)]
=>0x0000024648c106d0 JavaThread "C2 CompilerThread0" daemon [_thread_in_native, id=18440, stack(0x000000605bd00000,0x000000605be00000)]
  0x0000024648c13ed0 JavaThread "C1 CompilerThread0" daemon [_thread_blocked, id=11868, stack(0x000000605be00000,0x000000605bf00000)]
  0x0000024648c1e580 JavaThread "Sweeper thread" daemon [_thread_blocked, id=2168, stack(0x000000605bf00000,0x000000605c000000)]
  0x0000024648bd9aa0 JavaThread "Common-Cleaner" daemon [_thread_blocked, id=19168, stack(0x000000605c000000,0x000000605c100000)]
  0x000002464d22c4e0 JavaThread "Notification Thread" daemon [_thread_blocked, id=904, stack(0x000000605c100000,0x000000605c200000)]
  0x000002464d39abe0 JavaThread "Daemon health stats" [_thread_blocked, id=11028, stack(0x000000605ae00000,0x000000605af00000)]
  0x000002464d39bbd0 JavaThread "Incoming local TCP Connector on port 59456" [_thread_in_native, id=22128, stack(0x000000605c600000,0x000000605c700000)]
  0x000002464d39b130 JavaThread "Daemon periodic checks" [_thread_blocked, id=14900, stack(0x000000605c700000,0x000000605c800000)]
  0x000002464d39c670 JavaThread "Daemon" [_thread_blocked, id=9100, stack(0x000000605c800000,0x000000605c900000)]
  0x000002464d39d110 JavaThread "Handler for socket connection from /127.0.0.1:59456 to /127.0.0.1:59458" [_thread_in_native, id=16272, stack(0x000000605c900000,0x000000605ca00000)]
  0x000002464d39a140 JavaThread "Cancel handler" [_thread_blocked, id=9596, stack(0x000000605ca00000,0x000000605cb00000)]
  0x000002464d39c120 JavaThread "Daemon worker" [_thread_in_native, id=16560, stack(0x000000605cb00000,0x000000605cc00000)]
  0x000002464d39a690 JavaThread "Asynchronous log dispatcher for DefaultDaemonConnection: socket connection from /127.0.0.1:59456 to /127.0.0.1:59458" [_thread_blocked, id=14252, stack(0x000000605cc00000,0x000000605cd00000)]
  0x000002464d39cbc0 JavaThread "Stdin handler" [_thread_blocked, id=6308, stack(0x000000605cd00000,0x000000605ce00000)]
  0x000002464d39d660 JavaThread "Daemon client event forwarder" [_thread_blocked, id=9016, stack(0x000000605ce00000,0x000000605cf00000)]
  0x000002464e6eafa0 JavaThread "Cache worker for journal cache (C:\Users\lufer\.gradle\caches\journal-1)" [_thread_blocked, id=22348, stack(0x000000605cf00000,0x000000605d000000)]
  0x000002464e6ecf80 JavaThread "File lock request listener" [_thread_in_native, id=11144, stack(0x000000605d000000,0x000000605d100000)]
  0x000002464e6f0f40 JavaThread "File lock release action executor" [_thread_blocked, id=6396, stack(0x000000605d100000,0x000000605d200000)]
  0x000002464e6f1490 JavaThread "Cache worker for file hash cache (C:\Users\lufer\.gradle\caches\8.2.1\fileHashes)" [_thread_blocked, id=22404, stack(0x000000605d200000,0x000000605d300000)]

Other Threads:
  0x0000024648bef830 VMThread "VM Thread" [stack: 0x000000605b600000,0x000000605b700000] [id=8124]
  0x000002464d22bea0 WatcherThread "VM Periodic Task Thread" [stack: 0x000000605c200000,0x000000605c300000] [id=20440]
  0x000002462e24e190 WorkerThread "GC Thread#0" [stack: 0x000000605b100000,0x000000605b200000] [id=13216]
  0x000002464d437450 WorkerThread "GC Thread#1" [stack: 0x000000605c300000,0x000000605c400000] [id=16112]
  0x000002464d437720 WorkerThread "GC Thread#2" [stack: 0x000000605c400000,0x000000605c500000] [id=1656]
  0x000002464d32fe60 WorkerThread "GC Thread#3" [stack: 0x000000605c500000,0x000000605c600000] [id=14840]
  0x000002462c20dfc0 ConcurrentGCThread "G1 Main Marker" [stack: 0x000000605b200000,0x000000605b300000] [id=15768]
  0x000002462c20eaa0 WorkerThread "G1 Conc#0" [stack: 0x000000605b300000,0x000000605b400000] [id=11260]
  0x0000024648aac500 ConcurrentGCThread "G1 Refine#0" [stack: 0x000000605b400000,0x000000605b500000] [id=11864]
  0x0000024648aaccf0 ConcurrentGCThread "G1 Service" [stack: 0x000000605b500000,0x000000605b600000] [id=15548]

Threads with active compile tasks:
C2 CompilerThread0    76474 2621   !   4       java.lang.ClassLoader::loadClass (121 bytes)

VM state: not at safepoint (normal execution)

VM Mutex/Monitor currently owned by a thread: None

Heap address: 0x00000000e0000000, size: 512 MB, Compressed Oops mode: 32-bit

CDS archive(s) mapped at: [0x0000000800000000-0x0000000800c40000-0x0000000800c40000), size 12845056, SharedBaseAddress: 0x0000000800000000, ArchiveRelocationMode: 0.
Compressed class space mapped at: 0x0000000801000000-0x0000000814400000, reserved size: 322961408
Narrow klass base: 0x0000000800000000, Narrow klass shift: 0, Narrow klass range: 0x100000000

GC Precious Log:
 CardTable entry size: 512
 Card Set container configuration: InlinePtr #cards 5 size 8 Array Of Cards #cards 12 size 40 Howl #buckets 4 coarsen threshold 1843 Howl Bitmap #cards 512 size 80 coarsen threshold 460 Card regions per heap region 1 cards per card region 2048
 CPUs: 4 total, 4 available
 Memory: 3539M
 Large Page Support: Disabled
 NUMA Support: Disabled
 Compressed Oops: Enabled (32-bit)
 Heap Region Size: 1M
 Heap Min Capacity: 256M
 Heap Initial Capacity: 256M
 Heap Max Capacity: 512M
 Pre-touch: Disabled
 Parallel Workers: 4
 Concurrent Workers: 1
 Concurrent Refinement Workers: 4
 Periodic GC: Disabled

Heap:
 garbage-first heap   total 262144K, used 90840K [0x00000000e0000000, 0x0000000100000000)
  region size 1024K, 80 young (81920K), 1 survivors (1024K)
 Metaspace       used 17226K, committed 17792K, reserved 380928K
  class space    used 2407K, committed 2688K, reserved 315392K

Heap Regions: E=young(eden), S=young(survivor), O=old, HS=humongous(starts), HC=humongous(continues), CS=collection set, F=free, OA=open archive, CA=closed archive, TAMS=top-at-mark-start (previous, next)
|   0|0x00000000e0000000, 0x00000000e0100000, 0x00000000e0100000|100%| O|  |TAMS 0x00000000e0000000, 0x00000000e0000000| Untracked 
|   1|0x00000000e0100000, 0x00000000e0200000, 0x00000000e0200000|100%| O|  |TAMS 0x00000000e0100000, 0x00000000e0100000| Untracked 
|   2|0x00000000e0200000, 0x00000000e0300000, 0x00000000e0300000|100%|HS|  |TAMS 0x00000000e0200000, 0x00000000e0200000| Complete 
|   3|0x00000000e0300000, 0x00000000e0400000, 0x00000000e0400000|100%|HC|  |TAMS 0x00000000e0300000, 0x00000000e0300000| Complete 
|   4|0x00000000e0400000, 0x00000000e0500000, 0x00000000e0500000|100%|HC|  |TAMS 0x00000000e0400000, 0x00000000e0400000| Complete 
|   5|0x00000000e0500000, 0x00000000e0600000, 0x00000000e0600000|100%|HC|  |TAMS 0x00000000e0500000, 0x00000000e0500000| Complete 
|   6|0x00000000e0600000, 0x00000000e0700000, 0x00000000e0700000|100%| O|  |TAMS 0x00000000e0600000, 0x00000000e0600000| Untracked 
|   7|0x00000000e0700000, 0x00000000e0800000, 0x00000000e0800000|100%| O|  |TAMS 0x00000000e0700000, 0x00000000e0700000| Untracked 
|   8|0x00000000e0800000, 0x00000000e0900000, 0x00000000e0900000|100%| O|  |TAMS 0x00000000e0800000, 0x00000000e0800000| Untracked 
|   9|0x00000000e0900000, 0x00000000e0a00000, 0x00000000e0a00000|100%| O|  |TAMS 0x00000000e0900000, 0x00000000e0900000| Untracked 
|  10|0x00000000e0a00000, 0x00000000e0a48c00, 0x00000000e0b00000| 28%| O|  |TAMS 0x00000000e0a00000, 0x00000000e0a00000| Untracked 
|  11|0x00000000e0b00000, 0x00000000e0c00000, 0x00000000e0c00000|100%|HS|  |TAMS 0x00000000e0b00000, 0x00000000e0b00000| Complete 
|  12|0x00000000e0c00000, 0x00000000e0c00000, 0x00000000e0d00000|  0%| F|  |TAMS 0x00000000e0c00000, 0x00000000e0c00000| Untracked 
|  13|0x00000000e0d00000, 0x00000000e0d00000, 0x00000000e0e00000|  0%| F|  |TAMS 0x00000000e0d00000, 0x00000000e0d00000| Untracked 
|  14|0x00000000e0e00000, 0x00000000e0e00000, 0x00000000e0f00000|  0%| F|  |TAMS 0x00000000e0e00000, 0x00000000e0e00000| Untracked 
|  15|0x00000000e0f00000, 0x00000000e0f00000, 0x00000000e1000000|  0%| F|  |TAMS 0x00000000e0f00000, 0x00000000e0f00000| Untracked 
|  16|0x00000000e1000000, 0x00000000e1000000, 0x00000000e1100000|  0%| F|  |TAMS 0x00000000e1000000, 0x00000000e1000000| Untracked 
|  17|0x00000000e1100000, 0x00000000e1100000, 0x00000000e1200000|  0%| F|  |TAMS 0x00000000e1100000, 0x00000000e1100000| Untracked 
|  18|0x00000000e1200000, 0x00000000e1200000, 0x00000000e1300000|  0%| F|  |TAMS 0x00000000e1200000, 0x00000000e1200000| Untracked 
|  19|0x00000000e1300000, 0x00000000e1300000, 0x00000000e1400000|  0%| F|  |TAMS 0x00000000e1300000, 0x00000000e1300000| Untracked 
|  20|0x00000000e1400000, 0x00000000e1400000, 0x00000000e1500000|  0%| F|  |TAMS 0x00000000e1400000, 0x00000000e1400000| Untracked 
|  21|0x00000000e1500000, 0x00000000e1500000, 0x00000000e1600000|  0%| F|  |TAMS 0x00000000e1500000, 0x00000000e1500000| Untracked 
|  22|0x00000000e1600000, 0x00000000e1600000, 0x00000000e1700000|  0%| F|  |TAMS 0x00000000e1600000, 0x00000000e1600000| Untracked 
|  23|0x00000000e1700000, 0x00000000e1700000, 0x00000000e1800000|  0%| F|  |TAMS 0x00000000e1700000, 0x00000000e1700000| Untracked 
|  24|0x00000000e1800000, 0x00000000e1800000, 0x00000000e1900000|  0%| F|  |TAMS 0x00000000e1800000, 0x00000000e1800000| Untracked 
|  25|0x00000000e1900000, 0x00000000e1900000, 0x00000000e1a00000|  0%| F|  |TAMS 0x00000000e1900000, 0x00000000e1900000| Untracked 
|  26|0x00000000e1a00000, 0x00000000e1a00000, 0x00000000e1b00000|  0%| F|  |TAMS 0x00000000e1a00000, 0x00000000e1a00000| Untracked 
|  27|0x00000000e1b00000, 0x00000000e1b00000, 0x00000000e1c00000|  0%| F|  |TAMS 0x00000000e1b00000, 0x00000000e1b00000| Untracked 
|  28|0x00000000e1c00000, 0x00000000e1c00000, 0x00000000e1d00000|  0%| F|  |TAMS 0x00000000e1c00000, 0x00000000e1c00000| Untracked 
|  29|0x00000000e1d00000, 0x00000000e1d00000, 0x00000000e1e00000|  0%| F|  |TAMS 0x00000000e1d00000, 0x00000000e1d00000| Untracked 
|  30|0x00000000e1e00000, 0x00000000e1e00000, 0x00000000e1f00000|  0%| F|  |TAMS 0x00000000e1e00000, 0x00000000e1e00000| Untracked 
|  31|0x00000000e1f00000, 0x00000000e1f00000, 0x00000000e2000000|  0%| F|  |TAMS 0x00000000e1f00000, 0x00000000e1f00000| Untracked 
|  32|0x00000000e2000000, 0x00000000e2000000, 0x00000000e2100000|  0%| F|  |TAMS 0x00000000e2000000, 0x00000000e2000000| Untracked 
|  33|0x00000000e2100000, 0x00000000e2100000, 0x00000000e2200000|  0%| F|  |TAMS 0x00000000e2100000, 0x00000000e2100000| Untracked 
|  34|0x00000000e2200000, 0x00000000e2200000, 0x00000000e2300000|  0%| F|  |TAMS 0x00000000e2200000, 0x00000000e2200000| Untracked 
|  35|0x00000000e2300000, 0x00000000e2300000, 0x00000000e2400000|  0%| F|  |TAMS 0x00000000e2300000, 0x00000000e2300000| Untracked 
|  36|0x00000000e2400000, 0x00000000e2400000, 0x00000000e2500000|  0%| F|  |TAMS 0x00000000e2400000, 0x00000000e2400000| Untracked 
|  37|0x00000000e2500000, 0x00000000e2500000, 0x00000000e2600000|  0%| F|  |TAMS 0x00000000e2500000, 0x00000000e2500000| Untracked 
|  38|0x00000000e2600000, 0x00000000e2600000, 0x00000000e2700000|  0%| F|  |TAMS 0x00000000e2600000, 0x00000000e2600000| Untracked 
|  39|0x00000000e2700000, 0x00000000e2700000, 0x00000000e2800000|  0%| F|  |TAMS 0x00000000e2700000, 0x00000000e2700000| Untracked 
|  40|0x00000000e2800000, 0x00000000e2800000, 0x00000000e2900000|  0%| F|  |TAMS 0x00000000e2800000, 0x00000000e2800000| Untracked 
|  41|0x00000000e2900000, 0x00000000e2900000, 0x00000000e2a00000|  0%| F|  |TAMS 0x00000000e2900000, 0x00000000e2900000| Untracked 
|  42|0x00000000e2a00000, 0x00000000e2a00000, 0x00000000e2b00000|  0%| F|  |TAMS 0x00000000e2a00000, 0x00000000e2a00000| Untracked 
|  43|0x00000000e2b00000, 0x00000000e2b00000, 0x00000000e2c00000|  0%| F|  |TAMS 0x00000000e2b00000, 0x00000000e2b00000| Untracked 
|  44|0x00000000e2c00000, 0x00000000e2c00000, 0x00000000e2d00000|  0%| F|  |TAMS 0x00000000e2c00000, 0x00000000e2c00000| Untracked 
|  45|0x00000000e2d00000, 0x00000000e2d00000, 0x00000000e2e00000|  0%| F|  |TAMS 0x00000000e2d00000, 0x00000000e2d00000| Untracked 
|  46|0x00000000e2e00000, 0x00000000e2e00000, 0x00000000e2f00000|  0%| F|  |TAMS 0x00000000e2e00000, 0x00000000e2e00000| Untracked 
|  47|0x00000000e2f00000, 0x00000000e2f00000, 0x00000000e3000000|  0%| F|  |TAMS 0x00000000e2f00000, 0x00000000e2f00000| Untracked 
|  48|0x00000000e3000000, 0x00000000e3000000, 0x00000000e3100000|  0%| F|  |TAMS 0x00000000e3000000, 0x00000000e3000000| Untracked 
|  49|0x00000000e3100000, 0x00000000e3100000, 0x00000000e3200000|  0%| F|  |TAMS 0x00000000e3100000, 0x00000000e3100000| Untracked 
|  50|0x00000000e3200000, 0x00000000e3200000, 0x00000000e3300000|  0%| F|  |TAMS 0x00000000e3200000, 0x00000000e3200000| Untracked 
|  51|0x00000000e3300000, 0x00000000e3300000, 0x00000000e3400000|  0%| F|  |TAMS 0x00000000e3300000, 0x00000000e3300000| Untracked 
|  52|0x00000000e3400000, 0x00000000e3400000, 0x00000000e3500000|  0%| F|  |TAMS 0x00000000e3400000, 0x00000000e3400000| Untracked 
|  53|0x00000000e3500000, 0x00000000e3500000, 0x00000000e3600000|  0%| F|  |TAMS 0x00000000e3500000, 0x00000000e3500000| Untracked 
|  54|0x00000000e3600000, 0x00000000e3600000, 0x00000000e3700000|  0%| F|  |TAMS 0x00000000e3600000, 0x00000000e3600000| Untracked 
|  55|0x00000000e3700000, 0x00000000e3700000, 0x00000000e3800000|  0%| F|  |TAMS 0x00000000e3700000, 0x00000000e3700000| Untracked 
|  56|0x00000000e3800000, 0x00000000e3800000, 0x00000000e3900000|  0%| F|  |TAMS 0x00000000e3800000, 0x00000000e3800000| Untracked 
|  57|0x00000000e3900000, 0x00000000e3900000, 0x00000000e3a00000|  0%| F|  |TAMS 0x00000000e3900000, 0x00000000e3900000| Untracked 
|  58|0x00000000e3a00000, 0x00000000e3a00000, 0x00000000e3b00000|  0%| F|  |TAMS 0x00000000e3a00000, 0x00000000e3a00000| Untracked 
|  59|0x00000000e3b00000, 0x00000000e3b00000, 0x00000000e3c00000|  0%| F|  |TAMS 0x00000000e3b00000, 0x00000000e3b00000| Untracked 
|  60|0x00000000e3c00000, 0x00000000e3c00000, 0x00000000e3d00000|  0%| F|  |TAMS 0x00000000e3c00000, 0x00000000e3c00000| Untracked 
|  61|0x00000000e3d00000, 0x00000000e3d00000, 0x00000000e3e00000|  0%| F|  |TAMS 0x00000000e3d00000, 0x00000000e3d00000| Untracked 
|  62|0x00000000e3e00000, 0x00000000e3e00000, 0x00000000e3f00000|  0%| F|  |TAMS 0x00000000e3e00000, 0x00000000e3e00000| Untracked 
|  63|0x00000000e3f00000, 0x00000000e3f00000, 0x00000000e4000000|  0%| F|  |TAMS 0x00000000e3f00000, 0x00000000e3f00000| Untracked 
|  64|0x00000000e4000000, 0x00000000e4000000, 0x00000000e4100000|  0%| F|  |TAMS 0x00000000e4000000, 0x00000000e4000000| Untracked 
|  65|0x00000000e4100000, 0x00000000e4100000, 0x00000000e4200000|  0%| F|  |TAMS 0x00000000e4100000, 0x00000000e4100000| Untracked 
|  66|0x00000000e4200000, 0x00000000e4200000, 0x00000000e4300000|  0%| F|  |TAMS 0x00000000e4200000, 0x00000000e4200000| Untracked 
|  67|0x00000000e4300000, 0x00000000e4300000, 0x00000000e4400000|  0%| F|  |TAMS 0x00000000e4300000, 0x00000000e4300000| Untracked 
|  68|0x00000000e4400000, 0x00000000e4400000, 0x00000000e4500000|  0%| F|  |TAMS 0x00000000e4400000, 0x00000000e4400000| Untracked 
|  69|0x00000000e4500000, 0x00000000e4500000, 0x00000000e4600000|  0%| F|  |TAMS 0x00000000e4500000, 0x00000000e4500000| Untracked 
|  70|0x00000000e4600000, 0x00000000e4600000, 0x00000000e4700000|  0%| F|  |TAMS 0x00000000e4600000, 0x00000000e4600000| Untracked 
|  71|0x00000000e4700000, 0x00000000e4700000, 0x00000000e4800000|  0%| F|  |TAMS 0x00000000e4700000, 0x00000000e4700000| Untracked 
|  72|0x00000000e4800000, 0x00000000e4800000, 0x00000000e4900000|  0%| F|  |TAMS 0x00000000e4800000, 0x00000000e4800000| Untracked 
|  73|0x00000000e4900000, 0x00000000e4900000, 0x00000000e4a00000|  0%| F|  |TAMS 0x00000000e4900000, 0x00000000e4900000| Untracked 
|  74|0x00000000e4a00000, 0x00000000e4a00000, 0x00000000e4b00000|  0%| F|  |TAMS 0x00000000e4a00000, 0x00000000e4a00000| Untracked 
|  75|0x00000000e4b00000, 0x00000000e4b00000, 0x00000000e4c00000|  0%| F|  |TAMS 0x00000000e4b00000, 0x00000000e4b00000| Untracked 
|  76|0x00000000e4c00000, 0x00000000e4c00000, 0x00000000e4d00000|  0%| F|  |TAMS 0x00000000e4c00000, 0x00000000e4c00000| Untracked 
|  77|0x00000000e4d00000, 0x00000000e4d00000, 0x00000000e4e00000|  0%| F|  |TAMS 0x00000000e4d00000, 0x00000000e4d00000| Untracked 
|  78|0x00000000e4e00000, 0x00000000e4e00000, 0x00000000e4f00000|  0%| F|  |TAMS 0x00000000e4e00000, 0x00000000e4e00000| Untracked 
|  79|0x00000000e4f00000, 0x00000000e4f00000, 0x00000000e5000000|  0%| F|  |TAMS 0x00000000e4f00000, 0x00000000e4f00000| Untracked 
|  80|0x00000000e5000000, 0x00000000e5000000, 0x00000000e5100000|  0%| F|  |TAMS 0x00000000e5000000, 0x00000000e5000000| Untracked 
|  81|0x00000000e5100000, 0x00000000e5100000, 0x00000000e5200000|  0%| F|  |TAMS 0x00000000e5100000, 0x00000000e5100000| Untracked 
|  82|0x00000000e5200000, 0x00000000e5200000, 0x00000000e5300000|  0%| F|  |TAMS 0x00000000e5200000, 0x00000000e5200000| Untracked 
|  83|0x00000000e5300000, 0x00000000e5300000, 0x00000000e5400000|  0%| F|  |TAMS 0x00000000e5300000, 0x00000000e5300000| Untracked 
|  84|0x00000000e5400000, 0x00000000e5400000, 0x00000000e5500000|  0%| F|  |TAMS 0x00000000e5400000, 0x00000000e5400000| Untracked 
|  85|0x00000000e5500000, 0x00000000e5500000, 0x00000000e5600000|  0%| F|  |TAMS 0x00000000e5500000, 0x00000000e5500000| Untracked 
|  86|0x00000000e5600000, 0x00000000e5600000, 0x00000000e5700000|  0%| F|  |TAMS 0x00000000e5600000, 0x00000000e5600000| Untracked 
|  87|0x00000000e5700000, 0x00000000e5700000, 0x00000000e5800000|  0%| F|  |TAMS 0x00000000e5700000, 0x00000000e5700000| Untracked 
|  88|0x00000000e5800000, 0x00000000e5800000, 0x00000000e5900000|  0%| F|  |TAMS 0x00000000e5800000, 0x00000000e5800000| Untracked 
|  89|0x00000000e5900000, 0x00000000e5900000, 0x00000000e5a00000|  0%| F|  |TAMS 0x00000000e5900000, 0x00000000e5900000| Untracked 
|  90|0x00000000e5a00000, 0x00000000e5a00000, 0x00000000e5b00000|  0%| F|  |TAMS 0x00000000e5a00000, 0x00000000e5a00000| Untracked 
|  91|0x00000000e5b00000, 0x00000000e5b00000, 0x00000000e5c00000|  0%| F|  |TAMS 0x00000000e5b00000, 0x00000000e5b00000| Untracked 
|  92|0x00000000e5c00000, 0x00000000e5c00000, 0x00000000e5d00000|  0%| F|  |TAMS 0x00000000e5c00000, 0x00000000e5c00000| Untracked 
|  93|0x00000000e5d00000, 0x00000000e5d00000, 0x00000000e5e00000|  0%| F|  |TAMS 0x00000000e5d00000, 0x00000000e5d00000| Untracked 
|  94|0x00000000e5e00000, 0x00000000e5e00000, 0x00000000e5f00000|  0%| F|  |TAMS 0x00000000e5e00000, 0x00000000e5e00000| Untracked 
|  95|0x00000000e5f00000, 0x00000000e5f00000, 0x00000000e6000000|  0%| F|  |TAMS 0x00000000e5f00000, 0x00000000e5f00000| Untracked 
|  96|0x00000000e6000000, 0x00000000e6000000, 0x00000000e6100000|  0%| F|  |TAMS 0x00000000e6000000, 0x00000000e6000000| Untracked 
|  97|0x00000000e6100000, 0x00000000e6100000, 0x00000000e6200000|  0%| F|  |TAMS 0x00000000e6100000, 0x00000000e6100000| Untracked 
|  98|0x00000000e6200000, 0x00000000e6200000, 0x00000000e6300000|  0%| F|  |TAMS 0x00000000e6200000, 0x00000000e6200000| Untracked 
|  99|0x00000000e6300000, 0x00000000e6300000, 0x00000000e6400000|  0%| F|  |TAMS 0x00000000e6300000, 0x00000000e6300000| Untracked 
| 100|0x00000000e6400000, 0x00000000e6400000, 0x00000000e6500000|  0%| F|  |TAMS 0x00000000e6400000, 0x00000000e6400000| Untracked 
| 101|0x00000000e6500000, 0x00000000e6500000, 0x00000000e6600000|  0%| F|  |TAMS 0x00000000e6500000, 0x00000000e6500000| Untracked 
| 102|0x00000000e6600000, 0x00000000e6600000, 0x00000000e6700000|  0%| F|  |TAMS 0x00000000e6600000, 0x00000000e6600000| Untracked 
| 103|0x00000000e6700000, 0x00000000e6700000, 0x00000000e6800000|  0%| F|  |TAMS 0x00000000e6700000, 0x00000000e6700000| Untracked 
| 104|0x00000000e6800000, 0x00000000e6800000, 0x00000000e6900000|  0%| F|  |TAMS 0x00000000e6800000, 0x00000000e6800000| Untracked 
| 105|0x00000000e6900000, 0x00000000e6900000, 0x00000000e6a00000|  0%| F|  |TAMS 0x00000000e6900000, 0x00000000e6900000| Untracked 
| 106|0x00000000e6a00000, 0x00000000e6a00000, 0x00000000e6b00000|  0%| F|  |TAMS 0x00000000e6a00000, 0x00000000e6a00000| Untracked 
| 107|0x00000000e6b00000, 0x00000000e6b00000, 0x00000000e6c00000|  0%| F|  |TAMS 0x00000000e6b00000, 0x00000000e6b00000| Untracked 
| 108|0x00000000e6c00000, 0x00000000e6c00000, 0x00000000e6d00000|  0%| F|  |TAMS 0x00000000e6c00000, 0x00000000e6c00000| Untracked 
| 109|0x00000000e6d00000, 0x00000000e6d00000, 0x00000000e6e00000|  0%| F|  |TAMS 0x00000000e6d00000, 0x00000000e6d00000| Untracked 
| 110|0x00000000e6e00000, 0x00000000e6e00000, 0x00000000e6f00000|  0%| F|  |TAMS 0x00000000e6e00000, 0x00000000e6e00000| Untracked 
| 111|0x00000000e6f00000, 0x00000000e6f00000, 0x00000000e7000000|  0%| F|  |TAMS 0x00000000e6f00000, 0x00000000e6f00000| Untracked 
| 112|0x00000000e7000000, 0x00000000e7000000, 0x00000000e7100000|  0%| F|  |TAMS 0x00000000e7000000, 0x00000000e7000000| Untracked 
| 113|0x00000000e7100000, 0x00000000e7100000, 0x00000000e7200000|  0%| F|  |TAMS 0x00000000e7100000, 0x00000000e7100000| Untracked 
| 114|0x00000000e7200000, 0x00000000e7200000, 0x00000000e7300000|  0%| F|  |TAMS 0x00000000e7200000, 0x00000000e7200000| Untracked 
| 115|0x00000000e7300000, 0x00000000e7300000, 0x00000000e7400000|  0%| F|  |TAMS 0x00000000e7300000, 0x00000000e7300000| Untracked 
| 116|0x00000000e7400000, 0x00000000e7400000, 0x00000000e7500000|  0%| F|  |TAMS 0x00000000e7400000, 0x00000000e7400000| Untracked 
| 117|0x00000000e7500000, 0x00000000e7500000, 0x00000000e7600000|  0%| F|  |TAMS 0x00000000e7500000, 0x00000000e7500000| Untracked 
| 118|0x00000000e7600000, 0x00000000e7600000, 0x00000000e7700000|  0%| F|  |TAMS 0x00000000e7600000, 0x00000000e7600000| Untracked 
| 119|0x00000000e7700000, 0x00000000e7700000, 0x00000000e7800000|  0%| F|  |TAMS 0x00000000e7700000, 0x00000000e7700000| Untracked 
| 120|0x00000000e7800000, 0x00000000e7800000, 0x00000000e7900000|  0%| F|  |TAMS 0x00000000e7800000, 0x00000000e7800000| Untracked 
| 121|0x00000000e7900000, 0x00000000e7900000, 0x00000000e7a00000|  0%| F|  |TAMS 0x00000000e7900000, 0x00000000e7900000| Untracked 
| 122|0x00000000e7a00000, 0x00000000e7a00000, 0x00000000e7b00000|  0%| F|  |TAMS 0x00000000e7a00000, 0x00000000e7a00000| Untracked 
| 123|0x00000000e7b00000, 0x00000000e7b00000, 0x00000000e7c00000|  0%| F|  |TAMS 0x00000000e7b00000, 0x00000000e7b00000| Untracked 
| 124|0x00000000e7c00000, 0x00000000e7c00000, 0x00000000e7d00000|  0%| F|  |TAMS 0x00000000e7c00000, 0x00000000e7c00000| Untracked 
| 125|0x00000000e7d00000, 0x00000000e7d00000, 0x00000000e7e00000|  0%| F|  |TAMS 0x00000000e7d00000, 0x00000000e7d00000| Untracked 
| 126|0x00000000e7e00000, 0x00000000e7e00000, 0x00000000e7f00000|  0%| F|  |TAMS 0x00000000e7e00000, 0x00000000e7e00000| Untracked 
| 127|0x00000000e7f00000, 0x00000000e7f00000, 0x00000000e8000000|  0%| F|  |TAMS 0x00000000e7f00000, 0x00000000e7f00000| Untracked 
| 128|0x00000000e8000000, 0x00000000e8000000, 0x00000000e8100000|  0%| F|  |TAMS 0x00000000e8000000, 0x00000000e8000000| Untracked 
| 129|0x00000000e8100000, 0x00000000e8100000, 0x00000000e8200000|  0%| F|  |TAMS 0x00000000e8100000, 0x00000000e8100000| Untracked 
| 130|0x00000000e8200000, 0x00000000e8200000, 0x00000000e8300000|  0%| F|  |TAMS 0x00000000e8200000, 0x00000000e8200000| Untracked 
| 131|0x00000000e8300000, 0x00000000e8300000, 0x00000000e8400000|  0%| F|  |TAMS 0x00000000e8300000, 0x00000000e8300000| Untracked 
| 132|0x00000000e8400000, 0x00000000e8400000, 0x00000000e8500000|  0%| F|  |TAMS 0x00000000e8400000, 0x00000000e8400000| Untracked 
| 133|0x00000000e8500000, 0x00000000e8500000, 0x00000000e8600000|  0%| F|  |TAMS 0x00000000e8500000, 0x00000000e8500000| Untracked 
| 134|0x00000000e8600000, 0x00000000e8600000, 0x00000000e8700000|  0%| F|  |TAMS 0x00000000e8600000, 0x00000000e8600000| Untracked 
| 135|0x00000000e8700000, 0x00000000e8700000, 0x00000000e8800000|  0%| F|  |TAMS 0x00000000e8700000, 0x00000000e8700000| Untracked 
| 136|0x00000000e8800000, 0x00000000e8800000, 0x00000000e8900000|  0%| F|  |TAMS 0x00000000e8800000, 0x00000000e8800000| Untracked 
| 137|0x00000000e8900000, 0x00000000e8900000, 0x00000000e8a00000|  0%| F|  |TAMS 0x00000000e8900000, 0x00000000e8900000| Untracked 
| 138|0x00000000e8a00000, 0x00000000e8a00000, 0x00000000e8b00000|  0%| F|  |TAMS 0x00000000e8a00000, 0x00000000e8a00000| Untracked 
| 139|0x00000000e8b00000, 0x00000000e8b00000, 0x00000000e8c00000|  0%| F|  |TAMS 0x00000000e8b00000, 0x00000000e8b00000| Untracked 
| 140|0x00000000e8c00000, 0x00000000e8c00000, 0x00000000e8d00000|  0%| F|  |TAMS 0x00000000e8c00000, 0x00000000e8c00000| Untracked 
| 141|0x00000000e8d00000, 0x00000000e8d00000, 0x00000000e8e00000|  0%| F|  |TAMS 0x00000000e8d00000, 0x00000000e8d00000| Untracked 
| 142|0x00000000e8e00000, 0x00000000e8e00000, 0x00000000e8f00000|  0%| F|  |TAMS 0x00000000e8e00000, 0x00000000e8e00000| Untracked 
| 143|0x00000000e8f00000, 0x00000000e8f00000, 0x00000000e9000000|  0%| F|  |TAMS 0x00000000e8f00000, 0x00000000e8f00000| Untracked 
| 144|0x00000000e9000000, 0x00000000e9000000, 0x00000000e9100000|  0%| F|  |TAMS 0x00000000e9000000, 0x00000000e9000000| Untracked 
| 145|0x00000000e9100000, 0x00000000e9100000, 0x00000000e9200000|  0%| F|  |TAMS 0x00000000e9100000, 0x00000000e9100000| Untracked 
| 146|0x00000000e9200000, 0x00000000e9200000, 0x00000000e9300000|  0%| F|  |TAMS 0x00000000e9200000, 0x00000000e9200000| Untracked 
| 147|0x00000000e9300000, 0x00000000e9300000, 0x00000000e9400000|  0%| F|  |TAMS 0x00000000e9300000, 0x00000000e9300000| Untracked 
| 148|0x00000000e9400000, 0x00000000e9400000, 0x00000000e9500000|  0%| F|  |TAMS 0x00000000e9400000, 0x00000000e9400000| Untracked 
| 149|0x00000000e9500000, 0x00000000e9500000, 0x00000000e9600000|  0%| F|  |TAMS 0x00000000e9500000, 0x00000000e9500000| Untracked 
| 150|0x00000000e9600000, 0x00000000e9600000, 0x00000000e9700000|  0%| F|  |TAMS 0x00000000e9600000, 0x00000000e9600000| Untracked 
| 151|0x00000000e9700000, 0x00000000e9700000, 0x00000000e9800000|  0%| F|  |TAMS 0x00000000e9700000, 0x00000000e9700000| Untracked 
| 152|0x00000000e9800000, 0x00000000e9800000, 0x00000000e9900000|  0%| F|  |TAMS 0x00000000e9800000, 0x00000000e9800000| Untracked 
| 153|0x00000000e9900000, 0x00000000e9900000, 0x00000000e9a00000|  0%| F|  |TAMS 0x00000000e9900000, 0x00000000e9900000| Untracked 
| 154|0x00000000e9a00000, 0x00000000e9a00000, 0x00000000e9b00000|  0%| F|  |TAMS 0x00000000e9a00000, 0x00000000e9a00000| Untracked 
| 155|0x00000000e9b00000, 0x00000000e9b00000, 0x00000000e9c00000|  0%| F|  |TAMS 0x00000000e9b00000, 0x00000000e9b00000| Untracked 
| 156|0x00000000e9c00000, 0x00000000e9c00000, 0x00000000e9d00000|  0%| F|  |TAMS 0x00000000e9c00000, 0x00000000e9c00000| Untracked 
| 157|0x00000000e9d00000, 0x00000000e9d00000, 0x00000000e9e00000|  0%| F|  |TAMS 0x00000000e9d00000, 0x00000000e9d00000| Untracked 
| 158|0x00000000e9e00000, 0x00000000e9e00000, 0x00000000e9f00000|  0%| F|  |TAMS 0x00000000e9e00000, 0x00000000e9e00000| Untracked 
| 159|0x00000000e9f00000, 0x00000000e9f00000, 0x00000000ea000000|  0%| F|  |TAMS 0x00000000e9f00000, 0x00000000e9f00000| Untracked 
| 160|0x00000000ea000000, 0x00000000ea000000, 0x00000000ea100000|  0%| F|  |TAMS 0x00000000ea000000, 0x00000000ea000000| Untracked 
| 161|0x00000000ea100000, 0x00000000ea100000, 0x00000000ea200000|  0%| F|  |TAMS 0x00000000ea100000, 0x00000000ea100000| Untracked 
| 162|0x00000000ea200000, 0x00000000ea200000, 0x00000000ea300000|  0%| F|  |TAMS 0x00000000ea200000, 0x00000000ea200000| Untracked 
| 163|0x00000000ea300000, 0x00000000ea300000, 0x00000000ea400000|  0%| F|  |TAMS 0x00000000ea300000, 0x00000000ea300000| Untracked 
| 164|0x00000000ea400000, 0x00000000ea400000, 0x00000000ea500000|  0%| F|  |TAMS 0x00000000ea400000, 0x00000000ea400000| Untracked 
| 165|0x00000000ea500000, 0x00000000ea500000, 0x00000000ea600000|  0%| F|  |TAMS 0x00000000ea500000, 0x00000000ea500000| Untracked 
| 166|0x00000000ea600000, 0x00000000ea600000, 0x00000000ea700000|  0%| F|  |TAMS 0x00000000ea600000, 0x00000000ea600000| Untracked 
| 167|0x00000000ea700000, 0x00000000ea700000, 0x00000000ea800000|  0%| F|  |TAMS 0x00000000ea700000, 0x00000000ea700000| Untracked 
| 168|0x00000000ea800000, 0x00000000ea800000, 0x00000000ea900000|  0%| F|  |TAMS 0x00000000ea800000, 0x00000000ea800000| Untracked 
| 169|0x00000000ea900000, 0x00000000ea900000, 0x00000000eaa00000|  0%| F|  |TAMS 0x00000000ea900000, 0x00000000ea900000| Untracked 
| 170|0x00000000eaa00000, 0x00000000eaa00000, 0x00000000eab00000|  0%| F|  |TAMS 0x00000000eaa00000, 0x00000000eaa00000| Untracked 
| 171|0x00000000eab00000, 0x00000000eab00000, 0x00000000eac00000|  0%| F|  |TAMS 0x00000000eab00000, 0x00000000eab00000| Untracked 
| 172|0x00000000eac00000, 0x00000000eac00000, 0x00000000ead00000|  0%| F|  |TAMS 0x00000000eac00000, 0x00000000eac00000| Untracked 
| 173|0x00000000ead00000, 0x00000000ead00000, 0x00000000eae00000|  0%| F|  |TAMS 0x00000000ead00000, 0x00000000ead00000| Untracked 
| 174|0x00000000eae00000, 0x00000000eae00000, 0x00000000eaf00000|  0%| F|  |TAMS 0x00000000eae00000, 0x00000000eae00000| Untracked 
| 175|0x00000000eaf00000, 0x00000000eaf00000, 0x00000000eb000000|  0%| F|  |TAMS 0x00000000eaf00000, 0x00000000eaf00000| Untracked 
| 176|0x00000000eb000000, 0x00000000eb100000, 0x00000000eb100000|100%| E|  |TAMS 0x00000000eb000000, 0x00000000eb000000| Complete 
| 177|0x00000000eb100000, 0x00000000eb200000, 0x00000000eb200000|100%| E|CS|TAMS 0x00000000eb100000, 0x00000000eb100000| Complete 
| 178|0x00000000eb200000, 0x00000000eb300000, 0x00000000eb300000|100%| E|CS|TAMS 0x00000000eb200000, 0x00000000eb200000| Complete 
| 179|0x00000000eb300000, 0x00000000eb400000, 0x00000000eb400000|100%| E|CS|TAMS 0x00000000eb300000, 0x00000000eb300000| Complete 
| 180|0x00000000eb400000, 0x00000000eb500000, 0x00000000eb500000|100%| E|CS|TAMS 0x00000000eb400000, 0x00000000eb400000| Complete 
| 181|0x00000000eb500000, 0x00000000eb600000, 0x00000000eb600000|100%| E|CS|TAMS 0x00000000eb500000, 0x00000000eb500000| Complete 
| 182|0x00000000eb600000, 0x00000000eb700000, 0x00000000eb700000|100%| E|CS|TAMS 0x00000000eb600000, 0x00000000eb600000| Complete 
| 183|0x00000000eb700000, 0x00000000eb800000, 0x00000000eb800000|100%| E|CS|TAMS 0x00000000eb700000, 0x00000000eb700000| Complete 
| 184|0x00000000eb800000, 0x00000000eb900000, 0x00000000eb900000|100%| E|CS|TAMS 0x00000000eb800000, 0x00000000eb800000| Complete 
| 185|0x00000000eb900000, 0x00000000eba00000, 0x00000000eba00000|100%| E|CS|TAMS 0x00000000eb900000, 0x00000000eb900000| Complete 
| 186|0x00000000eba00000, 0x00000000ebb00000, 0x00000000ebb00000|100%| E|CS|TAMS 0x00000000eba00000, 0x00000000eba00000| Complete 
| 187|0x00000000ebb00000, 0x00000000ebc00000, 0x00000000ebc00000|100%| E|CS|TAMS 0x00000000ebb00000, 0x00000000ebb00000| Complete 
| 188|0x00000000ebc00000, 0x00000000ebd00000, 0x00000000ebd00000|100%| E|CS|TAMS 0x00000000ebc00000, 0x00000000ebc00000| Complete 
| 189|0x00000000ebd00000, 0x00000000ebe00000, 0x00000000ebe00000|100%| E|CS|TAMS 0x00000000ebd00000, 0x00000000ebd00000| Complete 
| 190|0x00000000ebe00000, 0x00000000ebf00000, 0x00000000ebf00000|100%| E|CS|TAMS 0x00000000ebe00000, 0x00000000ebe00000| Complete 
| 191|0x00000000ebf00000, 0x00000000ec000000, 0x00000000ec000000|100%| E|CS|TAMS 0x00000000ebf00000, 0x00000000ebf00000| Complete 
| 192|0x00000000ec000000, 0x00000000ec100000, 0x00000000ec100000|100%| E|CS|TAMS 0x00000000ec000000, 0x00000000ec000000| Complete 
| 193|0x00000000ec100000, 0x00000000ec200000, 0x00000000ec200000|100%| E|CS|TAMS 0x00000000ec100000, 0x00000000ec100000| Complete 
| 194|0x00000000ec200000, 0x00000000ec300000, 0x00000000ec300000|100%| E|CS|TAMS 0x00000000ec200000, 0x00000000ec200000| Complete 
| 195|0x00000000ec300000, 0x00000000ec400000, 0x00000000ec400000|100%| E|CS|TAMS 0x00000000ec300000, 0x00000000ec300000| Complete 
| 196|0x00000000ec400000, 0x00000000ec500000, 0x00000000ec500000|100%| E|CS|TAMS 0x00000000ec400000, 0x00000000ec400000| Complete 
| 197|0x00000000ec500000, 0x00000000ec600000, 0x00000000ec600000|100%| E|CS|TAMS 0x00000000ec500000, 0x00000000ec500000| Complete 
| 198|0x00000000ec600000, 0x00000000ec700000, 0x00000000ec700000|100%| E|CS|TAMS 0x00000000ec600000, 0x00000000ec600000| Complete 
| 199|0x00000000ec700000, 0x00000000ec800000, 0x00000000ec800000|100%| E|CS|TAMS 0x00000000ec700000, 0x00000000ec700000| Complete 
| 200|0x00000000ec800000, 0x00000000ec900000, 0x00000000ec900000|100%| E|CS|TAMS 0x00000000ec800000, 0x00000000ec800000| Complete 
| 201|0x00000000ec900000, 0x00000000eca00000, 0x00000000eca00000|100%| E|CS|TAMS 0x00000000ec900000, 0x00000000ec900000| Complete 
| 202|0x00000000eca00000, 0x00000000ecb00000, 0x00000000ecb00000|100%| E|CS|TAMS 0x00000000eca00000, 0x00000000eca00000| Complete 
| 203|0x00000000ecb00000, 0x00000000ecc00000, 0x00000000ecc00000|100%| E|CS|TAMS 0x00000000ecb00000, 0x00000000ecb00000| Complete 
| 204|0x00000000ecc00000, 0x00000000ecd00000, 0x00000000ecd00000|100%| E|CS|TAMS 0x00000000ecc00000, 0x00000000ecc00000| Complete 
| 205|0x00000000ecd00000, 0x00000000ece00000, 0x00000000ece00000|100%| E|CS|TAMS 0x00000000ecd00000, 0x00000000ecd00000| Complete 
| 206|0x00000000ece00000, 0x00000000ecf00000, 0x00000000ecf00000|100%| E|CS|TAMS 0x00000000ece00000, 0x00000000ece00000| Complete 
| 207|0x00000000ecf00000, 0x00000000ed000000, 0x00000000ed000000|100%| E|CS|TAMS 0x00000000ecf00000, 0x00000000ecf00000| Complete 
| 208|0x00000000ed000000, 0x00000000ed100000, 0x00000000ed100000|100%| E|CS|TAMS 0x00000000ed000000, 0x00000000ed000000| Complete 
| 209|0x00000000ed100000, 0x00000000ed200000, 0x00000000ed200000|100%| E|CS|TAMS 0x00000000ed100000, 0x00000000ed100000| Complete 
| 210|0x00000000ed200000, 0x00000000ed300000, 0x00000000ed300000|100%| E|CS|TAMS 0x00000000ed200000, 0x00000000ed200000| Complete 
| 211|0x00000000ed300000, 0x00000000ed400000, 0x00000000ed400000|100%| E|CS|TAMS 0x00000000ed300000, 0x00000000ed300000| Complete 
| 212|0x00000000ed400000, 0x00000000ed500000, 0x00000000ed500000|100%| E|CS|TAMS 0x00000000ed400000, 0x00000000ed400000| Complete 
| 213|0x00000000ed500000, 0x00000000ed600000, 0x00000000ed600000|100%| E|CS|TAMS 0x00000000ed500000, 0x00000000ed500000| Complete 
| 214|0x00000000ed600000, 0x00000000ed700000, 0x00000000ed700000|100%| E|CS|TAMS 0x00000000ed600000, 0x00000000ed600000| Complete 
| 215|0x00000000ed700000, 0x00000000ed800000, 0x00000000ed800000|100%| E|CS|TAMS 0x00000000ed700000, 0x00000000ed700000| Complete 
| 216|0x00000000ed800000, 0x00000000ed900000, 0x00000000ed900000|100%| E|CS|TAMS 0x00000000ed800000, 0x00000000ed800000| Complete 
| 217|0x00000000ed900000, 0x00000000eda00000, 0x00000000eda00000|100%| E|CS|TAMS 0x00000000ed900000, 0x00000000ed900000| Complete 
| 218|0x00000000eda00000, 0x00000000edb00000, 0x00000000edb00000|100%| E|CS|TAMS 0x00000000eda00000, 0x00000000eda00000| Complete 
| 219|0x00000000edb00000, 0x00000000edc00000, 0x00000000edc00000|100%| E|CS|TAMS 0x00000000edb00000, 0x00000000edb00000| Complete 
| 220|0x00000000edc00000, 0x00000000edd00000, 0x00000000edd00000|100%| E|CS|TAMS 0x00000000edc00000, 0x00000000edc00000| Complete 
| 221|0x00000000edd00000, 0x00000000ede00000, 0x00000000ede00000|100%| E|CS|TAMS 0x00000000edd00000, 0x00000000edd00000| Complete 
| 222|0x00000000ede00000, 0x00000000edf00000, 0x00000000edf00000|100%| E|CS|TAMS 0x00000000ede00000, 0x00000000ede00000| Complete 
| 223|0x00000000edf00000, 0x00000000ee000000, 0x00000000ee000000|100%| E|CS|TAMS 0x00000000edf00000, 0x00000000edf00000| Complete 
| 224|0x00000000ee000000, 0x00000000ee100000, 0x00000000ee100000|100%| E|CS|TAMS 0x00000000ee000000, 0x00000000ee000000| Complete 
| 225|0x00000000ee100000, 0x00000000ee200000, 0x00000000ee200000|100%| E|CS|TAMS 0x00000000ee100000, 0x00000000ee100000| Complete 
| 226|0x00000000ee200000, 0x00000000ee300000, 0x00000000ee300000|100%| E|CS|TAMS 0x00000000ee200000, 0x00000000ee200000| Complete 
| 227|0x00000000ee300000, 0x00000000ee400000, 0x00000000ee400000|100%| E|CS|TAMS 0x00000000ee300000, 0x00000000ee300000| Complete 
| 228|0x00000000ee400000, 0x00000000ee500000, 0x00000000ee500000|100%| E|CS|TAMS 0x00000000ee400000, 0x00000000ee400000| Complete 
| 229|0x00000000ee500000, 0x00000000ee600000, 0x00000000ee600000|100%| E|CS|TAMS 0x00000000ee500000, 0x00000000ee500000| Complete 
| 230|0x00000000ee600000, 0x00000000ee700000, 0x00000000ee700000|100%| E|CS|TAMS 0x00000000ee600000, 0x00000000ee600000| Complete 
| 231|0x00000000ee700000, 0x00000000ee800000, 0x00000000ee800000|100%| E|CS|TAMS 0x00000000ee700000, 0x00000000ee700000| Complete 
| 232|0x00000000ee800000, 0x00000000ee900000, 0x00000000ee900000|100%| E|CS|TAMS 0x00000000ee800000, 0x00000000ee800000| Complete 
| 233|0x00000000ee900000, 0x00000000ee96d650, 0x00000000eea00000| 42%| S|CS|TAMS 0x00000000ee900000, 0x00000000ee900000| Complete 
| 234|0x00000000eea00000, 0x00000000eeb00000, 0x00000000eeb00000|100%| E|CS|TAMS 0x00000000eea00000, 0x00000000eea00000| Complete 
| 235|0x00000000eeb00000, 0x00000000eec00000, 0x00000000eec00000|100%| E|CS|TAMS 0x00000000eeb00000, 0x00000000eeb00000| Complete 
| 236|0x00000000eec00000, 0x00000000eed00000, 0x00000000eed00000|100%| E|CS|TAMS 0x00000000eec00000, 0x00000000eec00000| Complete 
| 237|0x00000000eed00000, 0x00000000eee00000, 0x00000000eee00000|100%| E|CS|TAMS 0x00000000eed00000, 0x00000000eed00000| Complete 
| 238|0x00000000eee00000, 0x00000000eef00000, 0x00000000eef00000|100%| E|CS|TAMS 0x00000000eee00000, 0x00000000eee00000| Complete 
| 239|0x00000000eef00000, 0x00000000ef000000, 0x00000000ef000000|100%| E|CS|TAMS 0x00000000eef00000, 0x00000000eef00000| Complete 
| 240|0x00000000ef000000, 0x00000000ef100000, 0x00000000ef100000|100%| E|CS|TAMS 0x00000000ef000000, 0x00000000ef000000| Complete 
| 241|0x00000000ef100000, 0x00000000ef200000, 0x00000000ef200000|100%| E|CS|TAMS 0x00000000ef100000, 0x00000000ef100000| Complete 
| 242|0x00000000ef200000, 0x00000000ef300000, 0x00000000ef300000|100%| E|CS|TAMS 0x00000000ef200000, 0x00000000ef200000| Complete 
| 243|0x00000000ef300000, 0x00000000ef400000, 0x00000000ef400000|100%| E|CS|TAMS 0x00000000ef300000, 0x00000000ef300000| Complete 
| 244|0x00000000ef400000, 0x00000000ef500000, 0x00000000ef500000|100%| E|CS|TAMS 0x00000000ef400000, 0x00000000ef400000| Complete 
| 245|0x00000000ef500000, 0x00000000ef600000, 0x00000000ef600000|100%| E|CS|TAMS 0x00000000ef500000, 0x00000000ef500000| Complete 
| 246|0x00000000ef600000, 0x00000000ef700000, 0x00000000ef700000|100%| E|CS|TAMS 0x00000000ef600000, 0x00000000ef600000| Complete 
| 247|0x00000000ef700000, 0x00000000ef800000, 0x00000000ef800000|100%| E|CS|TAMS 0x00000000ef700000, 0x00000000ef700000| Complete 
| 248|0x00000000ef800000, 0x00000000ef900000, 0x00000000ef900000|100%| E|CS|TAMS 0x00000000ef800000, 0x00000000ef800000| Complete 
| 249|0x00000000ef900000, 0x00000000efa00000, 0x00000000efa00000|100%| E|CS|TAMS 0x00000000ef900000, 0x00000000ef900000| Complete 
| 250|0x00000000efa00000, 0x00000000efb00000, 0x00000000efb00000|100%| E|CS|TAMS 0x00000000efa00000, 0x00000000efa00000| Complete 
| 251|0x00000000efb00000, 0x00000000efc00000, 0x00000000efc00000|100%| E|CS|TAMS 0x00000000efb00000, 0x00000000efb00000| Complete 
| 252|0x00000000efc00000, 0x00000000efd00000, 0x00000000efd00000|100%| E|CS|TAMS 0x00000000efc00000, 0x00000000efc00000| Complete 
| 253|0x00000000efd00000, 0x00000000efe00000, 0x00000000efe00000|100%| E|CS|TAMS 0x00000000efd00000, 0x00000000efd00000| Complete 
| 254|0x00000000efe00000, 0x00000000eff00000, 0x00000000eff00000|100%| E|CS|TAMS 0x00000000efe00000, 0x00000000efe00000| Complete 
| 255|0x00000000eff00000, 0x00000000f0000000, 0x00000000f0000000|100%| E|  |TAMS 0x00000000eff00000, 0x00000000eff00000| Complete 

Card table byte_map: [0x0000024645410000,0x0000024645510000] _byte_map_base: 0x0000024644d10000

Marking Bits (Prev, Next): (CMBitMap*) 0x000002462e24e6d0, (CMBitMap*) 0x000002462e24e710
 Prev Bits: [0x0000024645610000, 0x0000024645e10000)
 Next Bits: [0x0000024645e10000, 0x0000024646610000)

Polling page: 0x000002462c0b0000

Metaspace:

Usage:
  Non-class:     14.51 MB used.
      Class:      2.36 MB used.
       Both:     16.87 MB used.

Virtual space:
  Non-class space:       64.00 MB reserved,      14.75 MB ( 23%) committed,  1 nodes.
      Class space:      308.00 MB reserved,       2.63 MB ( <1%) committed,  1 nodes.
             Both:      372.00 MB reserved,      17.38 MB (  5%) committed. 

Chunk freelists:
   Non-Class:  1.06 MB
       Class:  1.41 MB
        Both:  2.47 MB

MaxMetaspaceSize: 384.00 MB
CompressedClassSpaceSize: 308.00 MB
Initial GC threshold: 21.00 MB
Current GC threshold: 21.00 MB
CDS: on
MetaspaceReclaimPolicy: balanced
 - commit_granule_bytes: 65536.
 - commit_granule_words: 8192.
 - virtual_space_node_default_size: 8388608.
 - enlarge_chunks_in_place: 1.
 - new_chunks_are_fully_committed: 0.
 - uncommit_free_chunks: 1.
 - use_allocation_guard: 0.


Internal statistics:

num_allocs_failed_limit: 0.
num_arena_births: 724.
num_arena_deaths: 0.
num_vsnodes_births: 2.
num_vsnodes_deaths: 0.
num_space_committed: 278.
num_space_uncommitted: 0.
num_chunks_returned_to_freelist: 0.
num_chunks_taken_from_freelist: 1356.
num_chunk_merges: 0.
num_chunk_splits: 893.
num_chunks_enlarged: 586.
num_inconsistent_stats: 0.

CodeHeap 'non-profiled nmethods': size=120000Kb used=1233Kb max_used=1233Kb free=118766Kb
 bounds [0x000002463dee0000, 0x000002463e150000, 0x0000024645410000]
CodeHeap 'profiled nmethods': size=120000Kb used=5368Kb max_used=5368Kb free=114631Kb
 bounds [0x0000024636410000, 0x0000024636950000, 0x000002463d940000]
CodeHeap 'non-nmethods': size=5760Kb used=1327Kb max_used=1364Kb free=4433Kb
 bounds [0x000002463d940000, 0x000002463dbb0000, 0x000002463dee0000]
 total_blobs=3214 nmethods=2656 adapters=468
 compilation: enabled
              stopped_count=0, restarted_count=0
 full_count=0

Compilation events (20 events):
Event: 76.075 Thread 0x0000024648c106d0 nmethod 2612 0x000002463e013310 code [0x000002463e013500, 0x000002463e013e48]
Event: 76.075 Thread 0x0000024648c106d0 2621   !   4       java.lang.ClassLoader::loadClass (121 bytes)
Event: 76.223 Thread 0x0000024648c13ed0 2646       3       java.util.LinkedList$ListItr::remove (84 bytes)
Event: 76.224 Thread 0x0000024648c13ed0 nmethod 2646 0x0000024636944510 code [0x0000024636944700, 0x0000024636944be8]
Event: 76.232 Thread 0x0000024648c13ed0 2647       3       org.gradle.internal.service.DefaultServiceMethodFactory::toServiceMethod (11 bytes)
Event: 76.232 Thread 0x0000024648c13ed0 nmethod 2647 0x0000024636944e10 code [0x0000024636944fc0, 0x0000024636945188]
Event: 76.232 Thread 0x0000024648c13ed0 2648   !   3       org.gradle.internal.service.MethodHandleBasedServiceMethodFactory::toServiceMethod (51 bytes)
Event: 76.234 Thread 0x0000024648c13ed0 nmethod 2648 0x0000024636945290 code [0x00000246369455e0, 0x0000024636946ab8]
Event: 76.234 Thread 0x0000024648c13ed0 2649       3       java.lang.reflect.Method::getGenericParameterTypes (5 bytes)
Event: 76.236 Thread 0x0000024648c13ed0 nmethod 2649 0x0000024636947110 code [0x00000246369473c0, 0x0000024636948478]
Event: 76.236 Thread 0x0000024648c13ed0 2650       3       java.lang.reflect.Method::hasGenericInformation (13 bytes)
Event: 76.236 Thread 0x0000024648c13ed0 nmethod 2650 0x0000024636948990 code [0x0000024636948b20, 0x0000024636948c98]
Event: 76.256 Thread 0x0000024648c13ed0 2651       3       org.gradle.internal.service.DefaultServiceRegistry$SingletonService::getAll (23 bytes)
Event: 76.256 Thread 0x0000024648c13ed0 nmethod 2651 0x0000024636948d10 code [0x0000024636948ee0, 0x0000024636949168]
Event: 76.280 Thread 0x0000024648c13ed0 2652       3       java.util.LinkedList$ListItr::<init> (47 bytes)
Event: 76.281 Thread 0x0000024648c13ed0 nmethod 2652 0x0000024636949290 code [0x0000024636949440, 0x0000024636949728]
Event: 76.363 Thread 0x0000024648c13ed0 2654       3       org.gradle.internal.service.DefaultServiceRegistry$FactoryMethodService::<init> (22 bytes)
Event: 76.365 Thread 0x0000024648c13ed0 nmethod 2654 0x0000024636949810 code [0x0000024636949a40, 0x000002463694a4a8]
Event: 76.365 Thread 0x0000024648c13ed0 2655       3       org.gradle.internal.service.AbstractServiceMethod::<init> (42 bytes)
Event: 76.369 Thread 0x0000024648c13ed0 nmethod 2655 0x000002463694a810 code [0x000002463694ab80, 0x000002463694c708]

GC Heap History (6 events):
Event: 54.617 GC heap before
{Heap before GC invocations=0 (full 0):
 garbage-first heap   total 262144K, used 12288K [0x00000000e0000000, 0x0000000100000000)
  region size 1024K, 13 young (13312K), 0 survivors (0K)
 Metaspace       used 1032K, committed 1152K, reserved 380928K
  class space    used 78K, committed 128K, reserved 315392K
}
Event: 54.686 GC heap after
{Heap after GC invocations=1 (full 0):
 garbage-first heap   total 262144K, used 3413K [0x00000000e0000000, 0x0000000100000000)
  region size 1024K, 2 young (2048K), 2 survivors (2048K)
 Metaspace       used 1032K, committed 1152K, reserved 380928K
  class space    used 78K, committed 128K, reserved 315392K
}
Event: 62.085 GC heap before
{Heap before GC invocations=1 (full 0):
 garbage-first heap   total 262144K, used 22869K [0x00000000e0000000, 0x0000000100000000)
  region size 1024K, 17 young (17408K), 2 survivors (2048K)
 Metaspace       used 4008K, committed 4224K, reserved 380928K
  class space    used 481K, committed 576K, reserved 315392K
}
Event: 62.095 GC heap after
{Heap after GC invocations=2 (full 0):
 garbage-first heap   total 262144K, used 10599K [0x00000000e0000000, 0x0000000100000000)
  region size 1024K, 3 young (3072K), 3 survivors (3072K)
 Metaspace       used 4008K, committed 4224K, reserved 380928K
  class space    used 481K, committed 576K, reserved 315392K
}
Event: 67.204 GC heap before
{Heap before GC invocations=2 (full 0):
 garbage-first heap   total 262144K, used 29031K [0x00000000e0000000, 0x0000000100000000)
  region size 1024K, 22 young (22528K), 3 survivors (3072K)
 Metaspace       used 4079K, committed 4288K, reserved 380928K
  class space    used 483K, committed 576K, reserved 315392K
}
Event: 67.207 GC heap after
{Heap after GC invocations=3 (full 0):
 garbage-first heap   total 262144K, used 10968K [0x00000000e0000000, 0x0000000100000000)
  region size 1024K, 1 young (1024K), 1 survivors (1024K)
 Metaspace       used 4079K, committed 4288K, reserved 380928K
  class space    used 483K, committed 576K, reserved 315392K
}

Dll operation events (15 events):
Event: 3.641 Loaded shared library C:\Users\lufer\.jdks\corretto-19.0.2\bin\java.dll
Event: 5.063 Loaded shared library C:\Users\lufer\.jdks\corretto-19.0.2\bin\jsvml.dll
Event: 9.153 Loaded shared library C:\Users\lufer\.jdks\corretto-19.0.2\bin\zip.dll
Event: 9.206 Loaded shared library C:\Users\lufer\.jdks\corretto-19.0.2\bin\instrument.dll
Event: 10.495 Loaded shared library C:\Users\lufer\.jdks\corretto-19.0.2\bin\net.dll
Event: 10.703 Loaded shared library C:\Users\lufer\.jdks\corretto-19.0.2\bin\nio.dll
Event: 10.912 Loaded shared library C:\Users\lufer\.jdks\corretto-19.0.2\bin\zip.dll
Event: 44.265 Loaded shared library C:\Users\lufer\.jdks\corretto-19.0.2\bin\jimage.dll
Event: 54.702 Loaded shared library C:\Users\lufer\.jdks\corretto-19.0.2\bin\verify.dll
Event: 60.730 Loaded shared library C:\Users\lufer\.gradle\native\68d5fa5c4cc2d200863cafc0d521ce42e7d3e7ee720ec0a83991735586a16f82\windows-amd64\native-platform.dll
Event: 60.959 Loaded shared library C:\Users\lufer\.gradle\native\e376f236ea51e6404a007f0833ffe2c6e607c4080706a723a18a27aeea778392\windows-amd64\native-platform-file-events.dll
Event: 71.214 Loaded shared library C:\Users\lufer\.jdks\corretto-19.0.2\bin\management.dll
Event: 71.269 Loaded shared library C:\Users\lufer\.jdks\corretto-19.0.2\bin\management_ext.dll
Event: 71.987 Loaded shared library C:\Users\lufer\.jdks\corretto-19.0.2\bin\extnet.dll
Event: 72.881 Loaded shared library C:\Users\lufer\.jdks\corretto-19.0.2\bin\sunmscapi.dll

Deoptimization events (20 events):
Event: 74.671 Thread 0x000002464d39c120 Uncommon trap: trap_request=0xffffff45 fr.pc=0x000002463df02bb8 relative=0x0000000000000198
Event: 74.671 Thread 0x000002464d39c120 Uncommon trap: reason=unstable_if action=reinterpret pc=0x000002463df02bb8 method=java.util.regex.Matcher.reset()Ljava/util/regex/Matcher; @ 47 c2
Event: 74.671 Thread 0x000002464d39c120 DEOPT PACKING pc=0x000002463df02bb8 sp=0x000000605cbfb260
Event: 74.671 Thread 0x000002464d39c120 DEOPT UNPACKING pc=0x000002463d9a6da3 sp=0x000000605cbfb1f0 mode 2
Event: 74.826 Thread 0x000002464d39c120 Uncommon trap: trap_request=0xffffff45 fr.pc=0x000002463df62b50 relative=0x0000000000000790
Event: 74.826 Thread 0x000002464d39c120 Uncommon trap: reason=unstable_if action=reinterpret pc=0x000002463df62b50 method=java.util.ArrayList.grow(I)[Ljava/lang/Object; @ 17 c2
Event: 74.826 Thread 0x000002464d39c120 DEOPT PACKING pc=0x000002463df62b50 sp=0x000000605cbfd470
Event: 74.826 Thread 0x000002464d39c120 DEOPT UNPACKING pc=0x000002463d9a6da3 sp=0x000000605cbfd308 mode 2
Event: 74.968 Thread 0x000002464d39c120 Uncommon trap: trap_request=0xffffff45 fr.pc=0x000002463df05b5c relative=0x0000000000000bbc
Event: 74.968 Thread 0x000002464d39c120 Uncommon trap: reason=unstable_if action=reinterpret pc=0x000002463df05b5c method=java.io.WinNTFileSystem.resolve(Ljava/lang/String;Ljava/lang/String;)Ljava/lang/String; @ 19 c2
Event: 74.968 Thread 0x000002464d39c120 DEOPT PACKING pc=0x000002463df05b5c sp=0x000000605cbfd1e0
Event: 74.968 Thread 0x000002464d39c120 DEOPT UNPACKING pc=0x000002463d9a6da3 sp=0x000000605cbfd178 mode 2
Event: 74.973 Thread 0x000002464d39c120 Uncommon trap: trap_request=0xffffff45 fr.pc=0x000002463df507dc relative=0x000000000000059c
Event: 74.973 Thread 0x000002464d39c120 Uncommon trap: reason=unstable_if action=reinterpret pc=0x000002463df507dc method=java.io.File.getName()Ljava/lang/String; @ 16 c2
Event: 74.973 Thread 0x000002464d39c120 DEOPT PACKING pc=0x000002463df507dc sp=0x000000605cbfd190
Event: 74.973 Thread 0x000002464d39c120 DEOPT UNPACKING pc=0x000002463d9a6da3 sp=0x000000605cbfd160 mode 2
Event: 75.148 Thread 0x000002464d39c120 Uncommon trap: trap_request=0xffffffcc fr.pc=0x000002463dff43c8 relative=0x0000000000000328
Event: 75.148 Thread 0x000002464d39c120 Uncommon trap: reason=intrinsic_or_type_checked_inlining action=make_not_entrant pc=0x000002463dff43c8 method=java.util.Arrays.copyOf([Ljava/lang/Object;ILjava/lang/Class;)[Ljava/lang/Object; @ 35 c2
Event: 75.148 Thread 0x000002464d39c120 DEOPT PACKING pc=0x000002463dff43c8 sp=0x000000605cbfcba0
Event: 75.148 Thread 0x000002464d39c120 DEOPT UNPACKING pc=0x000002463d9a6da3 sp=0x000000605cbfcb48 mode 2

Classes loaded (20 events):
Event: 75.624 Loading class sun/security/provider/ByteArrayAccess$LE
Event: 75.624 Loading class sun/security/provider/ByteArrayAccess$LE done
Event: 75.689 Loading class java/util/concurrent/Semaphore
Event: 75.689 Loading class java/util/concurrent/Semaphore done
Event: 75.692 Loading class java/nio/file/FileVisitOption
Event: 75.692 Loading class java/nio/file/FileVisitOption done
Event: 75.698 Loading class java/util/stream/ReduceOps$1
Event: 75.698 Loading class java/util/stream/ReduceOps$1 done
Event: 75.698 Loading class java/util/stream/ReduceOps$1ReducingSink
Event: 75.699 Loading class java/util/stream/ReduceOps$1ReducingSink done
Event: 75.726 Loading class java/io/ObjectOutputStream
Event: 75.728 Loading class java/io/ObjectOutput
Event: 75.728 Loading class java/io/ObjectOutput done
Event: 75.728 Loading class java/io/ObjectStreamConstants
Event: 75.728 Loading class java/io/ObjectStreamConstants done
Event: 75.729 Loading class java/io/ObjectOutputStream done
Event: 75.730 Loading class java/io/ObjectInputStream
Event: 75.730 Loading class java/io/ObjectInput
Event: 75.731 Loading class java/io/ObjectInput done
Event: 75.731 Loading class java/io/ObjectInputStream done

Classes unloaded (0 events):
No events

Classes redefined (0 events):
No events

Internal exceptions (20 events):
Event: 74.957 Thread 0x000002464d39c120 Exception <a 'java/lang/NoSuchMethodError'{0x00000000ec5d22b0}: 'java.lang.Object java.lang.invoke.DirectMethodHandle$Holder.invokeVirtual(java.lang.Object, java.lang.Object, java.lang.Object, java.lang.Object, java.lang.Object, java.lang.Object, java.lang.Object, java.lang.Object, java.lang.Object, java.lang.Object)'> (0x00000000ec5d22b0) 
thrown [s\src\hotspot\share\interpreter\linkResolver.cpp, line 774]
Event: 75.129 Thread 0x000002464d39c120 Exception <a 'java/lang/NoSuchMethodError'{0x00000000ec367838}: 'java.lang.Object java.lang.invoke.DelegatingMethodHandle$Holder.reinvoke_L(java.lang.Object, java.lang.Object, java.lang.Object, java.lang.Object, java.lang.Object, java.lang.Object, java.lang.Object, java.lang.Object, java.lang.Object, java.lang.Object, java.lang.Object, java.lang.Object, java.lang.Object, java.lang.Object, java.lang.Object, java.lang.Object, java.lang.Object, java.lang.Object, java.lang.Object, java.lang.Object, java.lang.O
Event: 75.141 Thread 0x000002464d39c120 Exception <a 'java/lang/NoSuchMethodError'{0x00000000ec3c1800}: 'java.lang.Object java.lang.invoke.DirectMethodHandle$Holder.invokeStatic(java.lang.Object, java.lang.Object, java.lang.Object, java.lang.Object, java.lang.Object, java.lang.Object, java.lang.Object, java.lang.Object, java.lang.Object, java.lang.Object, java.lang.Object, java.lang.Object, java.lang.Object, java.lang.Object, java.lang.Object)'> (0x00000000ec3c1800) 
thrown [s\src\hotspot\share\interpreter\linkResolver.cpp, line 774]
Event: 75.146 Thread 0x000002464d39c120 Exception <a 'java/lang/NoSuchMethodError'{0x00000000ec3e5f08}: 'java.lang.Object java.lang.invoke.DirectMethodHandle$Holder.invokeStatic(java.lang.Object, java.lang.Object, java.lang.Object, java.lang.Object, java.lang.Object, java.lang.Object, java.lang.Object, java.lang.Object, java.lang.Object, java.lang.Object, java.lang.Object, java.lang.Object, java.lang.Object, java.lang.Object, java.lang.Object, java.lang.Object)'> (0x00000000ec3e5f08) 
thrown [s\src\hotspot\share\interpreter\linkResolver.cpp, lin
Event: 75.150 Thread 0x000002464d39c120 Exception <a 'java/lang/NoSuchMethodError'{0x00000000ec20ddc0}: 'java.lang.Object java.lang.invoke.DirectMethodHandle$Holder.invokeStatic(java.lang.Object, java.lang.Object, java.lang.Object, java.lang.Object, java.lang.Object, java.lang.Object, java.lang.Object, java.lang.Object, java.lang.Object, java.lang.Object, java.lang.Object, java.lang.Object, java.lang.Object, java.lang.Object, java.lang.Object, java.lang.Object, java.lang.Object)'> (0x00000000ec20ddc0) 
thrown [s\src\hotspot\share\interpreter\lin
Event: 75.159 Thread 0x000002464d39c120 Exception <a 'java/lang/NoSuchMethodError'{0x00000000ec2370e0}: 'java.lang.Object java.lang.invoke.DirectMethodHandle$Holder.invokeStatic(java.lang.Object, java.lang.Object, java.lang.Object, java.lang.Object, java.lang.Object, java.lang.Object, java.lang.Object, java.lang.Object, java.lang.Object, java.lang.Object, java.lang.Object, java.lang.Object, java.lang.Object, java.lang.Object, java.lang.Object, java.lang.Object, java.lang.Object, java.lang.Object)'> (0x00000000ec2370e0) 
thrown [s\src\hotspot\sha
Event: 75.163 Thread 0x000002464d39c120 Exception <a 'java/lang/NoSuchMethodError'{0x00000000ec260f50}: 'java.lang.Object java.lang.invoke.DirectMethodHandle$Holder.invokeStatic(java.lang.Object, java.lang.Object, java.lang.Object, java.lang.Object, java.lang.Object, java.lang.Object, java.lang.Object, java.lang.Object, java.lang.Object, java.lang.Object, java.lang.Object, java.lang.Object, java.lang.Object, java.lang.Object, java.lang.Object, java.lang.Object, java.lang.Object, java.lang.Object, java.lang.Object)'> (0x00000000ec260f50) 
thrown 
Event: 75.167 Thread 0x000002464d39c120 Exception <a 'java/lang/NoSuchMethodError'{0x00000000ec28c3f0}: 'java.lang.Object java.lang.invoke.DirectMethodHandle$Holder.invokeStatic(java.lang.Object, java.lang.Object, java.lang.Object, java.lang.Object, java.lang.Object, java.lang.Object, java.lang.Object, java.lang.Object, java.lang.Object, java.lang.Object, java.lang.Object, java.lang.Object, java.lang.Object, java.lang.Object, java.lang.Object, java.lang.Object, java.lang.Object, java.lang.Object, java.lang.Object, java.lang.Object)'> (0x00000000
Event: 75.174 Thread 0x000002464d39c120 Exception <a 'java/lang/NoSuchMethodError'{0x00000000ec2b8730}: 'java.lang.Object java.lang.invoke.DirectMethodHandle$Holder.invokeStatic(java.lang.Object, java.lang.Object, java.lang.Object, java.lang.Object, java.lang.Object, java.lang.Object, java.lang.Object, java.lang.Object, java.lang.Object, java.lang.Object, java.lang.Object, java.lang.Object, java.lang.Object, java.lang.Object, java.lang.Object, java.lang.Object, java.lang.Object, java.lang.Object, java.lang.Object, java.lang.Object, java.lang.Obj
Event: 75.196 Thread 0x000002464d39c120 Exception <a 'java/lang/NoSuchMethodError'{0x00000000ec2e55d0}: 'java.lang.Object java.lang.invoke.DirectMethodHandle$Holder.invokeStatic(java.lang.Object, java.lang.Object, java.lang.Object, java.lang.Object, java.lang.Object, java.lang.Object, java.lang.Object, java.lang.Object, java.lang.Object, java.lang.Object, java.lang.Object, java.lang.Object, java.lang.Object, java.lang.Object, java.lang.Object, java.lang.Object, java.lang.Object, java.lang.Object, java.lang.Object, java.lang.Object, java.lang.Obj
Event: 75.206 Thread 0x000002464d39c120 Exception <a 'java/lang/NoSuchMethodError'{0x00000000ec1137c0}: 'java.lang.Object java.lang.invoke.DirectMethodHandle$Holder.invokeStatic(java.lang.Object, java.lang.Object, java.lang.Object, java.lang.Object, java.lang.Object, java.lang.Object, java.lang.Object, java.lang.Object, java.lang.Object, java.lang.Object, java.lang.Object, java.lang.Object, java.lang.Object, java.lang.Object, java.lang.Object, java.lang.Object, java.lang.Object, java.lang.Object, java.lang.Object, java.lang.Object, java.lang.Obj
Event: 75.209 Thread 0x000002464d39c120 Exception <a 'java/lang/NoSuchMethodError'{0x00000000ec141f68}: 'java.lang.Object java.lang.invoke.DirectMethodHandle$Holder.invokeStatic(java.lang.Object, java.lang.Object, java.lang.Object, java.lang.Object, java.lang.Object, java.lang.Object, java.lang.Object, java.lang.Object, java.lang.Object, java.lang.Object, java.lang.Object, java.lang.Object, java.lang.Object, java.lang.Object, java.lang.Object, java.lang.Object, java.lang.Object, java.lang.Object, java.lang.Object, java.lang.Object, java.lang.Obj
Event: 75.234 Thread 0x000002464d39c120 Exception <a 'java/lang/NoSuchMethodError'{0x00000000ec1723d8}: 'java.lang.Object java.lang.invoke.DirectMethodHandle$Holder.invokeStatic(java.lang.Object, java.lang.Object, java.lang.Object, java.lang.Object, java.lang.Object, java.lang.Object, java.lang.Object, java.lang.Object, java.lang.Object, java.lang.Object, java.lang.Object, java.lang.Object, java.lang.Object, java.lang.Object, java.lang.Object, java.lang.Object, java.lang.Object, java.lang.Object, java.lang.Object, java.lang.Object, java.lang.Obj
Event: 75.602 Thread 0x000002464d39c120 Exception <a 'java/lang/IncompatibleClassChangeError'{0x00000000eb905058}: Found class java.lang.Object, but interface was expected> (0x00000000eb905058) 
thrown [s\src\hotspot\share\interpreter\linkResolver.cpp, line 841]
Event: 75.695 Thread 0x000002464d39c120 Exception <a 'java/lang/NoSuchMethodError'{0x00000000eb723808}: 'int java.lang.invoke.DirectMethodHandle$Holder.invokeSpecialIFC(java.lang.Object, java.lang.Object, java.lang.Object, java.lang.Object)'> (0x00000000eb723808) 
thrown [s\src\hotspot\share\interpreter\linkResolver.cpp, line 774]
Event: 75.697 Thread 0x000002464d39c120 Exception <a 'java/lang/NoSuchMethodError'{0x00000000eb732af8}: 'java.lang.Object java.lang.invoke.DirectMethodHandle$Holder.invokeInterface(java.lang.Object, java.lang.Object, java.lang.Object)'> (0x00000000eb732af8) 
thrown [s\src\hotspot\share\interpreter\linkResolver.cpp, line 774]
Event: 75.697 Thread 0x000002464d39c120 Exception <a 'java/lang/IncompatibleClassChangeError'{0x00000000eb736728}: Found class java.lang.Object, but interface was expected> (0x00000000eb736728) 
thrown [s\src\hotspot\share\interpreter\linkResolver.cpp, line 841]
Event: 75.700 Thread 0x000002464d39c120 Exception <a 'java/lang/NoSuchMethodError'{0x00000000eb73e7d8}: 'java.lang.Object java.lang.invoke.DirectMethodHandle$Holder.newInvokeSpecial(java.lang.Object, java.lang.Object, java.lang.Object, java.lang.Object, java.lang.Object, java.lang.Object, java.lang.Object, java.lang.Object, java.lang.Object, java.lang.Object, java.lang.Object)'> (0x00000000eb73e7d8) 
thrown [s\src\hotspot\share\interpreter\linkResolver.cpp, line 774]
Event: 75.785 Thread 0x000002464d39c120 Exception <a 'java/lang/NoSuchMethodError'{0x00000000eb5334c8}: 'int java.lang.invoke.DirectMethodHandle$Holder.invokeStatic(java.lang.Object, java.lang.Object, java.lang.Object, java.lang.Object)'> (0x00000000eb5334c8) 
thrown [s\src\hotspot\share\interpreter\linkResolver.cpp, line 774]
Event: 76.362 Thread 0x000002464d39c120 Exception <a 'java/lang/NoSuchMethodError'{0x00000000eb2adf50}: 'java.lang.Object java.lang.invoke.DirectMethodHandle$Holder.invokeSpecial(java.lang.Object, java.lang.Object, java.lang.Object, java.lang.Object, java.lang.Object, java.lang.Object, java.lang.Object, java.lang.Object, java.lang.Object, java.lang.Object, java.lang.Object, java.lang.Object, java.lang.Object, java.lang.Object, java.lang.Object, java.lang.Object, java.lang.Object, java.lang.Object, java.lang.Object, java.lang.Object, java.lang.Ob

VM Operations (20 events):
Event: 72.891 Executing VM operation: HandshakeAllThreads
Event: 72.891 Executing VM operation: HandshakeAllThreads done
Event: 73.897 Executing VM operation: Cleanup
Event: 73.897 Executing VM operation: Cleanup done
Event: 73.927 Executing VM operation: HandshakeAllThreads
Event: 73.927 Executing VM operation: HandshakeAllThreads done
Event: 74.496 Executing VM operation: HandshakeAllThreads
Event: 74.496 Executing VM operation: HandshakeAllThreads done
Event: 74.993 Executing VM operation: HandshakeAllThreads
Event: 74.993 Executing VM operation: HandshakeAllThreads done
Event: 74.993 Executing VM operation: Cleanup
Event: 74.993 Executing VM operation: Cleanup done
Event: 74.993 Executing VM operation: HandshakeAllThreads
Event: 74.993 Executing VM operation: HandshakeAllThreads done
Event: 75.250 Executing VM operation: HandshakeAllThreads
Event: 75.250 Executing VM operation: HandshakeAllThreads done
Event: 75.251 Executing VM operation: HandshakeAllThreads
Event: 75.251 Executing VM operation: HandshakeAllThreads done
Event: 76.246 Executing VM operation: Cleanup
Event: 76.246 Executing VM operation: Cleanup done

Events (20 events):
Event: 6.357 Thread 0x0000024648c0da60 Thread added: 0x0000024648c0da60
Event: 6.357 Thread 0x0000024648c106d0 Thread added: 0x0000024648c106d0
Event: 7.073 Thread 0x0000024648c13ed0 Thread added: 0x0000024648c13ed0
Event: 7.096 Thread 0x0000024648c1e580 Thread added: 0x0000024648c1e580
Event: 8.093 Thread 0x0000024648bd9aa0 Thread added: 0x0000024648bd9aa0
Event: 14.297 Thread 0x000002464d22c4e0 Thread added: 0x000002464d22c4e0
Event: 71.358 Thread 0x000002464d39abe0 Thread added: 0x000002464d39abe0
Event: 72.353 Thread 0x000002464d39bbd0 Thread added: 0x000002464d39bbd0
Event: 72.496 Thread 0x000002464d39b130 Thread added: 0x000002464d39b130
Event: 72.959 Thread 0x000002464d39c670 Thread added: 0x000002464d39c670
Event: 72.972 Thread 0x000002464d39d110 Thread added: 0x000002464d39d110
Event: 73.312 Thread 0x000002464d39a140 Thread added: 0x000002464d39a140
Event: 73.344 Thread 0x000002464d39c120 Thread added: 0x000002464d39c120
Event: 73.384 Thread 0x000002464d39a690 Thread added: 0x000002464d39a690
Event: 73.397 Thread 0x000002464d39cbc0 Thread added: 0x000002464d39cbc0
Event: 73.407 Thread 0x000002464d39d660 Thread added: 0x000002464d39d660
Event: 74.497 Thread 0x000002464e6eafa0 Thread added: 0x000002464e6eafa0
Event: 74.600 Thread 0x000002464e6ecf80 Thread added: 0x000002464e6ecf80
Event: 74.879 Thread 0x000002464e6f0f40 Thread added: 0x000002464e6f0f40
Event: 75.650 Thread 0x000002464e6f1490 Thread added: 0x000002464e6f1490


Dynamic libraries:
0x00007ff7ec300000 - 0x00007ff7ec30d000 	C:\Users\lufer\.jdks\corretto-19.0.2\bin\java.exe
0x00007ffbc2a90000 - 0x00007ffbc2c87000 	C:\WINDOWS\SYSTEM32\ntdll.dll
0x00007ffbc0c20000 - 0x00007ffbc0cdd000 	C:\WINDOWS\System32\KERNEL32.DLL
0x00007ffbc0410000 - 0x00007ffbc0706000 	C:\WINDOWS\System32\KERNELBASE.dll
0x00007ffbc0950000 - 0x00007ffbc0a50000 	C:\WINDOWS\System32\ucrtbase.dll
0x00007ffbb9140000 - 0x00007ffbb9155000 	C:\Users\lufer\.jdks\corretto-19.0.2\bin\VCRUNTIME140.dll
0x00007ffbba3a0000 - 0x00007ffbba3b7000 	C:\Users\lufer\.jdks\corretto-19.0.2\bin\jli.dll
0x00007ffbc0ce0000 - 0x00007ffbc0e7e000 	C:\WINDOWS\System32\USER32.dll
0x00007ffbc0a50000 - 0x00007ffbc0a72000 	C:\WINDOWS\System32\win32u.dll
0x00007ffbc2670000 - 0x00007ffbc269c000 	C:\WINDOWS\System32\GDI32.dll
0x00007ffbc0210000 - 0x00007ffbc032a000 	C:\WINDOWS\System32\gdi32full.dll
0x00007ffba6320000 - 0x00007ffba65ba000 	C:\WINDOWS\WinSxS\amd64_microsoft.windows.common-controls_6595b64144ccf1df_6.0.19041.3570_none_60bb2a3971f3e41a\COMCTL32.dll
0x00007ffbc1750000 - 0x00007ffbc17ee000 	C:\WINDOWS\System32\msvcrt.dll
0x00007ffbc0170000 - 0x00007ffbc020d000 	C:\WINDOWS\System32\msvcp_win.dll
0x00007ffbc0b80000 - 0x00007ffbc0bb0000 	C:\WINDOWS\System32\IMM32.DLL
0x00007ffba9650000 - 0x00007ffba96eb000 	C:\Users\lufer\.jdks\corretto-19.0.2\bin\msvcp140.dll
0x00007ffb7a1d0000 - 0x00007ffb7aea9000 	C:\Users\lufer\.jdks\corretto-19.0.2\bin\server\jvm.dll
0x00007ffbc2260000 - 0x00007ffbc230e000 	C:\WINDOWS\System32\ADVAPI32.dll
0x00007ffbc2950000 - 0x00007ffbc29ec000 	C:\WINDOWS\System32\sechost.dll
0x00007ffbc2820000 - 0x00007ffbc2946000 	C:\WINDOWS\System32\RPCRT4.dll
0x00007ffbb1e60000 - 0x00007ffbb1e69000 	C:\WINDOWS\SYSTEM32\WSOCK32.dll
0x00007ffbc19d0000 - 0x00007ffbc1a3b000 	C:\WINDOWS\System32\WS2_32.dll
0x00007ffbb6c10000 - 0x00007ffbb6c37000 	C:\WINDOWS\SYSTEM32\WINMM.dll
0x00007ffbb74b0000 - 0x00007ffbb74ba000 	C:\WINDOWS\SYSTEM32\VERSION.dll
0x00007ffbbe9d0000 - 0x00007ffbbe9e2000 	C:\WINDOWS\SYSTEM32\kernel.appcore.dll
0x00007ffbba380000 - 0x00007ffbba38a000 	C:\Users\lufer\.jdks\corretto-19.0.2\bin\jimage.dll
0x00007ffbbdeb0000 - 0x00007ffbbe094000 	C:\WINDOWS\SYSTEM32\DBGHELP.DLL
0x00007ffbad1d0000 - 0x00007ffbad204000 	C:\WINDOWS\SYSTEM32\dbgcore.DLL
0x00007ffbc0380000 - 0x00007ffbc0402000 	C:\WINDOWS\System32\bcryptPrimitives.dll
0x00007ffbb9620000 - 0x00007ffbb962e000 	C:\Users\lufer\.jdks\corretto-19.0.2\bin\instrument.dll
0x00007ffbb1760000 - 0x00007ffbb1786000 	C:\Users\lufer\.jdks\corretto-19.0.2\bin\java.dll
0x00007ffb937a0000 - 0x00007ffb93876000 	C:\Users\lufer\.jdks\corretto-19.0.2\bin\jsvml.dll
0x00007ffbc1a40000 - 0x00007ffbc2184000 	C:\WINDOWS\System32\SHELL32.dll
0x00007ffbbe0a0000 - 0x00007ffbbe83b000 	C:\WINDOWS\SYSTEM32\windows.storage.dll
0x00007ffbc2310000 - 0x00007ffbc2664000 	C:\WINDOWS\System32\combase.dll
0x00007ffbbfae0000 - 0x00007ffbbfb0d000 	C:\WINDOWS\SYSTEM32\Wldp.dll
0x00007ffbc1920000 - 0x00007ffbc19cd000 	C:\WINDOWS\System32\SHCORE.dll
0x00007ffbc29f0000 - 0x00007ffbc2a45000 	C:\WINDOWS\System32\shlwapi.dll
0x00007ffbc00a0000 - 0x00007ffbc00c5000 	C:\WINDOWS\SYSTEM32\profapi.dll
0x00007ffbb19c0000 - 0x00007ffbb19d8000 	C:\Users\lufer\.jdks\corretto-19.0.2\bin\zip.dll
0x00007ffbb0f60000 - 0x00007ffbb0f73000 	C:\Users\lufer\.jdks\corretto-19.0.2\bin\net.dll
0x00007ffbb23c0000 - 0x00007ffbb24ca000 	C:\WINDOWS\SYSTEM32\WINHTTP.dll
0x00007ffbbf840000 - 0x00007ffbbf8aa000 	C:\WINDOWS\system32\mswsock.dll
0x00007ffbb0bb0000 - 0x00007ffbb0bc5000 	C:\Users\lufer\.jdks\corretto-19.0.2\bin\nio.dll
0x00007ffbb9280000 - 0x00007ffbb9290000 	C:\Users\lufer\.jdks\corretto-19.0.2\bin\verify.dll
0x00007ffbb9290000 - 0x00007ffbb92b7000 	C:\Users\lufer\.gradle\native\68d5fa5c4cc2d200863cafc0d521ce42e7d3e7ee720ec0a83991735586a16f82\windows-amd64\native-platform.dll
0x00007ffb8d4b0000 - 0x00007ffb8d5f4000 	C:\Users\lufer\.gradle\native\e376f236ea51e6404a007f0833ffe2c6e607c4080706a723a18a27aeea778392\windows-amd64\native-platform-file-events.dll
0x00007ffbb9340000 - 0x00007ffbb9349000 	C:\Users\lufer\.jdks\corretto-19.0.2\bin\management.dll
0x00007ffbb9330000 - 0x00007ffbb933b000 	C:\Users\lufer\.jdks\corretto-19.0.2\bin\management_ext.dll
0x00007ffbc0ee0000 - 0x00007ffbc0ee8000 	C:\WINDOWS\System32\PSAPI.DLL
0x00007ffbbfa30000 - 0x00007ffbbfa48000 	C:\WINDOWS\SYSTEM32\CRYPTSP.dll
0x00007ffbbf150000 - 0x00007ffbbf184000 	C:\WINDOWS\system32\rsaenh.dll
0x00007ffbc0920000 - 0x00007ffbc0947000 	C:\WINDOWS\System32\bcrypt.dll
0x00007ffbc0020000 - 0x00007ffbc004e000 	C:\WINDOWS\SYSTEM32\USERENV.dll
0x00007ffbbfa50000 - 0x00007ffbbfa5c000 	C:\WINDOWS\SYSTEM32\CRYPTBASE.dll
0x00007ffbbf530000 - 0x00007ffbbf56b000 	C:\WINDOWS\SYSTEM32\IPHLPAPI.DLL
0x00007ffbc0c10000 - 0x00007ffbc0c18000 	C:\WINDOWS\System32\NSI.dll
0x00007ffbb2d60000 - 0x00007ffbb2d77000 	C:\WINDOWS\SYSTEM32\dhcpcsvc6.DLL
0x00007ffbb6730000 - 0x00007ffbb674d000 	C:\WINDOWS\SYSTEM32\dhcpcsvc.DLL
0x00007ffbbf570000 - 0x00007ffbbf63a000 	C:\WINDOWS\SYSTEM32\DNSAPI.dll
0x00007ffbb92f0000 - 0x00007ffbb92f8000 	C:\Users\lufer\.jdks\corretto-19.0.2\bin\extnet.dll
0x00007ffbb9130000 - 0x00007ffbb913e000 	C:\Users\lufer\.jdks\corretto-19.0.2\bin\sunmscapi.dll
0x00007ffbc0710000 - 0x00007ffbc086d000 	C:\WINDOWS\System32\CRYPT32.dll
0x00007ffbbfb50000 - 0x00007ffbbfb77000 	C:\WINDOWS\SYSTEM32\ncrypt.dll
0x00007ffbbfb10000 - 0x00007ffbbfb4b000 	C:\WINDOWS\SYSTEM32\NTASN1.dll
0x00007ffbb1c20000 - 0x00007ffbb1c27000 	C:\WINDOWS\system32\wshunix.dll

dbghelp: loaded successfully - version: 4.0.5 - missing functions: none
symbol engine: initialized successfully - sym options: 0x614 - pdb path: .;C:\Users\lufer\.jdks\corretto-19.0.2\bin;C:\WINDOWS\SYSTEM32;C:\WINDOWS\WinSxS\amd64_microsoft.windows.common-controls_6595b64144ccf1df_6.0.19041.3570_none_60bb2a3971f3e41a;C:\Users\lufer\.jdks\corretto-19.0.2\bin\server;C:\Users\lufer\.gradle\native\68d5fa5c4cc2d200863cafc0d521ce42e7d3e7ee720ec0a83991735586a16f82\windows-amd64;C:\Users\lufer\.gradle\native\e376f236ea51e6404a007f0833ffe2c6e607c4080706a723a18a27aeea778392\windows-amd64

VM Arguments:
jvm_args: --add-opens=java.base/java.util=ALL-UNNAMED --add-opens=java.base/java.lang=ALL-UNNAMED --add-opens=java.base/java.lang.invoke=ALL-UNNAMED --add-opens=java.prefs/java.util.prefs=ALL-UNNAMED --add-opens=java.base/java.nio.charset=ALL-UNNAMED --add-opens=java.base/java.net=ALL-UNNAMED --add-opens=java.base/java.util.concurrent.atomic=ALL-UNNAMED -XX:MaxMetaspaceSize=384m -XX:+HeapDumpOnOutOfMemoryError -Xms256m -Xmx512m -Dfile.encoding=windows-1252 -Duser.country=US -Duser.language=en -Duser.variant -javaagent:C:\Users\lufer\.gradle\wrapper\dists\gradle-8.2.1-bin\5hap6b9n41hkg4jeh2au2pllh\gradle-8.2.1\lib\agents\gradle-instrumentation-agent-8.2.1.jar 
java_command: org.gradle.launcher.daemon.bootstrap.GradleDaemon 8.2.1
java_class_path (initial): C:\Users\lufer\.gradle\wrapper\dists\gradle-8.2.1-bin\5hap6b9n41hkg4jeh2au2pllh\gradle-8.2.1\lib\gradle-launcher-8.2.1.jar
Launcher Type: SUN_STANDARD

[Global flags]
     intx CICompilerCount                          = 3                                         {product} {ergonomic}
   size_t CompressedClassSpaceSize                 = 322961408                                 {product} {ergonomic}
     uint ConcGCThreads                            = 1                                         {product} {ergonomic}
     uint G1ConcRefinementThreads                  = 4                                         {product} {ergonomic}
   size_t G1HeapRegionSize                         = 1048576                                   {product} {ergonomic}
    uintx GCDrainStackTargetSize                   = 64                                        {product} {ergonomic}
     bool HeapDumpOnOutOfMemoryError               = true                                   {manageable} {command line}
   size_t InitialHeapSize                          = 268435456                                 {product} {command line}
   size_t MarkStackSize                            = 4194304                                   {product} {ergonomic}
   size_t MaxHeapSize                              = 536870912                                 {product} {command line}
   size_t MaxMetaspaceSize                         = 402653184                                 {product} {command line}
   size_t MaxNewSize                               = 321912832                                 {product} {ergonomic}
   size_t MinHeapDeltaBytes                        = 1048576                                   {product} {ergonomic}
   size_t MinHeapSize                              = 268435456                                 {product} {command line}
    uintx NonNMethodCodeHeapSize                   = 5832780                                {pd product} {ergonomic}
    uintx NonProfiledCodeHeapSize                  = 122912730                              {pd product} {ergonomic}
    uintx ProfiledCodeHeapSize                     = 122912730                              {pd product} {ergonomic}
    uintx ReservedCodeCacheSize                    = 251658240                              {pd product} {ergonomic}
     bool SegmentedCodeCache                       = true                                      {product} {ergonomic}
   size_t SoftMaxHeapSize                          = 536870912                              {manageable} {ergonomic}
     bool UseCompressedClassPointers               = true                           {product lp64_product} {ergonomic}
     bool UseCompressedOops                        = true                           {product lp64_product} {ergonomic}
     bool UseG1GC                                  = true                                      {product} {ergonomic}
     bool UseLargePagesIndividualAllocation        = false                                  {pd product} {ergonomic}

Logging:
Log output configuration:
 #0: stdout all=warning uptime,level,tags foldmultilines=false
 #1: stderr all=off uptime,level,tags foldmultilines=false

Environment Variables:
PATH=C:\WINDOWS\system32;C:\WINDOWS;C:\WINDOWS\System32\Wbem;C:\WINDOWS\System32\WindowsPowerShell\v1.0\;C:\WINDOWS\System32\OpenSSH\;C:\Program Files\Git\cmd;C:\Program Files\nodejs\;C:\Users\lufer\AppData\Local\Microsoft\WindowsApps;C:\Users\lufer\AppData\Roaming\npm
USERNAME=lufer
OS=Windows_NT
PROCESSOR_IDENTIFIER=AMD64 Family 23 Model 17 Stepping 0, AuthenticAMD
TMP=C:\Users\lufer\AppData\Local\Temp
TEMP=C:\Users\lufer\AppData\Local\Temp



---------------  S Y S T E M  ---------------

OS:
 Windows 10 , 64 bit Build 19041 (10.0.19041.3570)
OS uptime: 11 days 7:16 hours

CPU: total 4 (initial active 4) (4 cores per cpu, 1 threads per core) family 23 model 17 stepping 0 microcode 0x0, cx8, cmov, fxsr, mmx, 3dnowpref, sse, sse2, sse3, ssse3, sse4a, sse4.1, sse4.2, popcnt, lzcnt, tsc, tscinvbit, avx, avx2, aes, clmul, bmi1, bmi2, adx, sha, fma, vzeroupper, clflush, clflushopt, rdtscp

Memory: 4k page, system-wide physical 3539M (110M free)
TotalPageFile size 14291M (AvailPageFile size 2M)
current process WorkingSet (physical memory assigned to process): 165M, peak: 165M
current process commit charge ("private bytes"): 394M, peak: 396M

vm_info: OpenJDK 64-Bit Server VM (19.0.2+7-FR) for windows-amd64 JRE (19.0.2+7-FR), built on Jan 13 2023 22:53:32 by "Administrator" with MS VC++ 15.9 (VS2017)

END.
