#
# There is insufficient memory for the Java Runtime Environment to continue.
# Native memory allocation (malloc) failed to allocate 1083296 bytes for Chunk::new
# Possible reasons:
#   The system is out of physical RAM or swap space
#   The process is running with CompressedOops enabled, and the Java Heap may be blocking the growth of the native heap
# Possible solutions:
#   Reduce memory load on the system
#   Increase physical memory or swap space
#   Check if swap backing store is full
#   Decrease Java heap size (-Xmx/-Xms)
#   Decrease number of Java threads
#   Decrease Java thread stack sizes (-Xss)
#   Set larger code cache with -XX:ReservedCodeCacheSize=
#   JVM is running with Unscaled Compressed Oops mode in which the Java heap is
#     placed in the first 4GB address space. The Java Heap base address is the
#     maximum limit for the native heap growth. Please use -XX:HeapBaseMinAddress
#     to set the Java Heap base and to place the Java Heap above 4GB virtual address.
# This output file may be truncated or incomplete.
#
#  Out of Memory Error (arena.cpp:184), pid=17712, tid=1308
#
# JRE version: OpenJDK Runtime Environment Corretto-19.0.2.7.1 (19.0.2+7) (build 19.0.2+7-FR)
# Java VM: OpenJDK 64-Bit Server VM Corretto-19.0.2.7.1 (19.0.2+7-FR, mixed mode, sharing, tiered, compressed oops, compressed class ptrs, g1 gc, windows-amd64)
# No core dump will be written. Minidumps are not enabled by default on client versions of Windows
#

---------------  S U M M A R Y ------------

Command Line: --add-opens=java.base/java.util=ALL-UNNAMED --add-opens=java.base/java.lang=ALL-UNNAMED --add-opens=java.base/java.lang.invoke=ALL-UNNAMED --add-opens=java.prefs/java.util.prefs=ALL-UNNAMED --add-opens=java.base/java.nio.charset=ALL-UNNAMED --add-opens=java.base/java.net=ALL-UNNAMED --add-opens=java.base/java.util.concurrent.atomic=ALL-UNNAMED -XX:MaxMetaspaceSize=384m -XX:+HeapDumpOnOutOfMemoryError -Xms256m -Xmx512m -Dfile.encoding=windows-1252 -Duser.country=US -Duser.language=en -Duser.variant -javaagent:C:\Users\lufer\.gradle\wrapper\dists\gradle-8.2.1-bin\5hap6b9n41hkg4jeh2au2pllh\gradle-8.2.1\lib\agents\gradle-instrumentation-agent-8.2.1.jar org.gradle.launcher.daemon.bootstrap.GradleDaemon 8.2.1

Host: AMD Ryzen 3 2300U with Radeon Vega Mobile Gfx  , 4 cores, 3G,  Windows 10 , 64 bit Build 19041 (10.0.19041.3570)
Time: Fri Nov 24 13:59:36 2023 SA Pacific Standard Time elapsed time: 97.079297 seconds (0d 0h 1m 37s)

---------------  T H R E A D  ---------------

Current thread (0x000001b9e91ba500):  JavaThread "C2 CompilerThread0" daemon [_thread_in_native, id=1308, stack(0x0000006bc7500000,0x0000006bc7600000)]


Current CompileTask:
C2:  97080 7492   !   4       org.jetbrains.kotlin.metadata.ProtoBuf$ValueParameter::<init> (513 bytes)

Stack: [0x0000006bc7500000,0x0000006bc7600000]
Native frames: (J=compiled Java code, j=interpreted, Vv=VM code, C=native code)
V  [jvm.dll+0x6d034a]
V  [jvm.dll+0x880f10]
V  [jvm.dll+0x88289e]
V  [jvm.dll+0x882f43]
V  [jvm.dll+0x27b4bb]
V  [jvm.dll+0xdd792]
V  [jvm.dll+0xddb25]
V  [jvm.dll+0x3b4a5b]
V  [jvm.dll+0x37c86a]
V  [jvm.dll+0x37bc5a]
V  [jvm.dll+0x2470ef]
V  [jvm.dll+0x2465a7]
V  [jvm.dll+0x1d4bb7]
V  [jvm.dll+0x25558a]
V  [jvm.dll+0x2538d7]
V  [jvm.dll+0x8342bd]
V  [jvm.dll+0x82e2fa]
V  [jvm.dll+0x6cf0d3]
C  [ucrtbase.dll+0x21bb2]
C  [KERNEL32.DLL+0x17344]
C  [ntdll.dll+0x526b1]


---------------  P R O C E S S  ---------------

Threads class SMR info:
_java_thread_list=0x000001b9f1a6c3c0, length=39, elements={
0x000001b9ce7c47c0, 0x000001b9e91b2c90, 0x000001b9e91b3c20, 0x000001b9e91b5900,
0x000001b9e91b8640, 0x000001b9e91b8f70, 0x000001b9e91b98a0, 0x000001b9e91ba500,
0x000001b9e91bffa0, 0x000001b9ed420040, 0x000001b9e91818b0, 0x000001b9ed62dff0,
0x000001b9edfce820, 0x000001b9eea8fc60, 0x000001b9ee2fe280, 0x000001b9ed79f760,
0x000001b9eddc2290, 0x000001b9ed4e8730, 0x000001b9ed53d6f0, 0x000001b9eecf6410,
0x000001b9eebd5af0, 0x000001b9eebd45b0, 0x000001b9eebd55a0, 0x000001b9eebd7030,
0x000001b9eebd4b00, 0x000001b9eebd6590, 0x000001b9eebd5050, 0x000001b9eebd7580,
0x000001b9eebd4060, 0x000001b9efc87ae0, 0x000001b9efc87040, 0x000001b9efc87590,
0x000001b9efc85b00, 0x000001b9efc88030, 0x000001b9efc88580, 0x000001b9efc855b0,
0x000001b9efc86af0, 0x000001b9f0909ae0, 0x000001b9f090a030
}

Java Threads: ( => current thread )
  0x000001b9ce7c47c0 JavaThread "main" [_thread_blocked, id=1072, stack(0x0000006bc6800000,0x0000006bc6900000)]
  0x000001b9e91b2c90 JavaThread "Reference Handler" daemon [_thread_blocked, id=14684, stack(0x0000006bc6f00000,0x0000006bc7000000)]
  0x000001b9e91b3c20 JavaThread "Finalizer" daemon [_thread_blocked, id=5444, stack(0x0000006bc7000000,0x0000006bc7100000)]
  0x000001b9e91b5900 JavaThread "Signal Dispatcher" daemon [_thread_blocked, id=1456, stack(0x0000006bc7100000,0x0000006bc7200000)]
  0x000001b9e91b8640 JavaThread "Attach Listener" daemon [_thread_blocked, id=5368, stack(0x0000006bc7200000,0x0000006bc7300000)]
  0x000001b9e91b8f70 JavaThread "Service Thread" daemon [_thread_blocked, id=18396, stack(0x0000006bc7300000,0x0000006bc7400000)]
  0x000001b9e91b98a0 JavaThread "Monitor Deflation Thread" daemon [_thread_blocked, id=20224, stack(0x0000006bc7400000,0x0000006bc7500000)]
=>0x000001b9e91ba500 JavaThread "C2 CompilerThread0" daemon [_thread_in_native, id=1308, stack(0x0000006bc7500000,0x0000006bc7600000)]
  0x000001b9e91bffa0 JavaThread "C1 CompilerThread0" daemon [_thread_blocked, id=19032, stack(0x0000006bc7600000,0x0000006bc7700000)]
  0x000001b9ed420040 JavaThread "Sweeper thread" daemon [_thread_blocked, id=12468, stack(0x0000006bc7700000,0x0000006bc7800000)]
  0x000001b9e91818b0 JavaThread "Common-Cleaner" daemon [_thread_blocked, id=18384, stack(0x0000006bc7800000,0x0000006bc7900000)]
  0x000001b9ed62dff0 JavaThread "Notification Thread" daemon [_thread_blocked, id=22216, stack(0x0000006bc7900000,0x0000006bc7a00000)]
  0x000001b9edfce820 JavaThread "Daemon health stats" [_thread_blocked, id=8460, stack(0x0000006bc7e00000,0x0000006bc7f00000)]
  0x000001b9eea8fc60 JavaThread "Incoming local TCP Connector on port 59455" [_thread_in_native, id=18372, stack(0x0000006bc7f00000,0x0000006bc8000000)]
  0x000001b9ee2fe280 JavaThread "Daemon periodic checks" [_thread_blocked, id=11040, stack(0x0000006bc8000000,0x0000006bc8100000)]
  0x000001b9ed79f760 JavaThread "Daemon" [_thread_blocked, id=19420, stack(0x0000006bc8100000,0x0000006bc8200000)]
  0x000001b9eddc2290 JavaThread "Handler for socket connection from /127.0.0.1:59455 to /127.0.0.1:59457" [_thread_in_native, id=9264, stack(0x0000006bc8200000,0x0000006bc8300000)]
  0x000001b9ed4e8730 JavaThread "Cancel handler" [_thread_blocked, id=20956, stack(0x0000006bc8300000,0x0000006bc8400000)]
  0x000001b9ed53d6f0 JavaThread "Daemon worker" [_thread_in_native, id=1588, stack(0x0000006bc8400000,0x0000006bc8500000)]
  0x000001b9eecf6410 JavaThread "Asynchronous log dispatcher for DefaultDaemonConnection: socket connection from /127.0.0.1:59455 to /127.0.0.1:59457" [_thread_blocked, id=13028, stack(0x0000006bc8500000,0x0000006bc8600000)]
  0x000001b9eebd5af0 JavaThread "Daemon client event forwarder" [_thread_blocked, id=9896, stack(0x0000006bc8700000,0x0000006bc8800000)]
  0x000001b9eebd45b0 JavaThread "Cache worker for journal cache (C:\Users\lufer\.gradle\caches\journal-1)" [_thread_blocked, id=5888, stack(0x0000006bc8800000,0x0000006bc8900000)]
  0x000001b9eebd55a0 JavaThread "File lock request listener" [_thread_in_native, id=9192, stack(0x0000006bc8900000,0x0000006bc8a00000)]
  0x000001b9eebd7030 JavaThread "Cache worker for file hash cache (C:\Users\lufer\.gradle\caches\8.2.1\fileHashes)" [_thread_blocked, id=7308, stack(0x0000006bc8a00000,0x0000006bc8b00000)]
  0x000001b9eebd4b00 JavaThread "File watcher server" daemon [_thread_in_native, id=10160, stack(0x0000006bc8b00000,0x0000006bc8c00000)]
  0x000001b9eebd6590 JavaThread "File watcher consumer" daemon [_thread_blocked, id=13156, stack(0x0000006bc8c00000,0x0000006bc8d00000)]
  0x000001b9eebd5050 JavaThread "jar transforms" [_thread_blocked, id=520, stack(0x0000006bc8d00000,0x0000006bc8e00000)]
  0x000001b9eebd7580 JavaThread "jar transforms Thread 2" [_thread_blocked, id=9324, stack(0x0000006bc8e00000,0x0000006bc8f00000)]
  0x000001b9eebd4060 JavaThread "jar transforms Thread 3" [_thread_blocked, id=22252, stack(0x0000006bc8f00000,0x0000006bc9000000)]
  0x000001b9efc87ae0 JavaThread "jar transforms Thread 4" [_thread_blocked, id=18520, stack(0x0000006bc9000000,0x0000006bc9100000)]
  0x000001b9efc87040 JavaThread "Cache worker for checksums cache (C:\Users\lufer\Documents\Codigo\.gradle\8.2.1\checksums)" [_thread_blocked, id=1524, stack(0x0000006bc9100000,0x0000006bc9200000)]
  0x000001b9efc87590 JavaThread "Cache worker for cache directory md-rule (C:\Users\lufer\.gradle\caches\8.2.1\md-rule)" [_thread_blocked, id=16000, stack(0x0000006bc9200000,0x0000006bc9300000)]
  0x000001b9efc85b00 JavaThread "Cache worker for file content cache (C:\Users\lufer\.gradle\caches\8.2.1\fileContent)" [_thread_blocked, id=21068, stack(0x0000006bc9300000,0x0000006bc9400000)]
  0x000001b9efc88030 JavaThread "Cache worker for file hash cache (C:\Users\lufer\Documents\Codigo\.gradle\8.2.1\fileHashes)" [_thread_blocked, id=4704, stack(0x0000006bc9400000,0x0000006bc9500000)]
  0x000001b9efc88580 JavaThread "Cache worker for cache directory md-supplier (C:\Users\lufer\.gradle\caches\8.2.1\md-supplier)" [_thread_blocked, id=14048, stack(0x0000006bc9500000,0x0000006bc9600000)]
  0x000001b9efc855b0 JavaThread "Cache worker for execution history cache (C:\Users\lufer\.gradle\caches\8.2.1\executionHistory)" [_thread_blocked, id=17488, stack(0x0000006bc9600000,0x0000006bc9700000)]
  0x000001b9efc86af0 JavaThread "Cache worker for kotlin-dsl (C:\Users\lufer\.gradle\caches\8.2.1\kotlin-dsl)" [_thread_blocked, id=4400, stack(0x0000006bc6600000,0x0000006bc6700000)]
  0x000001b9f0909ae0 JavaThread "Cache worker for dependencies-accessors (C:\Users\lufer\Documents\Codigo\.gradle\8.2.1\dependencies-accessors)" [_thread_blocked, id=11940, stack(0x0000006bc6700000,0x0000006bc6800000)]
  0x000001b9f090a030 JavaThread "Cache worker for Build Output Cleanup Cache (C:\Users\lufer\Documents\Codigo\.gradle\buildOutputCleanup)" [_thread_blocked, id=10188, stack(0x0000006bc9900000,0x0000006bc9a00000)]

Other Threads:
  0x000001b9e919bd80 VMThread "VM Thread" [stack: 0x0000006bc6e00000,0x0000006bc6f00000] [id=11624]
  0x000001b9ce7c56f0 WatcherThread "VM Periodic Task Thread" [stack: 0x0000006bc7a00000,0x0000006bc7b00000] [id=16408]
  0x000001b9ce7f6610 WorkerThread "GC Thread#0" [stack: 0x0000006bc6900000,0x0000006bc6a00000] [id=14396]
  0x000001b9ed685130 WorkerThread "GC Thread#1" [stack: 0x0000006bc7b00000,0x0000006bc7c00000] [id=9988]
  0x000001b9ed80ea10 WorkerThread "GC Thread#2" [stack: 0x0000006bc7c00000,0x0000006bc7d00000] [id=15136]
  0x000001b9ed80ece0 WorkerThread "GC Thread#3" [stack: 0x0000006bc7d00000,0x0000006bc7e00000] [id=6652]
  0x000001b9ce7fb480 ConcurrentGCThread "G1 Main Marker" [stack: 0x0000006bc6a00000,0x0000006bc6b00000] [id=3684]
  0x000001b9ce7fbf60 WorkerThread "G1 Conc#0" [stack: 0x0000006bc6b00000,0x0000006bc6c00000] [id=20656]
  0x000001b9ce89e500 ConcurrentGCThread "G1 Refine#0" [stack: 0x0000006bc6c00000,0x0000006bc6d00000] [id=8464]
  0x000001b9e905a100 ConcurrentGCThread "G1 Service" [stack: 0x0000006bc6d00000,0x0000006bc6e00000] [id=22420]

Threads with active compile tasks:
C2 CompilerThread0    97173 7492   !   4       org.jetbrains.kotlin.metadata.ProtoBuf$ValueParameter::<init> (513 bytes)

VM state: not at safepoint (normal execution)

VM Mutex/Monitor currently owned by a thread: None

Heap address: 0x00000000e0000000, size: 512 MB, Compressed Oops mode: 32-bit

CDS archive(s) mapped at: [0x0000000800000000-0x0000000800c40000-0x0000000800c40000), size 12845056, SharedBaseAddress: 0x0000000800000000, ArchiveRelocationMode: 0.
Compressed class space mapped at: 0x0000000801000000-0x0000000814400000, reserved size: 322961408
Narrow klass base: 0x0000000800000000, Narrow klass shift: 0, Narrow klass range: 0x100000000

GC Precious Log:
 CardTable entry size: 512
 Card Set container configuration: InlinePtr #cards 5 size 8 Array Of Cards #cards 12 size 40 Howl #buckets 4 coarsen threshold 1843 Howl Bitmap #cards 512 size 80 coarsen threshold 460 Card regions per heap region 1 cards per card region 2048
 CPUs: 4 total, 4 available
 Memory: 3539M
 Large Page Support: Disabled
 NUMA Support: Disabled
 Compressed Oops: Enabled (32-bit)
 Heap Region Size: 1M
 Heap Min Capacity: 256M
 Heap Initial Capacity: 256M
 Heap Max Capacity: 512M
 Pre-touch: Disabled
 Parallel Workers: 4
 Concurrent Workers: 1
 Concurrent Refinement Workers: 4
 Periodic GC: Disabled

Heap:
 garbage-first heap   total 262144K, used 119181K [0x00000000e0000000, 0x0000000100000000)
  region size 1024K, 34 young (34816K), 7 survivors (7168K)
 Metaspace       used 86167K, committed 88192K, reserved 446464K
  class space    used 11490K, committed 12544K, reserved 315392K

Heap Regions: E=young(eden), S=young(survivor), O=old, HS=humongous(starts), HC=humongous(continues), CS=collection set, F=free, OA=open archive, CA=closed archive, TAMS=top-at-mark-start (previous, next)
|   0|0x00000000e0000000, 0x00000000e0100000, 0x00000000e0100000|100%| O|  |TAMS 0x00000000e0100000, 0x00000000e0000000| Untracked 
|   1|0x00000000e0100000, 0x00000000e0200000, 0x00000000e0200000|100%| O|  |TAMS 0x00000000e0200000, 0x00000000e0100000| Untracked 
|   2|0x00000000e0200000, 0x00000000e0300000, 0x00000000e0300000|100%|HS|  |TAMS 0x00000000e0300000, 0x00000000e0200000| Complete 
|   3|0x00000000e0300000, 0x00000000e0400000, 0x00000000e0400000|100%|HC|  |TAMS 0x00000000e0400000, 0x00000000e0300000| Complete 
|   4|0x00000000e0400000, 0x00000000e0500000, 0x00000000e0500000|100%|HC|  |TAMS 0x00000000e0500000, 0x00000000e0400000| Complete 
|   5|0x00000000e0500000, 0x00000000e0600000, 0x00000000e0600000|100%|HC|  |TAMS 0x00000000e0600000, 0x00000000e0500000| Complete 
|   6|0x00000000e0600000, 0x00000000e0700000, 0x00000000e0700000|100%| O|  |TAMS 0x00000000e0700000, 0x00000000e0600000| Untracked 
|   7|0x00000000e0700000, 0x00000000e0800000, 0x00000000e0800000|100%| O|  |TAMS 0x00000000e0800000, 0x00000000e0700000| Untracked 
|   8|0x00000000e0800000, 0x00000000e0900000, 0x00000000e0900000|100%| O|  |TAMS 0x00000000e0900000, 0x00000000e0800000| Untracked 
|   9|0x00000000e0900000, 0x00000000e0a00000, 0x00000000e0a00000|100%| O|  |TAMS 0x00000000e0a00000, 0x00000000e0900000| Untracked 
|  10|0x00000000e0a00000, 0x00000000e0b00000, 0x00000000e0b00000|100%| O|  |TAMS 0x00000000e0b00000, 0x00000000e0a00000| Untracked 
|  11|0x00000000e0b00000, 0x00000000e0c00000, 0x00000000e0c00000|100%| O|  |TAMS 0x00000000e0c00000, 0x00000000e0b00000| Untracked 
|  12|0x00000000e0c00000, 0x00000000e0d00000, 0x00000000e0d00000|100%|HS|  |TAMS 0x00000000e0d00000, 0x00000000e0c00000| Complete 
|  13|0x00000000e0d00000, 0x00000000e0e00000, 0x00000000e0e00000|100%|HC|  |TAMS 0x00000000e0e00000, 0x00000000e0d00000| Complete 
|  14|0x00000000e0e00000, 0x00000000e0f00000, 0x00000000e0f00000|100%|HS|  |TAMS 0x00000000e0f00000, 0x00000000e0e00000| Complete 
|  15|0x00000000e0f00000, 0x00000000e1000000, 0x00000000e1000000|100%|HC|  |TAMS 0x00000000e1000000, 0x00000000e0f00000| Complete 
|  16|0x00000000e1000000, 0x00000000e1100000, 0x00000000e1100000|100%|HC|  |TAMS 0x00000000e1100000, 0x00000000e1000000| Complete 
|  17|0x00000000e1100000, 0x00000000e1200000, 0x00000000e1200000|100%|HS|  |TAMS 0x00000000e1200000, 0x00000000e1100000| Complete 
|  18|0x00000000e1200000, 0x00000000e1300000, 0x00000000e1300000|100%|HC|  |TAMS 0x00000000e1300000, 0x00000000e1200000| Complete 
|  19|0x00000000e1300000, 0x00000000e1400000, 0x00000000e1400000|100%|HC|  |TAMS 0x00000000e1400000, 0x00000000e1300000| Complete 
|  20|0x00000000e1400000, 0x00000000e1500000, 0x00000000e1500000|100%|HS|  |TAMS 0x00000000e1500000, 0x00000000e1400000| Complete 
|  21|0x00000000e1500000, 0x00000000e1600000, 0x00000000e1600000|100%|HC|  |TAMS 0x00000000e1600000, 0x00000000e1500000| Complete 
|  22|0x00000000e1600000, 0x00000000e1700000, 0x00000000e1700000|100%|HC|  |TAMS 0x00000000e1700000, 0x00000000e1600000| Complete 
|  23|0x00000000e1700000, 0x00000000e1800000, 0x00000000e1800000|100%| O|  |TAMS 0x00000000e1800000, 0x00000000e1700000| Untracked 
|  24|0x00000000e1800000, 0x00000000e1900000, 0x00000000e1900000|100%| O|  |TAMS 0x00000000e1900000, 0x00000000e1800000| Untracked 
|  25|0x00000000e1900000, 0x00000000e1a00000, 0x00000000e1a00000|100%| O|  |TAMS 0x00000000e1a00000, 0x00000000e1900000| Untracked 
|  26|0x00000000e1a00000, 0x00000000e1b00000, 0x00000000e1b00000|100%| O|  |TAMS 0x00000000e1b00000, 0x00000000e1a00000| Untracked 
|  27|0x00000000e1b00000, 0x00000000e1c00000, 0x00000000e1c00000|100%| O|  |TAMS 0x00000000e1c00000, 0x00000000e1b00000| Untracked 
|  28|0x00000000e1c00000, 0x00000000e1d00000, 0x00000000e1d00000|100%| O|  |TAMS 0x00000000e1d00000, 0x00000000e1c00000| Untracked 
|  29|0x00000000e1d00000, 0x00000000e1e00000, 0x00000000e1e00000|100%| O|  |TAMS 0x00000000e1e00000, 0x00000000e1d00000| Untracked 
|  30|0x00000000e1e00000, 0x00000000e1f00000, 0x00000000e1f00000|100%| O|  |TAMS 0x00000000e1f00000, 0x00000000e1e00000| Untracked 
|  31|0x00000000e1f00000, 0x00000000e2000000, 0x00000000e2000000|100%| O|  |TAMS 0x00000000e2000000, 0x00000000e1f00000| Untracked 
|  32|0x00000000e2000000, 0x00000000e2100000, 0x00000000e2100000|100%| O|  |TAMS 0x00000000e2100000, 0x00000000e2000000| Untracked 
|  33|0x00000000e2100000, 0x00000000e2200000, 0x00000000e2200000|100%| O|  |TAMS 0x00000000e2200000, 0x00000000e2100000| Untracked 
|  34|0x00000000e2200000, 0x00000000e2300000, 0x00000000e2300000|100%| O|  |TAMS 0x00000000e2300000, 0x00000000e2200000| Untracked 
|  35|0x00000000e2300000, 0x00000000e2400000, 0x00000000e2400000|100%| O|  |TAMS 0x00000000e2400000, 0x00000000e2300000| Untracked 
|  36|0x00000000e2400000, 0x00000000e2500000, 0x00000000e2500000|100%| O|  |TAMS 0x00000000e2500000, 0x00000000e2400000| Untracked 
|  37|0x00000000e2500000, 0x00000000e2600000, 0x00000000e2600000|100%| O|  |TAMS 0x00000000e2600000, 0x00000000e2500000| Untracked 
|  38|0x00000000e2600000, 0x00000000e2700000, 0x00000000e2700000|100%|HS|  |TAMS 0x00000000e2700000, 0x00000000e2600000| Complete 
|  39|0x00000000e2700000, 0x00000000e2800000, 0x00000000e2800000|100%|HC|  |TAMS 0x00000000e2800000, 0x00000000e2700000| Complete 
|  40|0x00000000e2800000, 0x00000000e2900000, 0x00000000e2900000|100%|HC|  |TAMS 0x00000000e2900000, 0x00000000e2800000| Complete 
|  41|0x00000000e2900000, 0x00000000e2a00000, 0x00000000e2a00000|100%| O|  |TAMS 0x00000000e2a00000, 0x00000000e2900000| Untracked 
|  42|0x00000000e2a00000, 0x00000000e2b00000, 0x00000000e2b00000|100%| O|  |TAMS 0x00000000e2b00000, 0x00000000e2a00000| Untracked 
|  43|0x00000000e2b00000, 0x00000000e2c00000, 0x00000000e2c00000|100%| O|  |TAMS 0x00000000e2c00000, 0x00000000e2b00000| Untracked 
|  44|0x00000000e2c00000, 0x00000000e2d00000, 0x00000000e2d00000|100%| O|  |TAMS 0x00000000e2d00000, 0x00000000e2c00000| Untracked 
|  45|0x00000000e2d00000, 0x00000000e2e00000, 0x00000000e2e00000|100%| O|  |TAMS 0x00000000e2e00000, 0x00000000e2d00000| Untracked 
|  46|0x00000000e2e00000, 0x00000000e2f00000, 0x00000000e2f00000|100%| O|  |TAMS 0x00000000e2f00000, 0x00000000e2e00000| Untracked 
|  47|0x00000000e2f00000, 0x00000000e3000000, 0x00000000e3000000|100%| O|  |TAMS 0x00000000e3000000, 0x00000000e2f00000| Untracked 
|  48|0x00000000e3000000, 0x00000000e3100000, 0x00000000e3100000|100%| O|  |TAMS 0x00000000e3100000, 0x00000000e3000000| Untracked 
|  49|0x00000000e3100000, 0x00000000e3200000, 0x00000000e3200000|100%| O|  |TAMS 0x00000000e3200000, 0x00000000e3100000| Untracked 
|  50|0x00000000e3200000, 0x00000000e3200000, 0x00000000e3300000|  0%| F|  |TAMS 0x00000000e3200000, 0x00000000e3200000| Untracked 
|  51|0x00000000e3300000, 0x00000000e3400000, 0x00000000e3400000|100%| O|  |TAMS 0x00000000e3400000, 0x00000000e3300000| Untracked 
|  52|0x00000000e3400000, 0x00000000e3500000, 0x00000000e3500000|100%| O|  |TAMS 0x00000000e344f400, 0x00000000e3400000| Untracked 
|  53|0x00000000e3500000, 0x00000000e3600000, 0x00000000e3600000|100%|HS|  |TAMS 0x00000000e3500000, 0x00000000e3500000| Complete 
|  54|0x00000000e3600000, 0x00000000e3700000, 0x00000000e3700000|100%|HC|  |TAMS 0x00000000e3600000, 0x00000000e3600000| Complete 
|  55|0x00000000e3700000, 0x00000000e3800000, 0x00000000e3800000|100%|HC|  |TAMS 0x00000000e3700000, 0x00000000e3700000| Complete 
|  56|0x00000000e3800000, 0x00000000e3900000, 0x00000000e3900000|100%|HC|  |TAMS 0x00000000e3800000, 0x00000000e3800000| Complete 
|  57|0x00000000e3900000, 0x00000000e3a00000, 0x00000000e3a00000|100%| O|  |TAMS 0x00000000e3900000, 0x00000000e3900000| Untracked 
|  58|0x00000000e3a00000, 0x00000000e3b00000, 0x00000000e3b00000|100%| O|  |TAMS 0x00000000e3a00000, 0x00000000e3a00000| Untracked 
|  59|0x00000000e3b00000, 0x00000000e3c00000, 0x00000000e3c00000|100%| O|  |TAMS 0x00000000e3b00000, 0x00000000e3b00000| Untracked 
|  60|0x00000000e3c00000, 0x00000000e3d00000, 0x00000000e3d00000|100%| O|  |TAMS 0x00000000e3c00000, 0x00000000e3c00000| Untracked 
|  61|0x00000000e3d00000, 0x00000000e3e00000, 0x00000000e3e00000|100%| O|  |TAMS 0x00000000e3d00000, 0x00000000e3d00000| Untracked 
|  62|0x00000000e3e00000, 0x00000000e3f00000, 0x00000000e3f00000|100%| O|  |TAMS 0x00000000e3e00000, 0x00000000e3e00000| Untracked 
|  63|0x00000000e3f00000, 0x00000000e4000000, 0x00000000e4000000|100%| O|  |TAMS 0x00000000e3f00000, 0x00000000e3f00000| Untracked 
|  64|0x00000000e4000000, 0x00000000e4100000, 0x00000000e4100000|100%|HS|  |TAMS 0x00000000e4000000, 0x00000000e4000000| Complete 
|  65|0x00000000e4100000, 0x00000000e4200000, 0x00000000e4200000|100%|HC|  |TAMS 0x00000000e4100000, 0x00000000e4100000| Complete 
|  66|0x00000000e4200000, 0x00000000e4300000, 0x00000000e4300000|100%|HC|  |TAMS 0x00000000e4200000, 0x00000000e4200000| Complete 
|  67|0x00000000e4300000, 0x00000000e4400000, 0x00000000e4400000|100%|HC|  |TAMS 0x00000000e4300000, 0x00000000e4300000| Complete 
|  68|0x00000000e4400000, 0x00000000e4500000, 0x00000000e4500000|100%|HC|  |TAMS 0x00000000e4400000, 0x00000000e4400000| Complete 
|  69|0x00000000e4500000, 0x00000000e4600000, 0x00000000e4600000|100%|HC|  |TAMS 0x00000000e4500000, 0x00000000e4500000| Complete 
|  70|0x00000000e4600000, 0x00000000e4700000, 0x00000000e4700000|100%|HS|  |TAMS 0x00000000e4600000, 0x00000000e4600000| Complete 
|  71|0x00000000e4700000, 0x00000000e4800000, 0x00000000e4800000|100%| O|  |TAMS 0x00000000e4700000, 0x00000000e4700000| Untracked 
|  72|0x00000000e4800000, 0x00000000e4900000, 0x00000000e4900000|100%| O|  |TAMS 0x00000000e4800000, 0x00000000e4800000| Untracked 
|  73|0x00000000e4900000, 0x00000000e4a00000, 0x00000000e4a00000|100%| O|  |TAMS 0x00000000e4900000, 0x00000000e4900000| Untracked 
|  74|0x00000000e4a00000, 0x00000000e4b00000, 0x00000000e4b00000|100%| O|  |TAMS 0x00000000e4a00000, 0x00000000e4a00000| Untracked 
|  75|0x00000000e4b00000, 0x00000000e4c00000, 0x00000000e4c00000|100%| O|  |TAMS 0x00000000e4b00000, 0x00000000e4b00000| Untracked 
|  76|0x00000000e4c00000, 0x00000000e4d00000, 0x00000000e4d00000|100%| O|  |TAMS 0x00000000e4c00000, 0x00000000e4c00000| Untracked 
|  77|0x00000000e4d00000, 0x00000000e4e00000, 0x00000000e4e00000|100%| O|  |TAMS 0x00000000e4d00000, 0x00000000e4d00000| Untracked 
|  78|0x00000000e4e00000, 0x00000000e4f00000, 0x00000000e4f00000|100%| O|  |TAMS 0x00000000e4e00000, 0x00000000e4e00000| Untracked 
|  79|0x00000000e4f00000, 0x00000000e5000000, 0x00000000e5000000|100%| O|  |TAMS 0x00000000e4f00000, 0x00000000e4f00000| Untracked 
|  80|0x00000000e5000000, 0x00000000e5100000, 0x00000000e5100000|100%| O|  |TAMS 0x00000000e5000000, 0x00000000e5000000| Untracked 
|  81|0x00000000e5100000, 0x00000000e5200000, 0x00000000e5200000|100%| O|  |TAMS 0x00000000e5100000, 0x00000000e5100000| Untracked 
|  82|0x00000000e5200000, 0x00000000e5300000, 0x00000000e5300000|100%| O|  |TAMS 0x00000000e5200000, 0x00000000e5200000| Untracked 
|  83|0x00000000e5300000, 0x00000000e5300000, 0x00000000e5400000|  0%| F|  |TAMS 0x00000000e5300000, 0x00000000e5300000| Untracked 
|  84|0x00000000e5400000, 0x00000000e5400000, 0x00000000e5500000|  0%| F|  |TAMS 0x00000000e5400000, 0x00000000e5400000| Untracked 
|  85|0x00000000e5500000, 0x00000000e5500000, 0x00000000e5600000|  0%| F|  |TAMS 0x00000000e5500000, 0x00000000e5500000| Untracked 
|  86|0x00000000e5600000, 0x00000000e5600000, 0x00000000e5700000|  0%| F|  |TAMS 0x00000000e5600000, 0x00000000e5600000| Untracked 
|  87|0x00000000e5700000, 0x00000000e5700000, 0x00000000e5800000|  0%| F|  |TAMS 0x00000000e5700000, 0x00000000e5700000| Untracked 
|  88|0x00000000e5800000, 0x00000000e5800000, 0x00000000e5900000|  0%| F|  |TAMS 0x00000000e5800000, 0x00000000e5800000| Untracked 
|  89|0x00000000e5900000, 0x00000000e5900000, 0x00000000e5a00000|  0%| F|  |TAMS 0x00000000e5900000, 0x00000000e5900000| Untracked 
|  90|0x00000000e5a00000, 0x00000000e5a00000, 0x00000000e5b00000|  0%| F|  |TAMS 0x00000000e5a00000, 0x00000000e5a00000| Untracked 
|  91|0x00000000e5b00000, 0x00000000e5b00000, 0x00000000e5c00000|  0%| F|  |TAMS 0x00000000e5b00000, 0x00000000e5b00000| Untracked 
|  92|0x00000000e5c00000, 0x00000000e5c00000, 0x00000000e5d00000|  0%| F|  |TAMS 0x00000000e5c00000, 0x00000000e5c00000| Untracked 
|  93|0x00000000e5d00000, 0x00000000e5d00000, 0x00000000e5e00000|  0%| F|  |TAMS 0x00000000e5d00000, 0x00000000e5d00000| Untracked 
|  94|0x00000000e5e00000, 0x00000000e5e00000, 0x00000000e5f00000|  0%| F|  |TAMS 0x00000000e5e00000, 0x00000000e5e00000| Untracked 
|  95|0x00000000e5f00000, 0x00000000e5f00000, 0x00000000e6000000|  0%| F|  |TAMS 0x00000000e5f00000, 0x00000000e5f00000| Untracked 
|  96|0x00000000e6000000, 0x00000000e6000000, 0x00000000e6100000|  0%| F|  |TAMS 0x00000000e6000000, 0x00000000e6000000| Untracked 
|  97|0x00000000e6100000, 0x00000000e6100000, 0x00000000e6200000|  0%| F|  |TAMS 0x00000000e6100000, 0x00000000e6100000| Untracked 
|  98|0x00000000e6200000, 0x00000000e6200000, 0x00000000e6300000|  0%| F|  |TAMS 0x00000000e6200000, 0x00000000e6200000| Untracked 
|  99|0x00000000e6300000, 0x00000000e6300000, 0x00000000e6400000|  0%| F|  |TAMS 0x00000000e6300000, 0x00000000e6300000| Untracked 
| 100|0x00000000e6400000, 0x00000000e6400000, 0x00000000e6500000|  0%| F|  |TAMS 0x00000000e6400000, 0x00000000e6400000| Untracked 
| 101|0x00000000e6500000, 0x00000000e6500000, 0x00000000e6600000|  0%| F|  |TAMS 0x00000000e6500000, 0x00000000e6500000| Untracked 
| 102|0x00000000e6600000, 0x00000000e6600000, 0x00000000e6700000|  0%| F|  |TAMS 0x00000000e6600000, 0x00000000e6600000| Untracked 
| 103|0x00000000e6700000, 0x00000000e6800000, 0x00000000e6800000|100%| O|  |TAMS 0x00000000e6700000, 0x00000000e6700000| Untracked 
| 104|0x00000000e6800000, 0x00000000e6863400, 0x00000000e6900000| 38%| O|  |TAMS 0x00000000e6800000, 0x00000000e6800000| Untracked 
| 105|0x00000000e6900000, 0x00000000e6900000, 0x00000000e6a00000|  0%| F|  |TAMS 0x00000000e6900000, 0x00000000e6900000| Untracked 
| 106|0x00000000e6a00000, 0x00000000e6a00000, 0x00000000e6b00000|  0%| F|  |TAMS 0x00000000e6a00000, 0x00000000e6a00000| Untracked 
| 107|0x00000000e6b00000, 0x00000000e6b00000, 0x00000000e6c00000|  0%| F|  |TAMS 0x00000000e6b00000, 0x00000000e6b00000| Untracked 
| 108|0x00000000e6c00000, 0x00000000e6c00000, 0x00000000e6d00000|  0%| F|  |TAMS 0x00000000e6c00000, 0x00000000e6c00000| Untracked 
| 109|0x00000000e6d00000, 0x00000000e6d00000, 0x00000000e6e00000|  0%| F|  |TAMS 0x00000000e6d00000, 0x00000000e6d00000| Untracked 
| 110|0x00000000e6e00000, 0x00000000e6e00000, 0x00000000e6f00000|  0%| F|  |TAMS 0x00000000e6e00000, 0x00000000e6e00000| Untracked 
| 111|0x00000000e6f00000, 0x00000000e6f00000, 0x00000000e7000000|  0%| F|  |TAMS 0x00000000e6f00000, 0x00000000e6f00000| Untracked 
| 112|0x00000000e7000000, 0x00000000e7000000, 0x00000000e7100000|  0%| F|  |TAMS 0x00000000e7000000, 0x00000000e7000000| Untracked 
| 113|0x00000000e7100000, 0x00000000e7100000, 0x00000000e7200000|  0%| F|  |TAMS 0x00000000e7100000, 0x00000000e7100000| Untracked 
| 114|0x00000000e7200000, 0x00000000e7200000, 0x00000000e7300000|  0%| F|  |TAMS 0x00000000e7200000, 0x00000000e7200000| Untracked 
| 115|0x00000000e7300000, 0x00000000e7300000, 0x00000000e7400000|  0%| F|  |TAMS 0x00000000e7300000, 0x00000000e7300000| Untracked 
| 116|0x00000000e7400000, 0x00000000e7400000, 0x00000000e7500000|  0%| F|  |TAMS 0x00000000e7400000, 0x00000000e7400000| Untracked 
| 117|0x00000000e7500000, 0x00000000e7500000, 0x00000000e7600000|  0%| F|  |TAMS 0x00000000e7500000, 0x00000000e7500000| Untracked 
| 118|0x00000000e7600000, 0x00000000e7600000, 0x00000000e7700000|  0%| F|  |TAMS 0x00000000e7600000, 0x00000000e7600000| Untracked 
| 119|0x00000000e7700000, 0x00000000e7700000, 0x00000000e7800000|  0%| F|  |TAMS 0x00000000e7700000, 0x00000000e7700000| Untracked 
| 120|0x00000000e7800000, 0x00000000e7800000, 0x00000000e7900000|  0%| F|  |TAMS 0x00000000e7800000, 0x00000000e7800000| Untracked 
| 121|0x00000000e7900000, 0x00000000e7900000, 0x00000000e7a00000|  0%| F|  |TAMS 0x00000000e7900000, 0x00000000e7900000| Untracked 
| 122|0x00000000e7a00000, 0x00000000e7a00000, 0x00000000e7b00000|  0%| F|  |TAMS 0x00000000e7a00000, 0x00000000e7a00000| Untracked 
| 123|0x00000000e7b00000, 0x00000000e7b00000, 0x00000000e7c00000|  0%| F|  |TAMS 0x00000000e7b00000, 0x00000000e7b00000| Untracked 
| 124|0x00000000e7c00000, 0x00000000e7c00000, 0x00000000e7d00000|  0%| F|  |TAMS 0x00000000e7c00000, 0x00000000e7c00000| Untracked 
| 125|0x00000000e7d00000, 0x00000000e7d00000, 0x00000000e7e00000|  0%| F|  |TAMS 0x00000000e7d00000, 0x00000000e7d00000| Untracked 
| 126|0x00000000e7e00000, 0x00000000e7e00000, 0x00000000e7f00000|  0%| F|  |TAMS 0x00000000e7e00000, 0x00000000e7e00000| Untracked 
| 127|0x00000000e7f00000, 0x00000000e7f00000, 0x00000000e8000000|  0%| F|  |TAMS 0x00000000e7f00000, 0x00000000e7f00000| Untracked 
| 128|0x00000000e8000000, 0x00000000e8000000, 0x00000000e8100000|  0%| F|  |TAMS 0x00000000e8000000, 0x00000000e8000000| Untracked 
| 129|0x00000000e8100000, 0x00000000e8100000, 0x00000000e8200000|  0%| F|  |TAMS 0x00000000e8100000, 0x00000000e8100000| Untracked 
| 130|0x00000000e8200000, 0x00000000e8200000, 0x00000000e8300000|  0%| F|  |TAMS 0x00000000e8200000, 0x00000000e8200000| Untracked 
| 131|0x00000000e8300000, 0x00000000e8300000, 0x00000000e8400000|  0%| F|  |TAMS 0x00000000e8300000, 0x00000000e8300000| Untracked 
| 132|0x00000000e8400000, 0x00000000e8400000, 0x00000000e8500000|  0%| F|  |TAMS 0x00000000e8400000, 0x00000000e8400000| Untracked 
| 133|0x00000000e8500000, 0x00000000e8500000, 0x00000000e8600000|  0%| F|  |TAMS 0x00000000e8500000, 0x00000000e8500000| Untracked 
| 134|0x00000000e8600000, 0x00000000e8600000, 0x00000000e8700000|  0%| F|  |TAMS 0x00000000e8600000, 0x00000000e8600000| Untracked 
| 135|0x00000000e8700000, 0x00000000e8700000, 0x00000000e8800000|  0%| F|  |TAMS 0x00000000e8700000, 0x00000000e8700000| Untracked 
| 136|0x00000000e8800000, 0x00000000e8800000, 0x00000000e8900000|  0%| F|  |TAMS 0x00000000e8800000, 0x00000000e8800000| Untracked 
| 137|0x00000000e8900000, 0x00000000e8a00000, 0x00000000e8a00000|100%| S|CS|TAMS 0x00000000e8900000, 0x00000000e8900000| Complete 
| 138|0x00000000e8a00000, 0x00000000e8b00000, 0x00000000e8b00000|100%| S|CS|TAMS 0x00000000e8a00000, 0x00000000e8a00000| Complete 
| 139|0x00000000e8b00000, 0x00000000e8c00000, 0x00000000e8c00000|100%| S|CS|TAMS 0x00000000e8b00000, 0x00000000e8b00000| Complete 
| 140|0x00000000e8c00000, 0x00000000e8d00000, 0x00000000e8d00000|100%| S|CS|TAMS 0x00000000e8c00000, 0x00000000e8c00000| Complete 
| 141|0x00000000e8d00000, 0x00000000e8e00000, 0x00000000e8e00000|100%| S|CS|TAMS 0x00000000e8d00000, 0x00000000e8d00000| Complete 
| 142|0x00000000e8e00000, 0x00000000e8f00000, 0x00000000e8f00000|100%| S|CS|TAMS 0x00000000e8e00000, 0x00000000e8e00000| Complete 
| 143|0x00000000e8f00000, 0x00000000e9000000, 0x00000000e9000000|100%| S|CS|TAMS 0x00000000e8f00000, 0x00000000e8f00000| Complete 
| 144|0x00000000e9000000, 0x00000000e9000000, 0x00000000e9100000|  0%| F|  |TAMS 0x00000000e9000000, 0x00000000e9000000| Untracked 
| 145|0x00000000e9100000, 0x00000000e9100000, 0x00000000e9200000|  0%| F|  |TAMS 0x00000000e9100000, 0x00000000e9100000| Untracked 
| 146|0x00000000e9200000, 0x00000000e9200000, 0x00000000e9300000|  0%| F|  |TAMS 0x00000000e9200000, 0x00000000e9200000| Untracked 
| 147|0x00000000e9300000, 0x00000000e9300000, 0x00000000e9400000|  0%| F|  |TAMS 0x00000000e9300000, 0x00000000e9300000| Untracked 
| 148|0x00000000e9400000, 0x00000000e9400000, 0x00000000e9500000|  0%| F|  |TAMS 0x00000000e9400000, 0x00000000e9400000| Untracked 
| 149|0x00000000e9500000, 0x00000000e9500000, 0x00000000e9600000|  0%| F|  |TAMS 0x00000000e9500000, 0x00000000e9500000| Untracked 
| 150|0x00000000e9600000, 0x00000000e9600000, 0x00000000e9700000|  0%| F|  |TAMS 0x00000000e9600000, 0x00000000e9600000| Untracked 
| 151|0x00000000e9700000, 0x00000000e9700000, 0x00000000e9800000|  0%| F|  |TAMS 0x00000000e9700000, 0x00000000e9700000| Untracked 
| 152|0x00000000e9800000, 0x00000000e9800000, 0x00000000e9900000|  0%| F|  |TAMS 0x00000000e9800000, 0x00000000e9800000| Untracked 
| 153|0x00000000e9900000, 0x00000000e9900000, 0x00000000e9a00000|  0%| F|  |TAMS 0x00000000e9900000, 0x00000000e9900000| Untracked 
| 154|0x00000000e9a00000, 0x00000000e9a00000, 0x00000000e9b00000|  0%| F|  |TAMS 0x00000000e9a00000, 0x00000000e9a00000| Untracked 
| 155|0x00000000e9b00000, 0x00000000e9b00000, 0x00000000e9c00000|  0%| F|  |TAMS 0x00000000e9b00000, 0x00000000e9b00000| Untracked 
| 156|0x00000000e9c00000, 0x00000000e9c00000, 0x00000000e9d00000|  0%| F|  |TAMS 0x00000000e9c00000, 0x00000000e9c00000| Untracked 
| 157|0x00000000e9d00000, 0x00000000e9d00000, 0x00000000e9e00000|  0%| F|  |TAMS 0x00000000e9d00000, 0x00000000e9d00000| Untracked 
| 158|0x00000000e9e00000, 0x00000000e9e00000, 0x00000000e9f00000|  0%| F|  |TAMS 0x00000000e9e00000, 0x00000000e9e00000| Untracked 
| 159|0x00000000e9f00000, 0x00000000e9f00000, 0x00000000ea000000|  0%| F|  |TAMS 0x00000000e9f00000, 0x00000000e9f00000| Untracked 
| 160|0x00000000ea000000, 0x00000000ea000000, 0x00000000ea100000|  0%| F|  |TAMS 0x00000000ea000000, 0x00000000ea000000| Untracked 
| 161|0x00000000ea100000, 0x00000000ea100000, 0x00000000ea200000|  0%| F|  |TAMS 0x00000000ea100000, 0x00000000ea100000| Untracked 
| 162|0x00000000ea200000, 0x00000000ea200000, 0x00000000ea300000|  0%| F|  |TAMS 0x00000000ea200000, 0x00000000ea200000| Untracked 
| 163|0x00000000ea300000, 0x00000000ea300000, 0x00000000ea400000|  0%| F|  |TAMS 0x00000000ea300000, 0x00000000ea300000| Untracked 
| 164|0x00000000ea400000, 0x00000000ea400000, 0x00000000ea500000|  0%| F|  |TAMS 0x00000000ea400000, 0x00000000ea400000| Untracked 
| 165|0x00000000ea500000, 0x00000000ea500000, 0x00000000ea600000|  0%| F|  |TAMS 0x00000000ea500000, 0x00000000ea500000| Untracked 
| 166|0x00000000ea600000, 0x00000000ea600000, 0x00000000ea700000|  0%| F|  |TAMS 0x00000000ea600000, 0x00000000ea600000| Untracked 
| 167|0x00000000ea700000, 0x00000000ea700000, 0x00000000ea800000|  0%| F|  |TAMS 0x00000000ea700000, 0x00000000ea700000| Untracked 
| 168|0x00000000ea800000, 0x00000000ea800000, 0x00000000ea900000|  0%| F|  |TAMS 0x00000000ea800000, 0x00000000ea800000| Untracked 
| 169|0x00000000ea900000, 0x00000000ea900000, 0x00000000eaa00000|  0%| F|  |TAMS 0x00000000ea900000, 0x00000000ea900000| Untracked 
| 170|0x00000000eaa00000, 0x00000000eaa00000, 0x00000000eab00000|  0%| F|  |TAMS 0x00000000eaa00000, 0x00000000eaa00000| Untracked 
| 171|0x00000000eab00000, 0x00000000eab00000, 0x00000000eac00000|  0%| F|  |TAMS 0x00000000eab00000, 0x00000000eab00000| Untracked 
| 172|0x00000000eac00000, 0x00000000eac00000, 0x00000000ead00000|  0%| F|  |TAMS 0x00000000eac00000, 0x00000000eac00000| Untracked 
| 173|0x00000000ead00000, 0x00000000ead00000, 0x00000000eae00000|  0%| F|  |TAMS 0x00000000ead00000, 0x00000000ead00000| Untracked 
| 174|0x00000000eae00000, 0x00000000eae00000, 0x00000000eaf00000|  0%| F|  |TAMS 0x00000000eae00000, 0x00000000eae00000| Untracked 
| 175|0x00000000eaf00000, 0x00000000eaf00000, 0x00000000eb000000|  0%| F|  |TAMS 0x00000000eaf00000, 0x00000000eaf00000| Untracked 
| 176|0x00000000eb000000, 0x00000000eb000000, 0x00000000eb100000|  0%| F|  |TAMS 0x00000000eb000000, 0x00000000eb000000| Untracked 
| 177|0x00000000eb100000, 0x00000000eb100000, 0x00000000eb200000|  0%| F|  |TAMS 0x00000000eb100000, 0x00000000eb100000| Untracked 
| 178|0x00000000eb200000, 0x00000000eb200000, 0x00000000eb300000|  0%| F|  |TAMS 0x00000000eb200000, 0x00000000eb200000| Untracked 
| 179|0x00000000eb300000, 0x00000000eb300000, 0x00000000eb400000|  0%| F|  |TAMS 0x00000000eb300000, 0x00000000eb300000| Untracked 
| 180|0x00000000eb400000, 0x00000000eb400000, 0x00000000eb500000|  0%| F|  |TAMS 0x00000000eb400000, 0x00000000eb400000| Untracked 
| 181|0x00000000eb500000, 0x00000000eb500000, 0x00000000eb600000|  0%| F|  |TAMS 0x00000000eb500000, 0x00000000eb500000| Untracked 
| 182|0x00000000eb600000, 0x00000000eb600000, 0x00000000eb700000|  0%| F|  |TAMS 0x00000000eb600000, 0x00000000eb600000| Untracked 
| 183|0x00000000eb700000, 0x00000000eb700000, 0x00000000eb800000|  0%| F|  |TAMS 0x00000000eb700000, 0x00000000eb700000| Untracked 
| 184|0x00000000eb800000, 0x00000000eb800000, 0x00000000eb900000|  0%| F|  |TAMS 0x00000000eb800000, 0x00000000eb800000| Untracked 
| 185|0x00000000eb900000, 0x00000000eb900000, 0x00000000eba00000|  0%| F|  |TAMS 0x00000000eb900000, 0x00000000eb900000| Untracked 
| 186|0x00000000eba00000, 0x00000000eba00000, 0x00000000ebb00000|  0%| F|  |TAMS 0x00000000eba00000, 0x00000000eba00000| Untracked 
| 187|0x00000000ebb00000, 0x00000000ebb00000, 0x00000000ebc00000|  0%| F|  |TAMS 0x00000000ebb00000, 0x00000000ebb00000| Untracked 
| 188|0x00000000ebc00000, 0x00000000ebc00000, 0x00000000ebd00000|  0%| F|  |TAMS 0x00000000ebc00000, 0x00000000ebc00000| Untracked 
| 189|0x00000000ebd00000, 0x00000000ebd00000, 0x00000000ebe00000|  0%| F|  |TAMS 0x00000000ebd00000, 0x00000000ebd00000| Untracked 
| 190|0x00000000ebe00000, 0x00000000ebe00000, 0x00000000ebf00000|  0%| F|  |TAMS 0x00000000ebe00000, 0x00000000ebe00000| Untracked 
| 191|0x00000000ebf00000, 0x00000000ebf00000, 0x00000000ec000000|  0%| F|  |TAMS 0x00000000ebf00000, 0x00000000ebf00000| Untracked 
| 192|0x00000000ec000000, 0x00000000ec000000, 0x00000000ec100000|  0%| F|  |TAMS 0x00000000ec000000, 0x00000000ec000000| Untracked 
| 193|0x00000000ec100000, 0x00000000ec100000, 0x00000000ec200000|  0%| F|  |TAMS 0x00000000ec100000, 0x00000000ec100000| Untracked 
| 194|0x00000000ec200000, 0x00000000ec200000, 0x00000000ec300000|  0%| F|  |TAMS 0x00000000ec200000, 0x00000000ec200000| Untracked 
| 195|0x00000000ec300000, 0x00000000ec300000, 0x00000000ec400000|  0%| F|  |TAMS 0x00000000ec300000, 0x00000000ec300000| Untracked 
| 196|0x00000000ec400000, 0x00000000ec400000, 0x00000000ec500000|  0%| F|  |TAMS 0x00000000ec400000, 0x00000000ec400000| Untracked 
| 197|0x00000000ec500000, 0x00000000ec500000, 0x00000000ec600000|  0%| F|  |TAMS 0x00000000ec500000, 0x00000000ec500000| Untracked 
| 198|0x00000000ec600000, 0x00000000ec600000, 0x00000000ec700000|  0%| F|  |TAMS 0x00000000ec600000, 0x00000000ec600000| Untracked 
| 199|0x00000000ec700000, 0x00000000ec700000, 0x00000000ec800000|  0%| F|  |TAMS 0x00000000ec700000, 0x00000000ec700000| Untracked 
| 200|0x00000000ec800000, 0x00000000ec800000, 0x00000000ec900000|  0%| F|  |TAMS 0x00000000ec800000, 0x00000000ec800000| Untracked 
| 201|0x00000000ec900000, 0x00000000ec900000, 0x00000000eca00000|  0%| F|  |TAMS 0x00000000ec900000, 0x00000000ec900000| Untracked 
| 202|0x00000000eca00000, 0x00000000eca00000, 0x00000000ecb00000|  0%| F|  |TAMS 0x00000000eca00000, 0x00000000eca00000| Untracked 
| 203|0x00000000ecb00000, 0x00000000ecb00000, 0x00000000ecc00000|  0%| F|  |TAMS 0x00000000ecb00000, 0x00000000ecb00000| Untracked 
| 204|0x00000000ecc00000, 0x00000000ecc00000, 0x00000000ecd00000|  0%| F|  |TAMS 0x00000000ecc00000, 0x00000000ecc00000| Untracked 
| 205|0x00000000ecd00000, 0x00000000ecd00000, 0x00000000ece00000|  0%| F|  |TAMS 0x00000000ecd00000, 0x00000000ecd00000| Untracked 
| 206|0x00000000ece00000, 0x00000000ece00000, 0x00000000ecf00000|  0%| F|  |TAMS 0x00000000ece00000, 0x00000000ece00000| Untracked 
| 207|0x00000000ecf00000, 0x00000000ecf00000, 0x00000000ed000000|  0%| F|  |TAMS 0x00000000ecf00000, 0x00000000ecf00000| Untracked 
| 208|0x00000000ed000000, 0x00000000ed000000, 0x00000000ed100000|  0%| F|  |TAMS 0x00000000ed000000, 0x00000000ed000000| Untracked 
| 209|0x00000000ed100000, 0x00000000ed100000, 0x00000000ed200000|  0%| F|  |TAMS 0x00000000ed100000, 0x00000000ed100000| Untracked 
| 210|0x00000000ed200000, 0x00000000ed200000, 0x00000000ed300000|  0%| F|  |TAMS 0x00000000ed200000, 0x00000000ed200000| Untracked 
| 211|0x00000000ed300000, 0x00000000ed300000, 0x00000000ed400000|  0%| F|  |TAMS 0x00000000ed300000, 0x00000000ed300000| Untracked 
| 212|0x00000000ed400000, 0x00000000ed400000, 0x00000000ed500000|  0%| F|  |TAMS 0x00000000ed400000, 0x00000000ed400000| Untracked 
| 213|0x00000000ed500000, 0x00000000ed500000, 0x00000000ed600000|  0%| F|  |TAMS 0x00000000ed500000, 0x00000000ed500000| Untracked 
| 214|0x00000000ed600000, 0x00000000ed600000, 0x00000000ed700000|  0%| F|  |TAMS 0x00000000ed600000, 0x00000000ed600000| Untracked 
| 215|0x00000000ed700000, 0x00000000ed700000, 0x00000000ed800000|  0%| F|  |TAMS 0x00000000ed700000, 0x00000000ed700000| Untracked 
| 216|0x00000000ed800000, 0x00000000ed800000, 0x00000000ed900000|  0%| F|  |TAMS 0x00000000ed800000, 0x00000000ed800000| Untracked 
| 217|0x00000000ed900000, 0x00000000ed900000, 0x00000000eda00000|  0%| F|  |TAMS 0x00000000ed900000, 0x00000000ed900000| Untracked 
| 218|0x00000000eda00000, 0x00000000eda00000, 0x00000000edb00000|  0%| F|  |TAMS 0x00000000eda00000, 0x00000000eda00000| Untracked 
| 219|0x00000000edb00000, 0x00000000edb00000, 0x00000000edc00000|  0%| F|  |TAMS 0x00000000edb00000, 0x00000000edb00000| Untracked 
| 220|0x00000000edc00000, 0x00000000edc00000, 0x00000000edd00000|  0%| F|  |TAMS 0x00000000edc00000, 0x00000000edc00000| Untracked 
| 221|0x00000000edd00000, 0x00000000edd00000, 0x00000000ede00000|  0%| F|  |TAMS 0x00000000edd00000, 0x00000000edd00000| Untracked 
| 222|0x00000000ede00000, 0x00000000ede00000, 0x00000000edf00000|  0%| F|  |TAMS 0x00000000ede00000, 0x00000000ede00000| Untracked 
| 223|0x00000000edf00000, 0x00000000edf00000, 0x00000000ee000000|  0%| F|  |TAMS 0x00000000edf00000, 0x00000000edf00000| Untracked 
| 224|0x00000000ee000000, 0x00000000ee000000, 0x00000000ee100000|  0%| F|  |TAMS 0x00000000ee000000, 0x00000000ee000000| Untracked 
| 225|0x00000000ee100000, 0x00000000ee100000, 0x00000000ee200000|  0%| F|  |TAMS 0x00000000ee100000, 0x00000000ee100000| Untracked 
| 226|0x00000000ee200000, 0x00000000ee200000, 0x00000000ee300000|  0%| F|  |TAMS 0x00000000ee200000, 0x00000000ee200000| Untracked 
| 227|0x00000000ee300000, 0x00000000ee300000, 0x00000000ee400000|  0%| F|  |TAMS 0x00000000ee300000, 0x00000000ee300000| Untracked 
| 228|0x00000000ee400000, 0x00000000ee400000, 0x00000000ee500000|  0%| F|  |TAMS 0x00000000ee400000, 0x00000000ee400000| Untracked 
| 229|0x00000000ee500000, 0x00000000ee600000, 0x00000000ee600000|100%| E|  |TAMS 0x00000000ee500000, 0x00000000ee500000| Complete 
| 230|0x00000000ee600000, 0x00000000ee700000, 0x00000000ee700000|100%| E|CS|TAMS 0x00000000ee600000, 0x00000000ee600000| Complete 
| 231|0x00000000ee700000, 0x00000000ee800000, 0x00000000ee800000|100%| E|CS|TAMS 0x00000000ee700000, 0x00000000ee700000| Complete 
| 232|0x00000000ee800000, 0x00000000ee900000, 0x00000000ee900000|100%| E|CS|TAMS 0x00000000ee800000, 0x00000000ee800000| Complete 
| 233|0x00000000ee900000, 0x00000000eea00000, 0x00000000eea00000|100%| E|CS|TAMS 0x00000000ee900000, 0x00000000ee900000| Complete 
| 234|0x00000000eea00000, 0x00000000eeb00000, 0x00000000eeb00000|100%| E|CS|TAMS 0x00000000eea00000, 0x00000000eea00000| Complete 
| 235|0x00000000eeb00000, 0x00000000eec00000, 0x00000000eec00000|100%| E|CS|TAMS 0x00000000eeb00000, 0x00000000eeb00000| Complete 
| 236|0x00000000eec00000, 0x00000000eed00000, 0x00000000eed00000|100%| E|CS|TAMS 0x00000000eec00000, 0x00000000eec00000| Complete 
| 237|0x00000000eed00000, 0x00000000eee00000, 0x00000000eee00000|100%| E|CS|TAMS 0x00000000eed00000, 0x00000000eed00000| Complete 
| 238|0x00000000eee00000, 0x00000000eef00000, 0x00000000eef00000|100%| E|CS|TAMS 0x00000000eee00000, 0x00000000eee00000| Complete 
| 239|0x00000000eef00000, 0x00000000ef000000, 0x00000000ef000000|100%| E|CS|TAMS 0x00000000eef00000, 0x00000000eef00000| Complete 
| 240|0x00000000ef000000, 0x00000000ef100000, 0x00000000ef100000|100%| E|CS|TAMS 0x00000000ef000000, 0x00000000ef000000| Complete 
| 241|0x00000000ef100000, 0x00000000ef200000, 0x00000000ef200000|100%| E|CS|TAMS 0x00000000ef100000, 0x00000000ef100000| Complete 
| 242|0x00000000ef200000, 0x00000000ef300000, 0x00000000ef300000|100%| E|CS|TAMS 0x00000000ef200000, 0x00000000ef200000| Complete 
| 243|0x00000000ef300000, 0x00000000ef400000, 0x00000000ef400000|100%| E|CS|TAMS 0x00000000ef300000, 0x00000000ef300000| Complete 
| 244|0x00000000ef400000, 0x00000000ef500000, 0x00000000ef500000|100%| E|CS|TAMS 0x00000000ef400000, 0x00000000ef400000| Complete 
| 245|0x00000000ef500000, 0x00000000ef600000, 0x00000000ef600000|100%| E|CS|TAMS 0x00000000ef500000, 0x00000000ef500000| Complete 
| 246|0x00000000ef600000, 0x00000000ef700000, 0x00000000ef700000|100%| E|CS|TAMS 0x00000000ef600000, 0x00000000ef600000| Complete 
| 247|0x00000000ef700000, 0x00000000ef800000, 0x00000000ef800000|100%| E|CS|TAMS 0x00000000ef700000, 0x00000000ef700000| Complete 
| 248|0x00000000ef800000, 0x00000000ef900000, 0x00000000ef900000|100%| E|CS|TAMS 0x00000000ef800000, 0x00000000ef800000| Complete 
| 249|0x00000000ef900000, 0x00000000efa00000, 0x00000000efa00000|100%| E|CS|TAMS 0x00000000ef900000, 0x00000000ef900000| Complete 
| 250|0x00000000efa00000, 0x00000000efb00000, 0x00000000efb00000|100%| E|CS|TAMS 0x00000000efa00000, 0x00000000efa00000| Complete 
| 251|0x00000000efb00000, 0x00000000efc00000, 0x00000000efc00000|100%| E|CS|TAMS 0x00000000efb00000, 0x00000000efb00000| Complete 
| 252|0x00000000efc00000, 0x00000000efd00000, 0x00000000efd00000|100%| E|CS|TAMS 0x00000000efc00000, 0x00000000efc00000| Complete 
| 253|0x00000000efd00000, 0x00000000efe00000, 0x00000000efe00000|100%| E|CS|TAMS 0x00000000efd00000, 0x00000000efd00000| Complete 
| 254|0x00000000efe00000, 0x00000000eff00000, 0x00000000eff00000|100%| E|CS|TAMS 0x00000000efe00000, 0x00000000efe00000| Complete 
| 255|0x00000000eff00000, 0x00000000f0000000, 0x00000000f0000000|100%| E|CS|TAMS 0x00000000eff00000, 0x00000000eff00000| Complete 

Card table byte_map: [0x000001b9e59c0000,0x000001b9e5ac0000] _byte_map_base: 0x000001b9e52c0000

Marking Bits (Prev, Next): (CMBitMap*) 0x000001b9ce7f6b90, (CMBitMap*) 0x000001b9ce7f6b50
 Prev Bits: [0x000001b9e63c0000, 0x000001b9e6bc0000)
 Next Bits: [0x000001b9e5bc0000, 0x000001b9e63c0000)

Polling page: 0x000001b9cdfa0000

Metaspace:

Usage:
  Non-class:     72.93 MB used.
      Class:     11.22 MB used.
       Both:     84.15 MB used.

Virtual space:
  Non-class space:      128.00 MB reserved,      73.88 MB ( 58%) committed,  2 nodes.
      Class space:      308.00 MB reserved,      12.25 MB (  4%) committed,  1 nodes.
             Both:      436.00 MB reserved,      86.13 MB ( 20%) committed. 

Chunk freelists:
   Non-Class:  2.14 MB
       Class:  3.56 MB
        Both:  5.70 MB

MaxMetaspaceSize: 384.00 MB
CompressedClassSpaceSize: 308.00 MB
Initial GC threshold: 21.00 MB
Current GC threshold: 98.13 MB
CDS: on
MetaspaceReclaimPolicy: balanced
 - commit_granule_bytes: 65536.
 - commit_granule_words: 8192.
 - virtual_space_node_default_size: 8388608.
 - enlarge_chunks_in_place: 1.
 - new_chunks_are_fully_committed: 0.
 - uncommit_free_chunks: 1.
 - use_allocation_guard: 0.


Internal statistics:

num_allocs_failed_limit: 9.
num_arena_births: 3834.
num_arena_deaths: 0.
num_vsnodes_births: 3.
num_vsnodes_deaths: 0.
num_space_committed: 1376.
num_space_uncommitted: 0.
num_chunks_returned_to_freelist: 9.
num_chunks_taken_from_freelist: 7692.
num_chunk_merges: 6.
num_chunk_splits: 5236.
num_chunks_enlarged: 3361.
num_inconsistent_stats: 0.

CodeHeap 'non-profiled nmethods': size=120000Kb used=3730Kb max_used=3730Kb free=116269Kb
 bounds [0x000001b9de490000, 0x000001b9de840000, 0x000001b9e59c0000]
CodeHeap 'profiled nmethods': size=120000Kb used=13716Kb max_used=13716Kb free=106284Kb
 bounds [0x000001b9d69c0000, 0x000001b9d7730000, 0x000001b9ddef0000]
CodeHeap 'non-nmethods': size=5760Kb used=2498Kb max_used=2540Kb free=3261Kb
 bounds [0x000001b9ddef0000, 0x000001b9de180000, 0x000001b9de490000]
 total_blobs=7622 nmethods=6669 adapters=863
 compilation: enabled
              stopped_count=0, restarted_count=0
 full_count=0

Compilation events (20 events):
Event: 96.880 Thread 0x000001b9e91ba500 nmethod 7489 0x000001b9de831e10 code [0x000001b9de831fa0, 0x000001b9de8320b8]
Event: 96.880 Thread 0x000001b9e91bffa0 7491       3       org.jetbrains.kotlin.protobuf.CodedOutputStream::writeBoolNoTag (14 bytes)
Event: 96.881 Thread 0x000001b9e91bffa0 nmethod 7491 0x000001b9d7709d90 code [0x000001b9d7709f40, 0x000001b9d770a128]
Event: 96.883 Thread 0x000001b9e91ba500 7492   !   4       org.jetbrains.kotlin.metadata.ProtoBuf$ValueParameter::<init> (513 bytes)
Event: 96.901 Thread 0x000001b9e91bffa0 7494   !   3       org.jetbrains.kotlin.metadata.ProtoBuf$Package::<init> (656 bytes)
Event: 96.907 Thread 0x000001b9e91bffa0 nmethod 7494 0x000001b9d770a210 code [0x000001b9d770a900, 0x000001b9d770f188]
Event: 96.938 Thread 0x000001b9e91bffa0 7498       3       org.jetbrains.kotlin.load.kotlin.header.KotlinClassHeader::has (12 bytes)
Event: 96.938 Thread 0x000001b9e91bffa0 nmethod 7498 0x000001b9d7710c90 code [0x000001b9d7710e20, 0x000001b9d7710f98]
Event: 96.938 Thread 0x000001b9e91bffa0 7499       3       org.jetbrains.kotlin.metadata.ProtoBuf$Package::getDefaultInstanceForType (5 bytes)
Event: 96.938 Thread 0x000001b9e91bffa0 nmethod 7499 0x000001b9d7711010 code [0x000001b9d77111c0, 0x000001b9d7711338]
Event: 96.939 Thread 0x000001b9e91bffa0 7500       3       org.jetbrains.kotlin.cli.jvm.index.JvmDependenciesIndex::traverseDirectoriesInPackage$default (39 bytes)
Event: 96.940 Thread 0x000001b9e91bffa0 nmethod 7500 0x000001b9d7711410 code [0x000001b9d77115e0, 0x000001b9d7711998]
Event: 96.940 Thread 0x000001b9e91bffa0 7501   !   3       org.jetbrains.kotlin.cli.jvm.index.JvmDependenciesDynamicCompoundIndex::traverseDirectoriesInPackage (130 bytes)
Event: 96.955 Thread 0x000001b9e91bffa0 nmethod 7501 0x000001b9d7711b10 code [0x000001b9d7711f00, 0x000001b9d7713b28]
Event: 96.955 Thread 0x000001b9e91bffa0 7502       3       org.jetbrains.kotlin.cli.jvm.index.JvmDependenciesIndexImpl::traverseDirectoriesInPackage (47 bytes)
Event: 96.958 Thread 0x000001b9e91bffa0 nmethod 7502 0x000001b9d7714610 code [0x000001b9d7714a60, 0x000001b9d77166c8]
Event: 96.958 Thread 0x000001b9e91bffa0 7503       3       org.jetbrains.kotlin.cli.jvm.index.JvmDependenciesIndexImpl$TraverseRequest::<init> (27 bytes)
Event: 96.959 Thread 0x000001b9e91bffa0 nmethod 7503 0x000001b9d7717090 code [0x000001b9d7717320, 0x000001b9d7717e98]
Event: 96.978 Thread 0x000001b9e91bffa0 7504       1       org.jetbrains.kotlin.cli.jvm.index.JvmDependenciesIndexImpl$FindClassRequest::getClassId (5 bytes)
Event: 96.978 Thread 0x000001b9e91bffa0 nmethod 7504 0x000001b9de832190 code [0x000001b9de832320, 0x000001b9de8323d8]

GC Heap History (20 events):
Event: 17.047 GC heap before
{Heap before GC invocations=1 (full 0):
 garbage-first heap   total 262144K, used 23616K [0x00000000e0000000, 0x0000000100000000)
  region size 1024K, 18 young (18432K), 2 survivors (2048K)
 Metaspace       used 4001K, committed 4224K, reserved 380928K
  class space    used 482K, committed 576K, reserved 315392K
}
Event: 17.056 GC heap after
{Heap after GC invocations=2 (full 0):
 garbage-first heap   total 262144K, used 10668K [0x00000000e0000000, 0x0000000100000000)
  region size 1024K, 3 young (3072K), 3 survivors (3072K)
 Metaspace       used 4001K, committed 4224K, reserved 380928K
  class space    used 482K, committed 576K, reserved 315392K
}
Event: 24.218 GC heap before
{Heap before GC invocations=2 (full 0):
 garbage-first heap   total 262144K, used 33196K [0x00000000e0000000, 0x0000000100000000)
  region size 1024K, 25 young (25600K), 3 survivors (3072K)
 Metaspace       used 4136K, committed 4288K, reserved 380928K
  class space    used 484K, committed 576K, reserved 315392K
}
Event: 24.222 GC heap after
{Heap after GC invocations=3 (full 0):
 garbage-first heap   total 262144K, used 13290K [0x00000000e0000000, 0x0000000100000000)
  region size 1024K, 3 young (3072K), 3 survivors (3072K)
 Metaspace       used 4136K, committed 4288K, reserved 380928K
  class space    used 484K, committed 576K, reserved 315392K
}
Event: 36.647 GC heap before
{Heap before GC invocations=3 (full 0):
 garbage-first heap   total 262144K, used 112618K [0x00000000e0000000, 0x0000000100000000)
  region size 1024K, 101 young (103424K), 3 survivors (3072K)
 Metaspace       used 20799K, committed 21504K, reserved 380928K
  class space    used 2983K, committed 3392K, reserved 315392K
}
Event: 36.692 GC heap after
{Heap after GC invocations=4 (full 0):
 garbage-first heap   total 262144K, used 22095K [0x00000000e0000000, 0x0000000100000000)
  region size 1024K, 12 young (12288K), 12 survivors (12288K)
 Metaspace       used 20799K, committed 21504K, reserved 380928K
  class space    used 2983K, committed 3392K, reserved 315392K
}
Event: 52.173 GC heap before
{Heap before GC invocations=5 (full 0):
 garbage-first heap   total 262144K, used 126543K [0x00000000e0000000, 0x0000000100000000)
  region size 1024K, 105 young (107520K), 12 survivors (12288K)
 Metaspace       used 34779K, committed 35968K, reserved 380928K
  class space    used 4876K, committed 5504K, reserved 315392K
}
Event: 52.286 GC heap after
{Heap after GC invocations=6 (full 0):
 garbage-first heap   total 262144K, used 43480K [0x00000000e0000000, 0x0000000100000000)
  region size 1024K, 10 young (10240K), 10 survivors (10240K)
 Metaspace       used 34779K, committed 35968K, reserved 380928K
  class space    used 4876K, committed 5504K, reserved 315392K
}
Event: 63.026 GC heap before
{Heap before GC invocations=7 (full 0):
 garbage-first heap   total 262144K, used 142808K [0x00000000e0000000, 0x0000000100000000)
  region size 1024K, 98 young (100352K), 10 survivors (10240K)
 Metaspace       used 42551K, committed 44032K, reserved 380928K
  class space    used 5765K, committed 6528K, reserved 315392K
}
Event: 63.176 GC heap after
{Heap after GC invocations=8 (full 0):
 garbage-first heap   total 262144K, used 53871K [0x00000000e0000000, 0x0000000100000000)
  region size 1024K, 9 young (9216K), 9 survivors (9216K)
 Metaspace       used 42551K, committed 44032K, reserved 380928K
  class space    used 5765K, committed 6528K, reserved 315392K
}
Event: 76.474 GC heap before
{Heap before GC invocations=8 (full 0):
 garbage-first heap   total 262144K, used 155247K [0x00000000e0000000, 0x0000000100000000)
  region size 1024K, 108 young (110592K), 9 survivors (9216K)
 Metaspace       used 54794K, committed 56448K, reserved 380928K
  class space    used 7976K, committed 8832K, reserved 315392K
}
Event: 76.524 GC heap after
{Heap after GC invocations=9 (full 0):
 garbage-first heap   total 262144K, used 58685K [0x00000000e0000000, 0x0000000100000000)
  region size 1024K, 5 young (5120K), 5 survivors (5120K)
 Metaspace       used 54794K, committed 56448K, reserved 380928K
  class space    used 7976K, committed 8832K, reserved 315392K
}
Event: 77.380 GC heap before
{Heap before GC invocations=9 (full 0):
 garbage-first heap   total 262144K, used 83261K [0x00000000e0000000, 0x0000000100000000)
  region size 1024K, 30 young (30720K), 5 survivors (5120K)
 Metaspace       used 58414K, committed 60096K, reserved 380928K
  class space    used 8395K, committed 9280K, reserved 315392K
}
Event: 77.397 GC heap after
{Heap after GC invocations=10 (full 0):
 garbage-first heap   total 262144K, used 59215K [0x00000000e0000000, 0x0000000100000000)
  region size 1024K, 6 young (6144K), 6 survivors (6144K)
 Metaspace       used 58414K, committed 60096K, reserved 380928K
  class space    used 8395K, committed 9280K, reserved 315392K
}
Event: 85.152 GC heap before
{Heap before GC invocations=11 (full 0):
 garbage-first heap   total 262144K, used 228175K [0x00000000e0000000, 0x0000000100000000)
  region size 1024K, 153 young (156672K), 6 survivors (6144K)
 Metaspace       used 72860K, committed 74624K, reserved 380928K
  class space    used 9965K, committed 10880K, reserved 315392K
}
Event: 85.282 GC heap after
{Heap after GC invocations=12 (full 0):
 garbage-first heap   total 262144K, used 85660K [0x00000000e0000000, 0x0000000100000000)
  region size 1024K, 20 young (20480K), 20 survivors (20480K)
 Metaspace       used 72860K, committed 74624K, reserved 380928K
  class space    used 9965K, committed 10880K, reserved 315392K
}
Event: 85.488 GC heap before
{Heap before GC invocations=12 (full 0):
 garbage-first heap   total 262144K, used 86684K [0x00000000e0000000, 0x0000000100000000)
  region size 1024K, 21 young (21504K), 20 survivors (20480K)
 Metaspace       used 72960K, committed 74688K, reserved 380928K
  class space    used 9968K, committed 10880K, reserved 315392K
}
Event: 85.692 GC heap after
{Heap after GC invocations=13 (full 0):
 garbage-first heap   total 262144K, used 87437K [0x00000000e0000000, 0x0000000100000000)
  region size 1024K, 2 young (2048K), 2 survivors (2048K)
 Metaspace       used 72960K, committed 74688K, reserved 380928K
  class space    used 9968K, committed 10880K, reserved 315392K
}
Event: 95.460 GC heap before
{Heap before GC invocations=13 (full 0):
 garbage-first heap   total 262144K, used 201101K [0x00000000e0000000, 0x0000000100000000)
  region size 1024K, 112 young (114688K), 2 survivors (2048K)
 Metaspace       used 86064K, committed 88128K, reserved 446464K
  class space    used 11489K, committed 12544K, reserved 315392K
}
Event: 95.645 GC heap after
{Heap after GC invocations=14 (full 0):
 garbage-first heap   total 262144K, used 92557K [0x00000000e0000000, 0x0000000100000000)
  region size 1024K, 7 young (7168K), 7 survivors (7168K)
 Metaspace       used 86064K, committed 88128K, reserved 446464K
  class space    used 11489K, committed 12544K, reserved 315392K
}

Dll operation events (15 events):
Event: 0.508 Loaded shared library C:\Users\lufer\.jdks\corretto-19.0.2\bin\java.dll
Event: 1.478 Loaded shared library C:\Users\lufer\.jdks\corretto-19.0.2\bin\jsvml.dll
Event: 3.787 Loaded shared library C:\Users\lufer\.jdks\corretto-19.0.2\bin\zip.dll
Event: 3.878 Loaded shared library C:\Users\lufer\.jdks\corretto-19.0.2\bin\instrument.dll
Event: 4.584 Loaded shared library C:\Users\lufer\.jdks\corretto-19.0.2\bin\net.dll
Event: 4.662 Loaded shared library C:\Users\lufer\.jdks\corretto-19.0.2\bin\nio.dll
Event: 4.696 Loaded shared library C:\Users\lufer\.jdks\corretto-19.0.2\bin\zip.dll
Event: 7.246 Loaded shared library C:\Users\lufer\.jdks\corretto-19.0.2\bin\jimage.dll
Event: 9.654 Loaded shared library C:\Users\lufer\.jdks\corretto-19.0.2\bin\verify.dll
Event: 15.766 Loaded shared library C:\Users\lufer\.gradle\native\68d5fa5c4cc2d200863cafc0d521ce42e7d3e7ee720ec0a83991735586a16f82\windows-amd64\native-platform.dll
Event: 16.003 Loaded shared library C:\Users\lufer\.gradle\native\e376f236ea51e6404a007f0833ffe2c6e607c4080706a723a18a27aeea778392\windows-amd64\native-platform-file-events.dll
Event: 26.250 Loaded shared library C:\Users\lufer\.jdks\corretto-19.0.2\bin\management.dll
Event: 26.308 Loaded shared library C:\Users\lufer\.jdks\corretto-19.0.2\bin\management_ext.dll
Event: 27.008 Loaded shared library C:\Users\lufer\.jdks\corretto-19.0.2\bin\extnet.dll
Event: 27.917 Loaded shared library C:\Users\lufer\.jdks\corretto-19.0.2\bin\sunmscapi.dll

Deoptimization events (20 events):
Event: 90.532 Thread 0x000001b9ed53d6f0 Uncommon trap: trap_request=0xffffffc6 fr.pc=0x000001b9de78cc14 relative=0x0000000000000494
Event: 90.532 Thread 0x000001b9ed53d6f0 Uncommon trap: reason=bimorphic_or_optimized_type_check action=maybe_recompile pc=0x000001b9de78cc14 method=org.jetbrains.kotlin.protobuf.CodedInputStream.tryRefillBuffer(I)Z @ 177 c2
Event: 90.532 Thread 0x000001b9ed53d6f0 DEOPT PACKING pc=0x000001b9de78cc14 sp=0x0000006bc84f4010
Event: 90.532 Thread 0x000001b9ed53d6f0 DEOPT UNPACKING pc=0x000001b9ddf56da3 sp=0x0000006bc84f3ef0 mode 2
Event: 90.540 Thread 0x000001b9ed53d6f0 Uncommon trap: trap_request=0xffffffc6 fr.pc=0x000001b9de78cc14 relative=0x0000000000000494
Event: 90.540 Thread 0x000001b9ed53d6f0 Uncommon trap: reason=bimorphic_or_optimized_type_check action=maybe_recompile pc=0x000001b9de78cc14 method=org.jetbrains.kotlin.protobuf.CodedInputStream.tryRefillBuffer(I)Z @ 177 c2
Event: 90.540 Thread 0x000001b9ed53d6f0 DEOPT PACKING pc=0x000001b9de78cc14 sp=0x0000006bc84f4010
Event: 90.540 Thread 0x000001b9ed53d6f0 DEOPT UNPACKING pc=0x000001b9ddf56da3 sp=0x0000006bc84f3ef0 mode 2
Event: 90.594 Thread 0x000001b9ed53d6f0 Uncommon trap: trap_request=0xffffff45 fr.pc=0x000001b9de60762c relative=0x000000000000056c
Event: 90.594 Thread 0x000001b9ed53d6f0 Uncommon trap: reason=unstable_if action=reinterpret pc=0x000001b9de60762c method=org.jetbrains.org.objectweb.asm.ClassReader.readUtf(II[C)Ljava/lang/String; @ 41 c2
Event: 90.594 Thread 0x000001b9ed53d6f0 DEOPT PACKING pc=0x000001b9de60762c sp=0x0000006bc84f3360
Event: 90.594 Thread 0x000001b9ed53d6f0 DEOPT UNPACKING pc=0x000001b9ddf56da3 sp=0x0000006bc84f3328 mode 2
Event: 90.862 Thread 0x000001b9ed53d6f0 DEOPT PACKING pc=0x000001b9d6ec330e sp=0x0000006bc84f2560
Event: 90.862 Thread 0x000001b9ed53d6f0 DEOPT UNPACKING pc=0x000001b9ddf57543 sp=0x0000006bc84f1ae0 mode 0
Event: 92.599 Thread 0x000001b9ed53d6f0 Uncommon trap: trap_request=0xffffffcc fr.pc=0x000001b9de7dd62c relative=0x00000000000022cc
Event: 92.599 Thread 0x000001b9ed53d6f0 Uncommon trap: reason=intrinsic_or_type_checked_inlining action=make_not_entrant pc=0x000001b9de7dd62c method=java.util.ArrayList$SubList.toArray([Ljava/lang/Object;)[Ljava/lang/Object; @ 58 c2
Event: 92.599 Thread 0x000001b9ed53d6f0 DEOPT PACKING pc=0x000001b9de7dd62c sp=0x0000006bc84eff80
Event: 92.600 Thread 0x000001b9ed53d6f0 DEOPT UNPACKING pc=0x000001b9ddf56da3 sp=0x0000006bc84eff18 mode 2
Event: 96.894 Thread 0x000001b9ed53d6f0 DEOPT PACKING pc=0x000001b9d76f7dc1 sp=0x0000006bc84f0b20
Event: 96.895 Thread 0x000001b9ed53d6f0 DEOPT UNPACKING pc=0x000001b9ddf57543 sp=0x0000006bc84efff8 mode 0

Classes loaded (20 events):
Event: 80.606 Loading class sun/nio/ch/Streams
Event: 80.606 Loading class sun/nio/ch/Streams done
Event: 80.606 Loading class sun/nio/ch/ChannelInputStream
Event: 80.607 Loading class sun/nio/ch/ChannelInputStream done
Event: 90.641 Loading class java/text/StringCharacterIterator
Event: 90.643 Loading class java/text/CharacterIterator
Event: 90.645 Loading class java/text/CharacterIterator done
Event: 90.645 Loading class java/text/StringCharacterIterator done
Event: 90.740 Loading class java/io/NotSerializableException
Event: 90.742 Loading class java/io/NotSerializableException done
Event: 91.510 Loading class java/util/function/IntUnaryOperator
Event: 91.510 Loading class java/util/function/IntUnaryOperator done
Event: 92.326 Loading class java/util/AbstractList$RandomAccessSubList
Event: 92.327 Loading class java/util/AbstractList$SubList
Event: 92.329 Loading class java/util/AbstractList$SubList done
Event: 92.329 Loading class java/util/AbstractList$RandomAccessSubList done
Event: 92.329 Loading class java/util/AbstractList$ListItr
Event: 92.330 Loading class java/util/AbstractList$ListItr done
Event: 93.526 Loading class java/util/AbstractList$SubList$1
Event: 93.528 Loading class java/util/AbstractList$SubList$1 done

Classes unloaded (0 events):
No events

Classes redefined (0 events):
No events

Internal exceptions (20 events):
Event: 79.075 Thread 0x000001b9ed53d6f0 Exception <a 'java/lang/NoSuchMethodError'{0x00000000ed0a3b60}: 'java.lang.Object java.lang.invoke.DelegatingMethodHandle$Holder.reinvoke_L(java.lang.Object, int, long, java.lang.Object, java.lang.Object, int, java.lang.Object)'> (0x00000000ed0a3b60) 
thrown [s\src\hotspot\share\interpreter\linkResolver.cpp, line 774]
Event: 79.288 Thread 0x000001b9ed53d6f0 Implicit null exception at 0x000001b9de67b617 to 0x000001b9de67c084
Event: 80.166 Thread 0x000001b9ed53d6f0 Implicit null exception at 0x000001b9de5fbb11 to 0x000001b9de5fd9f4
Event: 80.166 Thread 0x000001b9ed53d6f0 Implicit null exception at 0x000001b9de5f90f9 to 0x000001b9de5f96fc
Event: 80.897 Thread 0x000001b9ed53d6f0 Implicit null exception at 0x000001b9de4fbd33 to 0x000001b9de4fbe7c
Event: 87.341 Thread 0x000001b9ed53d6f0 Exception <a 'java/lang/NoSuchMethodError'{0x00000000eee63648}: 'java.lang.Object java.lang.invoke.DirectMethodHandle$Holder.newInvokeSpecial(java.lang.Object, java.lang.Object, java.lang.Object, java.lang.Object, java.lang.Object, java.lang.Object, java.lang.Object, java.lang.Object, java.lang.Object, java.lang.Object, java.lang.Object, java.lang.Object, java.lang.Object, java.lang.Object, java.lang.Object, java.lang.Object, java.lang.Object, java.lang.Object, java.lang.Object)'> (0x00000000eee63648) 
thr
Event: 87.345 Thread 0x000001b9ed53d6f0 Exception <a 'java/lang/NoSuchMethodError'{0x00000000eee6b138}: 'java.lang.Object java.lang.invoke.DirectMethodHandle$Holder.invokeSpecial(java.lang.Object, java.lang.Object, java.lang.Object, java.lang.Object, java.lang.Object, java.lang.Object, java.lang.Object, java.lang.Object, java.lang.Object, java.lang.Object, java.lang.Object, java.lang.Object, java.lang.Object, java.lang.Object, java.lang.Object, java.lang.Object, java.lang.Object, java.lang.Object, java.lang.Object, java.lang.Object)'> (0x0000000
Event: 87.348 Thread 0x000001b9ed53d6f0 Exception <a 'java/lang/NoSuchMethodError'{0x00000000eee71c20}: 'java.lang.Object java.lang.invoke.DelegatingMethodHandle$Holder.reinvoke_L(java.lang.Object, java.lang.Object, java.lang.Object, java.lang.Object, java.lang.Object, java.lang.Object, java.lang.Object, java.lang.Object, java.lang.Object, java.lang.Object, java.lang.Object, java.lang.Object, java.lang.Object, java.lang.Object, java.lang.Object, java.lang.Object, java.lang.Object, java.lang.Object, java.lang.Object)'> (0x00000000eee71c20) 
throw
Event: 87.430 Thread 0x000001b9ed53d6f0 Exception <a 'java/lang/NoSuchMethodError'{0x00000000eed5d888}: 'java.lang.Object java.lang.invoke.DirectMethodHandle$Holder.newInvokeSpecial(java.lang.Object, java.lang.Object, java.lang.Object, java.lang.Object, java.lang.Object, java.lang.Object, java.lang.Object, java.lang.Object, java.lang.Object, java.lang.Object, java.lang.Object, java.lang.Object, java.lang.Object, java.lang.Object, java.lang.Object, java.lang.Object, java.lang.Object, java.lang.Object, java.lang.Object, java.lang.Object, java.lang
Event: 87.608 Thread 0x000001b9ed53d6f0 Exception <a 'java/lang/NoSuchMethodError'{0x00000000eeb68880}: 'java.lang.Object java.lang.invoke.DirectMethodHandle$Holder.newInvokeSpecial(java.lang.Object, java.lang.Object, java.lang.Object, java.lang.Object, java.lang.Object, java.lang.Object, java.lang.Object, java.lang.Object, java.lang.Object, java.lang.Object, java.lang.Object, java.lang.Object, java.lang.Object, java.lang.Object, java.lang.Object, java.lang.Object, java.lang.Object, java.lang.Object, java.lang.Object, java.lang.Object)'> (0x0000
Event: 88.494 Thread 0x000001b9ed53d6f0 Exception <a 'java/lang/NoSuchMethodError'{0x00000000ee376908}: 'java.lang.Object java.lang.invoke.DirectMethodHandle$Holder.newInvokeSpecial(java.lang.Object, java.lang.Object, java.lang.Object, java.lang.Object, java.lang.Object, java.lang.Object, java.lang.Object, java.lang.Object, java.lang.Object, java.lang.Object, java.lang.Object, java.lang.Object, java.lang.Object, java.lang.Object, java.lang.Object, java.lang.Object)'> (0x00000000ee376908) 
thrown [s\src\hotspot\share\interpreter\linkResolver.cpp,
Event: 88.495 Thread 0x000001b9ed53d6f0 Exception <a 'java/lang/NoSuchMethodError'{0x00000000ee37dd38}: 'java.lang.Object java.lang.invoke.DirectMethodHandle$Holder.invokeSpecial(java.lang.Object, java.lang.Object, java.lang.Object, java.lang.Object, java.lang.Object, java.lang.Object, java.lang.Object, java.lang.Object, java.lang.Object, java.lang.Object, java.lang.Object, java.lang.Object, java.lang.Object, java.lang.Object, java.lang.Object, java.lang.Object, java.lang.Object)'> (0x00000000ee37dd38) 
thrown [s\src\hotspot\share\interpreter\li
Event: 88.495 Thread 0x000001b9ed53d6f0 Exception <a 'java/lang/NoSuchMethodError'{0x00000000ee3840c0}: 'java.lang.Object java.lang.invoke.DelegatingMethodHandle$Holder.reinvoke_L(java.lang.Object, java.lang.Object, java.lang.Object, java.lang.Object, java.lang.Object, java.lang.Object, java.lang.Object, java.lang.Object, java.lang.Object, java.lang.Object, java.lang.Object, java.lang.Object, java.lang.Object, java.lang.Object, java.lang.Object, java.lang.Object)'> (0x00000000ee3840c0) 
thrown [s\src\hotspot\share\interpreter\linkResolver.cpp, l
Event: 88.522 Thread 0x000001b9ed53d6f0 Exception <a 'java/lang/NoSuchMethodError'{0x00000000ee23ec50}: 'java.lang.Object java.lang.invoke.DirectMethodHandle$Holder.newInvokeSpecial(java.lang.Object, java.lang.Object, java.lang.Object, java.lang.Object, java.lang.Object, java.lang.Object, java.lang.Object, java.lang.Object, java.lang.Object, java.lang.Object, java.lang.Object, java.lang.Object, java.lang.Object, java.lang.Object, java.lang.Object, java.lang.Object, java.lang.Object, java.lang.Object)'> (0x00000000ee23ec50) 
thrown [s\src\hotspot
Event: 88.523 Thread 0x000001b9ed53d6f0 Exception <a 'java/lang/NoSuchMethodError'{0x00000000ee2461c0}: 'java.lang.Object java.lang.invoke.DirectMethodHandle$Holder.invokeSpecial(java.lang.Object, java.lang.Object, java.lang.Object, java.lang.Object, java.lang.Object, java.lang.Object, java.lang.Object, java.lang.Object, java.lang.Object, java.lang.Object, java.lang.Object, java.lang.Object, java.lang.Object, java.lang.Object, java.lang.Object, java.lang.Object, java.lang.Object, java.lang.Object, java.lang.Object)'> (0x00000000ee2461c0) 
thrown
Event: 88.523 Thread 0x000001b9ed53d6f0 Exception <a 'java/lang/NoSuchMethodError'{0x00000000ee24c830}: 'java.lang.Object java.lang.invoke.DelegatingMethodHandle$Holder.reinvoke_L(java.lang.Object, java.lang.Object, java.lang.Object, java.lang.Object, java.lang.Object, java.lang.Object, java.lang.Object, java.lang.Object, java.lang.Object, java.lang.Object, java.lang.Object, java.lang.Object, java.lang.Object, java.lang.Object, java.lang.Object, java.lang.Object, java.lang.Object, java.lang.Object)'> (0x00000000ee24c830) 
thrown [s\src\hotspot\s
Event: 88.544 Thread 0x000001b9ed53d6f0 Exception <a 'java/lang/NoSuchMethodError'{0x00000000ee2e8c80}: 'java.lang.Object java.lang.invoke.DirectMethodHandle$Holder.newInvokeSpecial(java.lang.Object, java.lang.Object, java.lang.Object, java.lang.Object, java.lang.Object, java.lang.Object, java.lang.Object, java.lang.Object, java.lang.Object, java.lang.Object, java.lang.Object, java.lang.Object, java.lang.Object, java.lang.Object, java.lang.Object, java.lang.Object, java.lang.Object, java.lang.Object, java.lang.Object, java.lang.Object, java.lang
Event: 93.618 Thread 0x000001b9ed53d6f0 Exception <a 'java/lang/NoSuchMethodError'{0x00000000ea004a60}: 'java.lang.Object java.lang.invoke.DirectMethodHandle$Holder.newInvokeSpecial(java.lang.Object, java.lang.Object, java.lang.Object, java.lang.Object, int)'> (0x00000000ea004a60) 
thrown [s\src\hotspot\share\interpreter\linkResolver.cpp, line 774]
Event: 93.619 Thread 0x000001b9ed53d6f0 Exception <a 'java/lang/NoSuchMethodError'{0x00000000ea00b260}: 'java.lang.Object java.lang.invoke.DirectMethodHandle$Holder.invokeSpecial(java.lang.Object, java.lang.Object, java.lang.Object, java.lang.Object, java.lang.Object, int)'> (0x00000000ea00b260) 
thrown [s\src\hotspot\share\interpreter\linkResolver.cpp, line 774]
Event: 93.620 Thread 0x000001b9ed53d6f0 Exception <a 'java/lang/NoSuchMethodError'{0x00000000ea011410}: 'java.lang.Object java.lang.invoke.Invokers$Holder.linkToTargetMethod(java.lang.Object, java.lang.Object, java.lang.Object, int, java.lang.Object)'> (0x00000000ea011410) 
thrown [s\src\hotspot\share\interpreter\linkResolver.cpp, line 774]

VM Operations (20 events):
Event: 90.509 Executing VM operation: Cleanup
Event: 90.509 Executing VM operation: Cleanup done
Event: 92.333 Executing VM operation: HandshakeAllThreads
Event: 92.333 Executing VM operation: HandshakeAllThreads done
Event: 92.333 Executing VM operation: Cleanup
Event: 92.333 Executing VM operation: Cleanup done
Event: 93.339 Executing VM operation: Cleanup
Event: 93.339 Executing VM operation: Cleanup done
Event: 93.519 Executing VM operation: HandshakeAllThreads
Event: 93.520 Executing VM operation: HandshakeAllThreads done
Event: 93.822 Executing VM operation: HandshakeAllThreads
Event: 93.822 Executing VM operation: HandshakeAllThreads done
Event: 93.942 Executing VM operation: HandshakeAllThreads
Event: 93.942 Executing VM operation: HandshakeAllThreads done
Event: 94.954 Executing VM operation: Cleanup
Event: 94.970 Executing VM operation: Cleanup done
Event: 95.458 Executing VM operation: G1CollectForAllocation
Event: 95.646 Executing VM operation: G1CollectForAllocation done
Event: 96.658 Executing VM operation: Cleanup
Event: 96.689 Executing VM operation: Cleanup done

Events (20 events):
Event: 64.259 Thread 0x000001b9ed420040 flushing nmethod 0x000001b9d71d4810
Event: 64.259 Thread 0x000001b9ed420040 flushing nmethod 0x000001b9d71ee310
Event: 64.259 Thread 0x000001b9ed420040 flushing nmethod 0x000001b9d7211090
Event: 64.259 Thread 0x000001b9ed420040 flushing nmethod 0x000001b9d721fe10
Event: 64.259 Thread 0x000001b9ed420040 flushing nmethod 0x000001b9d7220910
Event: 64.259 Thread 0x000001b9ed420040 flushing nmethod 0x000001b9d7221110
Event: 64.259 Thread 0x000001b9ed420040 flushing nmethod 0x000001b9d7221e90
Event: 64.259 Thread 0x000001b9ed420040 flushing nmethod 0x000001b9d7223010
Event: 64.259 Thread 0x000001b9ed420040 flushing nmethod 0x000001b9d7224890
Event: 64.259 Thread 0x000001b9ed420040 flushing nmethod 0x000001b9d722bc10
Event: 64.259 Thread 0x000001b9ed420040 flushing nmethod 0x000001b9d723b310
Event: 64.259 Thread 0x000001b9ed420040 flushing nmethod 0x000001b9d7258190
Event: 64.259 Thread 0x000001b9ed420040 flushing nmethod 0x000001b9d725c910
Event: 64.259 Thread 0x000001b9ed420040 flushing nmethod 0x000001b9d726ff10
Event: 69.666 Thread 0x000001b9f0909ae0 Thread added: 0x000001b9f0909ae0
Event: 72.456 Thread 0x000001b9f090a030 Thread added: 0x000001b9f090a030
Event: 88.704 Thread 0x000001b9eebd6ae0 Thread exited: 0x000001b9eebd6ae0
Event: 89.783 Thread 0x000001b9ed420040 flushing nmethod 0x000001b9d6a36d90
Event: 89.788 Thread 0x000001b9ed420040 flushing nmethod 0x000001b9d6aa2710
Event: 89.908 Thread 0x000001b9ed420040 flushing nmethod 0x000001b9d6edfe90


Dynamic libraries:
0x00007ff7ec300000 - 0x00007ff7ec30d000 	C:\Users\lufer\.jdks\corretto-19.0.2\bin\java.exe
0x00007ffbc2a90000 - 0x00007ffbc2c87000 	C:\WINDOWS\SYSTEM32\ntdll.dll
0x00007ffbc0c20000 - 0x00007ffbc0cdd000 	C:\WINDOWS\System32\KERNEL32.DLL
0x00007ffbc0410000 - 0x00007ffbc0706000 	C:\WINDOWS\System32\KERNELBASE.dll
0x00007ffbc0950000 - 0x00007ffbc0a50000 	C:\WINDOWS\System32\ucrtbase.dll
0x00007ffbba3a0000 - 0x00007ffbba3b7000 	C:\Users\lufer\.jdks\corretto-19.0.2\bin\jli.dll
0x00007ffbc0ce0000 - 0x00007ffbc0e7e000 	C:\WINDOWS\System32\USER32.dll
0x00007ffbc0a50000 - 0x00007ffbc0a72000 	C:\WINDOWS\System32\win32u.dll
0x00007ffbc2670000 - 0x00007ffbc269c000 	C:\WINDOWS\System32\GDI32.dll
0x00007ffbc0210000 - 0x00007ffbc032a000 	C:\WINDOWS\System32\gdi32full.dll
0x00007ffbc0170000 - 0x00007ffbc020d000 	C:\WINDOWS\System32\msvcp_win.dll
0x00007ffbb9140000 - 0x00007ffbb9155000 	C:\Users\lufer\.jdks\corretto-19.0.2\bin\VCRUNTIME140.dll
0x00007ffba6320000 - 0x00007ffba65ba000 	C:\WINDOWS\WinSxS\amd64_microsoft.windows.common-controls_6595b64144ccf1df_6.0.19041.3570_none_60bb2a3971f3e41a\COMCTL32.dll
0x00007ffbc1750000 - 0x00007ffbc17ee000 	C:\WINDOWS\System32\msvcrt.dll
0x00007ffbc0b80000 - 0x00007ffbc0bb0000 	C:\WINDOWS\System32\IMM32.DLL
0x00007ffba9650000 - 0x00007ffba96eb000 	C:\Users\lufer\.jdks\corretto-19.0.2\bin\msvcp140.dll
0x00007ffb7a1d0000 - 0x00007ffb7aea9000 	C:\Users\lufer\.jdks\corretto-19.0.2\bin\server\jvm.dll
0x00007ffbc2260000 - 0x00007ffbc230e000 	C:\WINDOWS\System32\ADVAPI32.dll
0x00007ffbc2950000 - 0x00007ffbc29ec000 	C:\WINDOWS\System32\sechost.dll
0x00007ffbc2820000 - 0x00007ffbc2946000 	C:\WINDOWS\System32\RPCRT4.dll
0x00007ffbb1e60000 - 0x00007ffbb1e69000 	C:\WINDOWS\SYSTEM32\WSOCK32.dll
0x00007ffbc19d0000 - 0x00007ffbc1a3b000 	C:\WINDOWS\System32\WS2_32.dll
0x00007ffbb6c10000 - 0x00007ffbb6c37000 	C:\WINDOWS\SYSTEM32\WINMM.dll
0x00007ffbb74b0000 - 0x00007ffbb74ba000 	C:\WINDOWS\SYSTEM32\VERSION.dll
0x00007ffbbe9d0000 - 0x00007ffbbe9e2000 	C:\WINDOWS\SYSTEM32\kernel.appcore.dll
0x00007ffbba380000 - 0x00007ffbba38a000 	C:\Users\lufer\.jdks\corretto-19.0.2\bin\jimage.dll
0x00007ffbbdeb0000 - 0x00007ffbbe094000 	C:\WINDOWS\SYSTEM32\DBGHELP.DLL
0x00007ffbad1d0000 - 0x00007ffbad204000 	C:\WINDOWS\SYSTEM32\dbgcore.DLL
0x00007ffbc0380000 - 0x00007ffbc0402000 	C:\WINDOWS\System32\bcryptPrimitives.dll
0x00007ffbb9620000 - 0x00007ffbb962e000 	C:\Users\lufer\.jdks\corretto-19.0.2\bin\instrument.dll
0x00007ffbb1760000 - 0x00007ffbb1786000 	C:\Users\lufer\.jdks\corretto-19.0.2\bin\java.dll
0x00007ffb937a0000 - 0x00007ffb93876000 	C:\Users\lufer\.jdks\corretto-19.0.2\bin\jsvml.dll
0x00007ffbc1a40000 - 0x00007ffbc2184000 	C:\WINDOWS\System32\SHELL32.dll
0x00007ffbbe0a0000 - 0x00007ffbbe83b000 	C:\WINDOWS\SYSTEM32\windows.storage.dll
0x00007ffbc2310000 - 0x00007ffbc2664000 	C:\WINDOWS\System32\combase.dll
0x00007ffbbfae0000 - 0x00007ffbbfb0d000 	C:\WINDOWS\SYSTEM32\Wldp.dll
0x00007ffbc1920000 - 0x00007ffbc19cd000 	C:\WINDOWS\System32\SHCORE.dll
0x00007ffbc29f0000 - 0x00007ffbc2a45000 	C:\WINDOWS\System32\shlwapi.dll
0x00007ffbc00a0000 - 0x00007ffbc00c5000 	C:\WINDOWS\SYSTEM32\profapi.dll
0x00007ffbb19c0000 - 0x00007ffbb19d8000 	C:\Users\lufer\.jdks\corretto-19.0.2\bin\zip.dll
0x00007ffbb0f60000 - 0x00007ffbb0f73000 	C:\Users\lufer\.jdks\corretto-19.0.2\bin\net.dll
0x00007ffbb23c0000 - 0x00007ffbb24ca000 	C:\WINDOWS\SYSTEM32\WINHTTP.dll
0x00007ffbbf840000 - 0x00007ffbbf8aa000 	C:\WINDOWS\system32\mswsock.dll
0x00007ffbb0bb0000 - 0x00007ffbb0bc5000 	C:\Users\lufer\.jdks\corretto-19.0.2\bin\nio.dll
0x00007ffbb9280000 - 0x00007ffbb9290000 	C:\Users\lufer\.jdks\corretto-19.0.2\bin\verify.dll
0x00007ffbb9290000 - 0x00007ffbb92b7000 	C:\Users\lufer\.gradle\native\68d5fa5c4cc2d200863cafc0d521ce42e7d3e7ee720ec0a83991735586a16f82\windows-amd64\native-platform.dll
0x00007ffb8d4b0000 - 0x00007ffb8d5f4000 	C:\Users\lufer\.gradle\native\e376f236ea51e6404a007f0833ffe2c6e607c4080706a723a18a27aeea778392\windows-amd64\native-platform-file-events.dll
0x00007ffbb9340000 - 0x00007ffbb9349000 	C:\Users\lufer\.jdks\corretto-19.0.2\bin\management.dll
0x00007ffbb9330000 - 0x00007ffbb933b000 	C:\Users\lufer\.jdks\corretto-19.0.2\bin\management_ext.dll
0x00007ffbc0ee0000 - 0x00007ffbc0ee8000 	C:\WINDOWS\System32\PSAPI.DLL
0x00007ffbbfa30000 - 0x00007ffbbfa48000 	C:\WINDOWS\SYSTEM32\CRYPTSP.dll
0x00007ffbbf150000 - 0x00007ffbbf184000 	C:\WINDOWS\system32\rsaenh.dll
0x00007ffbc0920000 - 0x00007ffbc0947000 	C:\WINDOWS\System32\bcrypt.dll
0x00007ffbc0020000 - 0x00007ffbc004e000 	C:\WINDOWS\SYSTEM32\USERENV.dll
0x00007ffbbfa50000 - 0x00007ffbbfa5c000 	C:\WINDOWS\SYSTEM32\CRYPTBASE.dll
0x00007ffbbf530000 - 0x00007ffbbf56b000 	C:\WINDOWS\SYSTEM32\IPHLPAPI.DLL
0x00007ffbc0c10000 - 0x00007ffbc0c18000 	C:\WINDOWS\System32\NSI.dll
0x00007ffbb2d60000 - 0x00007ffbb2d77000 	C:\WINDOWS\SYSTEM32\dhcpcsvc6.DLL
0x00007ffbb6730000 - 0x00007ffbb674d000 	C:\WINDOWS\SYSTEM32\dhcpcsvc.DLL
0x00007ffbbf570000 - 0x00007ffbbf63a000 	C:\WINDOWS\SYSTEM32\DNSAPI.dll
0x00007ffbb92f0000 - 0x00007ffbb92f8000 	C:\Users\lufer\.jdks\corretto-19.0.2\bin\extnet.dll
0x00007ffbb9130000 - 0x00007ffbb913e000 	C:\Users\lufer\.jdks\corretto-19.0.2\bin\sunmscapi.dll
0x00007ffbc0710000 - 0x00007ffbc086d000 	C:\WINDOWS\System32\CRYPT32.dll
0x00007ffbbfb50000 - 0x00007ffbbfb77000 	C:\WINDOWS\SYSTEM32\ncrypt.dll
0x00007ffbbfb10000 - 0x00007ffbbfb4b000 	C:\WINDOWS\SYSTEM32\NTASN1.dll
0x00007ffbb1c20000 - 0x00007ffbb1c27000 	C:\WINDOWS\system32\wshunix.dll

dbghelp: loaded successfully - version: 4.0.5 - missing functions: none
symbol engine: initialized successfully - sym options: 0x614 - pdb path: .;C:\Users\lufer\.jdks\corretto-19.0.2\bin;C:\WINDOWS\SYSTEM32;C:\WINDOWS\WinSxS\amd64_microsoft.windows.common-controls_6595b64144ccf1df_6.0.19041.3570_none_60bb2a3971f3e41a;C:\Users\lufer\.jdks\corretto-19.0.2\bin\server;C:\Users\lufer\.gradle\native\68d5fa5c4cc2d200863cafc0d521ce42e7d3e7ee720ec0a83991735586a16f82\windows-amd64;C:\Users\lufer\.gradle\native\e376f236ea51e6404a007f0833ffe2c6e607c4080706a723a18a27aeea778392\windows-amd64

VM Arguments:
jvm_args: --add-opens=java.base/java.util=ALL-UNNAMED --add-opens=java.base/java.lang=ALL-UNNAMED --add-opens=java.base/java.lang.invoke=ALL-UNNAMED --add-opens=java.prefs/java.util.prefs=ALL-UNNAMED --add-opens=java.base/java.nio.charset=ALL-UNNAMED --add-opens=java.base/java.net=ALL-UNNAMED --add-opens=java.base/java.util.concurrent.atomic=ALL-UNNAMED -XX:MaxMetaspaceSize=384m -XX:+HeapDumpOnOutOfMemoryError -Xms256m -Xmx512m -Dfile.encoding=windows-1252 -Duser.country=US -Duser.language=en -Duser.variant -javaagent:C:\Users\lufer\.gradle\wrapper\dists\gradle-8.2.1-bin\5hap6b9n41hkg4jeh2au2pllh\gradle-8.2.1\lib\agents\gradle-instrumentation-agent-8.2.1.jar 
java_command: org.gradle.launcher.daemon.bootstrap.GradleDaemon 8.2.1
java_class_path (initial): C:\Users\lufer\.gradle\wrapper\dists\gradle-8.2.1-bin\5hap6b9n41hkg4jeh2au2pllh\gradle-8.2.1\lib\gradle-launcher-8.2.1.jar
Launcher Type: SUN_STANDARD

[Global flags]
     intx CICompilerCount                          = 3                                         {product} {ergonomic}
   size_t CompressedClassSpaceSize                 = 322961408                                 {product} {ergonomic}
     uint ConcGCThreads                            = 1                                         {product} {ergonomic}
     uint G1ConcRefinementThreads                  = 4                                         {product} {ergonomic}
   size_t G1HeapRegionSize                         = 1048576                                   {product} {ergonomic}
    uintx GCDrainStackTargetSize                   = 64                                        {product} {ergonomic}
     bool HeapDumpOnOutOfMemoryError               = true                                   {manageable} {command line}
   size_t InitialHeapSize                          = 268435456                                 {product} {command line}
   size_t MarkStackSize                            = 4194304                                   {product} {ergonomic}
   size_t MaxHeapSize                              = 536870912                                 {product} {command line}
   size_t MaxMetaspaceSize                         = 402653184                                 {product} {command line}
   size_t MaxNewSize                               = 321912832                                 {product} {ergonomic}
   size_t MinHeapDeltaBytes                        = 1048576                                   {product} {ergonomic}
   size_t MinHeapSize                              = 268435456                                 {product} {command line}
    uintx NonNMethodCodeHeapSize                   = 5832780                                {pd product} {ergonomic}
    uintx NonProfiledCodeHeapSize                  = 122912730                              {pd product} {ergonomic}
    uintx ProfiledCodeHeapSize                     = 122912730                              {pd product} {ergonomic}
    uintx ReservedCodeCacheSize                    = 251658240                              {pd product} {ergonomic}
     bool SegmentedCodeCache                       = true                                      {product} {ergonomic}
   size_t SoftMaxHeapSize                          = 536870912                              {manageable} {ergonomic}
     bool UseCompressedClassPointers               = true                           {product lp64_product} {ergonomic}
     bool UseCompressedOops                        = true                           {product lp64_product} {ergonomic}
     bool UseG1GC                                  = true                                      {product} {ergonomic}
     bool UseLargePagesIndividualAllocation        = false                                  {pd product} {ergonomic}

Logging:
Log output configuration:
 #0: stdout all=warning uptime,level,tags foldmultilines=false
 #1: stderr all=off uptime,level,tags foldmultilines=false

Environment Variables:
PATH=C:\WINDOWS\system32;C:\WINDOWS;C:\WINDOWS\System32\Wbem;C:\WINDOWS\System32\WindowsPowerShell\v1.0\;C:\WINDOWS\System32\OpenSSH\;C:\Program Files\Git\cmd;C:\Program Files\nodejs\;C:\Users\lufer\AppData\Local\Microsoft\WindowsApps;C:\Users\lufer\AppData\Roaming\npm
USERNAME=lufer
OS=Windows_NT
PROCESSOR_IDENTIFIER=AMD64 Family 23 Model 17 Stepping 0, AuthenticAMD
TMP=C:\Users\lufer\AppData\Local\Temp
TEMP=C:\Users\lufer\AppData\Local\Temp



---------------  S Y S T E M  ---------------

OS:
 Windows 10 , 64 bit Build 19041 (10.0.19041.3570)
OS uptime: 11 days 7:17 hours

CPU: total 4 (initial active 4) (4 cores per cpu, 1 threads per core) family 23 model 17 stepping 0 microcode 0x0, cx8, cmov, fxsr, mmx, 3dnowpref, sse, sse2, sse3, ssse3, sse4a, sse4.1, sse4.2, popcnt, lzcnt, tsc, tscinvbit, avx, avx2, aes, clmul, bmi1, bmi2, adx, sha, fma, vzeroupper, clflush, clflushopt, rdtscp

Memory: 4k page, system-wide physical 3539M (69M free)
TotalPageFile size 14291M (AvailPageFile size 2M)
current process WorkingSet (physical memory assigned to process): 238M, peak: 308M
current process commit charge ("private bytes"): 515M, peak: 517M

vm_info: OpenJDK 64-Bit Server VM (19.0.2+7-FR) for windows-amd64 JRE (19.0.2+7-FR), built on Jan 13 2023 22:53:32 by "Administrator" with MS VC++ 15.9 (VS2017)

END.
