#
# There is insufficient memory for the Java Runtime Environment to continue.
# Native memory allocation (malloc) failed to allocate 365040 bytes for Chunk::new
# Possible reasons:
#   The system is out of physical RAM or swap space
#   The process is running with CompressedOops enabled, and the Java Heap may be blocking the growth of the native heap
# Possible solutions:
#   Reduce memory load on the system
#   Increase physical memory or swap space
#   Check if swap backing store is full
#   Decrease Java heap size (-Xmx/-Xms)
#   Decrease number of Java threads
#   Decrease Java thread stack sizes (-Xss)
#   Set larger code cache with -XX:ReservedCodeCacheSize=
#   JVM is running with Unscaled Compressed Oops mode in which the Java heap is
#     placed in the first 4GB address space. The Java Heap base address is the
#     maximum limit for the native heap growth. Please use -XX:HeapBaseMinAddress
#     to set the Java Heap base and to place the Java Heap above 4GB virtual address.
# This output file may be truncated or incomplete.
#
#  Out of Memory Error (arena.cpp:184), pid=7908, tid=1112
#
# JRE version: OpenJDK Runtime Environment Corretto-19.0.2.7.1 (19.0.2+7) (build 19.0.2+7-FR)
# Java VM: OpenJDK 64-Bit Server VM Corretto-19.0.2.7.1 (19.0.2+7-FR, mixed mode, sharing, tiered, compressed oops, compressed class ptrs, g1 gc, windows-amd64)
# No core dump will be written. Minidumps are not enabled by default on client versions of Windows
#

---------------  S U M M A R Y ------------

Command Line: --add-opens=java.base/java.util=ALL-UNNAMED --add-opens=java.base/java.lang=ALL-UNNAMED --add-opens=java.base/java.lang.invoke=ALL-UNNAMED --add-opens=java.prefs/java.util.prefs=ALL-UNNAMED --add-opens=java.base/java.nio.charset=ALL-UNNAMED --add-opens=java.base/java.net=ALL-UNNAMED --add-opens=java.base/java.util.concurrent.atomic=ALL-UNNAMED -XX:MaxMetaspaceSize=384m -XX:+HeapDumpOnOutOfMemoryError -Xms256m -Xmx512m -Dfile.encoding=windows-1252 -Duser.country=US -Duser.language=en -Duser.variant -javaagent:C:\Users\lufer\.gradle\wrapper\dists\gradle-8.2.1-bin\5hap6b9n41hkg4jeh2au2pllh\gradle-8.2.1\lib\agents\gradle-instrumentation-agent-8.2.1.jar org.gradle.launcher.daemon.bootstrap.GradleDaemon 8.2.1

Host: AMD Ryzen 3 2300U with Radeon Vega Mobile Gfx  , 4 cores, 3G,  Windows 10 , 64 bit Build 19041 (10.0.19041.3570)
Time: Fri Nov 24 14:42:41 2023 SA Pacific Standard Time elapsed time: 21.772631 seconds (0d 0h 0m 21s)

---------------  T H R E A D  ---------------

Current thread (0x00000168bd715910):  JavaThread "C2 CompilerThread0" daemon [_thread_in_native, id=1112, stack(0x000000322dd00000,0x000000322de00000)]


Current CompileTask:
C2:  21774 4204       4       groovy.lang.MetaClassImpl$1MOPIter::methodNameAction (325 bytes)

Stack: [0x000000322dd00000,0x000000322de00000]
Native frames: (J=compiled Java code, j=interpreted, Vv=VM code, C=native code)
V  [jvm.dll+0x6d034a]
V  [jvm.dll+0x880f10]
V  [jvm.dll+0x88289e]
V  [jvm.dll+0x882f43]
V  [jvm.dll+0x27b4bb]
V  [jvm.dll+0xdd792]
V  [jvm.dll+0xddb25]
V  [jvm.dll+0x3b4a5b]
V  [jvm.dll+0x1ebc10]
V  [jvm.dll+0x2471d3]
V  [jvm.dll+0x2465a7]
V  [jvm.dll+0x1d4bb7]
V  [jvm.dll+0x25558a]
V  [jvm.dll+0x2538d7]
V  [jvm.dll+0x8342bd]
V  [jvm.dll+0x82e2fa]
V  [jvm.dll+0x6cf0d3]
C  [ucrtbase.dll+0x21bb2]
C  [KERNEL32.DLL+0x17344]
C  [ntdll.dll+0x526b1]


---------------  P R O C E S S  ---------------

Threads class SMR info:
_java_thread_list=0x00000168c4e985e0, length=37, elements={
0x00000168a2cf63e0, 0x00000168bd70d0f0, 0x00000168bd70e5d0, 0x00000168bd70f100,
0x00000168bd713a50, 0x00000168bd714380, 0x00000168bd714cb0, 0x00000168bd715910,
0x00000168c192aea0, 0x00000168c1933410, 0x00000168bd6dd530, 0x00000168c1af3ac0,
0x00000168c1b8a8f0, 0x00000168c19c9ea0, 0x00000168c1b64860, 0x00000168c232e1a0,
0x00000168c2dada20, 0x00000168c2efbab0, 0x00000168c2efbff0, 0x00000168c317a8f0,
0x00000168c3177e70, 0x00000168c317a3a0, 0x00000168c3178910, 0x00000168c3179e50,
0x00000168c3178e60, 0x00000168c31783c0, 0x00000168c31773d0, 0x00000168c3177920,
0x00000168c3179900, 0x00000168c2f37790, 0x00000168c2f3b200, 0x00000168c2f38230,
0x00000168c2f347c0, 0x00000168c2f37240, 0x00000168c2f39cc0, 0x00000168c2f3bca0,
0x00000168c2f38780
}

Java Threads: ( => current thread )
  0x00000168a2cf63e0 JavaThread "main" [_thread_blocked, id=1908, stack(0x000000322d000000,0x000000322d100000)]
  0x00000168bd70d0f0 JavaThread "Reference Handler" daemon [_thread_blocked, id=16980, stack(0x000000322d700000,0x000000322d800000)]
  0x00000168bd70e5d0 JavaThread "Finalizer" daemon [_thread_blocked, id=21888, stack(0x000000322d800000,0x000000322d900000)]
  0x00000168bd70f100 JavaThread "Signal Dispatcher" daemon [_thread_blocked, id=5496, stack(0x000000322d900000,0x000000322da00000)]
  0x00000168bd713a50 JavaThread "Attach Listener" daemon [_thread_blocked, id=10980, stack(0x000000322da00000,0x000000322db00000)]
  0x00000168bd714380 JavaThread "Service Thread" daemon [_thread_blocked, id=2664, stack(0x000000322db00000,0x000000322dc00000)]
  0x00000168bd714cb0 JavaThread "Monitor Deflation Thread" daemon [_thread_blocked, id=21288, stack(0x000000322dc00000,0x000000322dd00000)]
=>0x00000168bd715910 JavaThread "C2 CompilerThread0" daemon [_thread_in_native, id=1112, stack(0x000000322dd00000,0x000000322de00000)]
  0x00000168c192aea0 JavaThread "C1 CompilerThread0" daemon [_thread_blocked, id=11848, stack(0x000000322de00000,0x000000322df00000)]
  0x00000168c1933410 JavaThread "Sweeper thread" daemon [_thread_blocked, id=14592, stack(0x000000322df00000,0x000000322e000000)]
  0x00000168bd6dd530 JavaThread "Common-Cleaner" daemon [_thread_blocked, id=10524, stack(0x000000322e000000,0x000000322e100000)]
  0x00000168c1af3ac0 JavaThread "Notification Thread" daemon [_thread_blocked, id=12144, stack(0x000000322e100000,0x000000322e200000)]
  0x00000168c1b8a8f0 JavaThread "Daemon health stats" [_thread_blocked, id=21780, stack(0x000000322e600000,0x000000322e700000)]
  0x00000168c19c9ea0 JavaThread "Incoming local TCP Connector on port 60367" [_thread_in_native, id=11552, stack(0x000000322e700000,0x000000322e800000)]
  0x00000168c1b64860 JavaThread "Daemon periodic checks" [_thread_blocked, id=10000, stack(0x000000322e800000,0x000000322e900000)]
  0x00000168c232e1a0 JavaThread "Daemon" [_thread_blocked, id=10012, stack(0x000000322e900000,0x000000322ea00000)]
  0x00000168c2dada20 JavaThread "Handler for socket connection from /127.0.0.1:60367 to /127.0.0.1:60368" [_thread_in_native, id=21236, stack(0x000000322ea00000,0x000000322eb00000)]
  0x00000168c2efbab0 JavaThread "Cancel handler" [_thread_blocked, id=18088, stack(0x000000322eb00000,0x000000322ec00000)]
  0x00000168c2efbff0 JavaThread "Daemon worker" [_thread_in_vm, id=18640, stack(0x000000322ec00000,0x000000322ed00000)]
  0x00000168c317a8f0 JavaThread "Asynchronous log dispatcher for DefaultDaemonConnection: socket connection from /127.0.0.1:60367 to /127.0.0.1:60368" [_thread_blocked, id=11400, stack(0x000000322ed00000,0x000000322ee00000)]
  0x00000168c3177e70 JavaThread "Stdin handler" [_thread_blocked, id=11024, stack(0x000000322ee00000,0x000000322ef00000)]
  0x00000168c317a3a0 JavaThread "Daemon client event forwarder" [_thread_blocked, id=14884, stack(0x000000322ef00000,0x000000322f000000)]
  0x00000168c3178910 JavaThread "Cache worker for journal cache (C:\Users\lufer\.gradle\caches\journal-1)" [_thread_blocked, id=3468, stack(0x000000322f000000,0x000000322f100000)]
  0x00000168c3179e50 JavaThread "File lock request listener" [_thread_in_native, id=5276, stack(0x000000322f100000,0x000000322f200000)]
  0x00000168c3178e60 JavaThread "Cache worker for file hash cache (C:\Users\lufer\.gradle\caches\8.2.1\fileHashes)" [_thread_blocked, id=22328, stack(0x000000322f200000,0x000000322f300000)]
  0x00000168c31783c0 JavaThread "File watcher server" daemon [_thread_in_native, id=14608, stack(0x000000322f300000,0x000000322f400000)]
  0x00000168c31773d0 JavaThread "File watcher consumer" daemon [_thread_blocked, id=20508, stack(0x000000322f400000,0x000000322f500000)]
  0x00000168c3177920 JavaThread "Cache worker for checksums cache (C:\Users\lufer\Documents\Codigo\.gradle\8.2.1\checksums)" [_thread_blocked, id=9172, stack(0x000000322f500000,0x000000322f600000)]
  0x00000168c3179900 JavaThread "Cache worker for cache directory md-rule (C:\Users\lufer\.gradle\caches\8.2.1\md-rule)" [_thread_blocked, id=5824, stack(0x000000322f600000,0x000000322f700000)]
  0x00000168c2f37790 JavaThread "Cache worker for file content cache (C:\Users\lufer\.gradle\caches\8.2.1\fileContent)" [_thread_blocked, id=4548, stack(0x000000322f700000,0x000000322f800000)]
  0x00000168c2f3b200 JavaThread "Cache worker for file hash cache (C:\Users\lufer\Documents\Codigo\.gradle\8.2.1\fileHashes)" [_thread_blocked, id=19588, stack(0x000000322f800000,0x000000322f900000)]
  0x00000168c2f38230 JavaThread "Cache worker for cache directory md-supplier (C:\Users\lufer\.gradle\caches\8.2.1\md-supplier)" [_thread_blocked, id=21124, stack(0x000000322f900000,0x000000322fa00000)]
  0x00000168c2f347c0 JavaThread "Cache worker for execution history cache (C:\Users\lufer\.gradle\caches\8.2.1\executionHistory)" [_thread_blocked, id=20520, stack(0x000000322fa00000,0x000000322fb00000)]
  0x00000168c2f37240 JavaThread "jar transforms" [_thread_blocked, id=17072, stack(0x000000322fb00000,0x000000322fc00000)]
  0x00000168c2f39cc0 JavaThread "jar transforms Thread 2" [_thread_blocked, id=10252, stack(0x000000322fc00000,0x000000322fd00000)]
  0x00000168c2f3bca0 JavaThread "jar transforms Thread 3" [_thread_blocked, id=9408, stack(0x000000322fd00000,0x000000322fe00000)]
  0x00000168c2f38780 JavaThread "jar transforms Thread 4" [_thread_blocked, id=21128, stack(0x000000322fe00000,0x000000322ff00000)]

Other Threads:
  0x00000168bd6f3ba0 VMThread "VM Thread" [stack: 0x000000322d600000,0x000000322d700000] [id=16100]
  0x00000168c1b37610 WatcherThread "VM Periodic Task Thread" [stack: 0x000000322e200000,0x000000322e300000] [id=8732]
  0x00000168a2d28230 WorkerThread "GC Thread#0" [stack: 0x000000322d100000,0x000000322d200000] [id=15596]
  0x00000168c1e65540 WorkerThread "GC Thread#1" [stack: 0x000000322e300000,0x000000322e400000] [id=15472]
  0x00000168c1e65810 WorkerThread "GC Thread#2" [stack: 0x000000322e400000,0x000000322e500000] [id=14620]
  0x00000168c1e65ae0 WorkerThread "GC Thread#3" [stack: 0x000000322e500000,0x000000322e600000] [id=15332]
  0x00000168a2d2d240 ConcurrentGCThread "G1 Main Marker" [stack: 0x000000322d200000,0x000000322d300000] [id=12336]
  0x00000168a2d2db80 WorkerThread "G1 Conc#0" [stack: 0x000000322d300000,0x000000322d400000] [id=15616]
  0x00000168a2dcd4f0 ConcurrentGCThread "G1 Refine#0" [stack: 0x000000322d400000,0x000000322d500000] [id=6120]
  0x00000168a2dcdf40 ConcurrentGCThread "G1 Service" [stack: 0x000000322d500000,0x000000322d600000] [id=16600]

Threads with active compile tasks:
C2 CompilerThread0    21836 4204       4       groovy.lang.MetaClassImpl$1MOPIter::methodNameAction (325 bytes)

VM state: not at safepoint (normal execution)

VM Mutex/Monitor currently owned by a thread: None

Heap address: 0x00000000e0000000, size: 512 MB, Compressed Oops mode: 32-bit

CDS archive(s) mapped at: [0x0000000800000000-0x0000000800c40000-0x0000000800c40000), size 12845056, SharedBaseAddress: 0x0000000800000000, ArchiveRelocationMode: 0.
Compressed class space mapped at: 0x0000000801000000-0x0000000814400000, reserved size: 322961408
Narrow klass base: 0x0000000800000000, Narrow klass shift: 0, Narrow klass range: 0x100000000

GC Precious Log:
 CardTable entry size: 512
 Card Set container configuration: InlinePtr #cards 5 size 8 Array Of Cards #cards 12 size 40 Howl #buckets 4 coarsen threshold 1843 Howl Bitmap #cards 512 size 80 coarsen threshold 460 Card regions per heap region 1 cards per card region 2048
 CPUs: 4 total, 4 available
 Memory: 3539M
 Large Page Support: Disabled
 NUMA Support: Disabled
 Compressed Oops: Enabled (32-bit)
 Heap Region Size: 1M
 Heap Min Capacity: 256M
 Heap Initial Capacity: 256M
 Heap Max Capacity: 512M
 Pre-touch: Disabled
 Parallel Workers: 4
 Concurrent Workers: 1
 Concurrent Refinement Workers: 4
 Periodic GC: Disabled

Heap:
 garbage-first heap   total 262144K, used 37083K [0x00000000e0000000, 0x0000000100000000)
  region size 1024K, 9 young (9216K), 2 survivors (2048K)
 Metaspace       used 35327K, committed 36480K, reserved 380928K
  class space    used 4836K, committed 5440K, reserved 315392K

Heap Regions: E=young(eden), S=young(survivor), O=old, HS=humongous(starts), HC=humongous(continues), CS=collection set, F=free, OA=open archive, CA=closed archive, TAMS=top-at-mark-start (previous, next)
|   0|0x00000000e0000000, 0x00000000e0100000, 0x00000000e0100000|100%| O|  |TAMS 0x00000000e0100000, 0x00000000e0000000| Untracked 
|   1|0x00000000e0100000, 0x00000000e0200000, 0x00000000e0200000|100%| O|  |TAMS 0x00000000e0200000, 0x00000000e0100000| Untracked 
|   2|0x00000000e0200000, 0x00000000e0300000, 0x00000000e0300000|100%|HS|  |TAMS 0x00000000e0300000, 0x00000000e0200000| Complete 
|   3|0x00000000e0300000, 0x00000000e0400000, 0x00000000e0400000|100%|HC|  |TAMS 0x00000000e0400000, 0x00000000e0300000| Complete 
|   4|0x00000000e0400000, 0x00000000e0500000, 0x00000000e0500000|100%|HC|  |TAMS 0x00000000e0500000, 0x00000000e0400000| Complete 
|   5|0x00000000e0500000, 0x00000000e0600000, 0x00000000e0600000|100%|HC|  |TAMS 0x00000000e0600000, 0x00000000e0500000| Complete 
|   6|0x00000000e0600000, 0x00000000e0700000, 0x00000000e0700000|100%| O|  |TAMS 0x00000000e0700000, 0x00000000e0600000| Untracked 
|   7|0x00000000e0700000, 0x00000000e0800000, 0x00000000e0800000|100%| O|  |TAMS 0x00000000e0800000, 0x00000000e0700000| Untracked 
|   8|0x00000000e0800000, 0x00000000e0900000, 0x00000000e0900000|100%| O|  |TAMS 0x00000000e0800000, 0x00000000e0800000| Untracked 
|   9|0x00000000e0900000, 0x00000000e0a00000, 0x00000000e0a00000|100%| O|  |TAMS 0x00000000e0a00000, 0x00000000e0900000| Untracked 
|  10|0x00000000e0a00000, 0x00000000e0b00000, 0x00000000e0b00000|100%| O|  |TAMS 0x00000000e0b00000, 0x00000000e0a00000| Untracked 
|  11|0x00000000e0b00000, 0x00000000e0c00000, 0x00000000e0c00000|100%| O|  |TAMS 0x00000000e0c00000, 0x00000000e0b00000| Untracked 
|  12|0x00000000e0c00000, 0x00000000e0d00000, 0x00000000e0d00000|100%| O|  |TAMS 0x00000000e0c00000, 0x00000000e0c00000| Untracked 
|  13|0x00000000e0d00000, 0x00000000e0e00000, 0x00000000e0e00000|100%| O|  |TAMS 0x00000000e0d00000, 0x00000000e0d00000| Untracked 
|  14|0x00000000e0e00000, 0x00000000e0f00000, 0x00000000e0f00000|100%| O|  |TAMS 0x00000000e0e00000, 0x00000000e0e00000| Untracked 
|  15|0x00000000e0f00000, 0x00000000e1000000, 0x00000000e1000000|100%| O|  |TAMS 0x00000000e0f00000, 0x00000000e0f00000| Untracked 
|  16|0x00000000e1000000, 0x00000000e1100000, 0x00000000e1100000|100%| O|  |TAMS 0x00000000e1100000, 0x00000000e1000000| Untracked 
|  17|0x00000000e1100000, 0x00000000e1200000, 0x00000000e1200000|100%| O|  |TAMS 0x00000000e1200000, 0x00000000e1100000| Untracked 
|  18|0x00000000e1200000, 0x00000000e1300000, 0x00000000e1300000|100%| O|  |TAMS 0x00000000e1300000, 0x00000000e1200000| Untracked 
|  19|0x00000000e1300000, 0x00000000e1400000, 0x00000000e1400000|100%| O|  |TAMS 0x00000000e1400000, 0x00000000e1300000| Untracked 
|  20|0x00000000e1400000, 0x00000000e1500000, 0x00000000e1500000|100%| O|  |TAMS 0x00000000e1500000, 0x00000000e1400000| Untracked 
|  21|0x00000000e1500000, 0x00000000e1600000, 0x00000000e1600000|100%| O|  |TAMS 0x00000000e1600000, 0x00000000e1500000| Untracked 
|  22|0x00000000e1600000, 0x00000000e1700000, 0x00000000e1700000|100%| O|  |TAMS 0x00000000e1700000, 0x00000000e1600000| Untracked 
|  23|0x00000000e1700000, 0x00000000e1800000, 0x00000000e1800000|100%| O|  |TAMS 0x00000000e1800000, 0x00000000e1700000| Untracked 
|  24|0x00000000e1800000, 0x00000000e1900000, 0x00000000e1900000|100%| O|  |TAMS 0x00000000e1900000, 0x00000000e1800000| Untracked 
|  25|0x00000000e1900000, 0x00000000e1a00000, 0x00000000e1a00000|100%| O|  |TAMS 0x00000000e1a00000, 0x00000000e1900000| Untracked 
|  26|0x00000000e1a00000, 0x00000000e1b00000, 0x00000000e1b00000|100%| O|  |TAMS 0x00000000e1a56800, 0x00000000e1a00000| Untracked 
|  27|0x00000000e1b00000, 0x00000000e1c00000, 0x00000000e1c00000|100%| O|  |TAMS 0x00000000e1b00000, 0x00000000e1b00000| Untracked 
|  28|0x00000000e1c00000, 0x00000000e1cdf600, 0x00000000e1d00000| 87%| O|  |TAMS 0x00000000e1c00000, 0x00000000e1c00000| Untracked 
|  29|0x00000000e1d00000, 0x00000000e1d00000, 0x00000000e1e00000|  0%| F|  |TAMS 0x00000000e1d00000, 0x00000000e1d00000| Untracked 
|  30|0x00000000e1e00000, 0x00000000e1e00000, 0x00000000e1f00000|  0%| F|  |TAMS 0x00000000e1e00000, 0x00000000e1e00000| Untracked 
|  31|0x00000000e1f00000, 0x00000000e1f00000, 0x00000000e2000000|  0%| F|  |TAMS 0x00000000e1f00000, 0x00000000e1f00000| Untracked 
|  32|0x00000000e2000000, 0x00000000e2000000, 0x00000000e2100000|  0%| F|  |TAMS 0x00000000e2000000, 0x00000000e2000000| Untracked 
|  33|0x00000000e2100000, 0x00000000e2100000, 0x00000000e2200000|  0%| F|  |TAMS 0x00000000e2100000, 0x00000000e2100000| Untracked 
|  34|0x00000000e2200000, 0x00000000e2200000, 0x00000000e2300000|  0%| F|  |TAMS 0x00000000e2200000, 0x00000000e2200000| Untracked 
|  35|0x00000000e2300000, 0x00000000e2300000, 0x00000000e2400000|  0%| F|  |TAMS 0x00000000e2300000, 0x00000000e2300000| Untracked 
|  36|0x00000000e2400000, 0x00000000e2400000, 0x00000000e2500000|  0%| F|  |TAMS 0x00000000e2400000, 0x00000000e2400000| Untracked 
|  37|0x00000000e2500000, 0x00000000e2500000, 0x00000000e2600000|  0%| F|  |TAMS 0x00000000e2500000, 0x00000000e2500000| Untracked 
|  38|0x00000000e2600000, 0x00000000e2600000, 0x00000000e2700000|  0%| F|  |TAMS 0x00000000e2600000, 0x00000000e2600000| Untracked 
|  39|0x00000000e2700000, 0x00000000e2700000, 0x00000000e2800000|  0%| F|  |TAMS 0x00000000e2700000, 0x00000000e2700000| Untracked 
|  40|0x00000000e2800000, 0x00000000e2800000, 0x00000000e2900000|  0%| F|  |TAMS 0x00000000e2800000, 0x00000000e2800000| Untracked 
|  41|0x00000000e2900000, 0x00000000e2900000, 0x00000000e2a00000|  0%| F|  |TAMS 0x00000000e2900000, 0x00000000e2900000| Untracked 
|  42|0x00000000e2a00000, 0x00000000e2a00000, 0x00000000e2b00000|  0%| F|  |TAMS 0x00000000e2a00000, 0x00000000e2a00000| Untracked 
|  43|0x00000000e2b00000, 0x00000000e2b00000, 0x00000000e2c00000|  0%| F|  |TAMS 0x00000000e2b00000, 0x00000000e2b00000| Untracked 
|  44|0x00000000e2c00000, 0x00000000e2c00000, 0x00000000e2d00000|  0%| F|  |TAMS 0x00000000e2c00000, 0x00000000e2c00000| Untracked 
|  45|0x00000000e2d00000, 0x00000000e2d00000, 0x00000000e2e00000|  0%| F|  |TAMS 0x00000000e2d00000, 0x00000000e2d00000| Untracked 
|  46|0x00000000e2e00000, 0x00000000e2e00000, 0x00000000e2f00000|  0%| F|  |TAMS 0x00000000e2e00000, 0x00000000e2e00000| Untracked 
|  47|0x00000000e2f00000, 0x00000000e2f00000, 0x00000000e3000000|  0%| F|  |TAMS 0x00000000e2f00000, 0x00000000e2f00000| Untracked 
|  48|0x00000000e3000000, 0x00000000e3000000, 0x00000000e3100000|  0%| F|  |TAMS 0x00000000e3000000, 0x00000000e3000000| Untracked 
|  49|0x00000000e3100000, 0x00000000e3100000, 0x00000000e3200000|  0%| F|  |TAMS 0x00000000e3100000, 0x00000000e3100000| Untracked 
|  50|0x00000000e3200000, 0x00000000e3200000, 0x00000000e3300000|  0%| F|  |TAMS 0x00000000e3200000, 0x00000000e3200000| Untracked 
|  51|0x00000000e3300000, 0x00000000e3300000, 0x00000000e3400000|  0%| F|  |TAMS 0x00000000e3300000, 0x00000000e3300000| Untracked 
|  52|0x00000000e3400000, 0x00000000e3400000, 0x00000000e3500000|  0%| F|  |TAMS 0x00000000e3400000, 0x00000000e3400000| Untracked 
|  53|0x00000000e3500000, 0x00000000e3500000, 0x00000000e3600000|  0%| F|  |TAMS 0x00000000e3500000, 0x00000000e3500000| Untracked 
|  54|0x00000000e3600000, 0x00000000e3600000, 0x00000000e3700000|  0%| F|  |TAMS 0x00000000e3600000, 0x00000000e3600000| Untracked 
|  55|0x00000000e3700000, 0x00000000e3700000, 0x00000000e3800000|  0%| F|  |TAMS 0x00000000e3700000, 0x00000000e3700000| Untracked 
|  56|0x00000000e3800000, 0x00000000e3800000, 0x00000000e3900000|  0%| F|  |TAMS 0x00000000e3800000, 0x00000000e3800000| Untracked 
|  57|0x00000000e3900000, 0x00000000e3900000, 0x00000000e3a00000|  0%| F|  |TAMS 0x00000000e3900000, 0x00000000e3900000| Untracked 
|  58|0x00000000e3a00000, 0x00000000e3a00000, 0x00000000e3b00000|  0%| F|  |TAMS 0x00000000e3a00000, 0x00000000e3a00000| Untracked 
|  59|0x00000000e3b00000, 0x00000000e3b00000, 0x00000000e3c00000|  0%| F|  |TAMS 0x00000000e3b00000, 0x00000000e3b00000| Untracked 
|  60|0x00000000e3c00000, 0x00000000e3c00000, 0x00000000e3d00000|  0%| F|  |TAMS 0x00000000e3c00000, 0x00000000e3c00000| Untracked 
|  61|0x00000000e3d00000, 0x00000000e3d00000, 0x00000000e3e00000|  0%| F|  |TAMS 0x00000000e3d00000, 0x00000000e3d00000| Untracked 
|  62|0x00000000e3e00000, 0x00000000e3e00000, 0x00000000e3f00000|  0%| F|  |TAMS 0x00000000e3e00000, 0x00000000e3e00000| Untracked 
|  63|0x00000000e3f00000, 0x00000000e3f00000, 0x00000000e4000000|  0%| F|  |TAMS 0x00000000e3f00000, 0x00000000e3f00000| Untracked 
|  64|0x00000000e4000000, 0x00000000e4000000, 0x00000000e4100000|  0%| F|  |TAMS 0x00000000e4000000, 0x00000000e4000000| Untracked 
|  65|0x00000000e4100000, 0x00000000e4100000, 0x00000000e4200000|  0%| F|  |TAMS 0x00000000e4100000, 0x00000000e4100000| Untracked 
|  66|0x00000000e4200000, 0x00000000e4200000, 0x00000000e4300000|  0%| F|  |TAMS 0x00000000e4200000, 0x00000000e4200000| Untracked 
|  67|0x00000000e4300000, 0x00000000e4300000, 0x00000000e4400000|  0%| F|  |TAMS 0x00000000e4300000, 0x00000000e4300000| Untracked 
|  68|0x00000000e4400000, 0x00000000e4400000, 0x00000000e4500000|  0%| F|  |TAMS 0x00000000e4400000, 0x00000000e4400000| Untracked 
|  69|0x00000000e4500000, 0x00000000e4500000, 0x00000000e4600000|  0%| F|  |TAMS 0x00000000e4500000, 0x00000000e4500000| Untracked 
|  70|0x00000000e4600000, 0x00000000e4600000, 0x00000000e4700000|  0%| F|  |TAMS 0x00000000e4600000, 0x00000000e4600000| Untracked 
|  71|0x00000000e4700000, 0x00000000e4700000, 0x00000000e4800000|  0%| F|  |TAMS 0x00000000e4700000, 0x00000000e4700000| Untracked 
|  72|0x00000000e4800000, 0x00000000e4800000, 0x00000000e4900000|  0%| F|  |TAMS 0x00000000e4800000, 0x00000000e4800000| Untracked 
|  73|0x00000000e4900000, 0x00000000e4900000, 0x00000000e4a00000|  0%| F|  |TAMS 0x00000000e4900000, 0x00000000e4900000| Untracked 
|  74|0x00000000e4a00000, 0x00000000e4a00000, 0x00000000e4b00000|  0%| F|  |TAMS 0x00000000e4a00000, 0x00000000e4a00000| Untracked 
|  75|0x00000000e4b00000, 0x00000000e4b00000, 0x00000000e4c00000|  0%| F|  |TAMS 0x00000000e4b00000, 0x00000000e4b00000| Untracked 
|  76|0x00000000e4c00000, 0x00000000e4c00000, 0x00000000e4d00000|  0%| F|  |TAMS 0x00000000e4c00000, 0x00000000e4c00000| Untracked 
|  77|0x00000000e4d00000, 0x00000000e4d00000, 0x00000000e4e00000|  0%| F|  |TAMS 0x00000000e4d00000, 0x00000000e4d00000| Untracked 
|  78|0x00000000e4e00000, 0x00000000e4e00000, 0x00000000e4f00000|  0%| F|  |TAMS 0x00000000e4e00000, 0x00000000e4e00000| Untracked 
|  79|0x00000000e4f00000, 0x00000000e4f00000, 0x00000000e5000000|  0%| F|  |TAMS 0x00000000e4f00000, 0x00000000e4f00000| Untracked 
|  80|0x00000000e5000000, 0x00000000e5000000, 0x00000000e5100000|  0%| F|  |TAMS 0x00000000e5000000, 0x00000000e5000000| Untracked 
|  81|0x00000000e5100000, 0x00000000e5100000, 0x00000000e5200000|  0%| F|  |TAMS 0x00000000e5100000, 0x00000000e5100000| Untracked 
|  82|0x00000000e5200000, 0x00000000e5200000, 0x00000000e5300000|  0%| F|  |TAMS 0x00000000e5200000, 0x00000000e5200000| Untracked 
|  83|0x00000000e5300000, 0x00000000e5300000, 0x00000000e5400000|  0%| F|  |TAMS 0x00000000e5300000, 0x00000000e5300000| Untracked 
|  84|0x00000000e5400000, 0x00000000e5400000, 0x00000000e5500000|  0%| F|  |TAMS 0x00000000e5400000, 0x00000000e5400000| Untracked 
|  85|0x00000000e5500000, 0x00000000e5500000, 0x00000000e5600000|  0%| F|  |TAMS 0x00000000e5500000, 0x00000000e5500000| Untracked 
|  86|0x00000000e5600000, 0x00000000e5600000, 0x00000000e5700000|  0%| F|  |TAMS 0x00000000e5600000, 0x00000000e5600000| Untracked 
|  87|0x00000000e5700000, 0x00000000e5700000, 0x00000000e5800000|  0%| F|  |TAMS 0x00000000e5700000, 0x00000000e5700000| Untracked 
|  88|0x00000000e5800000, 0x00000000e5800000, 0x00000000e5900000|  0%| F|  |TAMS 0x00000000e5800000, 0x00000000e5800000| Untracked 
|  89|0x00000000e5900000, 0x00000000e5900000, 0x00000000e5a00000|  0%| F|  |TAMS 0x00000000e5900000, 0x00000000e5900000| Untracked 
|  90|0x00000000e5a00000, 0x00000000e5a00000, 0x00000000e5b00000|  0%| F|  |TAMS 0x00000000e5a00000, 0x00000000e5a00000| Untracked 
|  91|0x00000000e5b00000, 0x00000000e5b00000, 0x00000000e5c00000|  0%| F|  |TAMS 0x00000000e5b00000, 0x00000000e5b00000| Untracked 
|  92|0x00000000e5c00000, 0x00000000e5c00000, 0x00000000e5d00000|  0%| F|  |TAMS 0x00000000e5c00000, 0x00000000e5c00000| Untracked 
|  93|0x00000000e5d00000, 0x00000000e5d00000, 0x00000000e5e00000|  0%| F|  |TAMS 0x00000000e5d00000, 0x00000000e5d00000| Untracked 
|  94|0x00000000e5e00000, 0x00000000e5e00000, 0x00000000e5f00000|  0%| F|  |TAMS 0x00000000e5e00000, 0x00000000e5e00000| Untracked 
|  95|0x00000000e5f00000, 0x00000000e5f00000, 0x00000000e6000000|  0%| F|  |TAMS 0x00000000e5f00000, 0x00000000e5f00000| Untracked 
|  96|0x00000000e6000000, 0x00000000e6000000, 0x00000000e6100000|  0%| F|  |TAMS 0x00000000e6000000, 0x00000000e6000000| Untracked 
|  97|0x00000000e6100000, 0x00000000e6100000, 0x00000000e6200000|  0%| F|  |TAMS 0x00000000e6100000, 0x00000000e6100000| Untracked 
|  98|0x00000000e6200000, 0x00000000e6200000, 0x00000000e6300000|  0%| F|  |TAMS 0x00000000e6200000, 0x00000000e6200000| Untracked 
|  99|0x00000000e6300000, 0x00000000e6300000, 0x00000000e6400000|  0%| F|  |TAMS 0x00000000e6300000, 0x00000000e6300000| Untracked 
| 100|0x00000000e6400000, 0x00000000e6400000, 0x00000000e6500000|  0%| F|  |TAMS 0x00000000e6400000, 0x00000000e6400000| Untracked 
| 101|0x00000000e6500000, 0x00000000e6500000, 0x00000000e6600000|  0%| F|  |TAMS 0x00000000e6500000, 0x00000000e6500000| Untracked 
| 102|0x00000000e6600000, 0x00000000e6600000, 0x00000000e6700000|  0%| F|  |TAMS 0x00000000e6600000, 0x00000000e6600000| Untracked 
| 103|0x00000000e6700000, 0x00000000e6700000, 0x00000000e6800000|  0%| F|  |TAMS 0x00000000e6700000, 0x00000000e6700000| Untracked 
| 104|0x00000000e6800000, 0x00000000e6800000, 0x00000000e6900000|  0%| F|  |TAMS 0x00000000e6800000, 0x00000000e6800000| Untracked 
| 105|0x00000000e6900000, 0x00000000e6900000, 0x00000000e6a00000|  0%| F|  |TAMS 0x00000000e6900000, 0x00000000e6900000| Untracked 
| 106|0x00000000e6a00000, 0x00000000e6a00000, 0x00000000e6b00000|  0%| F|  |TAMS 0x00000000e6a00000, 0x00000000e6a00000| Untracked 
| 107|0x00000000e6b00000, 0x00000000e6b00000, 0x00000000e6c00000|  0%| F|  |TAMS 0x00000000e6b00000, 0x00000000e6b00000| Untracked 
| 108|0x00000000e6c00000, 0x00000000e6c00000, 0x00000000e6d00000|  0%| F|  |TAMS 0x00000000e6c00000, 0x00000000e6c00000| Untracked 
| 109|0x00000000e6d00000, 0x00000000e6d00000, 0x00000000e6e00000|  0%| F|  |TAMS 0x00000000e6d00000, 0x00000000e6d00000| Untracked 
| 110|0x00000000e6e00000, 0x00000000e6e00000, 0x00000000e6f00000|  0%| F|  |TAMS 0x00000000e6e00000, 0x00000000e6e00000| Untracked 
| 111|0x00000000e6f00000, 0x00000000e6f00000, 0x00000000e7000000|  0%| F|  |TAMS 0x00000000e6f00000, 0x00000000e6f00000| Untracked 
| 112|0x00000000e7000000, 0x00000000e7000000, 0x00000000e7100000|  0%| F|  |TAMS 0x00000000e7000000, 0x00000000e7000000| Untracked 
| 113|0x00000000e7100000, 0x00000000e7100000, 0x00000000e7200000|  0%| F|  |TAMS 0x00000000e7100000, 0x00000000e7100000| Untracked 
| 114|0x00000000e7200000, 0x00000000e7200000, 0x00000000e7300000|  0%| F|  |TAMS 0x00000000e7200000, 0x00000000e7200000| Untracked 
| 115|0x00000000e7300000, 0x00000000e7300000, 0x00000000e7400000|  0%| F|  |TAMS 0x00000000e7300000, 0x00000000e7300000| Untracked 
| 116|0x00000000e7400000, 0x00000000e7400000, 0x00000000e7500000|  0%| F|  |TAMS 0x00000000e7400000, 0x00000000e7400000| Untracked 
| 117|0x00000000e7500000, 0x00000000e7500000, 0x00000000e7600000|  0%| F|  |TAMS 0x00000000e7500000, 0x00000000e7500000| Untracked 
| 118|0x00000000e7600000, 0x00000000e7600000, 0x00000000e7700000|  0%| F|  |TAMS 0x00000000e7600000, 0x00000000e7600000| Untracked 
| 119|0x00000000e7700000, 0x00000000e7700000, 0x00000000e7800000|  0%| F|  |TAMS 0x00000000e7700000, 0x00000000e7700000| Untracked 
| 120|0x00000000e7800000, 0x00000000e7800000, 0x00000000e7900000|  0%| F|  |TAMS 0x00000000e7800000, 0x00000000e7800000| Untracked 
| 121|0x00000000e7900000, 0x00000000e7900000, 0x00000000e7a00000|  0%| F|  |TAMS 0x00000000e7900000, 0x00000000e7900000| Untracked 
| 122|0x00000000e7a00000, 0x00000000e7a00000, 0x00000000e7b00000|  0%| F|  |TAMS 0x00000000e7a00000, 0x00000000e7a00000| Untracked 
| 123|0x00000000e7b00000, 0x00000000e7b00000, 0x00000000e7c00000|  0%| F|  |TAMS 0x00000000e7b00000, 0x00000000e7b00000| Untracked 
| 124|0x00000000e7c00000, 0x00000000e7c00000, 0x00000000e7d00000|  0%| F|  |TAMS 0x00000000e7c00000, 0x00000000e7c00000| Untracked 
| 125|0x00000000e7d00000, 0x00000000e7d00000, 0x00000000e7e00000|  0%| F|  |TAMS 0x00000000e7d00000, 0x00000000e7d00000| Untracked 
| 126|0x00000000e7e00000, 0x00000000e7e00000, 0x00000000e7f00000|  0%| F|  |TAMS 0x00000000e7e00000, 0x00000000e7e00000| Untracked 
| 127|0x00000000e7f00000, 0x00000000e7f00000, 0x00000000e8000000|  0%| F|  |TAMS 0x00000000e7f00000, 0x00000000e7f00000| Untracked 
| 128|0x00000000e8000000, 0x00000000e8000000, 0x00000000e8100000|  0%| F|  |TAMS 0x00000000e8000000, 0x00000000e8000000| Untracked 
| 129|0x00000000e8100000, 0x00000000e8100000, 0x00000000e8200000|  0%| F|  |TAMS 0x00000000e8100000, 0x00000000e8100000| Untracked 
| 130|0x00000000e8200000, 0x00000000e8200000, 0x00000000e8300000|  0%| F|  |TAMS 0x00000000e8200000, 0x00000000e8200000| Untracked 
| 131|0x00000000e8300000, 0x00000000e8300000, 0x00000000e8400000|  0%| F|  |TAMS 0x00000000e8300000, 0x00000000e8300000| Untracked 
| 132|0x00000000e8400000, 0x00000000e8400000, 0x00000000e8500000|  0%| F|  |TAMS 0x00000000e8400000, 0x00000000e8400000| Untracked 
| 133|0x00000000e8500000, 0x00000000e8500000, 0x00000000e8600000|  0%| F|  |TAMS 0x00000000e8500000, 0x00000000e8500000| Untracked 
| 134|0x00000000e8600000, 0x00000000e8600000, 0x00000000e8700000|  0%| F|  |TAMS 0x00000000e8600000, 0x00000000e8600000| Untracked 
| 135|0x00000000e8700000, 0x00000000e8700000, 0x00000000e8800000|  0%| F|  |TAMS 0x00000000e8700000, 0x00000000e8700000| Untracked 
| 136|0x00000000e8800000, 0x00000000e8800000, 0x00000000e8900000|  0%| F|  |TAMS 0x00000000e8800000, 0x00000000e8800000| Untracked 
| 137|0x00000000e8900000, 0x00000000e8900000, 0x00000000e8a00000|  0%| F|  |TAMS 0x00000000e8900000, 0x00000000e8900000| Untracked 
| 138|0x00000000e8a00000, 0x00000000e8a00000, 0x00000000e8b00000|  0%| F|  |TAMS 0x00000000e8a00000, 0x00000000e8a00000| Untracked 
| 139|0x00000000e8b00000, 0x00000000e8b00000, 0x00000000e8c00000|  0%| F|  |TAMS 0x00000000e8b00000, 0x00000000e8b00000| Untracked 
| 140|0x00000000e8c00000, 0x00000000e8c00000, 0x00000000e8d00000|  0%| F|  |TAMS 0x00000000e8c00000, 0x00000000e8c00000| Untracked 
| 141|0x00000000e8d00000, 0x00000000e8d00000, 0x00000000e8e00000|  0%| F|  |TAMS 0x00000000e8d00000, 0x00000000e8d00000| Untracked 
| 142|0x00000000e8e00000, 0x00000000e8e00000, 0x00000000e8f00000|  0%| F|  |TAMS 0x00000000e8e00000, 0x00000000e8e00000| Untracked 
| 143|0x00000000e8f00000, 0x00000000e8f00000, 0x00000000e9000000|  0%| F|  |TAMS 0x00000000e8f00000, 0x00000000e8f00000| Untracked 
| 144|0x00000000e9000000, 0x00000000e9000000, 0x00000000e9100000|  0%| F|  |TAMS 0x00000000e9000000, 0x00000000e9000000| Untracked 
| 145|0x00000000e9100000, 0x00000000e9100000, 0x00000000e9200000|  0%| F|  |TAMS 0x00000000e9100000, 0x00000000e9100000| Untracked 
| 146|0x00000000e9200000, 0x00000000e9200000, 0x00000000e9300000|  0%| F|  |TAMS 0x00000000e9200000, 0x00000000e9200000| Untracked 
| 147|0x00000000e9300000, 0x00000000e9300000, 0x00000000e9400000|  0%| F|  |TAMS 0x00000000e9300000, 0x00000000e9300000| Untracked 
| 148|0x00000000e9400000, 0x00000000e9400000, 0x00000000e9500000|  0%| F|  |TAMS 0x00000000e9400000, 0x00000000e9400000| Untracked 
| 149|0x00000000e9500000, 0x00000000e9500000, 0x00000000e9600000|  0%| F|  |TAMS 0x00000000e9500000, 0x00000000e9500000| Untracked 
| 150|0x00000000e9600000, 0x00000000e9600000, 0x00000000e9700000|  0%| F|  |TAMS 0x00000000e9600000, 0x00000000e9600000| Untracked 
| 151|0x00000000e9700000, 0x00000000e9700000, 0x00000000e9800000|  0%| F|  |TAMS 0x00000000e9700000, 0x00000000e9700000| Untracked 
| 152|0x00000000e9800000, 0x00000000e9800000, 0x00000000e9900000|  0%| F|  |TAMS 0x00000000e9800000, 0x00000000e9800000| Untracked 
| 153|0x00000000e9900000, 0x00000000e9900000, 0x00000000e9a00000|  0%| F|  |TAMS 0x00000000e9900000, 0x00000000e9900000| Untracked 
| 154|0x00000000e9a00000, 0x00000000e9a00000, 0x00000000e9b00000|  0%| F|  |TAMS 0x00000000e9a00000, 0x00000000e9a00000| Untracked 
| 155|0x00000000e9b00000, 0x00000000e9b00000, 0x00000000e9c00000|  0%| F|  |TAMS 0x00000000e9b00000, 0x00000000e9b00000| Untracked 
| 156|0x00000000e9c00000, 0x00000000e9c00000, 0x00000000e9d00000|  0%| F|  |TAMS 0x00000000e9c00000, 0x00000000e9c00000| Untracked 
| 157|0x00000000e9d00000, 0x00000000e9d00000, 0x00000000e9e00000|  0%| F|  |TAMS 0x00000000e9d00000, 0x00000000e9d00000| Untracked 
| 158|0x00000000e9e00000, 0x00000000e9e00000, 0x00000000e9f00000|  0%| F|  |TAMS 0x00000000e9e00000, 0x00000000e9e00000| Untracked 
| 159|0x00000000e9f00000, 0x00000000e9f00000, 0x00000000ea000000|  0%| F|  |TAMS 0x00000000e9f00000, 0x00000000e9f00000| Untracked 
| 160|0x00000000ea000000, 0x00000000ea000000, 0x00000000ea100000|  0%| F|  |TAMS 0x00000000ea000000, 0x00000000ea000000| Untracked 
| 161|0x00000000ea100000, 0x00000000ea100000, 0x00000000ea200000|  0%| F|  |TAMS 0x00000000ea100000, 0x00000000ea100000| Untracked 
| 162|0x00000000ea200000, 0x00000000ea200000, 0x00000000ea300000|  0%| F|  |TAMS 0x00000000ea200000, 0x00000000ea200000| Untracked 
| 163|0x00000000ea300000, 0x00000000ea300000, 0x00000000ea400000|  0%| F|  |TAMS 0x00000000ea300000, 0x00000000ea300000| Untracked 
| 164|0x00000000ea400000, 0x00000000ea400000, 0x00000000ea500000|  0%| F|  |TAMS 0x00000000ea400000, 0x00000000ea400000| Untracked 
| 165|0x00000000ea500000, 0x00000000ea500000, 0x00000000ea600000|  0%| F|  |TAMS 0x00000000ea500000, 0x00000000ea500000| Untracked 
| 166|0x00000000ea600000, 0x00000000ea600000, 0x00000000ea700000|  0%| F|  |TAMS 0x00000000ea600000, 0x00000000ea600000| Untracked 
| 167|0x00000000ea700000, 0x00000000ea700000, 0x00000000ea800000|  0%| F|  |TAMS 0x00000000ea700000, 0x00000000ea700000| Untracked 
| 168|0x00000000ea800000, 0x00000000ea800000, 0x00000000ea900000|  0%| F|  |TAMS 0x00000000ea800000, 0x00000000ea800000| Untracked 
| 169|0x00000000ea900000, 0x00000000ea900000, 0x00000000eaa00000|  0%| F|  |TAMS 0x00000000ea900000, 0x00000000ea900000| Untracked 
| 170|0x00000000eaa00000, 0x00000000eaa00000, 0x00000000eab00000|  0%| F|  |TAMS 0x00000000eaa00000, 0x00000000eaa00000| Untracked 
| 171|0x00000000eab00000, 0x00000000eab00000, 0x00000000eac00000|  0%| F|  |TAMS 0x00000000eab00000, 0x00000000eab00000| Untracked 
| 172|0x00000000eac00000, 0x00000000eac00000, 0x00000000ead00000|  0%| F|  |TAMS 0x00000000eac00000, 0x00000000eac00000| Untracked 
| 173|0x00000000ead00000, 0x00000000ead00000, 0x00000000eae00000|  0%| F|  |TAMS 0x00000000ead00000, 0x00000000ead00000| Untracked 
| 174|0x00000000eae00000, 0x00000000eae00000, 0x00000000eaf00000|  0%| F|  |TAMS 0x00000000eae00000, 0x00000000eae00000| Untracked 
| 175|0x00000000eaf00000, 0x00000000eaf00000, 0x00000000eb000000|  0%| F|  |TAMS 0x00000000eaf00000, 0x00000000eaf00000| Untracked 
| 176|0x00000000eb000000, 0x00000000eb000000, 0x00000000eb100000|  0%| F|  |TAMS 0x00000000eb000000, 0x00000000eb000000| Untracked 
| 177|0x00000000eb100000, 0x00000000eb100000, 0x00000000eb200000|  0%| F|  |TAMS 0x00000000eb100000, 0x00000000eb100000| Untracked 
| 178|0x00000000eb200000, 0x00000000eb200000, 0x00000000eb300000|  0%| F|  |TAMS 0x00000000eb200000, 0x00000000eb200000| Untracked 
| 179|0x00000000eb300000, 0x00000000eb300000, 0x00000000eb400000|  0%| F|  |TAMS 0x00000000eb300000, 0x00000000eb300000| Untracked 
| 180|0x00000000eb400000, 0x00000000eb400000, 0x00000000eb500000|  0%| F|  |TAMS 0x00000000eb400000, 0x00000000eb400000| Untracked 
| 181|0x00000000eb500000, 0x00000000eb500000, 0x00000000eb600000|  0%| F|  |TAMS 0x00000000eb500000, 0x00000000eb500000| Untracked 
| 182|0x00000000eb600000, 0x00000000eb600000, 0x00000000eb700000|  0%| F|  |TAMS 0x00000000eb600000, 0x00000000eb600000| Untracked 
| 183|0x00000000eb700000, 0x00000000eb700000, 0x00000000eb800000|  0%| F|  |TAMS 0x00000000eb700000, 0x00000000eb700000| Untracked 
| 184|0x00000000eb800000, 0x00000000eb800000, 0x00000000eb900000|  0%| F|  |TAMS 0x00000000eb800000, 0x00000000eb800000| Untracked 
| 185|0x00000000eb900000, 0x00000000eb900000, 0x00000000eba00000|  0%| F|  |TAMS 0x00000000eb900000, 0x00000000eb900000| Untracked 
| 186|0x00000000eba00000, 0x00000000eba00000, 0x00000000ebb00000|  0%| F|  |TAMS 0x00000000eba00000, 0x00000000eba00000| Untracked 
| 187|0x00000000ebb00000, 0x00000000ebb00000, 0x00000000ebc00000|  0%| F|  |TAMS 0x00000000ebb00000, 0x00000000ebb00000| Untracked 
| 188|0x00000000ebc00000, 0x00000000ebc00000, 0x00000000ebd00000|  0%| F|  |TAMS 0x00000000ebc00000, 0x00000000ebc00000| Untracked 
| 189|0x00000000ebd00000, 0x00000000ebd00000, 0x00000000ebe00000|  0%| F|  |TAMS 0x00000000ebd00000, 0x00000000ebd00000| Untracked 
| 190|0x00000000ebe00000, 0x00000000ebe00000, 0x00000000ebf00000|  0%| F|  |TAMS 0x00000000ebe00000, 0x00000000ebe00000| Untracked 
| 191|0x00000000ebf00000, 0x00000000ebf00000, 0x00000000ec000000|  0%| F|  |TAMS 0x00000000ebf00000, 0x00000000ebf00000| Untracked 
| 192|0x00000000ec000000, 0x00000000ec000000, 0x00000000ec100000|  0%| F|  |TAMS 0x00000000ec000000, 0x00000000ec000000| Untracked 
| 193|0x00000000ec100000, 0x00000000ec100000, 0x00000000ec200000|  0%| F|  |TAMS 0x00000000ec100000, 0x00000000ec100000| Untracked 
| 194|0x00000000ec200000, 0x00000000ec200000, 0x00000000ec300000|  0%| F|  |TAMS 0x00000000ec200000, 0x00000000ec200000| Untracked 
| 195|0x00000000ec300000, 0x00000000ec300000, 0x00000000ec400000|  0%| F|  |TAMS 0x00000000ec300000, 0x00000000ec300000| Untracked 
| 196|0x00000000ec400000, 0x00000000ec400000, 0x00000000ec500000|  0%| F|  |TAMS 0x00000000ec400000, 0x00000000ec400000| Untracked 
| 197|0x00000000ec500000, 0x00000000ec500000, 0x00000000ec600000|  0%| F|  |TAMS 0x00000000ec500000, 0x00000000ec500000| Untracked 
| 198|0x00000000ec600000, 0x00000000ec600000, 0x00000000ec700000|  0%| F|  |TAMS 0x00000000ec600000, 0x00000000ec600000| Untracked 
| 199|0x00000000ec700000, 0x00000000ec700000, 0x00000000ec800000|  0%| F|  |TAMS 0x00000000ec700000, 0x00000000ec700000| Untracked 
| 200|0x00000000ec800000, 0x00000000ec800000, 0x00000000ec900000|  0%| F|  |TAMS 0x00000000ec800000, 0x00000000ec800000| Untracked 
| 201|0x00000000ec900000, 0x00000000ec900000, 0x00000000eca00000|  0%| F|  |TAMS 0x00000000ec900000, 0x00000000ec900000| Untracked 
| 202|0x00000000eca00000, 0x00000000eca00000, 0x00000000ecb00000|  0%| F|  |TAMS 0x00000000eca00000, 0x00000000eca00000| Untracked 
| 203|0x00000000ecb00000, 0x00000000ecb00000, 0x00000000ecc00000|  0%| F|  |TAMS 0x00000000ecb00000, 0x00000000ecb00000| Untracked 
| 204|0x00000000ecc00000, 0x00000000ecc00000, 0x00000000ecd00000|  0%| F|  |TAMS 0x00000000ecc00000, 0x00000000ecc00000| Untracked 
| 205|0x00000000ecd00000, 0x00000000ecd00000, 0x00000000ece00000|  0%| F|  |TAMS 0x00000000ecd00000, 0x00000000ecd00000| Untracked 
| 206|0x00000000ece00000, 0x00000000ece00000, 0x00000000ecf00000|  0%| F|  |TAMS 0x00000000ece00000, 0x00000000ece00000| Untracked 
| 207|0x00000000ecf00000, 0x00000000ecf00000, 0x00000000ed000000|  0%| F|  |TAMS 0x00000000ecf00000, 0x00000000ecf00000| Untracked 
| 208|0x00000000ed000000, 0x00000000ed000000, 0x00000000ed100000|  0%| F|  |TAMS 0x00000000ed000000, 0x00000000ed000000| Untracked 
| 209|0x00000000ed100000, 0x00000000ed100000, 0x00000000ed200000|  0%| F|  |TAMS 0x00000000ed100000, 0x00000000ed100000| Untracked 
| 210|0x00000000ed200000, 0x00000000ed200000, 0x00000000ed300000|  0%| F|  |TAMS 0x00000000ed200000, 0x00000000ed200000| Untracked 
| 211|0x00000000ed300000, 0x00000000ed300000, 0x00000000ed400000|  0%| F|  |TAMS 0x00000000ed300000, 0x00000000ed300000| Untracked 
| 212|0x00000000ed400000, 0x00000000ed400000, 0x00000000ed500000|  0%| F|  |TAMS 0x00000000ed400000, 0x00000000ed400000| Untracked 
| 213|0x00000000ed500000, 0x00000000ed500000, 0x00000000ed600000|  0%| F|  |TAMS 0x00000000ed500000, 0x00000000ed500000| Untracked 
| 214|0x00000000ed600000, 0x00000000ed600000, 0x00000000ed700000|  0%| F|  |TAMS 0x00000000ed600000, 0x00000000ed600000| Untracked 
| 215|0x00000000ed700000, 0x00000000ed700000, 0x00000000ed800000|  0%| F|  |TAMS 0x00000000ed700000, 0x00000000ed700000| Untracked 
| 216|0x00000000ed800000, 0x00000000ed800000, 0x00000000ed900000|  0%| F|  |TAMS 0x00000000ed800000, 0x00000000ed800000| Untracked 
| 217|0x00000000ed900000, 0x00000000ed900000, 0x00000000eda00000|  0%| F|  |TAMS 0x00000000ed900000, 0x00000000ed900000| Untracked 
| 218|0x00000000eda00000, 0x00000000eda00000, 0x00000000edb00000|  0%| F|  |TAMS 0x00000000eda00000, 0x00000000eda00000| Untracked 
| 219|0x00000000edb00000, 0x00000000edb00000, 0x00000000edc00000|  0%| F|  |TAMS 0x00000000edb00000, 0x00000000edb00000| Untracked 
| 220|0x00000000edc00000, 0x00000000edc00000, 0x00000000edd00000|  0%| F|  |TAMS 0x00000000edc00000, 0x00000000edc00000| Untracked 
| 221|0x00000000edd00000, 0x00000000edd00000, 0x00000000ede00000|  0%| F|  |TAMS 0x00000000edd00000, 0x00000000edd00000| Untracked 
| 222|0x00000000ede00000, 0x00000000ede00000, 0x00000000edf00000|  0%| F|  |TAMS 0x00000000ede00000, 0x00000000ede00000| Untracked 
| 223|0x00000000edf00000, 0x00000000edf00000, 0x00000000ee000000|  0%| F|  |TAMS 0x00000000edf00000, 0x00000000edf00000| Untracked 
| 224|0x00000000ee000000, 0x00000000ee000000, 0x00000000ee100000|  0%| F|  |TAMS 0x00000000ee000000, 0x00000000ee000000| Untracked 
| 225|0x00000000ee100000, 0x00000000ee100000, 0x00000000ee200000|  0%| F|  |TAMS 0x00000000ee100000, 0x00000000ee100000| Untracked 
| 226|0x00000000ee200000, 0x00000000ee200000, 0x00000000ee300000|  0%| F|  |TAMS 0x00000000ee200000, 0x00000000ee200000| Untracked 
| 227|0x00000000ee300000, 0x00000000ee300000, 0x00000000ee400000|  0%| F|  |TAMS 0x00000000ee300000, 0x00000000ee300000| Untracked 
| 228|0x00000000ee400000, 0x00000000ee400000, 0x00000000ee500000|  0%| F|  |TAMS 0x00000000ee400000, 0x00000000ee400000| Untracked 
| 229|0x00000000ee500000, 0x00000000ee500000, 0x00000000ee600000|  0%| F|  |TAMS 0x00000000ee500000, 0x00000000ee500000| Untracked 
| 230|0x00000000ee600000, 0x00000000ee600000, 0x00000000ee700000|  0%| F|  |TAMS 0x00000000ee600000, 0x00000000ee600000| Untracked 
| 231|0x00000000ee700000, 0x00000000ee700000, 0x00000000ee800000|  0%| F|  |TAMS 0x00000000ee700000, 0x00000000ee700000| Untracked 
| 232|0x00000000ee800000, 0x00000000ee800000, 0x00000000ee900000|  0%| F|  |TAMS 0x00000000ee800000, 0x00000000ee800000| Untracked 
| 233|0x00000000ee900000, 0x00000000ee900000, 0x00000000eea00000|  0%| F|  |TAMS 0x00000000ee900000, 0x00000000ee900000| Untracked 
| 234|0x00000000eea00000, 0x00000000eea00000, 0x00000000eeb00000|  0%| F|  |TAMS 0x00000000eea00000, 0x00000000eea00000| Untracked 
| 235|0x00000000eeb00000, 0x00000000eeb00000, 0x00000000eec00000|  0%| F|  |TAMS 0x00000000eeb00000, 0x00000000eeb00000| Untracked 
| 236|0x00000000eec00000, 0x00000000eec00000, 0x00000000eed00000|  0%| F|  |TAMS 0x00000000eec00000, 0x00000000eec00000| Untracked 
| 237|0x00000000eed00000, 0x00000000eed00000, 0x00000000eee00000|  0%| F|  |TAMS 0x00000000eed00000, 0x00000000eed00000| Untracked 
| 238|0x00000000eee00000, 0x00000000eee00000, 0x00000000eef00000|  0%| F|  |TAMS 0x00000000eee00000, 0x00000000eee00000| Untracked 
| 239|0x00000000eef00000, 0x00000000eef00000, 0x00000000ef000000|  0%| F|  |TAMS 0x00000000eef00000, 0x00000000eef00000| Untracked 
| 240|0x00000000ef000000, 0x00000000ef000000, 0x00000000ef100000|  0%| F|  |TAMS 0x00000000ef000000, 0x00000000ef000000| Untracked 
| 241|0x00000000ef100000, 0x00000000ef100000, 0x00000000ef200000|  0%| F|  |TAMS 0x00000000ef100000, 0x00000000ef100000| Untracked 
| 242|0x00000000ef200000, 0x00000000ef200000, 0x00000000ef300000|  0%| F|  |TAMS 0x00000000ef200000, 0x00000000ef200000| Untracked 
| 243|0x00000000ef300000, 0x00000000ef300000, 0x00000000ef400000|  0%| F|  |TAMS 0x00000000ef300000, 0x00000000ef300000| Untracked 
| 244|0x00000000ef400000, 0x00000000ef400000, 0x00000000ef500000|  0%| F|  |TAMS 0x00000000ef400000, 0x00000000ef400000| Untracked 
| 245|0x00000000ef500000, 0x00000000ef500000, 0x00000000ef600000|  0%| F|  |TAMS 0x00000000ef500000, 0x00000000ef500000| Untracked 
| 246|0x00000000ef600000, 0x00000000ef600000, 0x00000000ef700000|  0%| F|  |TAMS 0x00000000ef600000, 0x00000000ef600000| Untracked 
| 247|0x00000000ef700000, 0x00000000ef800000, 0x00000000ef800000|100%| E|  |TAMS 0x00000000ef700000, 0x00000000ef700000| Complete 
| 248|0x00000000ef800000, 0x00000000ef900000, 0x00000000ef900000|100%| E|CS|TAMS 0x00000000ef800000, 0x00000000ef800000| Complete 
| 249|0x00000000ef900000, 0x00000000ef957770, 0x00000000efa00000| 34%| S|CS|TAMS 0x00000000ef900000, 0x00000000ef900000| Complete 
| 250|0x00000000efa00000, 0x00000000efb00000, 0x00000000efb00000|100%| S|CS|TAMS 0x00000000efa00000, 0x00000000efa00000| Complete 
| 251|0x00000000efb00000, 0x00000000efc00000, 0x00000000efc00000|100%| E|CS|TAMS 0x00000000efb00000, 0x00000000efb00000| Complete 
| 252|0x00000000efc00000, 0x00000000efd00000, 0x00000000efd00000|100%| E|CS|TAMS 0x00000000efc00000, 0x00000000efc00000| Complete 
| 253|0x00000000efd00000, 0x00000000efe00000, 0x00000000efe00000|100%| E|CS|TAMS 0x00000000efd00000, 0x00000000efd00000| Complete 
| 254|0x00000000efe00000, 0x00000000eff00000, 0x00000000eff00000|100%| E|CS|TAMS 0x00000000efe00000, 0x00000000efe00000| Complete 
| 255|0x00000000eff00000, 0x00000000f0000000, 0x00000000f0000000|100%| E|CS|TAMS 0x00000000eff00000, 0x00000000eff00000| Complete 

Card table byte_map: [0x00000168b9ef0000,0x00000168b9ff0000] _byte_map_base: 0x00000168b97f0000

Marking Bits (Prev, Next): (CMBitMap*) 0x00000168a2d28770, (CMBitMap*) 0x00000168a2d287b0
 Prev Bits: [0x00000168ba0f0000, 0x00000168ba8f0000)
 Next Bits: [0x00000168ba8f0000, 0x00000168bb0f0000)

Polling page: 0x00000168a0d10000

Metaspace:

Usage:
  Non-class:     29.84 MB used.
      Class:      4.74 MB used.
       Both:     34.58 MB used.

Virtual space:
  Non-class space:       64.00 MB reserved,      30.38 MB ( 47%) committed,  1 nodes.
      Class space:      308.00 MB reserved,       5.31 MB (  2%) committed,  1 nodes.
             Both:      372.00 MB reserved,      35.69 MB ( 10%) committed. 

Chunk freelists:
   Non-Class:  768.00 KB
       Class:  2.69 MB
        Both:  3.44 MB

MaxMetaspaceSize: 384.00 MB
CompressedClassSpaceSize: 308.00 MB
Initial GC threshold: 21.00 MB
Current GC threshold: 58.75 MB
CDS: on
MetaspaceReclaimPolicy: balanced
 - commit_granule_bytes: 65536.
 - commit_granule_words: 8192.
 - virtual_space_node_default_size: 8388608.
 - enlarge_chunks_in_place: 1.
 - new_chunks_are_fully_committed: 0.
 - uncommit_free_chunks: 1.
 - use_allocation_guard: 0.


Internal statistics:

num_allocs_failed_limit: 6.
num_arena_births: 2086.
num_arena_deaths: 0.
num_vsnodes_births: 2.
num_vsnodes_deaths: 0.
num_space_committed: 571.
num_space_uncommitted: 0.
num_chunks_returned_to_freelist: 6.
num_chunks_taken_from_freelist: 3709.
num_chunk_merges: 6.
num_chunk_splits: 2383.
num_chunks_enlarged: 1392.
num_inconsistent_stats: 0.

CodeHeap 'non-profiled nmethods': size=120000Kb used=2105Kb max_used=2105Kb free=117895Kb
 bounds [0x00000168b29c0000, 0x00000168b2c30000, 0x00000168b9ef0000]
CodeHeap 'profiled nmethods': size=120000Kb used=8782Kb max_used=8782Kb free=111217Kb
 bounds [0x00000168aaef0000, 0x00000168ab790000, 0x00000168b2420000]
CodeHeap 'non-nmethods': size=5760Kb used=2387Kb max_used=2403Kb free=3373Kb
 bounds [0x00000168b2420000, 0x00000168b2690000, 0x00000168b29c0000]
 total_blobs=5051 nmethods=4242 adapters=718
 compilation: enabled
              stopped_count=0, restarted_count=0
 full_count=0

Compilation events (20 events):
Event: 21.232 Thread 0x00000168c192aea0 nmethod 4196 0x00000168ab765810 code [0x00000168ab7659a0, 0x00000168ab765ab8]
Event: 21.292 Thread 0x00000168bd715910 4197       4       java.lang.Integer::hashCode (8 bytes)
Event: 21.292 Thread 0x00000168bd715910 nmethod 4197 0x00000168b2bcad90 code [0x00000168b2bcaf00, 0x00000168b2bcaf78]
Event: 21.293 Thread 0x00000168c192aea0 4198       3       java.util.ArrayList$ArrayListSpliterator::estimateSize (11 bytes)
Event: 21.293 Thread 0x00000168c192aea0 nmethod 4198 0x00000168ab765b90 code [0x00000168ab765d40, 0x00000168ab765ef8]
Event: 21.293 Thread 0x00000168c192aea0 4199       3       com.google.common.collect.Hashing::smearedHash (16 bytes)
Event: 21.293 Thread 0x00000168c192aea0 nmethod 4199 0x00000168ab766010 code [0x00000168ab7661c0, 0x00000168ab7663f8]
Event: 21.293 Thread 0x00000168c192aea0 4200       3       com.google.common.collect.AbstractMapBasedMultimap$WrappedCollection::refreshIfEmpty (78 bytes)
Event: 21.293 Thread 0x00000168c192aea0 nmethod 4200 0x00000168ab766510 code [0x00000168ab766720, 0x00000168ab766e98]
Event: 21.293 Thread 0x00000168c192aea0 4201       3       java.util.Arrays$ArrayList::toArray (15 bytes)
Event: 21.294 Thread 0x00000168c192aea0 nmethod 4201 0x00000168ab767090 code [0x00000168ab767240, 0x00000168ab767388]
Event: 21.323 Thread 0x00000168c192aea0 4203       3       org.codehaus.groovy.reflection.CachedClass::isAssignableFrom (21 bytes)
Event: 21.323 Thread 0x00000168bd715910 4202       4       org.codehaus.groovy.runtime.metaclass.MetaMethodIndex::getOrPutMethods (184 bytes)
Event: 21.324 Thread 0x00000168c192aea0 nmethod 4203 0x00000168ab767490 code [0x00000168ab767640, 0x00000168ab7678c8]
Event: 21.362 Thread 0x00000168bd715910 nmethod 4202 0x00000168b2bcb090 code [0x00000168b2bcb260, 0x00000168b2bcbc20]
Event: 21.362 Thread 0x00000168bd715910 4204       4       groovy.lang.MetaClassImpl$1MOPIter::methodNameAction (325 bytes)
Event: 21.364 Thread 0x00000168c192aea0 4205       3       java.beans.Introspector::addPropertyDescriptor (265 bytes)
Event: 21.368 Thread 0x00000168c192aea0 nmethod 4205 0x00000168ab767990 code [0x00000168ab768020, 0x00000168ab76cc58]
Event: 21.368 Thread 0x00000168c192aea0 4206  s!   3       java.beans.PropertyDescriptor::getPropertyType (33 bytes)
Event: 21.368 Thread 0x00000168c192aea0 nmethod 4206 0x00000168ab76df90 code [0x00000168ab76e1c0, 0x00000168ab76eba8]

GC Heap History (12 events):
Event: 1.606 GC heap before
{Heap before GC invocations=0 (full 0):
 garbage-first heap   total 262144K, used 13312K [0x00000000e0000000, 0x0000000100000000)
  region size 1024K, 13 young (13312K), 0 survivors (0K)
 Metaspace       used 1036K, committed 1152K, reserved 380928K
  class space    used 78K, committed 128K, reserved 315392K
}
Event: 1.615 GC heap after
{Heap after GC invocations=1 (full 0):
 garbage-first heap   total 262144K, used 3200K [0x00000000e0000000, 0x0000000100000000)
  region size 1024K, 2 young (2048K), 2 survivors (2048K)
 Metaspace       used 1036K, committed 1152K, reserved 380928K
  class space    used 78K, committed 128K, reserved 315392K
}
Event: 5.824 GC heap before
{Heap before GC invocations=1 (full 0):
 garbage-first heap   total 262144K, used 23680K [0x00000000e0000000, 0x0000000100000000)
  region size 1024K, 18 young (18432K), 2 survivors (2048K)
 Metaspace       used 4014K, committed 4224K, reserved 380928K
  class space    used 481K, committed 576K, reserved 315392K
}
Event: 5.836 GC heap after
{Heap after GC invocations=2 (full 0):
 garbage-first heap   total 262144K, used 10587K [0x00000000e0000000, 0x0000000100000000)
  region size 1024K, 3 young (3072K), 3 survivors (3072K)
 Metaspace       used 4014K, committed 4224K, reserved 380928K
  class space    used 481K, committed 576K, reserved 315392K
}
Event: 11.322 GC heap before
{Heap before GC invocations=2 (full 0):
 garbage-first heap   total 262144K, used 33115K [0x00000000e0000000, 0x0000000100000000)
  region size 1024K, 25 young (25600K), 3 survivors (3072K)
 Metaspace       used 4140K, committed 4352K, reserved 380928K
  class space    used 483K, committed 576K, reserved 315392K
}
Event: 11.326 GC heap after
{Heap after GC invocations=3 (full 0):
 garbage-first heap   total 262144K, used 13195K [0x00000000e0000000, 0x0000000100000000)
  region size 1024K, 3 young (3072K), 3 survivors (3072K)
 Metaspace       used 4140K, committed 4352K, reserved 380928K
  class space    used 483K, committed 576K, reserved 315392K
}
Event: 16.316 GC heap before
{Heap before GC invocations=3 (full 0):
 garbage-first heap   total 262144K, used 114571K [0x00000000e0000000, 0x0000000100000000)
  region size 1024K, 103 young (105472K), 3 survivors (3072K)
 Metaspace       used 20849K, committed 21504K, reserved 380928K
  class space    used 3023K, committed 3328K, reserved 315392K
}
Event: 16.393 GC heap after
{Heap after GC invocations=4 (full 0):
 garbage-first heap   total 262144K, used 22260K [0x00000000e0000000, 0x0000000100000000)
  region size 1024K, 12 young (12288K), 12 survivors (12288K)
 Metaspace       used 20849K, committed 21504K, reserved 380928K
  class space    used 3023K, committed 3328K, reserved 315392K
}
Event: 20.034 GC heap before
{Heap before GC invocations=5 (full 0):
 garbage-first heap   total 262144K, used 127732K [0x00000000e0000000, 0x0000000100000000)
  region size 1024K, 111 young (113664K), 12 survivors (12288K)
 Metaspace       used 34397K, committed 35520K, reserved 380928K
  class space    used 4710K, committed 5312K, reserved 315392K
}
Event: 20.119 GC heap after
{Heap after GC invocations=6 (full 0):
 garbage-first heap   total 262144K, used 29829K [0x00000000e0000000, 0x0000000100000000)
  region size 1024K, 8 young (8192K), 8 survivors (8192K)
 Metaspace       used 34397K, committed 35520K, reserved 380928K
  class space    used 4710K, committed 5312K, reserved 315392K
}
Event: 20.535 GC heap before
{Heap before GC invocations=6 (full 0):
 garbage-first heap   total 262144K, used 33925K [0x00000000e0000000, 0x0000000100000000)
  region size 1024K, 13 young (13312K), 8 survivors (8192K)
 Metaspace       used 34855K, committed 35968K, reserved 380928K
  class space    used 4752K, committed 5312K, reserved 315392K
}
Event: 20.555 GC heap after
{Heap after GC invocations=7 (full 0):
 garbage-first heap   total 262144K, used 30939K [0x00000000e0000000, 0x0000000100000000)
  region size 1024K, 2 young (2048K), 2 survivors (2048K)
 Metaspace       used 34855K, committed 35968K, reserved 380928K
  class space    used 4752K, committed 5312K, reserved 315392K
}

Dll operation events (15 events):
Event: 0.046 Loaded shared library C:\Users\lufer\.jdks\corretto-19.0.2\bin\java.dll
Event: 0.062 Loaded shared library C:\Users\lufer\.jdks\corretto-19.0.2\bin\jsvml.dll
Event: 0.206 Loaded shared library C:\Users\lufer\.jdks\corretto-19.0.2\bin\zip.dll
Event: 0.213 Loaded shared library C:\Users\lufer\.jdks\corretto-19.0.2\bin\instrument.dll
Event: 0.219 Loaded shared library C:\Users\lufer\.jdks\corretto-19.0.2\bin\net.dll
Event: 0.226 Loaded shared library C:\Users\lufer\.jdks\corretto-19.0.2\bin\nio.dll
Event: 0.236 Loaded shared library C:\Users\lufer\.jdks\corretto-19.0.2\bin\zip.dll
Event: 1.251 Loaded shared library C:\Users\lufer\.jdks\corretto-19.0.2\bin\jimage.dll
Event: 1.622 Loaded shared library C:\Users\lufer\.jdks\corretto-19.0.2\bin\verify.dll
Event: 4.230 Loaded shared library C:\Users\lufer\.gradle\native\68d5fa5c4cc2d200863cafc0d521ce42e7d3e7ee720ec0a83991735586a16f82\windows-amd64\native-platform.dll
Event: 4.565 Loaded shared library C:\Users\lufer\.gradle\native\e376f236ea51e6404a007f0833ffe2c6e607c4080706a723a18a27aeea778392\windows-amd64\native-platform-file-events.dll
Event: 12.616 Loaded shared library C:\Users\lufer\.jdks\corretto-19.0.2\bin\management.dll
Event: 12.669 Loaded shared library C:\Users\lufer\.jdks\corretto-19.0.2\bin\management_ext.dll
Event: 13.125 Loaded shared library C:\Users\lufer\.jdks\corretto-19.0.2\bin\extnet.dll
Event: 13.768 Loaded shared library C:\Users\lufer\.jdks\corretto-19.0.2\bin\sunmscapi.dll

Deoptimization events (20 events):
Event: 19.653 Thread 0x00000168c2efbff0 Uncommon trap: trap_request=0xffffff45 fr.pc=0x00000168b2b4c6f4 relative=0x00000000000004f4
Event: 19.653 Thread 0x00000168c2efbff0 Uncommon trap: reason=unstable_if action=reinterpret pc=0x00000168b2b4c6f4 method=java.lang.invoke.InvokerBytecodeGenerator.storeInsnOpcode(Ljava/lang/invoke/LambdaForm$BasicType;)I @ 8 c2
Event: 19.653 Thread 0x00000168c2efbff0 DEOPT PACKING pc=0x00000168b2b4c6f4 sp=0x000000322ecf9070
Event: 19.653 Thread 0x00000168c2efbff0 DEOPT UNPACKING pc=0x00000168b2486da3 sp=0x000000322ecf8fb8 mode 2
Event: 20.193 Thread 0x00000168c2efbff0 Uncommon trap: trap_request=0xffffffc6 fr.pc=0x00000168b2ba8aa0 relative=0x0000000000000820
Event: 20.193 Thread 0x00000168c2efbff0 Uncommon trap: reason=bimorphic_or_optimized_type_check action=maybe_recompile pc=0x00000168b2ba8aa0 method=java.util.regex.Pattern$Start.match(Ljava/util/regex/Matcher;ILjava/lang/CharSequence;)Z @ 44 c2
Event: 20.194 Thread 0x00000168c2efbff0 DEOPT PACKING pc=0x00000168b2ba8aa0 sp=0x000000322ecf8ed0
Event: 20.194 Thread 0x00000168c2efbff0 DEOPT UNPACKING pc=0x00000168b2486da3 sp=0x000000322ecf8da8 mode 2
Event: 20.199 Thread 0x00000168c2efbff0 Uncommon trap: trap_request=0xffffffc6 fr.pc=0x00000168b2ba8aa0 relative=0x0000000000000820
Event: 20.200 Thread 0x00000168c2efbff0 Uncommon trap: reason=bimorphic_or_optimized_type_check action=maybe_recompile pc=0x00000168b2ba8aa0 method=java.util.regex.Pattern$Start.match(Ljava/util/regex/Matcher;ILjava/lang/CharSequence;)Z @ 44 c2
Event: 20.200 Thread 0x00000168c2efbff0 DEOPT PACKING pc=0x00000168b2ba8aa0 sp=0x000000322ecf8ed0
Event: 20.200 Thread 0x00000168c2efbff0 DEOPT UNPACKING pc=0x00000168b2486da3 sp=0x000000322ecf8da8 mode 2
Event: 20.202 Thread 0x00000168c2efbff0 Uncommon trap: trap_request=0xffffffc6 fr.pc=0x00000168b2b9c7dc relative=0x00000000000007dc
Event: 20.202 Thread 0x00000168c2efbff0 Uncommon trap: reason=bimorphic_or_optimized_type_check action=maybe_recompile pc=0x00000168b2b9c7dc method=java.util.regex.Pattern$Start.match(Ljava/util/regex/Matcher;ILjava/lang/CharSequence;)Z @ 44 c2
Event: 20.202 Thread 0x00000168c2efbff0 DEOPT PACKING pc=0x00000168b2b9c7dc sp=0x000000322ecf8e60
Event: 20.202 Thread 0x00000168c2efbff0 DEOPT UNPACKING pc=0x00000168b2486da3 sp=0x000000322ecf8db0 mode 2
Event: 21.400 Thread 0x00000168c2efbff0 Uncommon trap: trap_request=0xffffffde fr.pc=0x00000168b2abb95c relative=0x000000000000029c
Event: 21.409 Thread 0x00000168c2efbff0 Uncommon trap: reason=class_check action=maybe_recompile pc=0x00000168b2abb95c method=java.util.Collections$SetFromMap.remove(Ljava/lang/Object;)Z @ 5 c2
Event: 21.419 Thread 0x00000168c2efbff0 DEOPT PACKING pc=0x00000168b2abb95c sp=0x000000322ecfae30
Event: 21.439 Thread 0x00000168c2efbff0 DEOPT UNPACKING pc=0x00000168b2486da3 sp=0x000000322ecfae18 mode 2

Classes loaded (20 events):
Event: 19.553 Loading class java/util/WeakHashMap$KeyIterator
Event: 19.553 Loading class java/util/WeakHashMap$HashIterator
Event: 19.554 Loading class java/util/WeakHashMap$HashIterator done
Event: 19.554 Loading class java/util/WeakHashMap$KeyIterator done
Event: 19.650 Loading class sun/invoke/util/ValueConversions$1
Event: 19.650 Loading class sun/invoke/util/ValueConversions$1 done
Event: 19.651 Loading class java/lang/invoke/BoundMethodHandle$Species_LI
Event: 19.651 Loading class java/lang/invoke/BoundMethodHandle$Species_LI done
Event: 20.131 Loading class sun/reflect/MagicAccessorImpl
Event: 20.131 Loading class sun/reflect/MagicAccessorImpl done
Event: 20.208 Loading class com/sun/beans/finder/MethodFinder
Event: 20.210 Loading class com/sun/beans/finder/AbstractFinder
Event: 20.211 Loading class com/sun/beans/finder/AbstractFinder done
Event: 20.211 Loading class com/sun/beans/finder/MethodFinder done
Event: 20.211 Loading class com/sun/beans/finder/MethodFinder$1
Event: 20.212 Loading class com/sun/beans/finder/MethodFinder$1 done
Event: 20.212 Loading class com/sun/beans/finder/FinderUtils
Event: 20.212 Loading class com/sun/beans/finder/FinderUtils done
Event: 20.215 Loading class java/lang/invoke/BoundMethodHandle$Species_LJ
Event: 20.216 Loading class java/lang/invoke/BoundMethodHandle$Species_LJ done

Classes unloaded (0 events):
No events

Classes redefined (0 events):
No events

Internal exceptions (20 events):
Event: 19.651 Thread 0x00000168c2efbff0 Exception <a 'java/lang/NoSuchMethodError'{0x00000000ea030158}: 'int java.lang.invoke.DirectMethodHandle$Holder.invokeSpecial(java.lang.Object, java.lang.Object, java.lang.Object, int)'> (0x00000000ea030158) 
thrown [s\src\hotspot\share\interpreter\linkResolver.cpp, line 774]
Event: 19.652 Thread 0x00000168c2efbff0 Exception <a 'java/lang/NoSuchMethodError'{0x00000000ea041310}: 'java.lang.Object java.lang.invoke.DirectMethodHandle$Holder.invokeStatic(java.lang.Object, java.lang.Object, java.lang.Object, java.lang.Object, int)'> (0x00000000ea041310) 
thrown [s\src\hotspot\share\interpreter\linkResolver.cpp, line 774]
Event: 19.693 Thread 0x00000168c2efbff0 Exception <a 'java/lang/ClassNotFoundException'{0x00000000e9f87108}: org/gradle/invocation/DefaultGradle_DecoratedBeanInfo> (0x00000000e9f87108) 
thrown [s\src\hotspot\share\classfile\systemDictionary.cpp, line 255]
Event: 19.695 Thread 0x00000168c2efbff0 Exception <a 'java/lang/ClassNotFoundException'{0x00000000e9f93eb8}: org/gradle/invocation/DefaultGradleBeanInfo> (0x00000000e9f93eb8) 
thrown [s\src\hotspot\share\classfile\systemDictionary.cpp, line 255]
Event: 19.696 Thread 0x00000168c2efbff0 Exception <a 'java/lang/ClassNotFoundException'{0x00000000e9fa11a8}: org/gradle/api/internal/project/AbstractPluginAwareBeanInfo> (0x00000000e9fa11a8) 
thrown [s\src\hotspot\share\classfile\systemDictionary.cpp, line 255]
Event: 19.698 Thread 0x00000168c2efbff0 Exception <a 'java/lang/ClassNotFoundException'{0x00000000e9fade90}: org/gradle/api/internal/project/AbstractPluginAwareCustomizer> (0x00000000e9fade90) 
thrown [s\src\hotspot\share\classfile\systemDictionary.cpp, line 255]
Event: 19.700 Thread 0x00000168c2efbff0 Exception <a 'java/lang/ClassNotFoundException'{0x00000000e9fc05f0}: org/gradle/invocation/DefaultGradleCustomizer> (0x00000000e9fc05f0) 
thrown [s\src\hotspot\share\classfile\systemDictionary.cpp, line 255]
Event: 19.714 Thread 0x00000168c2efbff0 Exception <a 'java/lang/ClassNotFoundException'{0x00000000e9ffd380}: org/gradle/invocation/DefaultGradle_DecoratedCustomizer> (0x00000000e9ffd380) 
thrown [s\src\hotspot\share\classfile\systemDictionary.cpp, line 255]
Event: 20.190 Thread 0x00000168c2efbff0 Exception <a 'java/lang/ClassNotFoundException'{0x00000000efd23d90}: groovy/lang/Closure$1BeanInfo> (0x00000000efd23d90) 
thrown [s\src\hotspot\share\classfile\systemDictionary.cpp, line 255]
Event: 20.191 Thread 0x00000168c2efbff0 Exception <a 'java/lang/ClassNotFoundException'{0x00000000efd304f0}: groovy/lang/ClosureBeanInfo> (0x00000000efd304f0) 
thrown [s\src\hotspot\share\classfile\systemDictionary.cpp, line 255]
Event: 20.192 Thread 0x00000168c2efbff0 Exception <a 'java/lang/ClassNotFoundException'{0x00000000efd3cbb8}: groovy/lang/ClosureCustomizer> (0x00000000efd3cbb8) 
thrown [s\src\hotspot\share\classfile\systemDictionary.cpp, line 255]
Event: 20.207 Thread 0x00000168c2efbff0 Exception <a 'java/lang/ClassNotFoundException'{0x00000000efd6c098}: groovy/lang/Closure$1Customizer> (0x00000000efd6c098) 
thrown [s\src\hotspot\share\classfile\systemDictionary.cpp, line 255]
Event: 20.669 Thread 0x00000168c2efbff0 Exception <a 'java/lang/ClassNotFoundException'{0x00000000eff75f28}: ijresolvers1_740mqyfnnvgshcd8uccnwcfkyBeanInfo> (0x00000000eff75f28) 
thrown [s\src\hotspot\share\classfile\systemDictionary.cpp, line 255]
Event: 20.676 Thread 0x00000168c2efbff0 Exception <a 'java/lang/ClassNotFoundException'{0x00000000eff7b7e8}: ijresolvers1_740mqyfnnvgshcd8uccnwcfkyCustomizer> (0x00000000eff7b7e8) 
thrown [s\src\hotspot\share\classfile\systemDictionary.cpp, line 255]
Event: 20.787 Thread 0x00000168c2efbff0 Exception <a 'java/lang/ClassNotFoundException'{0x00000000efee1cd0}: SetupUtpTestResultListenerActionBeanInfo> (0x00000000efee1cd0) 
thrown [s\src\hotspot\share\classfile\systemDictionary.cpp, line 255]
Event: 20.818 Thread 0x00000168c2efbff0 Exception <a 'java/lang/ClassNotFoundException'{0x00000000efee8270}: SetupUtpTestResultListenerActionCustomizer> (0x00000000efee8270) 
thrown [s\src\hotspot\share\classfile\systemDictionary.cpp, line 255]
Event: 20.862 Thread 0x00000168c2efbff0 Exception <a 'java/lang/ClassNotFoundException'{0x00000000efdb1d78}: org/gradle/execution/taskgraph/DefaultTaskExecutionGraphBeanInfo> (0x00000000efdb1d78) 
thrown [s\src\hotspot\share\classfile\systemDictionary.cpp, line 255]
Event: 20.863 Thread 0x00000168c2efbff0 Exception <a 'java/lang/ClassNotFoundException'{0x00000000efdbebb8}: org/gradle/execution/taskgraph/DefaultTaskExecutionGraphCustomizer> (0x00000000efdbebb8) 
thrown [s\src\hotspot\share\classfile\systemDictionary.cpp, line 255]
Event: 21.347 Thread 0x00000168c2efbff0 Exception <a 'java/lang/ClassNotFoundException'{0x00000000efcd1e00}: Build_Codigo1_a2tto0e7dol0fmbwatj0vo0wrBeanInfo> (0x00000000efcd1e00) 
thrown [s\src\hotspot\share\classfile\systemDictionary.cpp, line 255]
Event: 21.364 Thread 0x00000168c2efbff0 Exception <a 'java/lang/ClassNotFoundException'{0x00000000efcd76e0}: Build_Codigo1_a2tto0e7dol0fmbwatj0vo0wrCustomizer> (0x00000000efcd76e0) 
thrown [s\src\hotspot\share\classfile\systemDictionary.cpp, line 255]

VM Operations (20 events):
Event: 19.214 Executing VM operation: HandshakeAllThreads
Event: 19.214 Executing VM operation: HandshakeAllThreads done
Event: 19.219 Executing VM operation: HandshakeAllThreads
Event: 19.219 Executing VM operation: HandshakeAllThreads done
Event: 19.229 Executing VM operation: HandshakeAllThreads
Event: 19.229 Executing VM operation: HandshakeAllThreads done
Event: 19.269 Executing VM operation: ICBufferFull
Event: 19.269 Executing VM operation: ICBufferFull done
Event: 19.399 Executing VM operation: HandshakeAllThreads
Event: 19.399 Executing VM operation: HandshakeAllThreads done
Event: 19.738 Executing VM operation: ICBufferFull
Event: 19.739 Executing VM operation: ICBufferFull done
Event: 20.033 Executing VM operation: G1CollectForAllocation
Event: 20.120 Executing VM operation: G1CollectForAllocation done
Event: 20.532 Executing VM operation: CollectForMetadataAllocation
Event: 20.556 Executing VM operation: CollectForMetadataAllocation done
Event: 20.629 Executing VM operation: G1PauseRemark
Event: 20.648 Executing VM operation: G1PauseRemark done
Event: 20.649 Executing VM operation: G1PauseCleanup
Event: 20.650 Executing VM operation: G1PauseCleanup done

Events (20 events):
Event: 13.889 Thread 0x00000168c2efbab0 Thread added: 0x00000168c2efbab0
Event: 13.924 Thread 0x00000168c2efbff0 Thread added: 0x00000168c2efbff0
Event: 13.939 Thread 0x00000168c317a8f0 Thread added: 0x00000168c317a8f0
Event: 13.945 Thread 0x00000168c3177e70 Thread added: 0x00000168c3177e70
Event: 13.948 Thread 0x00000168c317a3a0 Thread added: 0x00000168c317a3a0
Event: 14.429 Thread 0x00000168c3178910 Thread added: 0x00000168c3178910
Event: 14.454 Thread 0x00000168c3179e50 Thread added: 0x00000168c3179e50
Event: 15.291 Thread 0x00000168c3178e60 Thread added: 0x00000168c3178e60
Event: 16.221 Thread 0x00000168c31783c0 Thread added: 0x00000168c31783c0
Event: 16.233 Thread 0x00000168c31773d0 Thread added: 0x00000168c31773d0
Event: 17.434 Thread 0x00000168c3177920 Thread added: 0x00000168c3177920
Event: 17.485 Thread 0x00000168c3179900 Thread added: 0x00000168c3179900
Event: 17.526 Thread 0x00000168c2f37790 Thread added: 0x00000168c2f37790
Event: 17.712 Thread 0x00000168c2f3b200 Thread added: 0x00000168c2f3b200
Event: 17.803 Thread 0x00000168c2f38230 Thread added: 0x00000168c2f38230
Event: 17.973 Thread 0x00000168c2f347c0 Thread added: 0x00000168c2f347c0
Event: 18.297 Thread 0x00000168c2f37240 Thread added: 0x00000168c2f37240
Event: 18.359 Thread 0x00000168c2f39cc0 Thread added: 0x00000168c2f39cc0
Event: 20.440 Thread 0x00000168c2f3bca0 Thread added: 0x00000168c2f3bca0
Event: 20.562 Thread 0x00000168c2f38780 Thread added: 0x00000168c2f38780


Dynamic libraries:
0x00007ff6500d0000 - 0x00007ff6500dd000 	C:\Users\lufer\.jdks\corretto-19.0.2\bin\java.exe
0x00007ffbc2a90000 - 0x00007ffbc2c87000 	C:\WINDOWS\SYSTEM32\ntdll.dll
0x00007ffbc0c20000 - 0x00007ffbc0cdd000 	C:\WINDOWS\System32\KERNEL32.DLL
0x00007ffbc0410000 - 0x00007ffbc0706000 	C:\WINDOWS\System32\KERNELBASE.dll
0x00007ffbc0950000 - 0x00007ffbc0a50000 	C:\WINDOWS\System32\ucrtbase.dll
0x00007ffbba3e0000 - 0x00007ffbba3f5000 	C:\Users\lufer\.jdks\corretto-19.0.2\bin\VCRUNTIME140.dll
0x00007ffbb9870000 - 0x00007ffbb9887000 	C:\Users\lufer\.jdks\corretto-19.0.2\bin\jli.dll
0x00007ffbc0ce0000 - 0x00007ffbc0e7e000 	C:\WINDOWS\System32\USER32.dll
0x00007ffba6320000 - 0x00007ffba65ba000 	C:\WINDOWS\WinSxS\amd64_microsoft.windows.common-controls_6595b64144ccf1df_6.0.19041.3570_none_60bb2a3971f3e41a\COMCTL32.dll
0x00007ffbc0a50000 - 0x00007ffbc0a72000 	C:\WINDOWS\System32\win32u.dll
0x00007ffbc1750000 - 0x00007ffbc17ee000 	C:\WINDOWS\System32\msvcrt.dll
0x00007ffbc2670000 - 0x00007ffbc269c000 	C:\WINDOWS\System32\GDI32.dll
0x00007ffbc0210000 - 0x00007ffbc032a000 	C:\WINDOWS\System32\gdi32full.dll
0x00007ffbc0170000 - 0x00007ffbc020d000 	C:\WINDOWS\System32\msvcp_win.dll
0x00007ffbc0b80000 - 0x00007ffbc0bb0000 	C:\WINDOWS\System32\IMM32.DLL
0x00007ffba1f80000 - 0x00007ffba201b000 	C:\Users\lufer\.jdks\corretto-19.0.2\bin\msvcp140.dll
0x00007ffb7a1d0000 - 0x00007ffb7aea9000 	C:\Users\lufer\.jdks\corretto-19.0.2\bin\server\jvm.dll
0x00007ffbc2260000 - 0x00007ffbc230e000 	C:\WINDOWS\System32\ADVAPI32.dll
0x00007ffbc2950000 - 0x00007ffbc29ec000 	C:\WINDOWS\System32\sechost.dll
0x00007ffbc2820000 - 0x00007ffbc2946000 	C:\WINDOWS\System32\RPCRT4.dll
0x00007ffbb1e60000 - 0x00007ffbb1e69000 	C:\WINDOWS\SYSTEM32\WSOCK32.dll
0x00007ffbc19d0000 - 0x00007ffbc1a3b000 	C:\WINDOWS\System32\WS2_32.dll
0x00007ffbb6c10000 - 0x00007ffbb6c37000 	C:\WINDOWS\SYSTEM32\WINMM.dll
0x00007ffbb74b0000 - 0x00007ffbb74ba000 	C:\WINDOWS\SYSTEM32\VERSION.dll
0x00007ffbbe9d0000 - 0x00007ffbbe9e2000 	C:\WINDOWS\SYSTEM32\kernel.appcore.dll
0x00007ffbba380000 - 0x00007ffbba38a000 	C:\Users\lufer\.jdks\corretto-19.0.2\bin\jimage.dll
0x00007ffbbdeb0000 - 0x00007ffbbe094000 	C:\WINDOWS\SYSTEM32\DBGHELP.DLL
0x00007ffbad1d0000 - 0x00007ffbad204000 	C:\WINDOWS\SYSTEM32\dbgcore.DLL
0x00007ffbc0380000 - 0x00007ffbc0402000 	C:\WINDOWS\System32\bcryptPrimitives.dll
0x00007ffbb9390000 - 0x00007ffbb939e000 	C:\Users\lufer\.jdks\corretto-19.0.2\bin\instrument.dll
0x00007ffbb91f0000 - 0x00007ffbb9216000 	C:\Users\lufer\.jdks\corretto-19.0.2\bin\java.dll
0x00007ffb96f10000 - 0x00007ffb96fe6000 	C:\Users\lufer\.jdks\corretto-19.0.2\bin\jsvml.dll
0x00007ffbc1a40000 - 0x00007ffbc2184000 	C:\WINDOWS\System32\SHELL32.dll
0x00007ffbbe0a0000 - 0x00007ffbbe83b000 	C:\WINDOWS\SYSTEM32\windows.storage.dll
0x00007ffbc2310000 - 0x00007ffbc2664000 	C:\WINDOWS\System32\combase.dll
0x00007ffbbfae0000 - 0x00007ffbbfb0d000 	C:\WINDOWS\SYSTEM32\Wldp.dll
0x00007ffbc1920000 - 0x00007ffbc19cd000 	C:\WINDOWS\System32\SHCORE.dll
0x00007ffbc29f0000 - 0x00007ffbc2a45000 	C:\WINDOWS\System32\shlwapi.dll
0x00007ffbc00a0000 - 0x00007ffbc00c5000 	C:\WINDOWS\SYSTEM32\profapi.dll
0x00007ffbb9140000 - 0x00007ffbb9158000 	C:\Users\lufer\.jdks\corretto-19.0.2\bin\zip.dll
0x00007ffbb74c0000 - 0x00007ffbb74d3000 	C:\Users\lufer\.jdks\corretto-19.0.2\bin\net.dll
0x00007ffbb23c0000 - 0x00007ffbb24ca000 	C:\WINDOWS\SYSTEM32\WINHTTP.dll
0x00007ffbbf840000 - 0x00007ffbbf8aa000 	C:\WINDOWS\system32\mswsock.dll
0x00007ffbb19d0000 - 0x00007ffbb19e5000 	C:\Users\lufer\.jdks\corretto-19.0.2\bin\nio.dll
0x00007ffbb9380000 - 0x00007ffbb9390000 	C:\Users\lufer\.jdks\corretto-19.0.2\bin\verify.dll
0x00007ffbb9290000 - 0x00007ffbb92b7000 	C:\Users\lufer\.gradle\native\68d5fa5c4cc2d200863cafc0d521ce42e7d3e7ee720ec0a83991735586a16f82\windows-amd64\native-platform.dll
0x00007ffb8c6b0000 - 0x00007ffb8c7f4000 	C:\Users\lufer\.gradle\native\e376f236ea51e6404a007f0833ffe2c6e607c4080706a723a18a27aeea778392\windows-amd64\native-platform-file-events.dll
0x00007ffbb9340000 - 0x00007ffbb9349000 	C:\Users\lufer\.jdks\corretto-19.0.2\bin\management.dll
0x00007ffbb92f0000 - 0x00007ffbb92fb000 	C:\Users\lufer\.jdks\corretto-19.0.2\bin\management_ext.dll
0x00007ffbc0ee0000 - 0x00007ffbc0ee8000 	C:\WINDOWS\System32\PSAPI.DLL
0x00007ffbbfa30000 - 0x00007ffbbfa48000 	C:\WINDOWS\SYSTEM32\CRYPTSP.dll
0x00007ffbbf150000 - 0x00007ffbbf184000 	C:\WINDOWS\system32\rsaenh.dll
0x00007ffbc0920000 - 0x00007ffbc0947000 	C:\WINDOWS\System32\bcrypt.dll
0x00007ffbc0020000 - 0x00007ffbc004e000 	C:\WINDOWS\SYSTEM32\USERENV.dll
0x00007ffbbfa50000 - 0x00007ffbbfa5c000 	C:\WINDOWS\SYSTEM32\CRYPTBASE.dll
0x00007ffbbf530000 - 0x00007ffbbf56b000 	C:\WINDOWS\SYSTEM32\IPHLPAPI.DLL
0x00007ffbc0c10000 - 0x00007ffbc0c18000 	C:\WINDOWS\System32\NSI.dll
0x00007ffbb2d60000 - 0x00007ffbb2d77000 	C:\WINDOWS\SYSTEM32\dhcpcsvc6.DLL
0x00007ffbb6730000 - 0x00007ffbb674d000 	C:\WINDOWS\SYSTEM32\dhcpcsvc.DLL
0x00007ffbbf570000 - 0x00007ffbbf63a000 	C:\WINDOWS\SYSTEM32\DNSAPI.dll
0x00007ffbb9280000 - 0x00007ffbb9288000 	C:\Users\lufer\.jdks\corretto-19.0.2\bin\extnet.dll
0x00007ffbb9130000 - 0x00007ffbb913e000 	C:\Users\lufer\.jdks\corretto-19.0.2\bin\sunmscapi.dll
0x00007ffbc0710000 - 0x00007ffbc086d000 	C:\WINDOWS\System32\CRYPT32.dll
0x00007ffbbfb50000 - 0x00007ffbbfb77000 	C:\WINDOWS\SYSTEM32\ncrypt.dll
0x00007ffbbfb10000 - 0x00007ffbbfb4b000 	C:\WINDOWS\SYSTEM32\NTASN1.dll
0x00007ffbb1c20000 - 0x00007ffbb1c27000 	C:\WINDOWS\system32\wshunix.dll

dbghelp: loaded successfully - version: 4.0.5 - missing functions: none
symbol engine: initialized successfully - sym options: 0x614 - pdb path: .;C:\Users\lufer\.jdks\corretto-19.0.2\bin;C:\WINDOWS\SYSTEM32;C:\WINDOWS\WinSxS\amd64_microsoft.windows.common-controls_6595b64144ccf1df_6.0.19041.3570_none_60bb2a3971f3e41a;C:\Users\lufer\.jdks\corretto-19.0.2\bin\server;C:\Users\lufer\.gradle\native\68d5fa5c4cc2d200863cafc0d521ce42e7d3e7ee720ec0a83991735586a16f82\windows-amd64;C:\Users\lufer\.gradle\native\e376f236ea51e6404a007f0833ffe2c6e607c4080706a723a18a27aeea778392\windows-amd64

VM Arguments:
jvm_args: --add-opens=java.base/java.util=ALL-UNNAMED --add-opens=java.base/java.lang=ALL-UNNAMED --add-opens=java.base/java.lang.invoke=ALL-UNNAMED --add-opens=java.prefs/java.util.prefs=ALL-UNNAMED --add-opens=java.base/java.nio.charset=ALL-UNNAMED --add-opens=java.base/java.net=ALL-UNNAMED --add-opens=java.base/java.util.concurrent.atomic=ALL-UNNAMED -XX:MaxMetaspaceSize=384m -XX:+HeapDumpOnOutOfMemoryError -Xms256m -Xmx512m -Dfile.encoding=windows-1252 -Duser.country=US -Duser.language=en -Duser.variant -javaagent:C:\Users\lufer\.gradle\wrapper\dists\gradle-8.2.1-bin\5hap6b9n41hkg4jeh2au2pllh\gradle-8.2.1\lib\agents\gradle-instrumentation-agent-8.2.1.jar 
java_command: org.gradle.launcher.daemon.bootstrap.GradleDaemon 8.2.1
java_class_path (initial): C:\Users\lufer\.gradle\wrapper\dists\gradle-8.2.1-bin\5hap6b9n41hkg4jeh2au2pllh\gradle-8.2.1\lib\gradle-launcher-8.2.1.jar
Launcher Type: SUN_STANDARD

[Global flags]
     intx CICompilerCount                          = 3                                         {product} {ergonomic}
   size_t CompressedClassSpaceSize                 = 322961408                                 {product} {ergonomic}
     uint ConcGCThreads                            = 1                                         {product} {ergonomic}
     uint G1ConcRefinementThreads                  = 4                                         {product} {ergonomic}
   size_t G1HeapRegionSize                         = 1048576                                   {product} {ergonomic}
    uintx GCDrainStackTargetSize                   = 64                                        {product} {ergonomic}
     bool HeapDumpOnOutOfMemoryError               = true                                   {manageable} {command line}
   size_t InitialHeapSize                          = 268435456                                 {product} {command line}
   size_t MarkStackSize                            = 4194304                                   {product} {ergonomic}
   size_t MaxHeapSize                              = 536870912                                 {product} {command line}
   size_t MaxMetaspaceSize                         = 402653184                                 {product} {command line}
   size_t MaxNewSize                               = 321912832                                 {product} {ergonomic}
   size_t MinHeapDeltaBytes                        = 1048576                                   {product} {ergonomic}
   size_t MinHeapSize                              = 268435456                                 {product} {command line}
    uintx NonNMethodCodeHeapSize                   = 5832780                                {pd product} {ergonomic}
    uintx NonProfiledCodeHeapSize                  = 122912730                              {pd product} {ergonomic}
    uintx ProfiledCodeHeapSize                     = 122912730                              {pd product} {ergonomic}
    uintx ReservedCodeCacheSize                    = 251658240                              {pd product} {ergonomic}
     bool SegmentedCodeCache                       = true                                      {product} {ergonomic}
   size_t SoftMaxHeapSize                          = 536870912                              {manageable} {ergonomic}
     bool UseCompressedClassPointers               = true                           {product lp64_product} {ergonomic}
     bool UseCompressedOops                        = true                           {product lp64_product} {ergonomic}
     bool UseG1GC                                  = true                                      {product} {ergonomic}
     bool UseLargePagesIndividualAllocation        = false                                  {pd product} {ergonomic}

Logging:
Log output configuration:
 #0: stdout all=warning uptime,level,tags foldmultilines=false
 #1: stderr all=off uptime,level,tags foldmultilines=false

Environment Variables:
PATH=C:\WINDOWS\system32;C:\WINDOWS;C:\WINDOWS\System32\Wbem;C:\WINDOWS\System32\WindowsPowerShell\v1.0\;C:\WINDOWS\System32\OpenSSH\;C:\Program Files\Git\cmd;C:\Program Files\nodejs\;C:\Users\lufer\AppData\Local\Microsoft\WindowsApps;C:\Users\lufer\AppData\Roaming\npm
USERNAME=lufer
OS=Windows_NT
PROCESSOR_IDENTIFIER=AMD64 Family 23 Model 17 Stepping 0, AuthenticAMD
TMP=C:\Users\lufer\AppData\Local\Temp
TEMP=C:\Users\lufer\AppData\Local\Temp



---------------  S Y S T E M  ---------------

OS:
 Windows 10 , 64 bit Build 19041 (10.0.19041.3570)
OS uptime: 11 days 8:00 hours

CPU: total 4 (initial active 4) (4 cores per cpu, 1 threads per core) family 23 model 17 stepping 0 microcode 0x0, cx8, cmov, fxsr, mmx, 3dnowpref, sse, sse2, sse3, ssse3, sse4a, sse4.1, sse4.2, popcnt, lzcnt, tsc, tscinvbit, avx, avx2, aes, clmul, bmi1, bmi2, adx, sha, fma, vzeroupper, clflush, clflushopt, rdtscp

Memory: 4k page, system-wide physical 3539M (98M free)
TotalPageFile size 14291M (AvailPageFile size 3M)
current process WorkingSet (physical memory assigned to process): 185M, peak: 254M
current process commit charge ("private bytes"): 422M, peak: 428M

vm_info: OpenJDK 64-Bit Server VM (19.0.2+7-FR) for windows-amd64 JRE (19.0.2+7-FR), built on Jan 13 2023 22:53:32 by "Administrator" with MS VC++ 15.9 (VS2017)

END.
