23:33:36.836 [Test worker] INFO  o.s.b.t.c.SpringBootTestContextBootstrapper - Neither @ContextConfiguration nor @ContextHierarchy found for test class [co.empresa.recursoshumanos.RecursoshumanosApplicationTest], using SpringBootContextLoader
23:33:36.862 [Test worker] INFO  o.s.t.c.s.AbstractContextLoader - Could not detect default resource locations for test class [co.empresa.recursoshumanos.RecursoshumanosApplicationTest]: no resource found for suffixes {-context.xml, Context.groovy}.
23:33:36.864 [Test worker] INFO  o.s.t.c.s.AnnotationConfigContextLoaderUtils - Could not detect default configuration classes for test class [co.empresa.recursoshumanos.RecursoshumanosApplicationTest]: RecursoshumanosApplicationTest does not declare any static, non-private, non-final, nested classes annotated with @Configuration.
23:33:37.473 [Test worker] INFO  o.s.b.t.c.SpringBootTestContextBootstrapper - Found @SpringBootConfiguration co.empresa.recursoshumanos.RecursoshumanosApplication for test class co.empresa.recursoshumanos.RecursoshumanosApplicationTest
23:33:37.783 [Test worker] INFO  o.s.b.t.c.SpringBootTestContextBootstrapper - Loaded default TestExecutionListener class names from location [META-INF/spring.factories]: [org.springframework.boot.test.autoconfigure.restdocs.RestDocsTestExecutionListener, org.springframework.boot.test.autoconfigure.web.client.MockRestServiceServerResetTestExecutionListener, org.springframework.boot.test.autoconfigure.web.servlet.MockMvcPrintOnlyOnFailureTestExecutionListener, org.springframework.boot.test.autoconfigure.web.servlet.WebDriverTestExecutionListener, org.springframework.boot.test.autoconfigure.webservices.client.MockWebServiceServerTestExecutionListener, org.springframework.boot.test.mock.mockito.MockitoTestExecutionListener, org.springframework.boot.test.mock.mockito.ResetMocksTestExecutionListener, org.springframework.test.context.web.ServletTestExecutionListener, org.springframework.test.context.support.DirtiesContextBeforeModesTestExecutionListener, org.springframework.test.context.event.ApplicationEventsTestExecutionListener, org.springframework.test.context.support.DependencyInjectionTestExecutionListener, org.springframework.test.context.support.DirtiesContextTestExecutionListener, org.springframework.test.context.transaction.TransactionalTestExecutionListener, org.springframework.test.context.jdbc.SqlScriptsTestExecutionListener, org.springframework.test.context.event.EventPublishingTestExecutionListener]
23:33:37.852 [Test worker] INFO  o.s.b.t.c.SpringBootTestContextBootstrapper - Using TestExecutionListeners: [org.springframework.test.context.web.ServletTestExecutionListener@65c17e38, org.springframework.test.context.support.DirtiesContextBeforeModesTestExecutionListener@5e180aaf, org.springframework.test.context.event.ApplicationEventsTestExecutionListener@7015ebef, org.springframework.boot.test.mock.mockito.MockitoTestExecutionListener@44592c39, org.springframework.boot.test.autoconfigure.SpringBootDependencyInjectionTestExecutionListener@2a87ba34, org.springframework.test.context.support.DirtiesContextTestExecutionListener@34d480b9, org.springframework.test.context.transaction.TransactionalTestExecutionListener@6b415f5f, org.springframework.test.context.jdbc.SqlScriptsTestExecutionListener@66749eea, org.springframework.test.context.event.EventPublishingTestExecutionListener@7135ce0a, org.springframework.boot.test.autoconfigure.restdocs.RestDocsTestExecutionListener@617449dd, org.springframework.boot.test.autoconfigure.web.client.MockRestServiceServerResetTestExecutionListener@2e590b, org.springframework.boot.test.autoconfigure.web.servlet.MockMvcPrintOnlyOnFailureTestExecutionListener@42ef042a, org.springframework.boot.test.autoconfigure.web.servlet.WebDriverTestExecutionListener@1df5c7e3, org.springframework.boot.test.autoconfigure.webservices.client.MockWebServiceServerTestExecutionListener@5e0c4f21, org.springframework.boot.test.mock.mockito.ResetMocksTestExecutionListener@2c18a3ea]
23:33:38.476 [Test worker] INFO  c.e.r.RecursoshumanosApplicationTest - Starting RecursoshumanosApplicationTest using Java 17.0.8 on DESKTOP-3997V5C with PID 13620 (started by felip in C:\Users\felip\Desktop\2023-2\Arquitectura de software\recursoshumanos)
23:33:38.478 [Test worker] INFO  c.e.r.RecursoshumanosApplicationTest - No active profile set, falling back to 1 default profile: "default"
23:33:40.569 [Test worker] INFO  o.s.d.r.c.RepositoryConfigurationDelegate - Bootstrapping Spring Data JPA repositories in DEFAULT mode.
23:33:40.670 [Test worker] INFO  o.s.d.r.c.RepositoryConfigurationDelegate - Finished Spring Data repository scanning in 86 ms. Found 3 JPA repository interfaces.
23:33:42.014 [Test worker] INFO  com.zaxxer.hikari.HikariDataSource - HikariPool-1 - Starting...
23:33:42.681 [Test worker] INFO  com.zaxxer.hikari.HikariDataSource - HikariPool-1 - Start completed.
23:33:42.832 [Test worker] INFO  o.h.jpa.internal.util.LogHelper - HHH000204: Processing PersistenceUnitInfo [name: default]
23:33:42.945 [Test worker] INFO  org.hibernate.Version - HHH000412: Hibernate ORM core version 5.6.15.Final
23:33:43.369 [Test worker] INFO  o.h.annotations.common.Version - HCANN000001: Hibernate Commons Annotations {5.1.2.Final}
23:33:43.687 [Test worker] INFO  org.hibernate.dialect.Dialect - HHH000400: Using dialect: org.hibernate.dialect.H2Dialect
23:33:45.349 [Test worker] INFO  o.h.e.t.j.p.i.JtaPlatformInitiator - HHH000490: Using JtaPlatform implementation: [org.hibernate.engine.transaction.jta.platform.internal.NoJtaPlatform]
23:33:45.362 [Test worker] INFO  o.s.o.j.LocalContainerEntityManagerFactoryBean - Initialized JPA EntityManagerFactory for persistence unit 'default'
23:33:46.199 [Test worker] WARN  o.s.b.a.o.j.JpaBaseConfiguration$JpaWebConfiguration - spring.jpa.open-in-view is enabled by default. Therefore, database queries may be performed during view rendering. Explicitly configure spring.jpa.open-in-view to disable this warning
23:33:48.702 [Test worker] INFO  o.s.s.web.DefaultSecurityFilterChain - Will secure any request with [org.springframework.security.web.session.DisableEncodeUrlFilter@4468febc, org.springframework.security.web.context.request.async.WebAsyncManagerIntegrationFilter@7fb9c7bc, org.springframework.security.web.context.SecurityContextPersistenceFilter@459fd4ac, org.springframework.security.web.header.HeaderWriterFilter@4ec9c424, org.springframework.security.web.csrf.CsrfFilter@2530e0d6, org.springframework.security.web.authentication.logout.LogoutFilter@302b717a, org.springframework.security.web.authentication.www.BasicAuthenticationFilter@12019819, org.springframework.security.web.savedrequest.RequestCacheAwareFilter@1c7b499, org.springframework.security.web.servletapi.SecurityContextHolderAwareRequestFilter@4143c25f, org.springframework.security.web.authentication.AnonymousAuthenticationFilter@4bc8b617, org.springframework.security.web.session.SessionManagementFilter@5f4f7f1a, org.springframework.security.web.access.ExceptionTranslationFilter@597417a3, org.springframework.security.web.access.intercept.FilterSecurityInterceptor@399a4cd1]
23:33:49.334 [Test worker] INFO  c.e.r.RecursoshumanosApplicationTest - Started RecursoshumanosApplicationTest in 11.385 seconds (JVM running for 15.403)
23:33:49.834 [Test worker] INFO  c.e.r.RecursoshumanosApplication - Starting RecursoshumanosApplication using Java 17.0.8 on DESKTOP-3997V5C with PID 13620 (started by felip in C:\Users\felip\Desktop\2023-2\Arquitectura de software\recursoshumanos)
23:33:49.835 [Test worker] INFO  c.e.r.RecursoshumanosApplication - No active profile set, falling back to 1 default profile: "default"
23:33:50.295 [Test worker] INFO  o.s.d.r.c.RepositoryConfigurationDelegate - Bootstrapping Spring Data JPA repositories in DEFAULT mode.
23:33:50.315 [Test worker] INFO  o.s.d.r.c.RepositoryConfigurationDelegate - Finished Spring Data repository scanning in 19 ms. Found 3 JPA repository interfaces.
23:33:50.760 [Test worker] INFO  o.s.b.w.e.tomcat.TomcatWebServer - Tomcat initialized with port(s): 8080 (http)
23:33:50.779 [Test worker] INFO  o.a.coyote.http11.Http11NioProtocol - Initializing ProtocolHandler ["http-nio-8080"]
23:33:50.783 [Test worker] INFO  o.a.catalina.core.StandardService - Starting service [Tomcat]
23:33:50.783 [Test worker] INFO  o.a.catalina.core.StandardEngine - Starting Servlet engine: [Apache Tomcat/9.0.79]
23:33:50.989 [Test worker] INFO  o.a.c.c.C.[Tomcat].[localhost].[/] - Initializing Spring embedded WebApplicationContext
23:33:50.991 [Test worker] INFO  o.s.b.w.s.c.ServletWebServerApplicationContext - Root WebApplicationContext: initialization completed in 1150 ms
23:33:51.138 [Test worker] INFO  com.zaxxer.hikari.HikariDataSource - HikariPool-2 - Starting...
23:33:51.142 [Test worker] INFO  com.zaxxer.hikari.HikariDataSource - HikariPool-2 - Start completed.
23:33:51.151 [Test worker] INFO  o.h.jpa.internal.util.LogHelper - HHH000204: Processing PersistenceUnitInfo [name: default]
23:33:51.158 [Test worker] INFO  org.hibernate.dialect.Dialect - HHH000400: Using dialect: org.hibernate.dialect.H2Dialect
23:33:51.249 [Test worker] INFO  o.h.e.t.j.p.i.JtaPlatformInitiator - HHH000490: Using JtaPlatform implementation: [org.hibernate.engine.transaction.jta.platform.internal.NoJtaPlatform]
23:33:51.249 [Test worker] INFO  o.s.o.j.LocalContainerEntityManagerFactoryBean - Initialized JPA EntityManagerFactory for persistence unit 'default'
23:33:51.379 [Test worker] WARN  o.s.b.a.o.j.JpaBaseConfiguration$JpaWebConfiguration - spring.jpa.open-in-view is enabled by default. Therefore, database queries may be performed during view rendering. Explicitly configure spring.jpa.open-in-view to disable this warning
23:33:51.636 [Test worker] INFO  o.s.s.web.DefaultSecurityFilterChain - Will secure any request with [org.springframework.security.web.session.DisableEncodeUrlFilter@43a661f5, org.springframework.security.web.context.request.async.WebAsyncManagerIntegrationFilter@33300529, org.springframework.security.web.context.SecurityContextPersistenceFilter@68c889dd, org.springframework.security.web.header.HeaderWriterFilter@4c9a6886, org.springframework.security.web.csrf.CsrfFilter@490857ea, org.springframework.security.web.authentication.logout.LogoutFilter@40d014cd, org.springframework.security.web.authentication.www.BasicAuthenticationFilter@38c5edcc, org.springframework.security.web.savedrequest.RequestCacheAwareFilter@31a770c3, org.springframework.security.web.servletapi.SecurityContextHolderAwareRequestFilter@2e66f029, org.springframework.security.web.authentication.AnonymousAuthenticationFilter@335dcb7f, org.springframework.security.web.session.SessionManagementFilter@63f4354e, org.springframework.security.web.access.ExceptionTranslationFilter@7e64fa55, org.springframework.security.web.access.intercept.FilterSecurityInterceptor@28051d05]
23:33:51.661 [Test worker] INFO  o.a.coyote.http11.Http11NioProtocol - Starting ProtocolHandler ["http-nio-8080"]
23:33:51.694 [Test worker] INFO  o.s.b.w.e.tomcat.TomcatWebServer - Tomcat started on port(s): 8080 (http) with context path ''
23:33:51.780 [Test worker] INFO  c.e.r.RecursoshumanosApplication - Started RecursoshumanosApplication in 2.026 seconds (JVM running for 17.849)
23:33:51.819 [Test worker] INFO  o.s.b.t.c.SpringBootTestContextBootstrapper - Neither @ContextConfiguration nor @ContextHierarchy found for test class [co.empresa.recursoshumanos.controller.CertificadoControllerTest], using SpringBootContextLoader
23:33:51.821 [Test worker] INFO  o.s.t.c.s.AbstractContextLoader - Could not detect default resource locations for test class [co.empresa.recursoshumanos.controller.CertificadoControllerTest]: no resource found for suffixes {-context.xml, Context.groovy}.
23:33:51.821 [Test worker] INFO  o.s.t.c.s.AnnotationConfigContextLoaderUtils - Could not detect default configuration classes for test class [co.empresa.recursoshumanos.controller.CertificadoControllerTest]: CertificadoControllerTest does not declare any static, non-private, non-final, nested classes annotated with @Configuration.
23:33:51.831 [Test worker] INFO  o.s.b.t.c.SpringBootTestContextBootstrapper - Found @SpringBootConfiguration co.empresa.recursoshumanos.RecursoshumanosApplication for test class co.empresa.recursoshumanos.controller.CertificadoControllerTest
23:33:51.834 [Test worker] INFO  o.s.b.t.c.SpringBootTestContextBootstrapper - Loaded default TestExecutionListener class names from location [META-INF/spring.factories]: [org.springframework.boot.test.autoconfigure.restdocs.RestDocsTestExecutionListener, org.springframework.boot.test.autoconfigure.web.client.MockRestServiceServerResetTestExecutionListener, org.springframework.boot.test.autoconfigure.web.servlet.MockMvcPrintOnlyOnFailureTestExecutionListener, org.springframework.boot.test.autoconfigure.web.servlet.WebDriverTestExecutionListener, org.springframework.boot.test.autoconfigure.webservices.client.MockWebServiceServerTestExecutionListener, org.springframework.boot.test.mock.mockito.MockitoTestExecutionListener, org.springframework.boot.test.mock.mockito.ResetMocksTestExecutionListener, org.springframework.test.context.web.ServletTestExecutionListener, org.springframework.test.context.support.DirtiesContextBeforeModesTestExecutionListener, org.springframework.test.context.event.ApplicationEventsTestExecutionListener, org.springframework.test.context.support.DependencyInjectionTestExecutionListener, org.springframework.test.context.support.DirtiesContextTestExecutionListener, org.springframework.test.context.transaction.TransactionalTestExecutionListener, org.springframework.test.context.jdbc.SqlScriptsTestExecutionListener, org.springframework.test.context.event.EventPublishingTestExecutionListener]
23:33:51.834 [Test worker] INFO  o.s.b.t.c.SpringBootTestContextBootstrapper - Using TestExecutionListeners: [org.springframework.test.context.web.ServletTestExecutionListener@582c2124, org.springframework.test.context.support.DirtiesContextBeforeModesTestExecutionListener@665340f6, org.springframework.test.context.event.ApplicationEventsTestExecutionListener@401d5144, org.springframework.boot.test.mock.mockito.MockitoTestExecutionListener@48f4158f, org.springframework.boot.test.autoconfigure.SpringBootDependencyInjectionTestExecutionListener@716828b4, org.springframework.test.context.support.DirtiesContextTestExecutionListener@dc0829f, org.springframework.test.context.transaction.TransactionalTestExecutionListener@27fd7512, org.springframework.test.context.jdbc.SqlScriptsTestExecutionListener@4fcd440f, org.springframework.test.context.event.EventPublishingTestExecutionListener@7fd0e8ca, org.springframework.boot.test.autoconfigure.restdocs.RestDocsTestExecutionListener@768d49d5, org.springframework.boot.test.autoconfigure.web.client.MockRestServiceServerResetTestExecutionListener@3a14e7f3, org.springframework.boot.test.autoconfigure.web.servlet.MockMvcPrintOnlyOnFailureTestExecutionListener@1fdc3182, org.springframework.boot.test.autoconfigure.web.servlet.WebDriverTestExecutionListener@67b21c0b, org.springframework.boot.test.autoconfigure.webservices.client.MockWebServiceServerTestExecutionListener@7bed22c9, org.springframework.boot.test.mock.mockito.ResetMocksTestExecutionListener@665b7938]
23:33:51.865 [Test worker] INFO  c.e.r.c.CertificadoControllerTest - Starting CertificadoControllerTest using Java 17.0.8 on DESKTOP-3997V5C with PID 13620 (started by felip in C:\Users\felip\Desktop\2023-2\Arquitectura de software\recursoshumanos)
23:33:51.865 [Test worker] INFO  c.e.r.c.CertificadoControllerTest - No active profile set, falling back to 1 default profile: "default"
23:33:52.203 [Test worker] INFO  o.s.d.r.c.RepositoryConfigurationDelegate - Bootstrapping Spring Data JPA repositories in DEFAULT mode.
23:33:52.224 [Test worker] INFO  o.s.d.r.c.RepositoryConfigurationDelegate - Finished Spring Data repository scanning in 20 ms. Found 3 JPA repository interfaces.
23:33:52.410 [Test worker] INFO  com.zaxxer.hikari.HikariDataSource - HikariPool-3 - Starting...
23:33:52.413 [Test worker] INFO  com.zaxxer.hikari.HikariDataSource - HikariPool-3 - Start completed.
23:33:52.429 [Test worker] INFO  o.h.jpa.internal.util.LogHelper - HHH000204: Processing PersistenceUnitInfo [name: default]
23:33:52.438 [Test worker] INFO  org.hibernate.dialect.Dialect - HHH000400: Using dialect: org.hibernate.dialect.H2Dialect
23:33:52.522 [Test worker] INFO  o.h.e.t.j.p.i.JtaPlatformInitiator - HHH000490: Using JtaPlatform implementation: [org.hibernate.engine.transaction.jta.platform.internal.NoJtaPlatform]
23:33:52.522 [Test worker] INFO  o.s.o.j.LocalContainerEntityManagerFactoryBean - Initialized JPA EntityManagerFactory for persistence unit 'default'
23:33:52.701 [Test worker] WARN  o.s.b.a.o.j.JpaBaseConfiguration$JpaWebConfiguration - spring.jpa.open-in-view is enabled by default. Therefore, database queries may be performed during view rendering. Explicitly configure spring.jpa.open-in-view to disable this warning
23:33:53.712 [Test worker] INFO  o.s.s.web.DefaultSecurityFilterChain - Will secure any request with [org.springframework.security.web.session.DisableEncodeUrlFilter@17bace0a, org.springframework.security.web.context.request.async.WebAsyncManagerIntegrationFilter@d8d746c, org.springframework.security.web.context.SecurityContextPersistenceFilter@5a6535d7, org.springframework.security.web.header.HeaderWriterFilter@a37a150, org.springframework.security.web.csrf.CsrfFilter@6818bf62, org.springframework.security.web.authentication.logout.LogoutFilter@19583ef8, org.springframework.security.web.authentication.www.BasicAuthenticationFilter@56dd5a52, org.springframework.security.web.savedrequest.RequestCacheAwareFilter@7152749e, org.springframework.security.web.servletapi.SecurityContextHolderAwareRequestFilter@46d866c5, org.springframework.security.web.authentication.AnonymousAuthenticationFilter@75b0c649, org.springframework.security.web.session.SessionManagementFilter@77ab77ef, org.springframework.security.web.access.ExceptionTranslationFilter@5d6ece53, org.springframework.security.web.access.intercept.FilterSecurityInterceptor@4f76e662]
23:33:53.870 [Test worker] INFO  c.e.r.c.CertificadoControllerTest - Started CertificadoControllerTest in 2.032 seconds (JVM running for 19.939)
23:33:53.892 [Test worker] INFO  o.s.b.t.m.w.SpringBootMockServletContext - Initializing Spring TestDispatcherServlet ''
23:33:53.893 [Test worker] INFO  o.s.t.w.s.TestDispatcherServlet - Initializing Servlet ''
23:33:53.894 [Test worker] INFO  o.s.t.w.s.TestDispatcherServlet - Completed initialization in 1 ms
23:33:53.955 [Test worker] INFO  c.e.r.c.CertificadoController - Mostrar Certificados
23:33:54.228 [Test worker] INFO  o.s.b.t.c.SpringBootTestContextBootstrapper - Neither @ContextConfiguration nor @ContextHierarchy found for test class [co.empresa.recursoshumanos.controller.EmpleadoControllerTest], using SpringBootContextLoader
23:33:54.229 [Test worker] INFO  o.s.t.c.s.AbstractContextLoader - Could not detect default resource locations for test class [co.empresa.recursoshumanos.controller.EmpleadoControllerTest]: no resource found for suffixes {-context.xml, Context.groovy}.
23:33:54.229 [Test worker] INFO  o.s.t.c.s.AnnotationConfigContextLoaderUtils - Could not detect default configuration classes for test class [co.empresa.recursoshumanos.controller.EmpleadoControllerTest]: EmpleadoControllerTest does not declare any static, non-private, non-final, nested classes annotated with @Configuration.
23:33:54.232 [Test worker] INFO  o.s.b.t.c.SpringBootTestContextBootstrapper - Found @SpringBootConfiguration co.empresa.recursoshumanos.RecursoshumanosApplication for test class co.empresa.recursoshumanos.controller.EmpleadoControllerTest
23:33:54.234 [Test worker] INFO  o.s.b.t.c.SpringBootTestContextBootstrapper - Loaded default TestExecutionListener class names from location [META-INF/spring.factories]: [org.springframework.boot.test.autoconfigure.restdocs.RestDocsTestExecutionListener, org.springframework.boot.test.autoconfigure.web.client.MockRestServiceServerResetTestExecutionListener, org.springframework.boot.test.autoconfigure.web.servlet.MockMvcPrintOnlyOnFailureTestExecutionListener, org.springframework.boot.test.autoconfigure.web.servlet.WebDriverTestExecutionListener, org.springframework.boot.test.autoconfigure.webservices.client.MockWebServiceServerTestExecutionListener, org.springframework.boot.test.mock.mockito.MockitoTestExecutionListener, org.springframework.boot.test.mock.mockito.ResetMocksTestExecutionListener, org.springframework.test.context.web.ServletTestExecutionListener, org.springframework.test.context.support.DirtiesContextBeforeModesTestExecutionListener, org.springframework.test.context.event.ApplicationEventsTestExecutionListener, org.springframework.test.context.support.DependencyInjectionTestExecutionListener, org.springframework.test.context.support.DirtiesContextTestExecutionListener, org.springframework.test.context.transaction.TransactionalTestExecutionListener, org.springframework.test.context.jdbc.SqlScriptsTestExecutionListener, org.springframework.test.context.event.EventPublishingTestExecutionListener]
23:33:54.235 [Test worker] INFO  o.s.b.t.c.SpringBootTestContextBootstrapper - Using TestExecutionListeners: [org.springframework.test.context.web.ServletTestExecutionListener@54ded838, org.springframework.test.context.support.DirtiesContextBeforeModesTestExecutionListener@6b332a91, org.springframework.test.context.event.ApplicationEventsTestExecutionListener@4a0152e6, org.springframework.boot.test.mock.mockito.MockitoTestExecutionListener@265c741, org.springframework.boot.test.autoconfigure.SpringBootDependencyInjectionTestExecutionListener@20d8d02d, org.springframework.test.context.support.DirtiesContextTestExecutionListener@524d1105, org.springframework.test.context.transaction.TransactionalTestExecutionListener@121bffc8, org.springframework.test.context.jdbc.SqlScriptsTestExecutionListener@3ee86d05, org.springframework.test.context.event.EventPublishingTestExecutionListener@58579b4d, org.springframework.boot.test.autoconfigure.restdocs.RestDocsTestExecutionListener@62286c7b, org.springframework.boot.test.autoconfigure.web.client.MockRestServiceServerResetTestExecutionListener@2f002a49, org.springframework.boot.test.autoconfigure.web.servlet.MockMvcPrintOnlyOnFailureTestExecutionListener@527deae9, org.springframework.boot.test.autoconfigure.web.servlet.WebDriverTestExecutionListener@36148e18, org.springframework.boot.test.autoconfigure.webservices.client.MockWebServiceServerTestExecutionListener@17fe7715, org.springframework.boot.test.mock.mockito.ResetMocksTestExecutionListener@398255c1]
23:33:54.242 [Test worker] INFO  o.s.b.t.m.w.SpringBootMockServletContext - Initializing Spring TestDispatcherServlet ''
23:33:54.242 [Test worker] INFO  o.s.t.w.s.TestDispatcherServlet - Initializing Servlet ''
23:33:54.244 [Test worker] INFO  o.s.t.w.s.TestDispatcherServlet - Completed initialization in 1 ms
23:33:54.280 [Test worker] INFO  c.e.r.controller.EmpleadoController - Mostrar Empleado
23:33:54.293 [Test worker] INFO  o.s.b.t.m.w.SpringBootMockServletContext - Initializing Spring TestDispatcherServlet ''
23:33:54.293 [Test worker] INFO  o.s.t.w.s.TestDispatcherServlet - Initializing Servlet ''
23:33:54.294 [Test worker] INFO  o.s.t.w.s.TestDispatcherServlet - Completed initialization in 1 ms
23:33:54.295 [Test worker] INFO  c.e.r.controller.EmpleadoController - Mostrar Empleado
23:33:54.304 [Test worker] INFO  o.s.b.t.c.SpringBootTestContextBootstrapper - Neither @ContextConfiguration nor @ContextHierarchy found for test class [co.empresa.recursoshumanos.controller.PerfilEmpleadoControllerTest], using SpringBootContextLoader
23:33:54.305 [Test worker] INFO  o.s.t.c.s.AbstractContextLoader - Could not detect default resource locations for test class [co.empresa.recursoshumanos.controller.PerfilEmpleadoControllerTest]: no resource found for suffixes {-context.xml, Context.groovy}.
23:33:54.305 [Test worker] INFO  o.s.t.c.s.AnnotationConfigContextLoaderUtils - Could not detect default configuration classes for test class [co.empresa.recursoshumanos.controller.PerfilEmpleadoControllerTest]: PerfilEmpleadoControllerTest does not declare any static, non-private, non-final, nested classes annotated with @Configuration.
23:33:54.307 [Test worker] INFO  o.s.b.t.c.SpringBootTestContextBootstrapper - Found @SpringBootConfiguration co.empresa.recursoshumanos.RecursoshumanosApplication for test class co.empresa.recursoshumanos.controller.PerfilEmpleadoControllerTest
23:33:54.308 [Test worker] INFO  o.s.b.t.c.SpringBootTestContextBootstrapper - Loaded default TestExecutionListener class names from location [META-INF/spring.factories]: [org.springframework.boot.test.autoconfigure.restdocs.RestDocsTestExecutionListener, org.springframework.boot.test.autoconfigure.web.client.MockRestServiceServerResetTestExecutionListener, org.springframework.boot.test.autoconfigure.web.servlet.MockMvcPrintOnlyOnFailureTestExecutionListener, org.springframework.boot.test.autoconfigure.web.servlet.WebDriverTestExecutionListener, org.springframework.boot.test.autoconfigure.webservices.client.MockWebServiceServerTestExecutionListener, org.springframework.boot.test.mock.mockito.MockitoTestExecutionListener, org.springframework.boot.test.mock.mockito.ResetMocksTestExecutionListener, org.springframework.test.context.web.ServletTestExecutionListener, org.springframework.test.context.support.DirtiesContextBeforeModesTestExecutionListener, org.springframework.test.context.event.ApplicationEventsTestExecutionListener, org.springframework.test.context.support.DependencyInjectionTestExecutionListener, org.springframework.test.context.support.DirtiesContextTestExecutionListener, org.springframework.test.context.transaction.TransactionalTestExecutionListener, org.springframework.test.context.jdbc.SqlScriptsTestExecutionListener, org.springframework.test.context.event.EventPublishingTestExecutionListener]
23:33:54.308 [Test worker] INFO  o.s.b.t.c.SpringBootTestContextBootstrapper - Using TestExecutionListeners: [org.springframework.test.context.web.ServletTestExecutionListener@74d9df7, org.springframework.test.context.support.DirtiesContextBeforeModesTestExecutionListener@7dc684aa, org.springframework.test.context.event.ApplicationEventsTestExecutionListener@7b1806be, org.springframework.boot.test.mock.mockito.MockitoTestExecutionListener@480d5d48, org.springframework.boot.test.autoconfigure.SpringBootDependencyInjectionTestExecutionListener@2344c39b, org.springframework.test.context.support.DirtiesContextTestExecutionListener@6aeef08d, org.springframework.test.context.transaction.TransactionalTestExecutionListener@51782698, org.springframework.test.context.jdbc.SqlScriptsTestExecutionListener@733dc6e2, org.springframework.test.context.event.EventPublishingTestExecutionListener@76608b05, org.springframework.boot.test.autoconfigure.restdocs.RestDocsTestExecutionListener@6b1777dc, org.springframework.boot.test.autoconfigure.web.client.MockRestServiceServerResetTestExecutionListener@7b4bd0c0, org.springframework.boot.test.autoconfigure.web.servlet.MockMvcPrintOnlyOnFailureTestExecutionListener@66dc039d, org.springframework.boot.test.autoconfigure.web.servlet.WebDriverTestExecutionListener@149684e0, org.springframework.boot.test.autoconfigure.webservices.client.MockWebServiceServerTestExecutionListener@44efa839, org.springframework.boot.test.mock.mockito.ResetMocksTestExecutionListener@6107bdb4]
23:33:54.313 [Test worker] INFO  o.s.b.t.m.w.SpringBootMockServletContext - Initializing Spring TestDispatcherServlet ''
23:33:54.314 [Test worker] INFO  o.s.t.w.s.TestDispatcherServlet - Initializing Servlet ''
23:33:54.315 [Test worker] INFO  o.s.t.w.s.TestDispatcherServlet - Completed initialization in 1 ms
23:33:54.317 [Test worker] INFO  c.e.r.c.PerfilEmpleadoController - Mostrar Perfil Empleados
23:33:54.732 [SpringApplicationShutdownHook] INFO  o.s.o.j.LocalContainerEntityManagerFactoryBean - Closing JPA EntityManagerFactory for persistence unit 'default'
23:33:54.733 [SpringApplicationShutdownHook] INFO  o.h.t.s.i.SchemaDropperImpl$DelayedDropActionImpl - HHH000477: Starting delayed evictData of schema as part of SessionFactory shut-down'
23:33:55.017 [SpringApplicationShutdownHook] INFO  com.zaxxer.hikari.HikariDataSource - HikariPool-1 - Shutdown initiated...
23:33:55.019 [SpringApplicationShutdownHook] INFO  com.zaxxer.hikari.HikariDataSource - HikariPool-1 - Shutdown completed.
23:33:55.048 [SpringApplicationShutdownHook] INFO  o.s.o.j.LocalContainerEntityManagerFactoryBean - Closing JPA EntityManagerFactory for persistence unit 'default'
23:33:55.048 [SpringApplicationShutdownHook] INFO  o.h.t.s.i.SchemaDropperImpl$DelayedDropActionImpl - HHH000477: Starting delayed evictData of schema as part of SessionFactory shut-down'
23:33:55.051 [SpringApplicationShutdownHook] INFO  com.zaxxer.hikari.HikariDataSource - HikariPool-2 - Shutdown initiated...
23:33:55.053 [SpringApplicationShutdownHook] INFO  com.zaxxer.hikari.HikariDataSource - HikariPool-2 - Shutdown completed.
23:33:55.055 [SpringApplicationShutdownHook] INFO  o.s.o.j.LocalContainerEntityManagerFactoryBean - Closing JPA EntityManagerFactory for persistence unit 'default'
23:33:55.056 [SpringApplicationShutdownHook] INFO  o.h.t.s.i.SchemaDropperImpl$DelayedDropActionImpl - HHH000477: Starting delayed evictData of schema as part of SessionFactory shut-down'
23:33:55.060 [SpringApplicationShutdownHook] INFO  com.zaxxer.hikari.HikariDataSource - HikariPool-3 - Shutdown initiated...
23:33:55.062 [SpringApplicationShutdownHook] INFO  com.zaxxer.hikari.HikariDataSource - HikariPool-3 - Shutdown completed.
23:34:10.779 [main] INFO  c.e.r.RecursoshumanosApplication - Starting RecursoshumanosApplication using Java 17.0.8 on DESKTOP-3997V5C with PID 25528 (C:\Users\felip\Desktop\2023-2\Arquitectura de software\recursoshumanos\build\classes\java\main started by felip in C:\Users\felip\Desktop\2023-2\Arquitectura de software\recursoshumanos)
23:34:10.785 [main] INFO  c.e.r.RecursoshumanosApplication - No active profile set, falling back to 1 default profile: "default"
23:34:12.519 [main] INFO  o.s.d.r.c.RepositoryConfigurationDelegate - Bootstrapping Spring Data JPA repositories in DEFAULT mode.
23:34:12.646 [main] INFO  o.s.d.r.c.RepositoryConfigurationDelegate - Finished Spring Data repository scanning in 105 ms. Found 3 JPA repository interfaces.
23:34:13.985 [main] INFO  o.s.b.w.e.tomcat.TomcatWebServer - Tomcat initialized with port(s): 8080 (http)
23:34:14.002 [main] INFO  o.a.coyote.http11.Http11NioProtocol - Initializing ProtocolHandler ["http-nio-8080"]
23:34:14.008 [main] INFO  o.a.catalina.core.StandardService - Starting service [Tomcat]
23:34:14.009 [main] INFO  o.a.catalina.core.StandardEngine - Starting Servlet engine: [Apache Tomcat/9.0.79]
23:34:14.251 [main] INFO  o.a.c.c.C.[Tomcat].[localhost].[/] - Initializing Spring embedded WebApplicationContext
23:34:14.252 [main] INFO  o.s.b.w.s.c.ServletWebServerApplicationContext - Root WebApplicationContext: initialization completed in 3369 ms
23:34:14.617 [main] INFO  com.zaxxer.hikari.HikariDataSource - HikariPool-1 - Starting...
23:34:14.939 [main] INFO  com.zaxxer.hikari.HikariDataSource - HikariPool-1 - Start completed.
23:34:15.051 [main] INFO  o.h.jpa.internal.util.LogHelper - HHH000204: Processing PersistenceUnitInfo [name: default]
23:34:15.145 [main] INFO  org.hibernate.Version - HHH000412: Hibernate ORM core version 5.6.15.Final
23:34:15.549 [main] INFO  o.h.annotations.common.Version - HCANN000001: Hibernate Commons Annotations {5.1.2.Final}
23:34:15.879 [main] INFO  org.hibernate.dialect.Dialect - HHH000400: Using dialect: org.hibernate.dialect.H2Dialect
23:34:16.891 [main] INFO  o.h.e.t.j.p.i.JtaPlatformInitiator - HHH000490: Using JtaPlatform implementation: [org.hibernate.engine.transaction.jta.platform.internal.NoJtaPlatform]
23:34:16.901 [main] INFO  o.s.o.j.LocalContainerEntityManagerFactoryBean - Initialized JPA EntityManagerFactory for persistence unit 'default'
23:34:17.497 [main] WARN  o.s.b.a.o.j.JpaBaseConfiguration$JpaWebConfiguration - spring.jpa.open-in-view is enabled by default. Therefore, database queries may be performed during view rendering. Explicitly configure spring.jpa.open-in-view to disable this warning
23:34:18.577 [main] INFO  o.s.s.web.DefaultSecurityFilterChain - Will secure any request with [org.springframework.security.web.session.DisableEncodeUrlFilter@679886ad, org.springframework.security.web.context.request.async.WebAsyncManagerIntegrationFilter@5625e7e1, org.springframework.security.web.context.SecurityContextPersistenceFilter@689fcf08, org.springframework.security.web.header.HeaderWriterFilter@33ce081a, org.springframework.security.web.csrf.CsrfFilter@69e8f7a5, org.springframework.security.web.authentication.logout.LogoutFilter@419ece7a, org.springframework.security.web.authentication.www.BasicAuthenticationFilter@7e916dc2, org.springframework.security.web.savedrequest.RequestCacheAwareFilter@1a3272e0, org.springframework.security.web.servletapi.SecurityContextHolderAwareRequestFilter@78723798, org.springframework.security.web.authentication.AnonymousAuthenticationFilter@59172d2, org.springframework.security.web.session.SessionManagementFilter@6e3acd7, org.springframework.security.web.access.ExceptionTranslationFilter@1d5fc340, org.springframework.security.web.access.intercept.FilterSecurityInterceptor@1390a43a]
23:34:18.636 [main] INFO  o.a.coyote.http11.Http11NioProtocol - Starting ProtocolHandler ["http-nio-8080"]
23:34:18.683 [main] INFO  o.s.b.w.e.tomcat.TomcatWebServer - Tomcat started on port(s): 8080 (http) with context path ''
23:34:19.151 [main] INFO  c.e.r.RecursoshumanosApplication - Started RecursoshumanosApplication in 9.048 seconds (JVM running for 9.879)
23:34:33.394 [http-nio-8080-exec-2] INFO  o.a.c.c.C.[Tomcat].[localhost].[/] - Initializing Spring DispatcherServlet 'dispatcherServlet'
23:34:33.394 [http-nio-8080-exec-2] INFO  o.s.web.servlet.DispatcherServlet - Initializing Servlet 'dispatcherServlet'
23:34:33.395 [http-nio-8080-exec-2] INFO  o.s.web.servlet.DispatcherServlet - Completed initialization in 1 ms
23:34:33.446 [http-nio-8080-exec-2] INFO  c.e.r.c.PerfilEmpleadoController - Mostrar Perfil Empleados
23:35:01.685 [http-nio-8080-exec-3] INFO  c.e.r.controller.EmpleadoController - Mostrar Empleado
23:36:50.125 [http-nio-8080-exec-6] INFO  c.e.r.c.CertificadoController - Mostrar Certificados
23:37:03.676 [main] INFO  c.e.r.RecursoshumanosApplication - Starting RecursoshumanosApplication using Java 17.0.8 on DESKTOP-3997V5C with PID 25076 (C:\Users\felip\Desktop\2023-2\Arquitectura de software\recursoshumanos\build\classes\java\main started by felip in C:\Users\felip\Desktop\2023-2\Arquitectura de software\recursoshumanos)
23:37:03.687 [main] INFO  c.e.r.RecursoshumanosApplication - No active profile set, falling back to 1 default profile: "default"
23:37:05.715 [main] INFO  o.s.d.r.c.RepositoryConfigurationDelegate - Bootstrapping Spring Data JPA repositories in DEFAULT mode.
23:37:05.890 [main] INFO  o.s.d.r.c.RepositoryConfigurationDelegate - Finished Spring Data repository scanning in 131 ms. Found 3 JPA repository interfaces.
23:37:07.301 [main] INFO  o.s.b.w.e.tomcat.TomcatWebServer - Tomcat initialized with port(s): 8080 (http)
23:37:07.316 [main] INFO  o.a.coyote.http11.Http11NioProtocol - Initializing ProtocolHandler ["http-nio-8080"]
23:37:07.322 [main] INFO  o.a.catalina.core.StandardService - Starting service [Tomcat]
23:37:07.323 [main] INFO  o.a.catalina.core.StandardEngine - Starting Servlet engine: [Apache Tomcat/9.0.79]
23:37:07.538 [main] INFO  o.a.c.c.C.[Tomcat].[localhost].[/] - Initializing Spring embedded WebApplicationContext
23:37:07.538 [main] INFO  o.s.b.w.s.c.ServletWebServerApplicationContext - Root WebApplicationContext: initialization completed in 3739 ms
23:37:07.847 [main] INFO  com.zaxxer.hikari.HikariDataSource - HikariPool-1 - Starting...
23:37:08.206 [main] INFO  com.zaxxer.hikari.HikariDataSource - HikariPool-1 - Start completed.
23:37:08.288 [main] INFO  o.h.jpa.internal.util.LogHelper - HHH000204: Processing PersistenceUnitInfo [name: default]
23:37:08.398 [main] INFO  org.hibernate.Version - HHH000412: Hibernate ORM core version 5.6.15.Final
23:37:08.684 [main] INFO  o.h.annotations.common.Version - HCANN000001: Hibernate Commons Annotations {5.1.2.Final}
23:37:08.916 [main] INFO  org.hibernate.dialect.Dialect - HHH000400: Using dialect: org.hibernate.dialect.H2Dialect
23:37:09.895 [main] INFO  o.h.e.t.j.p.i.JtaPlatformInitiator - HHH000490: Using JtaPlatform implementation: [org.hibernate.engine.transaction.jta.platform.internal.NoJtaPlatform]
23:37:09.903 [main] INFO  o.s.o.j.LocalContainerEntityManagerFactoryBean - Initialized JPA EntityManagerFactory for persistence unit 'default'
23:37:10.446 [main] WARN  o.s.b.a.o.j.JpaBaseConfiguration$JpaWebConfiguration - spring.jpa.open-in-view is enabled by default. Therefore, database queries may be performed during view rendering. Explicitly configure spring.jpa.open-in-view to disable this warning
23:37:11.446 [main] INFO  o.s.s.web.DefaultSecurityFilterChain - Will secure any request with [org.springframework.security.web.session.DisableEncodeUrlFilter@679886ad, org.springframework.security.web.context.request.async.WebAsyncManagerIntegrationFilter@5625e7e1, org.springframework.security.web.context.SecurityContextPersistenceFilter@689fcf08, org.springframework.security.web.header.HeaderWriterFilter@33ce081a, org.springframework.security.web.csrf.CsrfFilter@69e8f7a5, org.springframework.security.web.authentication.logout.LogoutFilter@419ece7a, org.springframework.security.web.authentication.www.BasicAuthenticationFilter@7e916dc2, org.springframework.security.web.savedrequest.RequestCacheAwareFilter@1a3272e0, org.springframework.security.web.servletapi.SecurityContextHolderAwareRequestFilter@78723798, org.springframework.security.web.authentication.AnonymousAuthenticationFilter@59172d2, org.springframework.security.web.session.SessionManagementFilter@6e3acd7, org.springframework.security.web.access.ExceptionTranslationFilter@1d5fc340, org.springframework.security.web.access.intercept.FilterSecurityInterceptor@1390a43a]
23:37:11.498 [main] INFO  o.a.coyote.http11.Http11NioProtocol - Starting ProtocolHandler ["http-nio-8080"]
23:37:11.530 [main] INFO  o.s.b.w.e.tomcat.TomcatWebServer - Tomcat started on port(s): 8080 (http) with context path ''
23:37:11.905 [main] INFO  c.e.r.RecursoshumanosApplication - Started RecursoshumanosApplication in 8.839 seconds (JVM running for 9.561)
23:37:41.580 [http-nio-8080-exec-2] INFO  o.a.c.c.C.[Tomcat].[localhost].[/] - Initializing Spring DispatcherServlet 'dispatcherServlet'
23:37:41.580 [http-nio-8080-exec-2] INFO  o.s.web.servlet.DispatcherServlet - Initializing Servlet 'dispatcherServlet'
23:37:41.581 [http-nio-8080-exec-2] INFO  o.s.web.servlet.DispatcherServlet - Completed initialization in 1 ms
23:37:41.618 [http-nio-8080-exec-2] INFO  c.e.r.c.CertificadoController - Mostrar Certificados
23:38:10.810 [http-nio-8080-exec-3] INFO  c.e.r.c.PerfilEmpleadoController - Mostrar Perfil Empleados
00:17:39.178 [main] INFO  c.e.r.RecursoshumanosApplication - Starting RecursoshumanosApplication using Java 17.0.8 on DESKTOP-3997V5C with PID 24444 (C:\Users\felip\Desktop\2023-2\Arquitectura de software\recursoshumanos\build\classes\java\main started by felip in C:\Users\felip\Desktop\2023-2\Arquitectura de software\recursoshumanos)
00:17:39.185 [main] INFO  c.e.r.RecursoshumanosApplication - No active profile set, falling back to 1 default profile: "default"
00:17:40.659 [main] INFO  o.s.d.r.c.RepositoryConfigurationDelegate - Bootstrapping Spring Data JPA repositories in DEFAULT mode.
00:17:40.799 [main] INFO  o.s.d.r.c.RepositoryConfigurationDelegate - Finished Spring Data repository scanning in 116 ms. Found 3 JPA repository interfaces.
00:17:41.933 [main] INFO  o.s.b.w.e.tomcat.TomcatWebServer - Tomcat initialized with port(s): 8080 (http)
00:17:41.946 [main] INFO  o.a.coyote.http11.Http11NioProtocol - Initializing ProtocolHandler ["http-nio-8080"]
00:17:41.956 [main] INFO  o.a.catalina.core.StandardService - Starting service [Tomcat]
00:17:41.956 [main] INFO  o.a.catalina.core.StandardEngine - Starting Servlet engine: [Apache Tomcat/9.0.79]
00:17:42.173 [main] INFO  o.a.c.c.C.[Tomcat].[localhost].[/] - Initializing Spring embedded WebApplicationContext
00:17:42.173 [main] INFO  o.s.b.w.s.c.ServletWebServerApplicationContext - Root WebApplicationContext: initialization completed in 2921 ms
00:17:42.436 [main] INFO  com.zaxxer.hikari.HikariDataSource - HikariPool-1 - Starting...
00:17:42.740 [main] INFO  com.zaxxer.hikari.HikariDataSource - HikariPool-1 - Start completed.
00:17:42.827 [main] INFO  o.h.jpa.internal.util.LogHelper - HHH000204: Processing PersistenceUnitInfo [name: default]
00:17:42.951 [main] INFO  org.hibernate.Version - HHH000412: Hibernate ORM core version 5.6.15.Final
00:17:43.247 [main] INFO  o.h.annotations.common.Version - HCANN000001: Hibernate Commons Annotations {5.1.2.Final}
00:17:43.524 [main] INFO  org.hibernate.dialect.Dialect - HHH000400: Using dialect: org.hibernate.dialect.H2Dialect
00:17:44.830 [main] INFO  o.h.e.t.j.p.i.JtaPlatformInitiator - HHH000490: Using JtaPlatform implementation: [org.hibernate.engine.transaction.jta.platform.internal.NoJtaPlatform]
00:17:44.845 [main] INFO  o.s.o.j.LocalContainerEntityManagerFactoryBean - Initialized JPA EntityManagerFactory for persistence unit 'default'
00:17:45.515 [main] WARN  o.s.b.a.o.j.JpaBaseConfiguration$JpaWebConfiguration - spring.jpa.open-in-view is enabled by default. Therefore, database queries may be performed during view rendering. Explicitly configure spring.jpa.open-in-view to disable this warning
00:17:46.758 [main] INFO  o.s.s.web.DefaultSecurityFilterChain - Will secure any request with [org.springframework.security.web.session.DisableEncodeUrlFilter@1a18e68a, org.springframework.security.web.context.request.async.WebAsyncManagerIntegrationFilter@258291de, org.springframework.security.web.context.SecurityContextPersistenceFilter@44bd7f24, org.springframework.security.web.header.HeaderWriterFilter@edb8f0c, org.springframework.security.web.csrf.CsrfFilter@1c96bf1e, org.springframework.security.web.authentication.logout.LogoutFilter@2e8eafb2, org.springframework.security.web.authentication.www.BasicAuthenticationFilter@3358805a, org.springframework.security.web.savedrequest.RequestCacheAwareFilter@55b78dad, org.springframework.security.web.servletapi.SecurityContextHolderAwareRequestFilter@7bc3c59f, org.springframework.security.web.authentication.AnonymousAuthenticationFilter@4f63909f, org.springframework.security.web.session.SessionManagementFilter@48614fb3, org.springframework.security.web.access.ExceptionTranslationFilter@3ef4a8fb, org.springframework.security.web.access.intercept.FilterSecurityInterceptor@d8a2b1b]
00:17:46.854 [main] INFO  o.a.coyote.http11.Http11NioProtocol - Starting ProtocolHandler ["http-nio-8080"]
00:17:46.911 [main] INFO  o.s.b.w.e.tomcat.TomcatWebServer - Tomcat started on port(s): 8080 (http) with context path ''
00:17:47.653 [main] INFO  c.e.r.RecursoshumanosApplication - Started RecursoshumanosApplication in 8.99 seconds (JVM running for 10.247)
00:18:14.201 [http-nio-8080-exec-1] INFO  o.a.c.c.C.[Tomcat].[localhost].[/] - Initializing Spring DispatcherServlet 'dispatcherServlet'
00:18:14.201 [http-nio-8080-exec-1] INFO  o.s.web.servlet.DispatcherServlet - Initializing Servlet 'dispatcherServlet'
00:18:14.203 [http-nio-8080-exec-1] INFO  o.s.web.servlet.DispatcherServlet - Completed initialization in 1 ms
00:18:14.243 [http-nio-8080-exec-1] INFO  c.e.r.c.PerfilEmpleadoController - Mostrar Perfil Empleados
00:22:08.856 [http-nio-8080-exec-6] INFO  c.e.r.controller.EmpleadoController - Mostrar Empleado
00:22:57.483 [http-nio-8080-exec-2] WARN  o.s.w.s.m.s.DefaultHandlerExceptionResolver - Resolved [org.springframework.web.HttpRequestMethodNotSupportedException: Request method 'GET' not supported]
00:23:24.382 [http-nio-8080-exec-5] INFO  c.e.r.controller.EmpleadoController - Mostrar Empleado
00:23:27.367 [http-nio-8080-exec-6] INFO  c.e.r.c.PerfilEmpleadoController - Mostrar Perfil Empleados
00:23:29.777 [http-nio-8080-exec-9] INFO  c.e.r.c.CertificadoController - Mostrar Certificados
